No Modulefiles Currently Loaded.
Currently Loaded Modulefiles:
  1) cuda/9.0/9.0.176.4   3) nccl/2.3/2.3.5-2
  2) cudnn/7.3/7.3.1      4) openmpi/2.1.6
Currently Loaded Modulefiles:
  1) cuda/9.0/9.0.176.4   3) nccl/2.3/2.3.5-2
  2) cudnn/7.3/7.3.1      4) openmpi/2.1.6
Currently Loaded Modulefiles:
  1) cuda/9.0/9.0.176.4   3) nccl/2.3/2.3.5-2
  2) cudnn/7.3/7.3.1      4) openmpi/2.1.6
==========================================
Num of GPUs : 8
Model :  resnet
Minibatch-size: 64
Epochs: 10
==========================================
Starting training .....
--------------------------------------------------------------------------
A process has executed an operation involving a call to the
"fork()" system call to create a child process.  Open MPI is currently
operating in a condition that could result in memory corruption or
other system errors; your job may hang, crash, or produce silent
data corruption.  The use of fork() (or system() or other calls that
create child processes) is strongly discouraged.

The process that invoked fork was:

  Local host:          [[60041,1],0] (PID 206632)

If you are *absolutely sure* that your application will successfully
and correctly survive a call to fork(), you may disable this warning
by setting the mpi_warn_on_fork MCA parameter to 0.
--------------------------------------------------------------------------
epoch       main/loss   validation/main/loss  main/accuracy  validation/main/accuracy  elapsed_time
[J     total [..................................................]  0.40%
this epoch [#.................................................]  4.00%
       100 iter, 0 epoch / 10 epochs
       inf iters/sec. Estimated time to finish: 0:00:00.
[4A[J     total [..................................................]  0.80%
this epoch [###...............................................]  7.99%
       200 iter, 0 epoch / 10 epochs
    4.8073 iters/sec. Estimated time to finish: 1:26:03.582581.
[4A[J     total [..................................................]  1.20%
this epoch [#####.............................................] 11.99%
       300 iter, 0 epoch / 10 epochs
    4.8043 iters/sec. Estimated time to finish: 1:25:45.952377.
[4A[J     total [..................................................]  1.60%
this epoch [#######...........................................] 15.99%
       400 iter, 0 epoch / 10 epochs
    4.7967 iters/sec. Estimated time to finish: 1:25:33.285004.
[4A[J     total [..................................................]  2.00%
this epoch [#########.........................................] 19.98%
       500 iter, 0 epoch / 10 epochs
    4.5157 iters/sec. Estimated time to finish: 1:30:30.598076.
[4A[J     total [#.................................................]  2.40%
this epoch [###########.......................................] 23.98%
       600 iter, 0 epoch / 10 epochs
    3.7339 iters/sec. Estimated time to finish: 1:49:00.794634.
[4A[J     total [#.................................................]  2.80%
this epoch [#############.....................................] 27.97%
       700 iter, 0 epoch / 10 epochs
    3.3608 iters/sec. Estimated time to finish: 2:00:37.256850.
[4A[J     total [#.................................................]  3.20%
this epoch [###############...................................] 31.97%
       800 iter, 0 epoch / 10 epochs
    3.2036 iters/sec. Estimated time to finish: 2:06:01.134335.
[4A[J     total [#.................................................]  3.60%
this epoch [#################.................................] 35.97%
       900 iter, 0 epoch / 10 epochs
    3.0652 iters/sec. Estimated time to finish: 2:11:09.887871.
[4A[J     total [#.................................................]  4.00%
this epoch [###################...............................] 39.96%
      1000 iter, 0 epoch / 10 epochs
    2.9553 iters/sec. Estimated time to finish: 2:15:28.820554.
[4A[J     total [##................................................]  4.40%
this epoch [#####################.............................] 43.96%
      1100 iter, 0 epoch / 10 epochs
    2.9284 iters/sec. Estimated time to finish: 2:16:09.214743.
[4A[J     total [##................................................]  4.80%
this epoch [#######################...........................] 47.96%
      1200 iter, 0 epoch / 10 epochs
     2.845 iters/sec. Estimated time to finish: 2:19:33.537663.
[4A[J     total [##................................................]  5.20%
this epoch [#########################.........................] 51.95%
      1300 iter, 0 epoch / 10 epochs
    2.8204 iters/sec. Estimated time to finish: 2:20:11.062050.
[4A[J     total [##................................................]  5.59%
this epoch [###########################.......................] 55.95%
      1400 iter, 0 epoch / 10 epochs
     2.764 iters/sec. Estimated time to finish: 2:22:26.555720.
[4A[J     total [##................................................]  5.99%
this epoch [#############################.....................] 59.95%
      1500 iter, 0 epoch / 10 epochs
    2.7357 iters/sec. Estimated time to finish: 2:23:18.522468.
[4A[J     total [###...............................................]  6.39%
this epoch [###############################...................] 63.94%
      1600 iter, 0 epoch / 10 epochs
    2.7049 iters/sec. Estimated time to finish: 2:24:19.403460.
[4A[J     total [###...............................................]  6.79%
this epoch [#################################.................] 67.94%
      1700 iter, 0 epoch / 10 epochs
    2.7188 iters/sec. Estimated time to finish: 2:22:58.387886.
[4A[J     total [###...............................................]  7.19%
this epoch [###################################...............] 71.93%
      1800 iter, 0 epoch / 10 epochs
    2.6793 iters/sec. Estimated time to finish: 2:24:27.529197.
[4A[J     total [###...............................................]  7.59%
this epoch [#####################################.............] 75.93%
      1900 iter, 0 epoch / 10 epochs
    2.6709 iters/sec. Estimated time to finish: 2:24:17.457896.
[4A[J     total [###...............................................]  7.99%
this epoch [#######################################...........] 79.93%
      2000 iter, 0 epoch / 10 epochs
    2.6453 iters/sec. Estimated time to finish: 2:25:03.293003.
[4A[J     total [####..............................................]  8.39%
this epoch [#########################################.........] 83.92%
      2100 iter, 0 epoch / 10 epochs
    2.6163 iters/sec. Estimated time to finish: 2:26:01.477766.
[4A[J     total [####..............................................]  8.79%
this epoch [###########################################.......] 87.92%
      2200 iter, 0 epoch / 10 epochs
    2.6153 iters/sec. Estimated time to finish: 2:25:26.751978.
[4A[J     total [####..............................................]  9.19%
this epoch [#############################################.....] 91.92%
      2300 iter, 0 epoch / 10 epochs
    2.6704 iters/sec. Estimated time to finish: 2:21:49.076210.
[4A[J     total [####..............................................]  9.59%
this epoch [###############################################...] 95.91%
      2400 iter, 0 epoch / 10 epochs
     2.723 iters/sec. Estimated time to finish: 2:18:28.142916.
[4A[J     total [####..............................................]  9.99%
this epoch [#################################################.] 99.91%
      2500 iter, 0 epoch / 10 epochs
    2.7581 iters/sec. Estimated time to finish: 2:16:06.114077.
[4A[J1           4.48388                           0.16866                                  1016.58       
[J     total [#####.............................................] 10.39%
this epoch [#.................................................]  3.91%
      2600 iter, 1 epoch / 10 epochs
    2.6956 iters/sec. Estimated time to finish: 2:18:38.250085.
[4A[J     total [#####.............................................] 10.79%
this epoch [###...............................................]  7.90%
      2700 iter, 1 epoch / 10 epochs
    2.6335 iters/sec. Estimated time to finish: 2:21:16.521429.
[4A[J     total [#####.............................................] 11.19%
this epoch [#####.............................................] 11.90%
      2800 iter, 1 epoch / 10 epochs
    2.6011 iters/sec. Estimated time to finish: 2:22:23.708577.
[4A[J     total [#####.............................................] 11.59%
this epoch [#######...........................................] 15.89%
      2900 iter, 1 epoch / 10 epochs
    2.5732 iters/sec. Estimated time to finish: 2:23:17.329812.
[4A[J     total [#####.............................................] 11.99%
this epoch [#########.........................................] 19.89%
      3000 iter, 1 epoch / 10 epochs
     2.546 iters/sec. Estimated time to finish: 2:24:09.866244.
[4A[J     total [######............................................] 12.39%
this epoch [###########.......................................] 23.89%
      3100 iter, 1 epoch / 10 epochs
    2.5017 iters/sec. Estimated time to finish: 2:26:03.054469.
[4A[J     total [######............................................] 12.79%
this epoch [#############.....................................] 27.88%
      3200 iter, 1 epoch / 10 epochs
    2.4788 iters/sec. Estimated time to finish: 2:26:43.732561.
[4A[J     total [######............................................] 13.19%
this epoch [###############...................................] 31.88%
      3300 iter, 1 epoch / 10 epochs
    2.4608 iters/sec. Estimated time to finish: 2:27:07.365976.
[4A[J     total [######............................................] 13.59%
this epoch [#################.................................] 35.88%
      3400 iter, 1 epoch / 10 epochs
    2.4667 iters/sec. Estimated time to finish: 2:26:05.869452.
[4A[J     total [######............................................] 13.99%
this epoch [###################...............................] 39.87%
      3500 iter, 1 epoch / 10 epochs
    2.5025 iters/sec. Estimated time to finish: 2:23:20.367020.
[4A[J     total [#######...........................................] 14.39%
this epoch [#####################.............................] 43.87%
      3600 iter, 1 epoch / 10 epochs
    2.5364 iters/sec. Estimated time to finish: 2:20:46.010204.
[4A[J     total [#######...........................................] 14.79%
this epoch [#######################...........................] 47.87%
      3700 iter, 1 epoch / 10 epochs
    2.5413 iters/sec. Estimated time to finish: 2:19:50.366748.
[4A[J     total [#######...........................................] 15.19%
this epoch [#########################.........................] 51.86%
      3800 iter, 1 epoch / 10 epochs
     2.488 iters/sec. Estimated time to finish: 2:22:10.065403.
[4A[J     total [#######...........................................] 15.59%
this epoch [###########################.......................] 55.86%
      3900 iter, 1 epoch / 10 epochs
    2.4528 iters/sec. Estimated time to finish: 2:23:31.555925.
[4A[J     total [#######...........................................] 15.99%
this epoch [#############################.....................] 59.85%
      4000 iter, 1 epoch / 10 epochs
    2.4072 iters/sec. Estimated time to finish: 2:25:33.327535.
[4A[J     total [########..........................................] 16.39%
this epoch [###############################...................] 63.85%
      4100 iter, 1 epoch / 10 epochs
    2.3706 iters/sec. Estimated time to finish: 2:27:06.083119.
[4A[J     total [########..........................................] 16.78%
this epoch [#################################.................] 67.85%
      4200 iter, 1 epoch / 10 epochs
    2.3493 iters/sec. Estimated time to finish: 2:27:43.469275.
[4A[J     total [########..........................................] 17.18%
this epoch [###################################...............] 71.84%
      4300 iter, 1 epoch / 10 epochs
    2.3036 iters/sec. Estimated time to finish: 2:29:55.949327.
[4A[J     total [########..........................................] 17.58%
this epoch [#####################################.............] 75.84%
      4400 iter, 1 epoch / 10 epochs
    2.2674 iters/sec. Estimated time to finish: 2:31:35.374448.
[4A[J     total [########..........................................] 17.98%
this epoch [#######################################...........] 79.84%
      4500 iter, 1 epoch / 10 epochs
    2.2595 iters/sec. Estimated time to finish: 2:31:22.754922.
[4A[J     total [#########.........................................] 18.38%
this epoch [#########################################.........] 83.83%
      4600 iter, 1 epoch / 10 epochs
    2.2687 iters/sec. Estimated time to finish: 2:30:01.883837.
[4A[J     total [#########.........................................] 18.78%
this epoch [###########################################.......] 87.83%
      4700 iter, 1 epoch / 10 epochs
     2.277 iters/sec. Estimated time to finish: 2:28:45.135308.
[4A[J     total [#########.........................................] 19.18%
this epoch [#############################################.....] 91.82%
      4800 iter, 1 epoch / 10 epochs
    2.2832 iters/sec. Estimated time to finish: 2:27:37.409725.
[4A[J     total [#########.........................................] 19.58%
this epoch [###############################################...] 95.82%
      4900 iter, 1 epoch / 10 epochs
    2.2904 iters/sec. Estimated time to finish: 2:26:25.763029.
[4A[J     total [#########.........................................] 19.98%
this epoch [#################################################.] 99.82%
      5000 iter, 1 epoch / 10 epochs
     2.297 iters/sec. Estimated time to finish: 2:25:17.088021.
[4A[J2           2.63225                           0.419764                                 2279.83       
[J     total [##########........................................] 20.38%
this epoch [#.................................................]  3.81%
      5100 iter, 2 epoch / 10 epochs
    2.3032 iters/sec. Estimated time to finish: 2:24:10.130590.
[4A[J     total [##########........................................] 20.78%
this epoch [###...............................................]  7.81%
      5200 iter, 2 epoch / 10 epochs
    2.3087 iters/sec. Estimated time to finish: 2:23:06.299885.
[4A[J     total [##########........................................] 21.18%
this epoch [#####.............................................] 11.81%
      5300 iter, 2 epoch / 10 epochs
    2.3126 iters/sec. Estimated time to finish: 2:22:08.492636.
[4A[J     total [##########........................................] 21.58%
this epoch [#######...........................................] 15.80%
      5400 iter, 2 epoch / 10 epochs
    2.3187 iters/sec. Estimated time to finish: 2:21:02.823250.
[4A[J     total [##########........................................] 21.98%
this epoch [#########.........................................] 19.80%
      5500 iter, 2 epoch / 10 epochs
    2.3216 iters/sec. Estimated time to finish: 2:20:09.286438.
[4A[J     total [###########.......................................] 22.38%
this epoch [###########.......................................] 23.80%
      5600 iter, 2 epoch / 10 epochs
    2.3261 iters/sec. Estimated time to finish: 2:19:09.892758.
[4A[J     total [###########.......................................] 22.78%
this epoch [#############.....................................] 27.79%
      5700 iter, 2 epoch / 10 epochs
    2.3304 iters/sec. Estimated time to finish: 2:18:11.608070.
[4A[J     total [###########.......................................] 23.18%
this epoch [###############...................................] 31.79%
      5800 iter, 2 epoch / 10 epochs
    2.3351 iters/sec. Estimated time to finish: 2:17:12.107790.
[4A[J     total [###########.......................................] 23.58%
this epoch [#################.................................] 35.78%
      5900 iter, 2 epoch / 10 epochs
    2.3473 iters/sec. Estimated time to finish: 2:15:46.650425.
[4A[J     total [###########.......................................] 23.98%
this epoch [###################...............................] 39.78%
      6000 iter, 2 epoch / 10 epochs
    2.3663 iters/sec. Estimated time to finish: 2:13:59.077162.
[4A[J     total [############......................................] 24.38%
this epoch [#####################.............................] 43.78%
      6100 iter, 2 epoch / 10 epochs
    2.3865 iters/sec. Estimated time to finish: 2:12:09.135204.
[4A[J     total [############......................................] 24.78%
this epoch [#######################...........................] 47.77%
      6200 iter, 2 epoch / 10 epochs
    2.4063 iters/sec. Estimated time to finish: 2:10:22.143344.
[4A[J     total [############......................................] 25.18%
this epoch [#########################.........................] 51.77%
      6300 iter, 2 epoch / 10 epochs
    2.4259 iters/sec. Estimated time to finish: 2:08:37.912958.
[4A[J     total [############......................................] 25.58%
this epoch [###########################.......................] 55.77%
      6400 iter, 2 epoch / 10 epochs
    2.4441 iters/sec. Estimated time to finish: 2:06:59.508220.
[4A[J     total [############......................................] 25.98%
this epoch [#############################.....................] 59.76%
      6500 iter, 2 epoch / 10 epochs
     2.463 iters/sec. Estimated time to finish: 2:05:20.417708.
[4A[J     total [#############.....................................] 26.38%
this epoch [###############################...................] 63.76%
      6600 iter, 2 epoch / 10 epochs
    2.4816 iters/sec. Estimated time to finish: 2:03:43.740619.
[4A[J     total [#############.....................................] 26.78%
this epoch [#################################.................] 67.76%
      6700 iter, 2 epoch / 10 epochs
    2.4999 iters/sec. Estimated time to finish: 2:02:09.310498.
[4A[J     total [#############.....................................] 27.18%
this epoch [###################################...............] 71.75%
      6800 iter, 2 epoch / 10 epochs
    2.5179 iters/sec. Estimated time to finish: 2:00:37.239364.
[4A[J     total [#############.....................................] 27.57%
this epoch [#####################################.............] 75.75%
      6900 iter, 2 epoch / 10 epochs
    2.5357 iters/sec. Estimated time to finish: 1:59:06.968138.
[4A[J     total [#############.....................................] 27.97%
this epoch [#######################################...........] 79.74%
      7000 iter, 2 epoch / 10 epochs
    2.5532 iters/sec. Estimated time to finish: 1:57:38.876592.
[4A[J     total [##############....................................] 28.37%
this epoch [#########################################.........] 83.74%
      7100 iter, 2 epoch / 10 epochs
    2.5704 iters/sec. Estimated time to finish: 1:56:12.722326.
[4A[J     total [##############....................................] 28.77%
this epoch [###########################################.......] 87.74%
      7200 iter, 2 epoch / 10 epochs
    2.5874 iters/sec. Estimated time to finish: 1:54:48.404384.
[4A[J     total [##############....................................] 29.17%
this epoch [#############################################.....] 91.73%
      7300 iter, 2 epoch / 10 epochs
    2.6037 iters/sec. Estimated time to finish: 1:53:26.832482.
[4A[J     total [##############....................................] 29.57%
this epoch [###############################################...] 95.73%
      7400 iter, 2 epoch / 10 epochs
    2.6201 iters/sec. Estimated time to finish: 1:52:05.923657.
[4A[J     total [##############....................................] 29.97%
this epoch [#################################################.] 99.73%
      7500 iter, 2 epoch / 10 epochs
    2.6363 iters/sec. Estimated time to finish: 1:50:46.652930.
[4A[J3           2.05037                           0.526666                                 2953.92       
[J     total [###############...................................] 30.37%
this epoch [#.................................................]  3.72%
      7600 iter, 3 epoch / 10 epochs
    2.6514 iters/sec. Estimated time to finish: 1:49:31.235488.
[4A[J     total [###############...................................] 30.77%
this epoch [###...............................................]  7.72%
      7700 iter, 3 epoch / 10 epochs
    2.6671 iters/sec. Estimated time to finish: 1:48:15.001870.
[4A[J     total [###############...................................] 31.17%
this epoch [#####.............................................] 11.72%
      7800 iter, 3 epoch / 10 epochs
    2.6817 iters/sec. Estimated time to finish: 1:47:02.310693.
[4A[J     total [###############...................................] 31.57%
this epoch [#######...........................................] 15.71%
      7900 iter, 3 epoch / 10 epochs
     2.697 iters/sec. Estimated time to finish: 1:45:48.828320.
[4A[J     total [###############...................................] 31.97%
this epoch [#########.........................................] 19.71%
      8000 iter, 3 epoch / 10 epochs
    2.7121 iters/sec. Estimated time to finish: 1:44:36.692827.
[4A[J     total [################..................................] 32.37%
this epoch [###########.......................................] 23.70%
      8100 iter, 3 epoch / 10 epochs
    2.7269 iters/sec. Estimated time to finish: 1:43:25.844487.
[4A[J     total [################..................................] 32.77%
this epoch [#############.....................................] 27.70%
      8200 iter, 3 epoch / 10 epochs
    2.7416 iters/sec. Estimated time to finish: 1:42:16.222333.
[4A[J     total [################..................................] 33.17%
this epoch [###############...................................] 31.70%
      8300 iter, 3 epoch / 10 epochs
     2.756 iters/sec. Estimated time to finish: 1:41:07.779092.
[4A[J     total [################..................................] 33.57%
this epoch [#################.................................] 35.69%
      8400 iter, 3 epoch / 10 epochs
    2.7702 iters/sec. Estimated time to finish: 1:40:00.484312.
[4A[J     total [################..................................] 33.97%
this epoch [###################...............................] 39.69%
      8500 iter, 3 epoch / 10 epochs
    2.7843 iters/sec. Estimated time to finish: 1:38:54.311082.
[4A[J     total [#################.................................] 34.37%
this epoch [#####################.............................] 43.69%
      8600 iter, 3 epoch / 10 epochs
    2.7981 iters/sec. Estimated time to finish: 1:37:49.199656.
[4A[J     total [#################.................................] 34.77%
this epoch [#######################...........................] 47.68%
      8700 iter, 3 epoch / 10 epochs
    2.8118 iters/sec. Estimated time to finish: 1:36:45.127290.
[4A[J     total [#################.................................] 35.17%
this epoch [#########################.........................] 51.68%
      8800 iter, 3 epoch / 10 epochs
    2.8253 iters/sec. Estimated time to finish: 1:35:42.038363.
[4A[J     total [#################.................................] 35.57%
this epoch [###########################.......................] 55.68%
      8900 iter, 3 epoch / 10 epochs
    2.8386 iters/sec. Estimated time to finish: 1:34:39.926993.
[4A[J     total [#################.................................] 35.97%
this epoch [#############################.....................] 59.67%
      9000 iter, 3 epoch / 10 epochs
    2.8517 iters/sec. Estimated time to finish: 1:33:38.729895.
[4A[J     total [##################................................] 36.37%
this epoch [###############################...................] 63.67%
      9100 iter, 3 epoch / 10 epochs
    2.8646 iters/sec. Estimated time to finish: 1:32:38.457786.
[4A[J     total [##################................................] 36.77%
this epoch [#################################.................] 67.66%
      9200 iter, 3 epoch / 10 epochs
    2.8774 iters/sec. Estimated time to finish: 1:31:39.031368.
[4A[J     total [##################................................] 37.17%
this epoch [###################################...............] 71.66%
      9300 iter, 3 epoch / 10 epochs
      2.89 iters/sec. Estimated time to finish: 1:30:40.466097.
[4A[J     total [##################................................] 37.57%
this epoch [#####################################.............] 75.66%
      9400 iter, 3 epoch / 10 epochs
    2.9024 iters/sec. Estimated time to finish: 1:29:42.700183.
[4A[J     total [##################................................] 37.97%
this epoch [#######################################...........] 79.65%
      9500 iter, 3 epoch / 10 epochs
    2.9147 iters/sec. Estimated time to finish: 1:28:45.746693.
[4A[J     total [###################...............................] 38.36%
this epoch [#########################################.........] 83.65%
      9600 iter, 3 epoch / 10 epochs
    2.9268 iters/sec. Estimated time to finish: 1:27:49.543527.
[4A[J     total [###################...............................] 38.76%
this epoch [###########################################.......] 87.65%
      9700 iter, 3 epoch / 10 epochs
    2.9387 iters/sec. Estimated time to finish: 1:26:54.084483.
[4A[J     total [###################...............................] 39.16%
this epoch [#############################################.....] 91.64%
      9800 iter, 3 epoch / 10 epochs
    2.9505 iters/sec. Estimated time to finish: 1:25:59.327197.
[4A[J     total [###################...............................] 39.56%
this epoch [###############################################...] 95.64%
      9900 iter, 3 epoch / 10 epochs
    2.9622 iters/sec. Estimated time to finish: 1:25:05.275600.
[4A[J     total [###################...............................] 39.96%
this epoch [#################################################.] 99.64%
     10000 iter, 3 epoch / 10 epochs
    2.9737 iters/sec. Estimated time to finish: 1:24:11.894750.
[4A[J4           1.74393                           0.587164                                 3476.81       
[J     total [####################..............................] 40.36%
this epoch [#.................................................]  3.63%
     10100 iter, 4 epoch / 10 epochs
    2.9724 iters/sec. Estimated time to finish: 1:23:40.484994.
[4A[J     total [####################..............................] 40.76%
this epoch [###...............................................]  7.63%
     10200 iter, 4 epoch / 10 epochs
    2.9724 iters/sec. Estimated time to finish: 1:23:06.839799.
[4A[J     total [####################..............................] 41.16%
this epoch [#####.............................................] 11.62%
     10300 iter, 4 epoch / 10 epochs
    2.9725 iters/sec. Estimated time to finish: 1:22:33.060707.
[4A[J     total [####################..............................] 41.56%
this epoch [#######...........................................] 15.62%
     10400 iter, 4 epoch / 10 epochs
    2.9771 iters/sec. Estimated time to finish: 1:21:51.704887.
[4A[J     total [####################..............................] 41.96%
this epoch [#########.........................................] 19.62%
     10500 iter, 4 epoch / 10 epochs
    2.9992 iters/sec. Estimated time to finish: 1:20:42.158820.
[4A[J     total [#####################.............................] 42.36%
this epoch [###########.......................................] 23.61%
     10600 iter, 4 epoch / 10 epochs
    3.0198 iters/sec. Estimated time to finish: 1:19:36.038043.
[4A[J     total [#####################.............................] 42.76%
this epoch [#############.....................................] 27.61%
     10700 iter, 4 epoch / 10 epochs
    3.0376 iters/sec. Estimated time to finish: 1:18:35.200896.
[4A[J     total [#####################.............................] 43.16%
this epoch [###############...................................] 31.61%
     10800 iter, 4 epoch / 10 epochs
    3.0579 iters/sec. Estimated time to finish: 1:17:31.139213.
[4A[J     total [#####################.............................] 43.56%
this epoch [#################.................................] 35.60%
     10900 iter, 4 epoch / 10 epochs
    3.0795 iters/sec. Estimated time to finish: 1:16:26.007321.
[4A[J     total [#####################.............................] 43.96%
this epoch [###################...............................] 39.60%
     11000 iter, 4 epoch / 10 epochs
    3.0951 iters/sec. Estimated time to finish: 1:15:30.691630.
[4A[J     total [######################............................] 44.36%
this epoch [#####################.............................] 43.60%
     11100 iter, 4 epoch / 10 epochs
    3.1188 iters/sec. Estimated time to finish: 1:14:24.153680.
[4A[J     total [######################............................] 44.76%
this epoch [#######################...........................] 47.59%
     11200 iter, 4 epoch / 10 epochs
    3.1366 iters/sec. Estimated time to finish: 1:13:26.957912.
[4A[J     total [######################............................] 45.16%
this epoch [#########################.........................] 51.59%
     11300 iter, 4 epoch / 10 epochs
    3.1607 iters/sec. Estimated time to finish: 1:12:21.747691.
[4A[J     total [######################............................] 45.56%
this epoch [###########################.......................] 55.58%
     11400 iter, 4 epoch / 10 epochs
    3.1816 iters/sec. Estimated time to finish: 1:11:21.754178.
[4A[J     total [######################............................] 45.96%
this epoch [#############################.....................] 59.58%
     11500 iter, 4 epoch / 10 epochs
    3.2042 iters/sec. Estimated time to finish: 1:10:20.303209.
[4A[J     total [#######################...........................] 46.36%
this epoch [###############################...................] 63.58%
     11600 iter, 4 epoch / 10 epochs
    3.2179 iters/sec. Estimated time to finish: 1:09:31.293811.
[4A[J     total [#######################...........................] 46.76%
this epoch [#################################.................] 67.57%
     11700 iter, 4 epoch / 10 epochs
    3.2445 iters/sec. Estimated time to finish: 1:08:26.322929.
[4A[J     total [#######################...........................] 47.16%
this epoch [###################################...............] 71.57%
     11800 iter, 4 epoch / 10 epochs
    3.2644 iters/sec. Estimated time to finish: 1:07:30.615862.
[4A[J     total [#######################...........................] 47.56%
this epoch [#####################################.............] 75.57%
     11900 iter, 4 epoch / 10 epochs
    3.2899 iters/sec. Estimated time to finish: 1:06:28.835505.
[4A[J     total [#######################...........................] 47.96%
this epoch [#######################################...........] 79.56%
     12000 iter, 4 epoch / 10 epochs
    3.3179 iters/sec. Estimated time to finish: 1:05:25.060917.
[4A[J     total [########################..........................] 48.36%
this epoch [#########################################.........] 83.56%
     12100 iter, 4 epoch / 10 epochs
    3.3377 iters/sec. Estimated time to finish: 1:04:31.770941.
[4A[J     total [########################..........................] 48.76%
this epoch [###########################################.......] 87.56%
     12200 iter, 4 epoch / 10 epochs
    3.3378 iters/sec. Estimated time to finish: 1:04:01.736052.
[4A[J     total [########################..........................] 49.16%
this epoch [#############################################.....] 91.55%
     12300 iter, 4 epoch / 10 epochs
    3.3378 iters/sec. Estimated time to finish: 1:03:31.764195.
[4A[J     total [########################..........................] 49.55%
this epoch [###############################################...] 95.55%
     12400 iter, 4 epoch / 10 epochs
    3.3431 iters/sec. Estimated time to finish: 1:02:55.824974.
[4A[J     total [########################..........................] 49.95%
this epoch [#################################################.] 99.54%
     12500 iter, 4 epoch / 10 epochs
    3.3847 iters/sec. Estimated time to finish: 1:01:39.812632.
[4A[J5           1.54184                           0.626349                                 4000.38       
[J     total [#########################.........................] 50.35%
this epoch [#.................................................]  3.54%
     12600 iter, 5 epoch / 10 epochs
      3.43 iters/sec. Estimated time to finish: 1:00:21.807085.
[4A[J     total [#########################.........................] 50.75%
this epoch [###...............................................]  7.54%
     12700 iter, 5 epoch / 10 epochs
    3.4659 iters/sec. Estimated time to finish: 0:59:15.395649.
[4A[J     total [#########################.........................] 51.15%
this epoch [#####.............................................] 11.53%
     12800 iter, 5 epoch / 10 epochs
    3.5018 iters/sec. Estimated time to finish: 0:58:10.390423.
[4A[J     total [#########################.........................] 51.55%
this epoch [#######...........................................] 15.53%
     12900 iter, 5 epoch / 10 epochs
    3.5395 iters/sec. Estimated time to finish: 0:57:05.003815.
[4A[J     total [#########################.........................] 51.95%
this epoch [#########.........................................] 19.53%
     13000 iter, 5 epoch / 10 epochs
      3.59 iters/sec. Estimated time to finish: 0:55:48.993304.
[4A[J     total [##########################........................] 52.35%
this epoch [###########.......................................] 23.52%
     13100 iter, 5 epoch / 10 epochs
    3.6303 iters/sec. Estimated time to finish: 0:54:44.275304.
[4A[J     total [##########################........................] 52.75%
this epoch [#############.....................................] 27.52%
     13200 iter, 5 epoch / 10 epochs
    3.6692 iters/sec. Estimated time to finish: 0:53:42.153916.
[4A[J     total [##########################........................] 53.15%
this epoch [###############...................................] 31.51%
     13300 iter, 5 epoch / 10 epochs
     3.692 iters/sec. Estimated time to finish: 0:52:55.195697.
[4A[J     total [##########################........................] 53.55%
this epoch [#################.................................] 35.51%
     13400 iter, 5 epoch / 10 epochs
     3.692 iters/sec. Estimated time to finish: 0:52:28.128526.
[4A[J     total [##########################........................] 53.95%
this epoch [###################...............................] 39.51%
     13500 iter, 5 epoch / 10 epochs
    3.6926 iters/sec. Estimated time to finish: 0:52:00.514199.
[4A[J     total [###########################.......................] 54.35%
this epoch [#####################.............................] 43.50%
     13600 iter, 5 epoch / 10 epochs
    3.7146 iters/sec. Estimated time to finish: 0:51:15.122955.
[4A[J     total [###########################.......................] 54.75%
this epoch [#######################...........................] 47.50%
     13700 iter, 5 epoch / 10 epochs
    3.7852 iters/sec. Estimated time to finish: 0:49:51.301647.
[4A[J     total [###########################.......................] 55.15%
this epoch [#########################.........................] 51.50%
     13800 iter, 5 epoch / 10 epochs
    3.8459 iters/sec. Estimated time to finish: 0:48:38.103308.
[4A[J     total [###########################.......................] 55.55%
this epoch [###########################.......................] 55.49%
     13900 iter, 5 epoch / 10 epochs
    3.9223 iters/sec. Estimated time to finish: 0:47:15.801869.
[4A[J     total [###########################.......................] 55.95%
this epoch [#############################.....................] 59.49%
     14000 iter, 5 epoch / 10 epochs
    3.9957 iters/sec. Estimated time to finish: 0:45:58.639096.
[4A[J     total [############################......................] 56.35%
this epoch [###############################...................] 63.49%
     14100 iter, 5 epoch / 10 epochs
    4.0564 iters/sec. Estimated time to finish: 0:44:52.740602.
[4A[J     total [############################......................] 56.75%
this epoch [#################################.................] 67.48%
     14200 iter, 5 epoch / 10 epochs
    4.1538 iters/sec. Estimated time to finish: 0:43:25.525427.
[4A[J     total [############################......................] 57.15%
this epoch [###################################...............] 71.48%
     14300 iter, 5 epoch / 10 epochs
    4.2471 iters/sec. Estimated time to finish: 0:42:04.719339.
[4A[J     total [############################......................] 57.55%
this epoch [#####################################.............] 75.47%
     14400 iter, 5 epoch / 10 epochs
    4.3026 iters/sec. Estimated time to finish: 0:41:08.940952.
[4A[J     total [############################......................] 57.95%
this epoch [#######################################...........] 79.47%
     14500 iter, 5 epoch / 10 epochs
    4.3315 iters/sec. Estimated time to finish: 0:40:29.356904.
[4A[J     total [#############################.....................] 58.35%
this epoch [#########################################.........] 83.47%
     14600 iter, 5 epoch / 10 epochs
    4.3618 iters/sec. Estimated time to finish: 0:39:49.561432.
[4A[J     total [#############################.....................] 58.75%
this epoch [###########################################.......] 87.46%
     14700 iter, 5 epoch / 10 epochs
    4.3958 iters/sec. Estimated time to finish: 0:39:08.312617.
[4A[J     total [#############################.....................] 59.15%
this epoch [#############################################.....] 91.46%
     14800 iter, 5 epoch / 10 epochs
     4.428 iters/sec. Estimated time to finish: 0:38:28.688926.
[4A[J     total [#############################.....................] 59.55%
this epoch [###############################################...] 95.46%
     14900 iter, 5 epoch / 10 epochs
    4.4614 iters/sec. Estimated time to finish: 0:37:48.999052.
[4A[J     total [#############################.....................] 59.95%
this epoch [#################################################.] 99.45%
     15000 iter, 5 epoch / 10 epochs
    4.4955 iters/sec. Estimated time to finish: 0:37:09.532785.
[4A[J6           1.3893                            0.657705                                 4521.57       
[J     total [##############################....................] 60.34%
this epoch [#.................................................]  3.45%
     15100 iter, 6 epoch / 10 epochs
    4.5306 iters/sec. Estimated time to finish: 0:36:30.175030.
[4A[J     total [##############################....................] 60.74%
this epoch [###...............................................]  7.45%
     15200 iter, 6 epoch / 10 epochs
    4.5697 iters/sec. Estimated time to finish: 0:35:49.561012.
[4A[J     total [##############################....................] 61.14%
this epoch [#####.............................................] 11.44%
     15300 iter, 6 epoch / 10 epochs
    4.6045 iters/sec. Estimated time to finish: 0:35:11.593030.
[4A[J     total [##############################....................] 61.54%
this epoch [#######...........................................] 15.44%
     15400 iter, 6 epoch / 10 epochs
    4.6465 iters/sec. Estimated time to finish: 0:34:30.980174.
[4A[J     total [##############################....................] 61.94%
this epoch [#########.........................................] 19.43%
     15500 iter, 6 epoch / 10 epochs
    4.6853 iters/sec. Estimated time to finish: 0:33:52.489825.
[4A[J     total [###############################...................] 62.34%
this epoch [###########.......................................] 23.43%
     15600 iter, 6 epoch / 10 epochs
     4.725 iters/sec. Estimated time to finish: 0:33:14.253586.
[4A[J     total [###############################...................] 62.74%
this epoch [#############.....................................] 27.43%
     15700 iter, 6 epoch / 10 epochs
     4.764 iters/sec. Estimated time to finish: 0:32:36.919628.
[4A[J     total [###############################...................] 63.14%
this epoch [###############...................................] 31.42%
     15800 iter, 6 epoch / 10 epochs
    4.7849 iters/sec. Estimated time to finish: 0:32:07.468176.
[4A[J     total [###############################...................] 63.54%
this epoch [#################.................................] 35.42%
     15900 iter, 6 epoch / 10 epochs
    4.7884 iters/sec. Estimated time to finish: 0:31:45.196669.
[4A[J     total [###############################...................] 63.94%
this epoch [###################...............................] 39.42%
     16000 iter, 6 epoch / 10 epochs
    4.7883 iters/sec. Estimated time to finish: 0:31:24.328236.
[4A[J     total [################################..................] 64.34%
this epoch [#####################.............................] 43.41%
     16100 iter, 6 epoch / 10 epochs
    4.7883 iters/sec. Estimated time to finish: 0:31:03.445231.
[4A[J     total [################################..................] 64.74%
this epoch [#######################...........................] 47.41%
     16200 iter, 6 epoch / 10 epochs
    4.7883 iters/sec. Estimated time to finish: 0:30:42.571528.
[4A[J     total [################################..................] 65.14%
this epoch [#########################.........................] 51.41%
     16300 iter, 6 epoch / 10 epochs
    4.7908 iters/sec. Estimated time to finish: 0:30:20.747878.
[4A[J     total [################################..................] 65.54%
this epoch [###########################.......................] 55.40%
     16400 iter, 6 epoch / 10 epochs
    4.7857 iters/sec. Estimated time to finish: 0:30:01.774105.
[4A[J     total [################################..................] 65.94%
this epoch [#############################.....................] 59.40%
     16500 iter, 6 epoch / 10 epochs
    4.7858 iters/sec. Estimated time to finish: 0:29:40.866715.
[4A[J     total [#################################.................] 66.34%
this epoch [###############################...................] 63.39%
     16600 iter, 6 epoch / 10 epochs
    4.7857 iters/sec. Estimated time to finish: 0:29:19.988581.
[4A[J     total [#################################.................] 66.74%
this epoch [#################################.................] 67.39%
     16700 iter, 6 epoch / 10 epochs
    4.7858 iters/sec. Estimated time to finish: 0:28:59.057520.
[4A[J     total [#################################.................] 67.14%
this epoch [###################################...............] 71.39%
     16800 iter, 6 epoch / 10 epochs
    4.7856 iters/sec. Estimated time to finish: 0:28:38.223764.
[4A[J     total [#################################.................] 67.54%
this epoch [#####################################.............] 75.38%
     16900 iter, 6 epoch / 10 epochs
    4.7856 iters/sec. Estimated time to finish: 0:28:17.327331.
[4A[J     total [#################################.................] 67.94%
this epoch [#######################################...........] 79.38%
     17000 iter, 6 epoch / 10 epochs
    4.7857 iters/sec. Estimated time to finish: 0:27:56.427565.
[4A[J     total [##################################................] 68.34%
this epoch [#########################################.........] 83.38%
     17100 iter, 6 epoch / 10 epochs
    4.7856 iters/sec. Estimated time to finish: 0:27:35.539052.
[4A[J     total [##################################................] 68.74%
this epoch [###########################################.......] 87.37%
     17200 iter, 6 epoch / 10 epochs
    4.7865 iters/sec. Estimated time to finish: 0:27:14.363118.
[4A[J     total [##################################................] 69.14%
this epoch [#############################################.....] 91.37%
     17300 iter, 6 epoch / 10 epochs
    4.7865 iters/sec. Estimated time to finish: 0:26:53.444207.
[4A[J     total [##################################................] 69.54%
this epoch [###############################################...] 95.37%
     17400 iter, 6 epoch / 10 epochs
    4.7865 iters/sec. Estimated time to finish: 0:26:32.561353.
[4A[J     total [##################################................] 69.94%
this epoch [#################################################.] 99.36%
     17500 iter, 6 epoch / 10 epochs
    4.7888 iters/sec. Estimated time to finish: 0:26:10.932640.
[4A[J7           1.26511                           0.683004                                 5044.93       
[J     total [###################################...............] 70.34%
this epoch [#.................................................]  3.36%
     17600 iter, 7 epoch / 10 epochs
     4.788 iters/sec. Estimated time to finish: 0:25:50.290295.
[4A[J     total [###################################...............] 70.74%
this epoch [###...............................................]  7.35%
     17700 iter, 7 epoch / 10 epochs
    4.7902 iters/sec. Estimated time to finish: 0:25:28.708712.
[4A[J     total [###################################...............] 71.14%
this epoch [#####.............................................] 11.35%
     17800 iter, 7 epoch / 10 epochs
    4.7902 iters/sec. Estimated time to finish: 0:25:07.846002.
[4A[J     total [###################################...............] 71.53%
this epoch [#######...........................................] 15.35%
     17900 iter, 7 epoch / 10 epochs
    4.7901 iters/sec. Estimated time to finish: 0:24:46.977379.
[4A[J     total [###################################...............] 71.93%
this epoch [#########.........................................] 19.34%
     18000 iter, 7 epoch / 10 epochs
    4.7901 iters/sec. Estimated time to finish: 0:24:26.103399.
[4A[J     total [####################################..............] 72.33%
this epoch [###########.......................................] 23.34%
     18100 iter, 7 epoch / 10 epochs
    4.7901 iters/sec. Estimated time to finish: 0:24:05.235540.
[4A[J     total [####################################..............] 72.73%
this epoch [#############.....................................] 27.34%
     18200 iter, 7 epoch / 10 epochs
    4.7901 iters/sec. Estimated time to finish: 0:23:44.366327.
[4A[J     total [####################################..............] 73.13%
this epoch [###############...................................] 31.33%
     18300 iter, 7 epoch / 10 epochs
      4.79 iters/sec. Estimated time to finish: 0:23:23.500382.
[4A[J     total [####################################..............] 73.53%
this epoch [#################.................................] 35.33%
     18400 iter, 7 epoch / 10 epochs
      4.79 iters/sec. Estimated time to finish: 0:23:02.629893.
[4A[J     total [####################################..............] 73.93%
this epoch [###################...............................] 39.33%
     18500 iter, 7 epoch / 10 epochs
      4.79 iters/sec. Estimated time to finish: 0:22:41.756913.
[4A[J     total [#####################################.............] 74.33%
this epoch [#####################.............................] 43.32%
     18600 iter, 7 epoch / 10 epochs
      4.79 iters/sec. Estimated time to finish: 0:22:20.875292.
[4A[J     total [#####################################.............] 74.73%
this epoch [#######################...........................] 47.32%
     18700 iter, 7 epoch / 10 epochs
      4.79 iters/sec. Estimated time to finish: 0:22:00.004797.
[4A[J     total [#####################################.............] 75.13%
this epoch [#########################.........................] 51.31%
     18800 iter, 7 epoch / 10 epochs
      4.79 iters/sec. Estimated time to finish: 0:21:39.124580.
[4A[J     total [#####################################.............] 75.53%
this epoch [###########################.......................] 55.31%
     18900 iter, 7 epoch / 10 epochs
      4.79 iters/sec. Estimated time to finish: 0:21:18.256565.
[4A[J     total [#####################################.............] 75.93%
this epoch [#############################.....................] 59.31%
     19000 iter, 7 epoch / 10 epochs
      4.79 iters/sec. Estimated time to finish: 0:20:57.369964.
[4A[J     total [######################################............] 76.33%
this epoch [###############################...................] 63.30%
     19100 iter, 7 epoch / 10 epochs
      4.79 iters/sec. Estimated time to finish: 0:20:36.489728.
[4A[J     total [######################################............] 76.73%
this epoch [#################################.................] 67.30%
     19200 iter, 7 epoch / 10 epochs
    4.7901 iters/sec. Estimated time to finish: 0:20:15.605696.
[4A[J     total [######################################............] 77.13%
this epoch [###################################...............] 71.30%
     19300 iter, 7 epoch / 10 epochs
    4.7901 iters/sec. Estimated time to finish: 0:19:54.728121.
[4A[J     total [######################################............] 77.53%
this epoch [#####################################.............] 75.29%
     19400 iter, 7 epoch / 10 epochs
    4.7901 iters/sec. Estimated time to finish: 0:19:33.838810.
[4A[J     total [######################################............] 77.93%
this epoch [#######################################...........] 79.29%
     19500 iter, 7 epoch / 10 epochs
    4.7901 iters/sec. Estimated time to finish: 0:19:12.959408.
[4A[J     total [#######################################...........] 78.33%
this epoch [#########################################.........] 83.29%
     19600 iter, 7 epoch / 10 epochs
    4.7902 iters/sec. Estimated time to finish: 0:18:52.071764.
[4A[J     total [#######################################...........] 78.73%
this epoch [###########################################.......] 87.28%
     19700 iter, 7 epoch / 10 epochs
    4.7902 iters/sec. Estimated time to finish: 0:18:31.189465.
[4A[J     total [#######################################...........] 79.13%
this epoch [#############################################.....] 91.28%
     19800 iter, 7 epoch / 10 epochs
    4.7902 iters/sec. Estimated time to finish: 0:18:10.304546.
[4A[J     total [#######################################...........] 79.53%
this epoch [###############################################...] 95.27%
     19900 iter, 7 epoch / 10 epochs
    4.7903 iters/sec. Estimated time to finish: 0:17:49.423114.
[4A[J     total [#######################################...........] 79.93%
this epoch [#################################################.] 99.27%
     20000 iter, 7 epoch / 10 epochs
    4.7936 iters/sec. Estimated time to finish: 0:17:27.805863.
[4A[J8           1.15488                           0.706945                                 5566.18       
[J     total [########################################..........] 80.33%
this epoch [#.................................................]  3.27%
     20100 iter, 8 epoch / 10 epochs
    4.7923 iters/sec. Estimated time to finish: 0:17:07.242832.
[4A[J     total [########################################..........] 80.73%
this epoch [###...............................................]  7.26%
     20200 iter, 8 epoch / 10 epochs
    4.7923 iters/sec. Estimated time to finish: 0:16:46.369017.
[4A[J     total [########################################..........] 81.13%
this epoch [#####.............................................] 11.26%
     20300 iter, 8 epoch / 10 epochs
    4.7923 iters/sec. Estimated time to finish: 0:16:25.496059.
[4A[J     total [########################################..........] 81.53%
this epoch [#######...........................................] 15.26%
     20400 iter, 8 epoch / 10 epochs
    4.7923 iters/sec. Estimated time to finish: 0:16:04.624084.
[4A[J     total [########################################..........] 81.93%
this epoch [#########.........................................] 19.25%
     20500 iter, 8 epoch / 10 epochs
    4.7954 iters/sec. Estimated time to finish: 0:15:43.158696.
[4A[J     total [#########################################.........] 82.32%
this epoch [###########.......................................] 23.25%
     20600 iter, 8 epoch / 10 epochs
    4.7954 iters/sec. Estimated time to finish: 0:15:22.301528.
[4A[J     total [#########################################.........] 82.72%
this epoch [#############.....................................] 27.25%
     20700 iter, 8 epoch / 10 epochs
    4.7954 iters/sec. Estimated time to finish: 0:15:01.445604.
[4A[J     total [#########################################.........] 83.12%
this epoch [###############...................................] 31.24%
     20800 iter, 8 epoch / 10 epochs
    4.7954 iters/sec. Estimated time to finish: 0:14:40.593808.
[4A[J     total [#########################################.........] 83.52%
this epoch [#################.................................] 35.24%
     20900 iter, 8 epoch / 10 epochs
    4.7954 iters/sec. Estimated time to finish: 0:14:19.740663.
[4A[J     total [#########################################.........] 83.92%
this epoch [###################...............................] 39.23%
     21000 iter, 8 epoch / 10 epochs
    4.7954 iters/sec. Estimated time to finish: 0:13:58.887288.
[4A[J     total [##########################################........] 84.32%
this epoch [#####################.............................] 43.23%
     21100 iter, 8 epoch / 10 epochs
    4.7954 iters/sec. Estimated time to finish: 0:13:38.029649.
[4A[J     total [##########################################........] 84.72%
this epoch [#######################...........................] 47.23%
     21200 iter, 8 epoch / 10 epochs
    4.7955 iters/sec. Estimated time to finish: 0:13:17.172185.
[4A[J     total [##########################################........] 85.12%
this epoch [#########################.........................] 51.22%
     21300 iter, 8 epoch / 10 epochs
    4.7955 iters/sec. Estimated time to finish: 0:12:56.316735.
[4A[J     total [##########################################........] 85.52%
this epoch [###########################.......................] 55.22%
     21400 iter, 8 epoch / 10 epochs
    4.7955 iters/sec. Estimated time to finish: 0:12:35.465708.
[4A[J     total [##########################################........] 85.92%
this epoch [#############################.....................] 59.22%
     21500 iter, 8 epoch / 10 epochs
    4.7955 iters/sec. Estimated time to finish: 0:12:14.613796.
[4A[J     total [###########################################.......] 86.32%
this epoch [###############################...................] 63.21%
     21600 iter, 8 epoch / 10 epochs
    4.7955 iters/sec. Estimated time to finish: 0:11:53.762380.
[4A[J     total [###########################################.......] 86.72%
this epoch [#################################.................] 67.21%
     21700 iter, 8 epoch / 10 epochs
    4.7955 iters/sec. Estimated time to finish: 0:11:32.908916.
[4A[J     total [###########################################.......] 87.12%
this epoch [###################################...............] 71.21%
     21800 iter, 8 epoch / 10 epochs
    4.7955 iters/sec. Estimated time to finish: 0:11:12.054868.
[4A[J     total [###########################################.......] 87.52%
this epoch [#####################################.............] 75.20%
     21900 iter, 8 epoch / 10 epochs
    4.7954 iters/sec. Estimated time to finish: 0:10:51.204018.
[4A[J     total [###########################################.......] 87.92%
this epoch [#######################################...........] 79.20%
     22000 iter, 8 epoch / 10 epochs
    4.7954 iters/sec. Estimated time to finish: 0:10:30.353073.
[4A[J     total [############################################......] 88.32%
this epoch [#########################################.........] 83.19%
     22100 iter, 8 epoch / 10 epochs
    4.7954 iters/sec. Estimated time to finish: 0:10:09.502899.
[4A[J     total [############################################......] 88.72%
this epoch [###########################################.......] 87.19%
     22200 iter, 8 epoch / 10 epochs
    4.7912 iters/sec. Estimated time to finish: 0:09:49.168847.
[4A[J     total [############################################......] 89.12%
this epoch [#############################################.....] 91.19%
     22300 iter, 8 epoch / 10 epochs
    4.7912 iters/sec. Estimated time to finish: 0:09:28.296331.
[4A[J     total [############################################......] 89.52%
this epoch [###############################################...] 95.18%
     22400 iter, 8 epoch / 10 epochs
    4.7912 iters/sec. Estimated time to finish: 0:09:07.422036.
[4A[J     total [############################################......] 89.92%
this epoch [#################################################.] 99.18%
     22500 iter, 8 epoch / 10 epochs
    4.7922 iters/sec. Estimated time to finish: 0:08:46.443057.
[4A[J9           1.06083                           0.725376                                 6089.35       
[J     total [#############################################.....] 90.32%
this epoch [#.................................................]  3.18%
     22600 iter, 9 epoch / 10 epochs
    4.7916 iters/sec. Estimated time to finish: 0:08:25.640977.
[4A[J     total [#############################################.....] 90.72%
this epoch [###...............................................]  7.17%
     22700 iter, 9 epoch / 10 epochs
    4.7916 iters/sec. Estimated time to finish: 0:08:04.771515.
[4A[J     total [#############################################.....] 91.12%
this epoch [#####.............................................] 11.17%
     22800 iter, 9 epoch / 10 epochs
    4.7916 iters/sec. Estimated time to finish: 0:07:43.899193.
[4A[J     total [#############################################.....] 91.52%
this epoch [#######...........................................] 15.16%
     22900 iter, 9 epoch / 10 epochs
    4.7916 iters/sec. Estimated time to finish: 0:07:23.027183.
[4A[J     total [#############################################.....] 91.92%
this epoch [#########.........................................] 19.16%
     23000 iter, 9 epoch / 10 epochs
    4.7916 iters/sec. Estimated time to finish: 0:07:02.154983.
[4A[J     total [##############################################....] 92.32%
this epoch [###########.......................................] 23.16%
     23100 iter, 9 epoch / 10 epochs
    4.7917 iters/sec. Estimated time to finish: 0:06:41.283898.
[4A[J     total [##############################################....] 92.72%
this epoch [#############.....................................] 27.15%
     23200 iter, 9 epoch / 10 epochs
    4.7917 iters/sec. Estimated time to finish: 0:06:20.413146.
[4A[J     total [##############################################....] 93.12%
this epoch [###############...................................] 31.15%
     23300 iter, 9 epoch / 10 epochs
    4.7917 iters/sec. Estimated time to finish: 0:05:59.541510.
[4A[J     total [##############################################....] 93.51%
this epoch [#################.................................] 35.15%
     23400 iter, 9 epoch / 10 epochs
    4.7917 iters/sec. Estimated time to finish: 0:05:38.672196.
[4A[J     total [##############################################....] 93.91%
this epoch [###################...............................] 39.14%
     23500 iter, 9 epoch / 10 epochs
    4.7917 iters/sec. Estimated time to finish: 0:05:17.799918.
[4A[J     total [###############################################...] 94.31%
this epoch [#####################.............................] 43.14%
     23600 iter, 9 epoch / 10 epochs
    4.7917 iters/sec. Estimated time to finish: 0:04:56.929838.
[4A[J     total [###############################################...] 94.71%
this epoch [#######################...........................] 47.14%
     23700 iter, 9 epoch / 10 epochs
    4.7918 iters/sec. Estimated time to finish: 0:04:36.060066.
[4A[J     total [###############################################...] 95.11%
this epoch [#########################.........................] 51.13%
     23800 iter, 9 epoch / 10 epochs
    4.7918 iters/sec. Estimated time to finish: 0:04:15.190704.
[4A[J     total [###############################################...] 95.51%
this epoch [###########################.......................] 55.13%
     23900 iter, 9 epoch / 10 epochs
    4.7918 iters/sec. Estimated time to finish: 0:03:54.320108.
[4A[J     total [###############################################...] 95.91%
this epoch [#############################.....................] 59.12%
     24000 iter, 9 epoch / 10 epochs
    4.7918 iters/sec. Estimated time to finish: 0:03:33.450554.
[4A[J     total [################################################..] 96.31%
this epoch [###############################...................] 63.12%
     24100 iter, 9 epoch / 10 epochs
    4.7918 iters/sec. Estimated time to finish: 0:03:12.579958.
[4A[J     total [################################################..] 96.71%
this epoch [#################################.................] 67.12%
     24200 iter, 9 epoch / 10 epochs
    4.7919 iters/sec. Estimated time to finish: 0:02:51.709707.
[4A[J     total [################################################..] 97.11%
this epoch [###################################...............] 71.11%
     24300 iter, 9 epoch / 10 epochs
    4.7911 iters/sec. Estimated time to finish: 0:02:30.865634.
[4A[J     total [################################################..] 97.51%
this epoch [#####################################.............] 75.11%
     24400 iter, 9 epoch / 10 epochs
    4.7911 iters/sec. Estimated time to finish: 0:02:09.992607.
[4A[J     total [################################################..] 97.91%
this epoch [#######################################...........] 79.11%
     24500 iter, 9 epoch / 10 epochs
    4.7912 iters/sec. Estimated time to finish: 0:01:49.119836.
[4A[J     total [#################################################.] 98.31%
this epoch [#########################################.........] 83.10%
     24600 iter, 9 epoch / 10 epochs
    4.7912 iters/sec. Estimated time to finish: 0:01:28.247766.
[4A[J     total [#################################################.] 98.71%
this epoch [###########################################.......] 87.10%
     24700 iter, 9 epoch / 10 epochs
    4.7912 iters/sec. Estimated time to finish: 0:01:07.375887.
[4A[J     total [#################################################.] 99.11%
this epoch [#############################################.....] 91.10%
     24800 iter, 9 epoch / 10 epochs
    4.7912 iters/sec. Estimated time to finish: 0:00:46.504240.
[4A[J     total [#################################################.] 99.51%
this epoch [###############################################...] 95.09%
     24900 iter, 9 epoch / 10 epochs
    4.7913 iters/sec. Estimated time to finish: 0:00:25.632472.
[4A[J     total [#################################################.] 99.91%
this epoch [#################################################.] 99.09%
     25000 iter, 9 epoch / 10 epochs
    4.7819 iters/sec. Estimated time to finish: 0:00:04.770641.
[4A[J10          0.976537                          0.743449                                 6614.86       
[J