/var/spool/uge/execd/g0417/job_scripts/2066407: line 10: conda: command not found
No Modulefiles Currently Loaded.
Currently Loaded Modulefiles:
  1) cuda/9.0/9.0.176.4   3) nccl/2.3/2.3.5-2
  2) cudnn/7.3/7.3.1      4) openmpi/2.1.6
Currently Loaded Modulefiles:
  1) cuda/9.0/9.0.176.4   3) nccl/2.3/2.3.5-2
  2) cudnn/7.3/7.3.1      4) openmpi/2.1.6
Currently Loaded Modulefiles:
  1) cuda/9.0/9.0.176.4   3) nccl/2.3/2.3.5-2
  2) cudnn/7.3/7.3.1      4) openmpi/2.1.6
==========================================
Num of GPUs : 1
Model :  alexnet
Minibatch-size: 512
Epochs: 10
==========================================
Starting training .....
--------------------------------------------------------------------------
A process has executed an operation involving a call to the
"fork()" system call to create a child process.  Open MPI is currently
operating in a condition that could result in memory corruption or
other system errors; your job may hang, crash, or produce silent
data corruption.  The use of fork() (or system() or other calls that
create child processes) is strongly discouraged.

The process that invoked fork was:

  Local host:          [[11818,1],0] (PID 124194)

If you are *absolutely sure* that your application will successfully
and correctly survive a call to fork(), you may disable this warning
by setting the mpi_warn_on_fork MCA parameter to 0.
--------------------------------------------------------------------------
epoch       main/loss   validation/main/loss  main/accuracy  validation/main/accuracy  elapsed_time
[J     total [..................................................]  0.40%
this epoch [#.................................................]  4.00%
       100 iter, 0 epoch / 10 epochs
       inf iters/sec. Estimated time to finish: 0:00:00.
[4A[J     total [..................................................]  0.80%
this epoch [###...............................................]  7.99%
       200 iter, 0 epoch / 10 epochs
    1.2264 iters/sec. Estimated time to finish: 5:37:19.722575.
[4A[J     total [..................................................]  1.20%
this epoch [#####.............................................] 11.99%
       300 iter, 0 epoch / 10 epochs
   0.82084 iters/sec. Estimated time to finish: 8:21:58.717815.
[4A[J     total [..................................................]  1.60%
this epoch [#######...........................................] 15.99%
       400 iter, 0 epoch / 10 epochs
   0.74034 iters/sec. Estimated time to finish: 9:14:18.744372.
[4A[J     total [..................................................]  2.00%
this epoch [#########.........................................] 19.98%
       500 iter, 0 epoch / 10 epochs
   0.70632 iters/sec. Estimated time to finish: 9:38:39.178612.
[4A[J     total [#.................................................]  2.40%
this epoch [###########.......................................] 23.98%
       600 iter, 0 epoch / 10 epochs
   0.68793 iters/sec. Estimated time to finish: 9:51:41.845377.
[4A[J     total [#.................................................]  2.80%
this epoch [#############.....................................] 27.97%
       700 iter, 0 epoch / 10 epochs
   0.70611 iters/sec. Estimated time to finish: 9:34:06.344116.
[4A[J     total [#.................................................]  3.20%
this epoch [###############...................................] 31.97%
       800 iter, 0 epoch / 10 epochs
   0.68557 iters/sec. Estimated time to finish: 9:48:52.231793.
[4A[J     total [#.................................................]  3.60%
this epoch [#################.................................] 35.97%
       900 iter, 0 epoch / 10 epochs
   0.66817 iters/sec. Estimated time to finish: 10:01:42.714730.
[4A[J     total [#.................................................]  4.00%
this epoch [###################...............................] 39.96%
      1000 iter, 0 epoch / 10 epochs
   0.66507 iters/sec. Estimated time to finish: 10:02:00.739932.
[4A[J     total [##................................................]  4.40%
this epoch [#####################.............................] 43.96%
      1100 iter, 0 epoch / 10 epochs
   0.68044 iters/sec. Estimated time to finish: 9:45:57.909386.
[4A[J     total [##................................................]  4.80%
this epoch [#######################...........................] 47.96%
      1200 iter, 0 epoch / 10 epochs
   0.64385 iters/sec. Estimated time to finish: 10:16:40.619828.
[4A[J     total [##................................................]  5.20%
this epoch [#########################.........................] 51.95%
      1300 iter, 0 epoch / 10 epochs
   0.61287 iters/sec. Estimated time to finish: 10:45:07.420946.
[4A[J     total [##................................................]  5.59%
this epoch [###########################.......................] 55.95%
      1400 iter, 0 epoch / 10 epochs
   0.61606 iters/sec. Estimated time to finish: 10:39:04.983697.
[4A[J     total [##................................................]  5.99%
this epoch [#############################.....................] 59.95%
      1500 iter, 0 epoch / 10 epochs
   0.62079 iters/sec. Estimated time to finish: 10:31:31.588495.
[4A[J     total [###...............................................]  6.39%
this epoch [###############################...................] 63.94%
      1600 iter, 0 epoch / 10 epochs
   0.62125 iters/sec. Estimated time to finish: 10:28:22.427976.
[4A[J     total [###...............................................]  6.79%
this epoch [#################################.................] 67.94%
      1700 iter, 0 epoch / 10 epochs
   0.63556 iters/sec. Estimated time to finish: 10:11:36.684426.
[4A[J     total [###...............................................]  7.19%
this epoch [###################################...............] 71.93%
      1800 iter, 0 epoch / 10 epochs
   0.65862 iters/sec. Estimated time to finish: 9:47:39.844323.
[4A[J     total [###...............................................]  7.59%
this epoch [#####################################.............] 75.93%
      1900 iter, 0 epoch / 10 epochs
   0.68103 iters/sec. Estimated time to finish: 9:25:52.599130.
[4A[J     total [###...............................................]  7.99%
this epoch [#######################################...........] 79.93%
      2000 iter, 0 epoch / 10 epochs
   0.70236 iters/sec. Estimated time to finish: 9:06:19.111181.
[4A[J     total [####..............................................]  8.39%
this epoch [#########################################.........] 83.92%
      2100 iter, 0 epoch / 10 epochs
   0.72548 iters/sec. Estimated time to finish: 8:46:36.657874.
[4A[J     total [####..............................................]  8.79%
this epoch [###########################################.......] 87.92%
      2200 iter, 0 epoch / 10 epochs
   0.74819 iters/sec. Estimated time to finish: 8:28:23.889226.
[4A[J     total [####..............................................]  9.19%
this epoch [#############################################.....] 91.92%
      2300 iter, 0 epoch / 10 epochs
   0.77065 iters/sec. Estimated time to finish: 8:11:25.268742.
[4A[J     total [####..............................................]  9.59%
this epoch [###############################################...] 95.91%
      2400 iter, 0 epoch / 10 epochs
   0.79233 iters/sec. Estimated time to finish: 7:55:52.320508.
[4A[J     total [####..............................................]  9.99%
this epoch [#################################################.] 99.91%
      2500 iter, 0 epoch / 10 epochs
   0.81355 iters/sec. Estimated time to finish: 7:41:24.651300.
[4A[J1           6.90949                           0.00091999                               3169.55       
[J     total [#####.............................................] 10.39%
this epoch [#.................................................]  3.91%
      2600 iter, 1 epoch / 10 epochs
   0.83366 iters/sec. Estimated time to finish: 7:28:16.776521.
[4A[J     total [#####.............................................] 10.79%
this epoch [###...............................................]  7.90%
      2700 iter, 1 epoch / 10 epochs
   0.85374 iters/sec. Estimated time to finish: 7:15:47.190792.
[4A[J     total [#####.............................................] 11.19%
this epoch [#####.............................................] 11.90%
      2800 iter, 1 epoch / 10 epochs
   0.87314 iters/sec. Estimated time to finish: 7:04:11.577532.
[4A[J     total [#####.............................................] 11.59%
this epoch [#######...........................................] 15.89%
      2900 iter, 1 epoch / 10 epochs
   0.89211 iters/sec. Estimated time to finish: 6:53:18.413060.
[4A[J     total [#####.............................................] 11.99%
this epoch [#########.........................................] 19.89%
      3000 iter, 1 epoch / 10 epochs
   0.91021 iters/sec. Estimated time to finish: 6:43:15.331229.
[4A[J     total [######............................................] 12.39%
this epoch [###########.......................................] 23.89%
      3100 iter, 1 epoch / 10 epochs
   0.92799 iters/sec. Estimated time to finish: 6:33:43.999697.
[4A[J     total [######............................................] 12.79%
this epoch [#############.....................................] 27.88%
      3200 iter, 1 epoch / 10 epochs
   0.94537 iters/sec. Estimated time to finish: 6:24:43.819639.
[4A[J     total [######............................................] 13.19%
this epoch [###############...................................] 31.88%
      3300 iter, 1 epoch / 10 epochs
   0.96236 iters/sec. Estimated time to finish: 6:16:12.412617.
[4A[J     total [######............................................] 13.59%
this epoch [#################.................................] 35.88%
      3400 iter, 1 epoch / 10 epochs
   0.97835 iters/sec. Estimated time to finish: 6:08:21.209316.
[4A[J     total [######............................................] 13.99%
this epoch [###################...............................] 39.87%
      3500 iter, 1 epoch / 10 epochs
   0.99411 iters/sec. Estimated time to finish: 6:00:50.324904.
[4A[J     total [#######...........................................] 14.39%
this epoch [#####################.............................] 43.87%
      3600 iter, 1 epoch / 10 epochs
    1.0095 iters/sec. Estimated time to finish: 5:53:40.721381.
[4A[J     total [#######...........................................] 14.79%
this epoch [#######################...........................] 47.87%
      3700 iter, 1 epoch / 10 epochs
    1.0242 iters/sec. Estimated time to finish: 5:46:59.453962.
[4A[J     total [#######...........................................] 15.19%
this epoch [#########################.........................] 51.86%
      3800 iter, 1 epoch / 10 epochs
     1.039 iters/sec. Estimated time to finish: 5:40:26.517569.
[4A[J     total [#######...........................................] 15.59%
this epoch [###########################.......................] 55.86%
      3900 iter, 1 epoch / 10 epochs
    1.0535 iters/sec. Estimated time to finish: 5:34:10.031166.
[4A[J     total [#######...........................................] 15.99%
this epoch [#############################.....................] 59.85%
      4000 iter, 1 epoch / 10 epochs
    1.0675 iters/sec. Estimated time to finish: 5:28:14.165401.
[4A[J     total [########..........................................] 16.39%
this epoch [###############################...................] 63.85%
      4100 iter, 1 epoch / 10 epochs
     1.081 iters/sec. Estimated time to finish: 5:22:34.210012.
[4A[J     total [########..........................................] 16.78%
this epoch [#################################.................] 67.85%
      4200 iter, 1 epoch / 10 epochs
    1.0943 iters/sec. Estimated time to finish: 5:17:07.685007.
[4A[J     total [########..........................................] 17.18%
this epoch [###################################...............] 71.84%
      4300 iter, 1 epoch / 10 epochs
    1.1071 iters/sec. Estimated time to finish: 5:11:58.235826.
[4A[J     total [########..........................................] 17.58%
this epoch [#####################################.............] 75.84%
      4400 iter, 1 epoch / 10 epochs
      1.12 iters/sec. Estimated time to finish: 5:06:52.414757.
[4A[J     total [########..........................................] 17.98%
this epoch [#######################################...........] 79.84%
      4500 iter, 1 epoch / 10 epochs
    1.1328 iters/sec. Estimated time to finish: 5:01:57.587323.
[4A[J     total [#########.........................................] 18.38%
this epoch [#########################################.........] 83.83%
      4600 iter, 1 epoch / 10 epochs
    1.1451 iters/sec. Estimated time to finish: 4:57:15.514079.
[4A[J     total [#########.........................................] 18.78%
this epoch [###########################################.......] 87.83%
      4700 iter, 1 epoch / 10 epochs
    1.1569 iters/sec. Estimated time to finish: 4:52:46.740534.
[4A[J     total [#########.........................................] 19.18%
this epoch [#############################################.....] 91.83%
      4800 iter, 1 epoch / 10 epochs
    1.1684 iters/sec. Estimated time to finish: 4:48:28.369358.
[4A[J     total [#########.........................................] 19.58%
this epoch [###############################################...] 95.82%
      4900 iter, 1 epoch / 10 epochs
    1.1795 iters/sec. Estimated time to finish: 4:44:19.874233.
[4A[J     total [#########.........................................] 19.98%
this epoch [#################################################.] 99.82%
      5000 iter, 1 epoch / 10 epochs
    1.1907 iters/sec. Estimated time to finish: 4:40:16.277977.
[4A[J2           6.90669                           0.000950802                              4335.74       
[J     total [##########........................................] 20.38%
this epoch [#.................................................]  3.81%
      5100 iter, 2 epoch / 10 epochs
    1.2017 iters/sec. Estimated time to finish: 4:36:18.989287.
[4A[J     total [##########........................................] 20.78%
this epoch [###...............................................]  7.81%
      5200 iter, 2 epoch / 10 epochs
    1.2125 iters/sec. Estimated time to finish: 4:32:29.213111.
[4A[J     total [##########........................................] 21.18%
this epoch [#####.............................................] 11.81%
      5300 iter, 2 epoch / 10 epochs
     1.223 iters/sec. Estimated time to finish: 4:28:46.885010.
[4A[J     total [##########........................................] 21.58%
this epoch [#######...........................................] 15.80%
      5400 iter, 2 epoch / 10 epochs
    1.2332 iters/sec. Estimated time to finish: 4:25:11.454852.
[4A[J     total [##########........................................] 21.98%
this epoch [#########.........................................] 19.80%
      5500 iter, 2 epoch / 10 epochs
    1.2432 iters/sec. Estimated time to finish: 4:21:44.211543.
[4A[J     total [###########.......................................] 22.38%
this epoch [###########.......................................] 23.80%
      5600 iter, 2 epoch / 10 epochs
     1.253 iters/sec. Estimated time to finish: 4:18:21.430789.
[4A[J     total [###########.......................................] 22.78%
this epoch [#############.....................................] 27.79%
      5700 iter, 2 epoch / 10 epochs
    1.2625 iters/sec. Estimated time to finish: 4:15:05.617150.
[4A[J     total [###########.......................................] 23.18%
this epoch [###############...................................] 31.79%
      5800 iter, 2 epoch / 10 epochs
    1.2722 iters/sec. Estimated time to finish: 4:11:49.865932.
[4A[J     total [###########.......................................] 23.58%
this epoch [#################.................................] 35.79%
      5900 iter, 2 epoch / 10 epochs
    1.2814 iters/sec. Estimated time to finish: 4:08:43.050731.
[4A[J     total [###########.......................................] 23.98%
this epoch [###################...............................] 39.78%
      6000 iter, 2 epoch / 10 epochs
    1.2904 iters/sec. Estimated time to finish: 4:05:42.086295.
[4A[J     total [############......................................] 24.38%
this epoch [#####################.............................] 43.78%
      6100 iter, 2 epoch / 10 epochs
    1.2992 iters/sec. Estimated time to finish: 4:02:45.381759.
[4A[J     total [############......................................] 24.78%
this epoch [#######################...........................] 47.77%
      6200 iter, 2 epoch / 10 epochs
     1.308 iters/sec. Estimated time to finish: 3:59:50.496111.
[4A[J     total [############......................................] 25.18%
this epoch [#########################.........................] 51.77%
      6300 iter, 2 epoch / 10 epochs
    1.3159 iters/sec. Estimated time to finish: 3:57:07.891329.
[4A[J     total [############......................................] 25.58%
this epoch [###########################.......................] 55.77%
      6400 iter, 2 epoch / 10 epochs
    1.3242 iters/sec. Estimated time to finish: 3:54:22.941174.
[4A[J     total [############......................................] 25.98%
this epoch [#############################.....................] 59.76%
      6500 iter, 2 epoch / 10 epochs
    1.3324 iters/sec. Estimated time to finish: 3:51:41.312647.
[4A[J     total [#############.....................................] 26.38%
this epoch [###############################...................] 63.76%
      6600 iter, 2 epoch / 10 epochs
    1.3406 iters/sec. Estimated time to finish: 3:49:01.902783.
[4A[J     total [#############.....................................] 26.78%
this epoch [#################################.................] 67.76%
      6700 iter, 2 epoch / 10 epochs
    1.3486 iters/sec. Estimated time to finish: 3:46:26.847780.
[4A[J     total [#############.....................................] 27.18%
this epoch [###################################...............] 71.75%
      6800 iter, 2 epoch / 10 epochs
    1.3562 iters/sec. Estimated time to finish: 3:43:56.462778.
[4A[J     total [#############.....................................] 27.57%
this epoch [#####################################.............] 75.75%
      6900 iter, 2 epoch / 10 epochs
    1.3639 iters/sec. Estimated time to finish: 3:41:27.919103.
[4A[J     total [#############.....................................] 27.97%
this epoch [#######################################...........] 79.74%
      7000 iter, 2 epoch / 10 epochs
    1.3713 iters/sec. Estimated time to finish: 3:39:02.515481.
[4A[J     total [##############....................................] 28.37%
this epoch [#########################################.........] 83.74%
      7100 iter, 2 epoch / 10 epochs
    1.3785 iters/sec. Estimated time to finish: 3:36:41.589219.
[4A[J     total [##############....................................] 28.77%
this epoch [###########################################.......] 87.74%
      7200 iter, 2 epoch / 10 epochs
    1.3857 iters/sec. Estimated time to finish: 3:34:22.134998.
[4A[J     total [##############....................................] 29.17%
this epoch [#############################################.....] 91.73%
      7300 iter, 2 epoch / 10 epochs
    1.3929 iters/sec. Estimated time to finish: 3:32:03.841577.
[4A[J     total [##############....................................] 29.57%
this epoch [###############################################...] 95.73%
      7400 iter, 2 epoch / 10 epochs
    1.3995 iters/sec. Estimated time to finish: 3:29:51.832513.
[4A[J     total [##############....................................] 29.97%
this epoch [#################################################.] 99.73%
      7500 iter, 2 epoch / 10 epochs
    1.4065 iters/sec. Estimated time to finish: 3:27:37.998838.
[4A[J3           6.90665                           0.000896158                              5482.42       
[J     total [###############...................................] 30.37%
this epoch [#.................................................]  3.72%
      7600 iter, 3 epoch / 10 epochs
    1.4132 iters/sec. Estimated time to finish: 3:25:28.892095.
[4A[J     total [###############...................................] 30.77%
this epoch [###...............................................]  7.72%
      7700 iter, 3 epoch / 10 epochs
    1.4196 iters/sec. Estimated time to finish: 3:23:22.160560.
[4A[J     total [###############...................................] 31.17%
this epoch [#####.............................................] 11.72%
      7800 iter, 3 epoch / 10 epochs
    1.4261 iters/sec. Estimated time to finish: 3:21:17.038338.
[4A[J     total [###############...................................] 31.57%
this epoch [#######...........................................] 15.71%
      7900 iter, 3 epoch / 10 epochs
    1.4323 iters/sec. Estimated time to finish: 3:19:14.877379.
[4A[J     total [###############...................................] 31.97%
this epoch [#########.........................................] 19.71%
      8000 iter, 3 epoch / 10 epochs
    1.4384 iters/sec. Estimated time to finish: 3:17:14.203853.
[4A[J     total [################..................................] 32.37%
this epoch [###########.......................................] 23.70%
      8100 iter, 3 epoch / 10 epochs
    1.4445 iters/sec. Estimated time to finish: 3:15:15.671309.
[4A[J     total [################..................................] 32.77%
this epoch [#############.....................................] 27.70%
      8200 iter, 3 epoch / 10 epochs
    1.4506 iters/sec. Estimated time to finish: 3:13:17.206737.
[4A[J     total [################..................................] 33.17%
this epoch [###############...................................] 31.70%
      8300 iter, 3 epoch / 10 epochs
    1.4566 iters/sec. Estimated time to finish: 3:11:20.334612.
[4A[J     total [################..................................] 33.57%
this epoch [#################.................................] 35.69%
      8400 iter, 3 epoch / 10 epochs
    1.4624 iters/sec. Estimated time to finish: 3:09:26.723042.
[4A[J     total [################..................................] 33.97%
this epoch [###################...............................] 39.69%
      8500 iter, 3 epoch / 10 epochs
    1.4682 iters/sec. Estimated time to finish: 3:07:33.925494.
[4A[J     total [#################.................................] 34.37%
this epoch [#####################.............................] 43.69%
      8600 iter, 3 epoch / 10 epochs
    1.4739 iters/sec. Estimated time to finish: 3:05:42.597667.
[4A[J     total [#################.................................] 34.77%
this epoch [#######################...........................] 47.68%
      8700 iter, 3 epoch / 10 epochs
    1.4793 iters/sec. Estimated time to finish: 3:03:54.216726.
[4A[J     total [#################.................................] 35.17%
this epoch [#########################.........................] 51.68%
      8800 iter, 3 epoch / 10 epochs
    1.4846 iters/sec. Estimated time to finish: 3:02:07.514553.
[4A[J     total [#################.................................] 35.57%
this epoch [###########################.......................] 55.68%
      8900 iter, 3 epoch / 10 epochs
    1.4896 iters/sec. Estimated time to finish: 3:00:23.240075.
[4A[J     total [#################.................................] 35.97%
this epoch [#############################.....................] 59.67%
      9000 iter, 3 epoch / 10 epochs
    1.4949 iters/sec. Estimated time to finish: 2:58:38.583594.
[4A[J     total [##################................................] 36.37%
this epoch [###############################...................] 63.67%
      9100 iter, 3 epoch / 10 epochs
    1.5003 iters/sec. Estimated time to finish: 2:56:53.352604.
[4A[J     total [##################................................] 36.77%
this epoch [#################################.................] 67.66%
      9200 iter, 3 epoch / 10 epochs
    1.5053 iters/sec. Estimated time to finish: 2:55:11.039805.
[4A[J     total [##################................................] 37.17%
this epoch [###################################...............] 71.66%
      9300 iter, 3 epoch / 10 epochs
    1.5105 iters/sec. Estimated time to finish: 2:53:28.871551.
[4A[J     total [##################................................] 37.57%
this epoch [#####################################.............] 75.66%
      9400 iter, 3 epoch / 10 epochs
    1.5155 iters/sec. Estimated time to finish: 2:51:48.397716.
[4A[J     total [##################................................] 37.97%
this epoch [#######################################...........] 79.65%
      9500 iter, 3 epoch / 10 epochs
    1.5206 iters/sec. Estimated time to finish: 2:50:08.643767.
[4A[J     total [###################...............................] 38.37%
this epoch [#########################################.........] 83.65%
      9600 iter, 3 epoch / 10 epochs
    1.5255 iters/sec. Estimated time to finish: 2:48:30.280461.
[4A[J     total [###################...............................] 38.76%
this epoch [###########################################.......] 87.65%
      9700 iter, 3 epoch / 10 epochs
    1.5303 iters/sec. Estimated time to finish: 2:46:52.702245.
[4A[J     total [###################...............................] 39.16%
this epoch [#############################################.....] 91.64%
      9800 iter, 3 epoch / 10 epochs
    1.5352 iters/sec. Estimated time to finish: 2:45:15.933632.
[4A[J     total [###################...............................] 39.56%
this epoch [###############################################...] 95.64%
      9900 iter, 3 epoch / 10 epochs
    1.5393 iters/sec. Estimated time to finish: 2:43:44.678022.
[4A[J     total [###################...............................] 39.96%
this epoch [#################################################.] 99.64%
     10000 iter, 3 epoch / 10 epochs
    1.5437 iters/sec. Estimated time to finish: 2:42:11.772523.
[4A[J4           6.90666                           0.000889558                              6635.71       
[J     total [####################..............................] 40.36%
this epoch [#.................................................]  3.63%
     10100 iter, 4 epoch / 10 epochs
    1.5522 iters/sec. Estimated time to finish: 2:40:13.913176.
[4A[J     total [####################..............................] 40.76%
this epoch [###...............................................]  7.63%
     10200 iter, 4 epoch / 10 epochs
    1.5799 iters/sec. Estimated time to finish: 2:36:21.987825.
[4A[J     total [####################..............................] 41.16%
this epoch [#####.............................................] 11.62%
     10300 iter, 4 epoch / 10 epochs
    1.6095 iters/sec. Estimated time to finish: 2:32:27.202674.
[4A[J     total [####################..............................] 41.56%
this epoch [#######...........................................] 15.62%
     10400 iter, 4 epoch / 10 epochs
    1.6403 iters/sec. Estimated time to finish: 2:28:34.455587.
[4A[J     total [####################..............................] 41.96%
this epoch [#########.........................................] 19.62%
     10500 iter, 4 epoch / 10 epochs
    1.6725 iters/sec. Estimated time to finish: 2:24:43.397807.
[4A[J     total [#####################.............................] 42.36%
this epoch [###########.......................................] 23.61%
     10600 iter, 4 epoch / 10 epochs
    1.6947 iters/sec. Estimated time to finish: 2:21:50.677794.
[4A[J     total [#####################.............................] 42.76%
this epoch [#############.....................................] 27.61%
     10700 iter, 4 epoch / 10 epochs
     1.732 iters/sec. Estimated time to finish: 2:17:49.550603.
[4A[J     total [#####################.............................] 43.16%
this epoch [###############...................................] 31.61%
     10800 iter, 4 epoch / 10 epochs
    1.7722 iters/sec. Estimated time to finish: 2:13:45.603112.
[4A[J     total [#####################.............................] 43.56%
this epoch [#################.................................] 35.60%
     10900 iter, 4 epoch / 10 epochs
    1.8082 iters/sec. Estimated time to finish: 2:10:10.238429.
[4A[J     total [#####################.............................] 43.96%
this epoch [###################...............................] 39.60%
     11000 iter, 4 epoch / 10 epochs
    1.8324 iters/sec. Estimated time to finish: 2:07:32.770752.
[4A[J     total [######################............................] 44.36%
this epoch [#####################.............................] 43.60%
     11100 iter, 4 epoch / 10 epochs
    1.9001 iters/sec. Estimated time to finish: 2:02:07.329989.
[4A[J     total [######################............................] 44.76%
this epoch [#######################...........................] 47.59%
     11200 iter, 4 epoch / 10 epochs
    1.9775 iters/sec. Estimated time to finish: 1:56:30.029933.
[4A[J     total [######################............................] 45.16%
this epoch [#########################.........................] 51.59%
     11300 iter, 4 epoch / 10 epochs
    2.0206 iters/sec. Estimated time to finish: 1:53:11.348687.
[4A[J     total [######################............................] 45.56%
this epoch [###########################.......................] 55.58%
     11400 iter, 4 epoch / 10 epochs
    2.0627 iters/sec. Estimated time to finish: 1:50:04.296114.
[4A[J     total [######################............................] 45.96%
this epoch [#############################.....................] 59.58%
     11500 iter, 4 epoch / 10 epochs
    2.1125 iters/sec. Estimated time to finish: 1:46:41.305381.
[4A[J     total [#######################...........................] 46.36%
this epoch [###############################...................] 63.58%
     11600 iter, 4 epoch / 10 epochs
    2.1387 iters/sec. Estimated time to finish: 1:44:36.258704.
[4A[J     total [#######################...........................] 46.76%
this epoch [#################################.................] 67.57%
     11700 iter, 4 epoch / 10 epochs
    2.1469 iters/sec. Estimated time to finish: 1:43:25.622986.
[4A[J     total [#######################...........................] 47.16%
this epoch [###################################...............] 71.57%
     11800 iter, 4 epoch / 10 epochs
    2.1546 iters/sec. Estimated time to finish: 1:42:17.091765.
[4A[J     total [#######################...........................] 47.56%
this epoch [#####################################.............] 75.57%
     11900 iter, 4 epoch / 10 epochs
    2.1624 iters/sec. Estimated time to finish: 1:41:08.553382.
[4A[J     total [#######################...........................] 47.96%
this epoch [#######################################...........] 79.56%
     12000 iter, 4 epoch / 10 epochs
    2.1655 iters/sec. Estimated time to finish: 1:40:13.734584.
[4A[J     total [########################..........................] 48.36%
this epoch [#########################################.........] 83.56%
     12100 iter, 4 epoch / 10 epochs
    2.1652 iters/sec. Estimated time to finish: 1:39:28.504335.
[4A[J     total [########################..........................] 48.76%
this epoch [###########################################.......] 87.56%
     12200 iter, 4 epoch / 10 epochs
    2.1661 iters/sec. Estimated time to finish: 1:38:39.664304.
[4A[J     total [########################..........................] 49.16%
this epoch [#############################################.....] 91.55%
     12300 iter, 4 epoch / 10 epochs
    2.1675 iters/sec. Estimated time to finish: 1:37:49.721352.
[4A[J     total [########################..........................] 49.55%
this epoch [###############################################...] 95.55%
     12400 iter, 4 epoch / 10 epochs
    2.1683 iters/sec. Estimated time to finish: 1:37:01.518341.
[4A[J     total [########################..........................] 49.95%
this epoch [#################################################.] 99.54%
     12500 iter, 4 epoch / 10 epochs
    2.1698 iters/sec. Estimated time to finish: 1:36:11.511418.
[4A[J5           6.90665                           0.000913332                              7784.91       
[J     total [#########################.........................] 50.35%
this epoch [#.................................................]  3.54%
     12600 iter, 5 epoch / 10 epochs
    2.1701 iters/sec. Estimated time to finish: 1:35:24.489101.
[4A[J     total [#########################.........................] 50.75%
this epoch [###...............................................]  7.54%
     12700 iter, 5 epoch / 10 epochs
    2.1701 iters/sec. Estimated time to finish: 1:34:38.377526.
[4A[J     total [#########################.........................] 51.15%
this epoch [#####.............................................] 11.53%
     12800 iter, 5 epoch / 10 epochs
    2.1708 iters/sec. Estimated time to finish: 1:33:50.645788.
[4A[J     total [#########################.........................] 51.55%
this epoch [#######...........................................] 15.53%
     12900 iter, 5 epoch / 10 epochs
    2.1719 iters/sec. Estimated time to finish: 1:33:01.760270.
[4A[J     total [#########################.........................] 51.95%
this epoch [#########.........................................] 19.53%
     13000 iter, 5 epoch / 10 epochs
    2.1729 iters/sec. Estimated time to finish: 1:32:13.004646.
[4A[J     total [##########################........................] 52.35%
this epoch [###########.......................................] 23.52%
     13100 iter, 5 epoch / 10 epochs
    2.1733 iters/sec. Estimated time to finish: 1:31:26.067915.
[4A[J     total [##########################........................] 52.75%
this epoch [#############.....................................] 27.52%
     13200 iter, 5 epoch / 10 epochs
    2.1735 iters/sec. Estimated time to finish: 1:30:39.445756.
[4A[J     total [##########################........................] 53.15%
this epoch [###############...................................] 31.52%
     13300 iter, 5 epoch / 10 epochs
    2.1746 iters/sec. Estimated time to finish: 1:29:50.711549.
[4A[J     total [##########################........................] 53.55%
this epoch [#################.................................] 35.51%
     13400 iter, 5 epoch / 10 epochs
    2.1754 iters/sec. Estimated time to finish: 1:29:02.734706.
[4A[J     total [##########################........................] 53.95%
this epoch [###################...............................] 39.51%
     13500 iter, 5 epoch / 10 epochs
     2.176 iters/sec. Estimated time to finish: 1:28:15.441144.
[4A[J     total [###########################.......................] 54.35%
this epoch [#####################.............................] 43.50%
     13600 iter, 5 epoch / 10 epochs
    2.1774 iters/sec. Estimated time to finish: 1:27:26.021023.
[4A[J     total [###########################.......................] 54.75%
this epoch [#######################...........................] 47.50%
     13700 iter, 5 epoch / 10 epochs
    2.1773 iters/sec. Estimated time to finish: 1:26:40.362200.
[4A[J     total [###########################.......................] 55.15%
this epoch [#########################.........................] 51.50%
     13800 iter, 5 epoch / 10 epochs
    2.1771 iters/sec. Estimated time to finish: 1:25:54.927791.
[4A[J     total [###########################.......................] 55.55%
this epoch [###########################.......................] 55.49%
     13900 iter, 5 epoch / 10 epochs
    2.1775 iters/sec. Estimated time to finish: 1:25:07.994496.
[4A[J     total [###########################.......................] 55.95%
this epoch [#############################.....................] 59.49%
     14000 iter, 5 epoch / 10 epochs
     2.178 iters/sec. Estimated time to finish: 1:24:21.065345.
[4A[J     total [############################......................] 56.35%
this epoch [###############################...................] 63.49%
     14100 iter, 5 epoch / 10 epochs
    2.1787 iters/sec. Estimated time to finish: 1:23:33.354889.
[4A[J     total [############################......................] 56.75%
this epoch [#################################.................] 67.48%
     14200 iter, 5 epoch / 10 epochs
    2.1794 iters/sec. Estimated time to finish: 1:22:46.059185.
[4A[J     total [############################......................] 57.15%
this epoch [###################################...............] 71.48%
     14300 iter, 5 epoch / 10 epochs
    2.1791 iters/sec. Estimated time to finish: 1:22:00.783253.
[4A[J     total [############################......................] 57.55%
this epoch [#####################################.............] 75.48%
     14400 iter, 5 epoch / 10 epochs
    2.1787 iters/sec. Estimated time to finish: 1:21:15.788493.
[4A[J     total [############################......................] 57.95%
this epoch [#######################################...........] 79.47%
     14500 iter, 5 epoch / 10 epochs
    2.1785 iters/sec. Estimated time to finish: 1:20:30.326273.
[4A[J     total [#############################.....................] 58.35%
this epoch [#########################################.........] 83.47%
     14600 iter, 5 epoch / 10 epochs
    2.1789 iters/sec. Estimated time to finish: 1:19:43.589105.
[4A[J     total [#############################.....................] 58.75%
this epoch [###########################################.......] 87.46%
     14700 iter, 5 epoch / 10 epochs
     2.179 iters/sec. Estimated time to finish: 1:18:57.497847.
[4A[J     total [#############################.....................] 59.15%
this epoch [#############################################.....] 91.46%
     14800 iter, 5 epoch / 10 epochs
    2.1794 iters/sec. Estimated time to finish: 1:18:10.694380.
[4A[J     total [#############################.....................] 59.55%
this epoch [###############################################...] 95.46%
     14900 iter, 5 epoch / 10 epochs
    2.1792 iters/sec. Estimated time to finish: 1:17:25.188744.
[4A[J     total [#############################.....................] 59.95%
this epoch [#################################################.] 99.45%
     15000 iter, 5 epoch / 10 epochs
    2.1791 iters/sec. Estimated time to finish: 1:16:39.466461.
[4A[J6           6.90666                           0.000946899                              8928.43       
[J     total [##############################....................] 60.34%
this epoch [#.................................................]  3.45%
     15100 iter, 6 epoch / 10 epochs
    2.1788 iters/sec. Estimated time to finish: 1:15:54.279619.
[4A[J     total [##############################....................] 60.74%
this epoch [###...............................................]  7.45%
     15200 iter, 6 epoch / 10 epochs
    2.1788 iters/sec. Estimated time to finish: 1:15:08.269351.
[4A[J     total [##############################....................] 61.14%
this epoch [#####.............................................] 11.44%
     15300 iter, 6 epoch / 10 epochs
    2.1789 iters/sec. Estimated time to finish: 1:14:22.314669.
[4A[J     total [##############################....................] 61.54%
this epoch [#######...........................................] 15.44%
     15400 iter, 6 epoch / 10 epochs
    2.1788 iters/sec. Estimated time to finish: 1:13:36.482111.
[4A[J     total [##############################....................] 61.94%
this epoch [#########.........................................] 19.44%
     15500 iter, 6 epoch / 10 epochs
    2.1787 iters/sec. Estimated time to finish: 1:12:50.788287.
[4A[J     total [###############################...................] 62.34%
this epoch [###########.......................................] 23.43%
     15600 iter, 6 epoch / 10 epochs
    2.1789 iters/sec. Estimated time to finish: 1:12:04.655953.
[4A[J     total [###############################...................] 62.74%
this epoch [#############.....................................] 27.43%
     15700 iter, 6 epoch / 10 epochs
     2.178 iters/sec. Estimated time to finish: 1:11:20.427577.
[4A[J     total [###############################...................] 63.14%
this epoch [###############...................................] 31.42%
     15800 iter, 6 epoch / 10 epochs
     2.178 iters/sec. Estimated time to finish: 1:10:34.614048.
[4A[J     total [###############################...................] 63.54%
this epoch [#################.................................] 35.42%
     15900 iter, 6 epoch / 10 epochs
    2.1783 iters/sec. Estimated time to finish: 1:09:47.947144.
[4A[J     total [###############################...................] 63.94%
this epoch [###################...............................] 39.42%
     16000 iter, 6 epoch / 10 epochs
    2.1786 iters/sec. Estimated time to finish: 1:09:01.478483.
[4A[J     total [################################..................] 64.34%
this epoch [#####################.............................] 43.41%
     16100 iter, 6 epoch / 10 epochs
    2.1788 iters/sec. Estimated time to finish: 1:08:15.233785.
[4A[J     total [################################..................] 64.74%
this epoch [#######################...........................] 47.41%
     16200 iter, 6 epoch / 10 epochs
    2.1799 iters/sec. Estimated time to finish: 1:07:27.294168.
[4A[J     total [################################..................] 65.14%
this epoch [#########################.........................] 51.41%
     16300 iter, 6 epoch / 10 epochs
    2.1798 iters/sec. Estimated time to finish: 1:06:41.606334.
[4A[J     total [################################..................] 65.54%
this epoch [###########################.......................] 55.40%
     16400 iter, 6 epoch / 10 epochs
    2.1801 iters/sec. Estimated time to finish: 1:05:55.311822.
[4A[J     total [################################..................] 65.94%
this epoch [#############################.....................] 59.40%
     16500 iter, 6 epoch / 10 epochs
    2.1795 iters/sec. Estimated time to finish: 1:05:10.380194.
[4A[J     total [#################################.................] 66.34%
this epoch [###############################...................] 63.40%
     16600 iter, 6 epoch / 10 epochs
    2.1795 iters/sec. Estimated time to finish: 1:04:24.536147.
[4A[J     total [#################################.................] 66.74%
this epoch [#################################.................] 67.39%
     16700 iter, 6 epoch / 10 epochs
      2.18 iters/sec. Estimated time to finish: 1:03:37.881448.
[4A[J     total [#################################.................] 67.14%
this epoch [###################################...............] 71.39%
     16800 iter, 6 epoch / 10 epochs
    2.1799 iters/sec. Estimated time to finish: 1:02:52.095538.
[4A[J     total [#################################.................] 67.54%
this epoch [#####################################.............] 75.38%
     16900 iter, 6 epoch / 10 epochs
    2.1799 iters/sec. Estimated time to finish: 1:02:06.214635.
[4A[J     total [#################################.................] 67.94%
this epoch [#######################################...........] 79.38%
     17000 iter, 6 epoch / 10 epochs
    2.1796 iters/sec. Estimated time to finish: 1:01:20.934718.
[4A[J     total [##################################................] 68.34%
this epoch [#########################################.........] 83.38%
     17100 iter, 6 epoch / 10 epochs
    2.1799 iters/sec. Estimated time to finish: 1:00:34.521998.
[4A[J     total [##################################................] 68.74%
this epoch [###########################################.......] 87.37%
     17200 iter, 6 epoch / 10 epochs
    2.1799 iters/sec. Estimated time to finish: 0:59:48.652426.
[4A[J     total [##################################................] 69.14%
this epoch [#############################################.....] 91.37%
     17300 iter, 6 epoch / 10 epochs
    2.1803 iters/sec. Estimated time to finish: 0:59:02.140613.
[4A[J     total [##################################................] 69.54%
this epoch [###############################################...] 95.37%
     17400 iter, 6 epoch / 10 epochs
    2.1791 iters/sec. Estimated time to finish: 0:58:18.198818.
[4A[J     total [##################################................] 69.94%
this epoch [#################################################.] 99.36%
     17500 iter, 6 epoch / 10 epochs
    2.1789 iters/sec. Estimated time to finish: 0:57:32.627954.
[4A[J7           6.90666                           0.000972659                              10076.1       
[J     total [###################################...............] 70.34%
this epoch [#.................................................]  3.36%
     17600 iter, 7 epoch / 10 epochs
    2.1788 iters/sec. Estimated time to finish: 0:56:46.852654.
[4A[J     total [###################################...............] 70.74%
this epoch [###...............................................]  7.36%
     17700 iter, 7 epoch / 10 epochs
    2.1791 iters/sec. Estimated time to finish: 0:56:00.488312.
[4A[J     total [###################################...............] 71.14%
this epoch [#####.............................................] 11.35%
     17800 iter, 7 epoch / 10 epochs
    2.1792 iters/sec. Estimated time to finish: 0:55:14.369669.
[4A[J     total [###################################...............] 71.53%
this epoch [#######...........................................] 15.35%
     17900 iter, 7 epoch / 10 epochs
    2.1798 iters/sec. Estimated time to finish: 0:54:27.588290.
[4A[J     total [###################################...............] 71.93%
this epoch [#########.........................................] 19.34%
     18000 iter, 7 epoch / 10 epochs
    2.1804 iters/sec. Estimated time to finish: 0:53:40.810144.
[4A[J     total [####################################..............] 72.33%
this epoch [###########.......................................] 23.34%
     18100 iter, 7 epoch / 10 epochs
    2.1807 iters/sec. Estimated time to finish: 0:52:54.565850.
[4A[J     total [####################################..............] 72.73%
this epoch [#############.....................................] 27.34%
     18200 iter, 7 epoch / 10 epochs
    2.1807 iters/sec. Estimated time to finish: 0:52:08.692956.
[4A[J     total [####################################..............] 73.13%
this epoch [###############...................................] 31.33%
     18300 iter, 7 epoch / 10 epochs
    2.1815 iters/sec. Estimated time to finish: 0:51:21.744255.
[4A[J     total [####################################..............] 73.53%
this epoch [#################.................................] 35.33%
     18400 iter, 7 epoch / 10 epochs
    2.1815 iters/sec. Estimated time to finish: 0:50:35.943434.
[4A[J     total [####################################..............] 73.93%
this epoch [###################...............................] 39.33%
     18500 iter, 7 epoch / 10 epochs
    2.1817 iters/sec. Estimated time to finish: 0:49:49.723339.
[4A[J     total [#####################################.............] 74.33%
this epoch [#####################.............................] 43.32%
     18600 iter, 7 epoch / 10 epochs
    2.1825 iters/sec. Estimated time to finish: 0:49:02.896633.
[4A[J     total [#####################################.............] 74.73%
this epoch [#######################...........................] 47.32%
     18700 iter, 7 epoch / 10 epochs
    2.1832 iters/sec. Estimated time to finish: 0:48:16.085083.
[4A[J     total [#####################################.............] 75.13%
this epoch [#########################.........................] 51.32%
     18800 iter, 7 epoch / 10 epochs
    2.1839 iters/sec. Estimated time to finish: 0:47:29.355459.
[4A[J     total [#####################################.............] 75.53%
this epoch [###########################.......................] 55.31%
     18900 iter, 7 epoch / 10 epochs
     2.184 iters/sec. Estimated time to finish: 0:46:43.430370.
[4A[J     total [#####################################.............] 75.93%
this epoch [#############################.....................] 59.31%
     19000 iter, 7 epoch / 10 epochs
    2.1837 iters/sec. Estimated time to finish: 0:45:58.085541.
[4A[J     total [######################################............] 76.33%
this epoch [###############################...................] 63.30%
     19100 iter, 7 epoch / 10 epochs
    2.1839 iters/sec. Estimated time to finish: 0:45:12.065251.
[4A[J     total [######################################............] 76.73%
this epoch [#################################.................] 67.30%
     19200 iter, 7 epoch / 10 epochs
    2.1835 iters/sec. Estimated time to finish: 0:44:26.705618.
[4A[J     total [######################################............] 77.13%
this epoch [###################################...............] 71.30%
     19300 iter, 7 epoch / 10 epochs
    2.1561 iters/sec. Estimated time to finish: 0:44:14.283319.
[4A[J     total [######################################............] 77.53%
this epoch [#####################################.............] 75.29%
     19400 iter, 7 epoch / 10 epochs
    2.1558 iters/sec. Estimated time to finish: 0:43:28.263684.
[4A[J     total [######################################............] 77.93%
this epoch [#######################################...........] 79.29%
     19500 iter, 7 epoch / 10 epochs
    2.1559 iters/sec. Estimated time to finish: 0:42:41.665342.
[4A[J     total [#######################################...........] 78.33%
this epoch [#########################################.........] 83.29%
     19600 iter, 7 epoch / 10 epochs
    2.1562 iters/sec. Estimated time to finish: 0:41:54.971826.
[4A[J     total [#######################################...........] 78.73%
this epoch [###########################################.......] 87.28%
     19700 iter, 7 epoch / 10 epochs
    2.1561 iters/sec. Estimated time to finish: 0:41:08.685717.
[4A[J     total [#######################################...........] 79.13%
this epoch [#############################################.....] 91.28%
     19800 iter, 7 epoch / 10 epochs
    2.1571 iters/sec. Estimated time to finish: 0:40:21.171258.
[4A[J     total [#######################################...........] 79.53%
this epoch [###############################################...] 95.27%
     19900 iter, 7 epoch / 10 epochs
    2.1574 iters/sec. Estimated time to finish: 0:39:34.488139.
[4A[J     total [#######################################...........] 79.93%
this epoch [#################################################.] 99.27%
     20000 iter, 7 epoch / 10 epochs
    2.1581 iters/sec. Estimated time to finish: 0:38:47.374408.
[4A[J8           6.90665                           0.000919209                              11273.2       
[J     total [########################################..........] 80.33%
this epoch [#.................................................]  3.27%
     20100 iter, 8 epoch / 10 epochs
    2.1605 iters/sec. Estimated time to finish: 0:37:58.587814.
[4A[J     total [########################################..........] 80.73%
this epoch [###...............................................]  7.26%
     20200 iter, 8 epoch / 10 epochs
    2.1609 iters/sec. Estimated time to finish: 0:37:11.840593.
[4A[J     total [########################################..........] 81.13%
this epoch [#####.............................................] 11.26%
     20300 iter, 8 epoch / 10 epochs
    2.1608 iters/sec. Estimated time to finish: 0:36:25.644861.
[4A[J     total [########################################..........] 81.53%
this epoch [#######...........................................] 15.26%
     20400 iter, 8 epoch / 10 epochs
    2.1599 iters/sec. Estimated time to finish: 0:35:40.279693.
[4A[J     total [########################################..........] 81.93%
this epoch [#########.........................................] 19.25%
     20500 iter, 8 epoch / 10 epochs
    2.1564 iters/sec. Estimated time to finish: 0:34:57.403714.
[4A[J     total [#########################################.........] 82.32%
this epoch [###########.......................................] 23.25%
     20600 iter, 8 epoch / 10 epochs
    2.1528 iters/sec. Estimated time to finish: 0:34:14.411676.
[4A[J     total [#########################################.........] 82.72%
this epoch [#############.....................................] 27.25%
     20700 iter, 8 epoch / 10 epochs
    2.1512 iters/sec. Estimated time to finish: 0:33:29.444148.
[4A[J     total [#########################################.........] 83.12%
this epoch [###############...................................] 31.24%
     20800 iter, 8 epoch / 10 epochs
    2.1488 iters/sec. Estimated time to finish: 0:32:45.224866.
[4A[J     total [#########################################.........] 83.52%
this epoch [#################.................................] 35.24%
     20900 iter, 8 epoch / 10 epochs
    2.1464 iters/sec. Estimated time to finish: 0:32:00.833480.
[4A[J     total [#########################################.........] 83.92%
this epoch [###################...............................] 39.23%
     21000 iter, 8 epoch / 10 epochs
    2.1452 iters/sec. Estimated time to finish: 0:31:15.277922.
[4A[J     total [##########################################........] 84.32%
this epoch [#####################.............................] 43.23%
     21100 iter, 8 epoch / 10 epochs
    2.1441 iters/sec. Estimated time to finish: 0:30:29.600937.
[4A[J     total [##########################################........] 84.72%
this epoch [#######################...........................] 47.23%
     21200 iter, 8 epoch / 10 epochs
    2.1433 iters/sec. Estimated time to finish: 0:29:43.584143.
[4A[J     total [##########################################........] 85.12%
this epoch [#########################.........................] 51.22%
     21300 iter, 8 epoch / 10 epochs
    2.1432 iters/sec. Estimated time to finish: 0:28:57.008800.
[4A[J     total [##########################################........] 85.52%
this epoch [###########################.......................] 55.22%
     21400 iter, 8 epoch / 10 epochs
    2.1433 iters/sec. Estimated time to finish: 0:28:10.272946.
[4A[J     total [##########################################........] 85.92%
this epoch [#############################.....................] 59.22%
     21500 iter, 8 epoch / 10 epochs
    2.1433 iters/sec. Estimated time to finish: 0:27:23.611294.
[4A[J     total [###########################################.......] 86.32%
this epoch [###############################...................] 63.21%
     21600 iter, 8 epoch / 10 epochs
    2.1428 iters/sec. Estimated time to finish: 0:26:37.376358.
[4A[J     total [###########################################.......] 86.72%
this epoch [#################################.................] 67.21%
     21700 iter, 8 epoch / 10 epochs
    2.1424 iters/sec. Estimated time to finish: 0:25:50.966428.
[4A[J     total [###########################################.......] 87.12%
this epoch [###################################...............] 71.21%
     21800 iter, 8 epoch / 10 epochs
    2.1415 iters/sec. Estimated time to finish: 0:25:04.934173.
[4A[J     total [###########################################.......] 87.52%
this epoch [#####################################.............] 75.20%
     21900 iter, 8 epoch / 10 epochs
    2.1409 iters/sec. Estimated time to finish: 0:24:18.632291.
[4A[J     total [###########################################.......] 87.92%
this epoch [#######################################...........] 79.20%
     22000 iter, 8 epoch / 10 epochs
    2.1432 iters/sec. Estimated time to finish: 0:23:30.414821.
[4A[J     total [############################################......] 88.32%
this epoch [#########################################.........] 83.19%
     22100 iter, 8 epoch / 10 epochs
    2.1424 iters/sec. Estimated time to finish: 0:22:44.253602.
[4A[J     total [############################################......] 88.72%
this epoch [###########################################.......] 87.19%
     22200 iter, 8 epoch / 10 epochs
    2.1419 iters/sec. Estimated time to finish: 0:21:57.908935.
[4A[J     total [############################################......] 89.12%
this epoch [#############################################.....] 91.19%
     22300 iter, 8 epoch / 10 epochs
    2.1415 iters/sec. Estimated time to finish: 0:21:11.429059.
[4A[J     total [############################################......] 89.52%
this epoch [###############################################...] 95.18%
     22400 iter, 8 epoch / 10 epochs
    2.1409 iters/sec. Estimated time to finish: 0:20:25.092709.
[4A[J     total [############################################......] 89.92%
this epoch [#################################################.] 99.18%
     22500 iter, 8 epoch / 10 epochs
    2.1397 iters/sec. Estimated time to finish: 0:19:39.060088.
[4A[J9           6.90666                           0.000900842                              12461.6       
[J     total [#############################################.....] 90.32%
this epoch [#.................................................]  3.18%
     22600 iter, 9 epoch / 10 epochs
    2.1404 iters/sec. Estimated time to finish: 0:18:51.956428.
[4A[J     total [#############################################.....] 90.72%
this epoch [###...............................................]  7.17%
     22700 iter, 9 epoch / 10 epochs
    2.1405 iters/sec. Estimated time to finish: 0:18:05.142329.
[4A[J     total [#############################################.....] 91.12%
this epoch [#####.............................................] 11.17%
     22800 iter, 9 epoch / 10 epochs
      2.14 iters/sec. Estimated time to finish: 0:17:18.677526.
[4A[J     total [#############################################.....] 91.52%
this epoch [#######...........................................] 15.17%
     22900 iter, 9 epoch / 10 epochs
    2.1398 iters/sec. Estimated time to finish: 0:16:32.029320.
[4A[J     total [#############################################.....] 91.92%
this epoch [#########.........................................] 19.16%
     23000 iter, 9 epoch / 10 epochs
    2.1397 iters/sec. Estimated time to finish: 0:15:45.379119.
[4A[J     total [##############################################....] 92.32%
this epoch [###########.......................................] 23.16%
     23100 iter, 9 epoch / 10 epochs
    2.1396 iters/sec. Estimated time to finish: 0:14:58.684173.
[4A[J     total [##############################################....] 92.72%
this epoch [#############.....................................] 27.15%
     23200 iter, 9 epoch / 10 epochs
    2.1395 iters/sec. Estimated time to finish: 0:14:11.986544.
[4A[J     total [##############################################....] 93.12%
this epoch [###############...................................] 31.15%
     23300 iter, 9 epoch / 10 epochs
    2.1395 iters/sec. Estimated time to finish: 0:13:25.220184.
[4A[J     total [##############################################....] 93.51%
this epoch [#################.................................] 35.15%
     23400 iter, 9 epoch / 10 epochs
    2.1396 iters/sec. Estimated time to finish: 0:12:38.448907.
[4A[J     total [##############################################....] 93.91%
this epoch [###################...............................] 39.14%
     23500 iter, 9 epoch / 10 epochs
    2.1392 iters/sec. Estimated time to finish: 0:11:51.861759.
[4A[J     total [###############################################...] 94.31%
this epoch [#####################.............................] 43.14%
     23600 iter, 9 epoch / 10 epochs
    2.1391 iters/sec. Estimated time to finish: 0:11:05.130890.
[4A[J     total [###############################################...] 94.71%
this epoch [#######################...........................] 47.14%
     23700 iter, 9 epoch / 10 epochs
     2.139 iters/sec. Estimated time to finish: 0:10:18.422756.
[4A[J     total [###############################################...] 95.11%
this epoch [#########################.........................] 51.13%
     23800 iter, 9 epoch / 10 epochs
    2.1394 iters/sec. Estimated time to finish: 0:09:31.571854.
[4A[J     total [###############################################...] 95.51%
this epoch [###########################.......................] 55.13%
     23900 iter, 9 epoch / 10 epochs
    2.1393 iters/sec. Estimated time to finish: 0:08:44.841113.
[4A[J     total [###############################################...] 95.91%
this epoch [#############################.....................] 59.13%
     24000 iter, 9 epoch / 10 epochs
     2.139 iters/sec. Estimated time to finish: 0:07:58.153584.
[4A[J     total [################################################..] 96.31%
this epoch [###############################...................] 63.12%
     24100 iter, 9 epoch / 10 epochs
    2.1392 iters/sec. Estimated time to finish: 0:07:11.367500.
[4A[J     total [################################################..] 96.71%
this epoch [#################################.................] 67.12%
     24200 iter, 9 epoch / 10 epochs
    2.1398 iters/sec. Estimated time to finish: 0:06:24.524468.
[4A[J     total [################################################..] 97.11%
this epoch [###################################...............] 71.11%
     24300 iter, 9 epoch / 10 epochs
    2.1401 iters/sec. Estimated time to finish: 0:05:37.743179.
[4A[J     total [################################################..] 97.51%
this epoch [#####################################.............] 75.11%
     24400 iter, 9 epoch / 10 epochs
    2.1392 iters/sec. Estimated time to finish: 0:04:51.127957.
[4A[J     total [################################################..] 97.91%
this epoch [#######################################...........] 79.11%
     24500 iter, 9 epoch / 10 epochs
    2.1388 iters/sec. Estimated time to finish: 0:04:04.438130.
[4A[J     total [#################################################.] 98.31%
this epoch [#########################################.........] 83.10%
     24600 iter, 9 epoch / 10 epochs
    2.1377 iters/sec. Estimated time to finish: 0:03:17.781603.
[4A[J     total [#################################################.] 98.71%
this epoch [###########################################.......] 87.10%
     24700 iter, 9 epoch / 10 epochs
    2.1367 iters/sec. Estimated time to finish: 0:02:31.067882.
[4A[J     total [#################################################.] 99.11%
this epoch [#############################################.....] 91.10%
     24800 iter, 9 epoch / 10 epochs
    2.1364 iters/sec. Estimated time to finish: 0:01:44.285218.
[4A[J     total [#################################################.] 99.51%
this epoch [###############################################...] 95.09%
     24900 iter, 9 epoch / 10 epochs
    2.1139 iters/sec. Estimated time to finish: 0:00:58.088814.
[4A[J     total [#################################################.] 99.91%
this epoch [#################################################.] 99.09%
     25000 iter, 9 epoch / 10 epochs
    2.0948 iters/sec. Estimated time to finish: 0:00:10.880612.
[4A[J10          6.90666                           0.000946899                              13712.2       
[J