/var/spool/uge/execd/g0420/job_scripts/2066408: line 10: conda: command not found
No Modulefiles Currently Loaded.
Currently Loaded Modulefiles:
  1) cuda/9.0/9.0.176.4   3) nccl/2.3/2.3.5-2
  2) cudnn/7.3/7.3.1      4) openmpi/2.1.6
Currently Loaded Modulefiles:
  1) cuda/9.0/9.0.176.4   3) nccl/2.3/2.3.5-2
  2) cudnn/7.3/7.3.1      4) openmpi/2.1.6
Currently Loaded Modulefiles:
  1) cuda/9.0/9.0.176.4   3) nccl/2.3/2.3.5-2
  2) cudnn/7.3/7.3.1      4) openmpi/2.1.6
==========================================
Num of GPUs : 2
Model :  alexnet
Minibatch-size: 512
Epochs: 10
==========================================
Starting training .....
--------------------------------------------------------------------------
A process has executed an operation involving a call to the
"fork()" system call to create a child process.  Open MPI is currently
operating in a condition that could result in memory corruption or
other system errors; your job may hang, crash, or produce silent
data corruption.  The use of fork() (or system() or other calls that
create child processes) is strongly discouraged.

The process that invoked fork was:

  Local host:          [[31807,1],0] (PID 237648)

If you are *absolutely sure* that your application will successfully
and correctly survive a call to fork(), you may disable this warning
by setting the mpi_warn_on_fork MCA parameter to 0.
--------------------------------------------------------------------------
epoch       main/loss   validation/main/loss  main/accuracy  validation/main/accuracy  elapsed_time
[J     total [..................................................]  0.80%
this epoch [###...............................................]  7.99%
       100 iter, 0 epoch / 10 epochs
       inf iters/sec. Estimated time to finish: 0:00:00.
[4A[J     total [..................................................]  1.60%
this epoch [#######...........................................] 15.99%
       200 iter, 0 epoch / 10 epochs
    1.0129 iters/sec. Estimated time to finish: 3:22:34.207357.
[4A[J     total [#.................................................]  2.40%
this epoch [###########.......................................] 23.98%
       300 iter, 0 epoch / 10 epochs
   0.65489 iters/sec. Estimated time to finish: 5:10:46.622531.
[4A[J     total [#.................................................]  3.20%
this epoch [###############...................................] 31.97%
       400 iter, 0 epoch / 10 epochs
    0.6051 iters/sec. Estimated time to finish: 5:33:35.542784.
[4A[J     total [#.................................................]  4.00%
this epoch [###################...............................] 39.96%
       500 iter, 0 epoch / 10 epochs
   0.57759 iters/sec. Estimated time to finish: 5:46:35.667391.
[4A[J     total [##................................................]  4.80%
this epoch [#######################...........................] 47.96%
       600 iter, 0 epoch / 10 epochs
   0.59861 iters/sec. Estimated time to finish: 5:31:38.371135.
[4A[J     total [##................................................]  5.59%
this epoch [###########################.......................] 55.95%
       700 iter, 0 epoch / 10 epochs
   0.57489 iters/sec. Estimated time to finish: 5:42:25.657699.
[4A[J     total [###...............................................]  6.39%
this epoch [###############################...................] 63.94%
       800 iter, 0 epoch / 10 epochs
   0.54723 iters/sec. Estimated time to finish: 5:56:41.099135.
[4A[J     total [###...............................................]  7.19%
this epoch [###################################...............] 71.93%
       900 iter, 0 epoch / 10 epochs
   0.57761 iters/sec. Estimated time to finish: 5:35:02.582023.
[4A[J     total [###...............................................]  7.99%
this epoch [#######################################...........] 79.93%
      1000 iter, 0 epoch / 10 epochs
   0.53628 iters/sec. Estimated time to finish: 5:57:45.443474.
[4A[J     total [####..............................................]  8.79%
this epoch [###########################################.......] 87.92%
      1100 iter, 0 epoch / 10 epochs
   0.50979 iters/sec. Estimated time to finish: 6:13:04.303992.
[4A[J     total [####..............................................]  9.59%
this epoch [###############################################...] 95.91%
      1200 iter, 0 epoch / 10 epochs
   0.51597 iters/sec. Estimated time to finish: 6:05:22.787080.
[4A[J1           6.90897                           0.000932882                              2456.07       
[J     total [#####.............................................] 10.39%
this epoch [#.................................................]  3.91%
      1300 iter, 1 epoch / 10 epochs
   0.51911 iters/sec. Estimated time to finish: 5:59:57.195772.
[4A[J     total [#####.............................................] 11.19%
this epoch [#####.............................................] 11.90%
      1400 iter, 1 epoch / 10 epochs
   0.52455 iters/sec. Estimated time to finish: 5:53:02.856624.
[4A[J     total [#####.............................................] 11.99%
this epoch [#########.........................................] 19.89%
      1500 iter, 1 epoch / 10 epochs
   0.55044 iters/sec. Estimated time to finish: 5:33:24.857488.
[4A[J     total [######............................................] 12.79%
this epoch [#############.....................................] 27.88%
      1600 iter, 1 epoch / 10 epochs
   0.57433 iters/sec. Estimated time to finish: 5:16:38.644229.
[4A[J     total [######............................................] 13.59%
this epoch [#################.................................] 35.88%
      1700 iter, 1 epoch / 10 epochs
   0.59746 iters/sec. Estimated time to finish: 5:01:35.706700.
[4A[J     total [#######...........................................] 14.39%
this epoch [#####################.............................] 43.87%
      1800 iter, 1 epoch / 10 epochs
   0.62148 iters/sec. Estimated time to finish: 4:47:15.414657.
[4A[J     total [#######...........................................] 15.19%
this epoch [#########################.........................] 51.86%
      1900 iter, 1 epoch / 10 epochs
    0.6456 iters/sec. Estimated time to finish: 4:33:56.587975.
[4A[J     total [#######...........................................] 15.99%
this epoch [#############################.....................] 59.85%
      2000 iter, 1 epoch / 10 epochs
   0.66933 iters/sec. Estimated time to finish: 4:21:44.479473.
[4A[J     total [########..........................................] 16.78%
this epoch [#################################.................] 67.85%
      2100 iter, 1 epoch / 10 epochs
   0.69175 iters/sec. Estimated time to finish: 4:10:50.766063.
[4A[J     total [########..........................................] 17.58%
this epoch [#####################################.............] 75.84%
      2200 iter, 1 epoch / 10 epochs
   0.71378 iters/sec. Estimated time to finish: 4:00:46.288223.
[4A[J     total [#########.........................................] 18.38%
this epoch [#########################################.........] 83.83%
      2300 iter, 1 epoch / 10 epochs
   0.73509 iters/sec. Estimated time to finish: 3:51:31.381939.
[4A[J     total [#########.........................................] 19.18%
this epoch [#############################################.....] 91.82%
      2400 iter, 1 epoch / 10 epochs
   0.75591 iters/sec. Estimated time to finish: 3:42:56.469738.
[4A[J     total [#########.........................................] 19.98%
this epoch [#################################################.] 99.82%
      2500 iter, 1 epoch / 10 epochs
   0.77593 iters/sec. Estimated time to finish: 3:35:02.396942.
[4A[J2           6.90668                           0.000947679                              3327.17       
[J     total [##########........................................] 20.78%
this epoch [###...............................................]  7.81%
      2600 iter, 2 epoch / 10 epochs
   0.79492 iters/sec. Estimated time to finish: 3:27:48.495672.
[4A[J     total [##########........................................] 21.58%
this epoch [#######...........................................] 15.80%
      2700 iter, 2 epoch / 10 epochs
   0.81364 iters/sec. Estimated time to finish: 3:20:58.612395.
[4A[J     total [###########.......................................] 22.38%
this epoch [###########.......................................] 23.80%
      2800 iter, 2 epoch / 10 epochs
   0.83169 iters/sec. Estimated time to finish: 3:14:36.688221.
[4A[J     total [###########.......................................] 23.18%
this epoch [###############...................................] 31.79%
      2900 iter, 2 epoch / 10 epochs
   0.84917 iters/sec. Estimated time to finish: 3:08:38.584104.
[4A[J     total [###########.......................................] 23.98%
this epoch [###################...............................] 39.78%
      3000 iter, 2 epoch / 10 epochs
   0.86648 iters/sec. Estimated time to finish: 3:02:57.102341.
[4A[J     total [############......................................] 24.78%
this epoch [#######################...........................] 47.77%
      3100 iter, 2 epoch / 10 epochs
   0.88327 iters/sec. Estimated time to finish: 2:57:35.214058.
[4A[J     total [############......................................] 25.58%
this epoch [###########################.......................] 55.77%
      3200 iter, 2 epoch / 10 epochs
   0.89965 iters/sec. Estimated time to finish: 2:52:30.047652.
[4A[J     total [#############.....................................] 26.38%
this epoch [###############################...................] 63.76%
      3300 iter, 2 epoch / 10 epochs
   0.91503 iters/sec. Estimated time to finish: 2:47:46.804256.
[4A[J     total [#############.....................................] 27.18%
this epoch [###################################...............] 71.75%
      3400 iter, 2 epoch / 10 epochs
   0.93032 iters/sec. Estimated time to finish: 2:43:13.862982.
[4A[J     total [#############.....................................] 27.97%
this epoch [#######################################...........] 79.74%
      3500 iter, 2 epoch / 10 epochs
   0.94528 iters/sec. Estimated time to finish: 2:38:53.082545.
[4A[J     total [##############....................................] 28.77%
this epoch [###########################################.......] 87.74%
      3600 iter, 2 epoch / 10 epochs
   0.95972 iters/sec. Estimated time to finish: 2:34:45.392742.
[4A[J     total [##############....................................] 29.57%
this epoch [###############################################...] 95.73%
      3700 iter, 2 epoch / 10 epochs
   0.97382 iters/sec. Estimated time to finish: 2:30:48.335219.
[4A[J3           6.90658                           0.000875862                              3956.31       
[J     total [###############...................................] 30.37%
this epoch [#.................................................]  3.72%
      3800 iter, 3 epoch / 10 epochs
   0.98732 iters/sec. Estimated time to finish: 2:27:03.298125.
[4A[J     total [###############...................................] 31.17%
this epoch [#####.............................................] 11.72%
      3900 iter, 3 epoch / 10 epochs
    1.0004 iters/sec. Estimated time to finish: 2:23:27.575251.
[4A[J     total [###############...................................] 31.97%
this epoch [#########.........................................] 19.71%
      4000 iter, 3 epoch / 10 epochs
    1.0135 iters/sec. Estimated time to finish: 2:19:58.394023.
[4A[J     total [################..................................] 32.77%
this epoch [#############.....................................] 27.70%
      4100 iter, 3 epoch / 10 epochs
    1.0259 iters/sec. Estimated time to finish: 2:16:38.823946.
[4A[J     total [################..................................] 33.57%
this epoch [#################.................................] 35.69%
      4200 iter, 3 epoch / 10 epochs
    1.0383 iters/sec. Estimated time to finish: 2:13:25.189646.
[4A[J     total [#################.................................] 34.37%
this epoch [#####################.............................] 43.69%
      4300 iter, 3 epoch / 10 epochs
    1.0504 iters/sec. Estimated time to finish: 2:10:17.414194.
[4A[J     total [#################.................................] 35.17%
this epoch [#########################.........................] 51.68%
      4400 iter, 3 epoch / 10 epochs
    1.0621 iters/sec. Estimated time to finish: 2:07:17.332057.
[4A[J     total [#################.................................] 35.97%
this epoch [#############################.....................] 59.67%
      4500 iter, 3 epoch / 10 epochs
    1.0735 iters/sec. Estimated time to finish: 2:04:23.168008.
[4A[J     total [##################................................] 36.77%
this epoch [#################################.................] 67.66%
      4600 iter, 3 epoch / 10 epochs
    1.0847 iters/sec. Estimated time to finish: 2:01:33.645976.
[4A[J     total [##################................................] 37.57%
this epoch [#####################################.............] 75.66%
      4700 iter, 3 epoch / 10 epochs
    1.0957 iters/sec. Estimated time to finish: 1:58:49.031057.
[4A[J     total [###################...............................] 38.36%
this epoch [#########################################.........] 83.65%
      4800 iter, 3 epoch / 10 epochs
    1.1063 iters/sec. Estimated time to finish: 1:56:10.227978.
[4A[J     total [###################...............................] 39.16%
this epoch [#############################################.....] 91.64%
      4900 iter, 3 epoch / 10 epochs
    1.1166 iters/sec. Estimated time to finish: 1:53:36.332402.
[4A[J     total [###################...............................] 39.96%
this epoch [#################################################.] 99.64%
      5000 iter, 3 epoch / 10 epochs
    1.1268 iters/sec. Estimated time to finish: 1:51:06.007393.
[4A[J4           6.90656                           0.000899281                              4583.74       
[J     total [####################..............................] 40.76%
this epoch [###...............................................]  7.63%
      5100 iter, 4 epoch / 10 epochs
    1.1365 iters/sec. Estimated time to finish: 1:48:41.274161.
[4A[J     total [####################..............................] 41.56%
this epoch [#######...........................................] 15.62%
      5200 iter, 4 epoch / 10 epochs
    1.1459 iters/sec. Estimated time to finish: 1:46:20.575349.
[4A[J     total [#####################.............................] 42.36%
this epoch [###########.......................................] 23.61%
      5300 iter, 4 epoch / 10 epochs
    1.1554 iters/sec. Estimated time to finish: 1:44:01.300135.
[4A[J     total [#####################.............................] 43.16%
this epoch [###############...................................] 31.61%
      5400 iter, 4 epoch / 10 epochs
    1.1645 iters/sec. Estimated time to finish: 1:41:46.713640.
[4A[J     total [#####################.............................] 43.96%
this epoch [###################...............................] 39.60%
      5500 iter, 4 epoch / 10 epochs
    1.1738 iters/sec. Estimated time to finish: 1:39:33.173396.
[4A[J     total [######################............................] 44.76%
this epoch [#######################...........................] 47.59%
      5600 iter, 4 epoch / 10 epochs
    1.1825 iters/sec. Estimated time to finish: 1:37:24.934167.
[4A[J     total [######################............................] 45.56%
this epoch [###########################.......................] 55.58%
      5700 iter, 4 epoch / 10 epochs
    1.1906 iters/sec. Estimated time to finish: 1:35:21.159203.
[4A[J     total [#######################...........................] 46.36%
this epoch [###############################...................] 63.58%
      5800 iter, 4 epoch / 10 epochs
    1.1992 iters/sec. Estimated time to finish: 1:33:16.722442.
[4A[J     total [#######################...........................] 47.16%
this epoch [###################################...............] 71.57%
      5900 iter, 4 epoch / 10 epochs
    1.2073 iters/sec. Estimated time to finish: 1:31:16.380716.
[4A[J     total [#######################...........................] 47.96%
this epoch [#######################################...........] 79.56%
      6000 iter, 4 epoch / 10 epochs
    1.2155 iters/sec. Estimated time to finish: 1:29:17.185455.
[4A[J     total [########################..........................] 48.76%
this epoch [###########################################.......] 87.56%
      6100 iter, 4 epoch / 10 epochs
    1.2236 iters/sec. Estimated time to finish: 1:27:19.657488.
[4A[J     total [########################..........................] 49.55%
this epoch [###############################################...] 95.55%
      6200 iter, 4 epoch / 10 epochs
    1.2317 iters/sec. Estimated time to finish: 1:25:24.135556.
[4A[J5           6.90655                           0.000935189                              5213.08       
[J     total [#########################.........................] 50.35%
this epoch [#.................................................]  3.54%
      6300 iter, 5 epoch / 10 epochs
    1.2394 iters/sec. Estimated time to finish: 1:23:31.597129.
[4A[J     total [#########################.........................] 51.15%
this epoch [#####.............................................] 11.53%
      6400 iter, 5 epoch / 10 epochs
     1.247 iters/sec. Estimated time to finish: 1:21:41.048125.
[4A[J     total [#########################.........................] 51.95%
this epoch [#########.........................................] 19.53%
      6500 iter, 5 epoch / 10 epochs
    1.2544 iters/sec. Estimated time to finish: 1:19:52.217458.
[4A[J     total [##########################........................] 52.75%
this epoch [#############.....................................] 27.52%
      6600 iter, 5 epoch / 10 epochs
    1.2616 iters/sec. Estimated time to finish: 1:18:05.690917.
[4A[J     total [##########################........................] 53.55%
this epoch [#################.................................] 35.51%
      6700 iter, 5 epoch / 10 epochs
    1.2687 iters/sec. Estimated time to finish: 1:16:20.722417.
[4A[J     total [###########################.......................] 54.35%
this epoch [#####################.............................] 43.50%
      6800 iter, 5 epoch / 10 epochs
    1.2757 iters/sec. Estimated time to finish: 1:14:37.139529.
[4A[J     total [###########################.......................] 55.15%
this epoch [#########################.........................] 51.50%
      6900 iter, 5 epoch / 10 epochs
    1.2828 iters/sec. Estimated time to finish: 1:12:54.507067.
[4A[J     total [###########################.......................] 55.95%
this epoch [#############################.....................] 59.49%
      7000 iter, 5 epoch / 10 epochs
    1.2897 iters/sec. Estimated time to finish: 1:11:13.452030.
[4A[J     total [############################......................] 56.75%
this epoch [#################################.................] 67.48%
      7100 iter, 5 epoch / 10 epochs
    1.2961 iters/sec. Estimated time to finish: 1:09:35.016811.
[4A[J     total [############################......................] 57.55%
this epoch [#####################################.............] 75.47%
      7200 iter, 5 epoch / 10 epochs
    1.3026 iters/sec. Estimated time to finish: 1:07:57.589196.
[4A[J     total [#############################.....................] 58.35%
this epoch [#########################################.........] 83.47%
      7300 iter, 5 epoch / 10 epochs
     1.309 iters/sec. Estimated time to finish: 1:06:21.217729.
[4A[J     total [#############################.....................] 59.15%
this epoch [#############################################.....] 91.46%
      7400 iter, 5 epoch / 10 epochs
    1.3152 iters/sec. Estimated time to finish: 1:04:46.464630.
[4A[J     total [#############################.....................] 59.95%
this epoch [#################################################.] 99.45%
      7500 iter, 5 epoch / 10 epochs
    1.3213 iters/sec. Estimated time to finish: 1:03:12.778560.
[4A[J6           6.90654                           0.000921138                              5836.99       
[J     total [##############################....................] 60.74%
this epoch [###...............................................]  7.45%
      7600 iter, 6 epoch / 10 epochs
    1.3272 iters/sec. Estimated time to finish: 1:01:40.654587.
[4A[J     total [##############################....................] 61.54%
this epoch [#######...........................................] 15.44%
      7700 iter, 6 epoch / 10 epochs
     1.333 iters/sec. Estimated time to finish: 1:00:09.477933.
[4A[J     total [###############################...................] 62.34%
this epoch [###########.......................................] 23.43%
      7800 iter, 6 epoch / 10 epochs
    1.3386 iters/sec. Estimated time to finish: 0:58:39.671236.
[4A[J     total [###############################...................] 63.14%
this epoch [###############...................................] 31.42%
      7900 iter, 6 epoch / 10 epochs
    1.3444 iters/sec. Estimated time to finish: 0:57:10.112951.
[4A[J     total [###############################...................] 63.94%
this epoch [###################...............................] 39.42%
      8000 iter, 6 epoch / 10 epochs
      1.35 iters/sec. Estimated time to finish: 0:55:41.795436.
[4A[J     total [################################..................] 64.74%
this epoch [#######################...........................] 47.41%
      8100 iter, 6 epoch / 10 epochs
     1.355 iters/sec. Estimated time to finish: 0:54:15.704306.
[4A[J     total [################################..................] 65.54%
this epoch [###########################.......................] 55.40%
      8200 iter, 6 epoch / 10 epochs
    1.3605 iters/sec. Estimated time to finish: 0:52:49.060534.
[4A[J     total [#################################.................] 66.34%
this epoch [###############################...................] 63.39%
      8300 iter, 6 epoch / 10 epochs
    1.3658 iters/sec. Estimated time to finish: 0:51:23.366034.
[4A[J     total [#################################.................] 67.14%
this epoch [###################################...............] 71.39%
      8400 iter, 6 epoch / 10 epochs
    1.3712 iters/sec. Estimated time to finish: 0:49:58.471799.
[4A[J     total [#################################.................] 67.94%
this epoch [#######################################...........] 79.38%
      8500 iter, 6 epoch / 10 epochs
    1.3762 iters/sec. Estimated time to finish: 0:48:34.741187.
[4A[J     total [##################################................] 68.74%
this epoch [###########################################.......] 87.37%
      8600 iter, 6 epoch / 10 epochs
    1.3813 iters/sec. Estimated time to finish: 0:47:11.591388.
[4A[J     total [##################################................] 69.54%
this epoch [###############################################...] 95.37%
      8700 iter, 6 epoch / 10 epochs
    1.3864 iters/sec. Estimated time to finish: 0:45:49.172564.
[4A[J7           6.90654                           0.000882107                              6465.33       
[J     total [###################################...............] 70.34%
this epoch [#.................................................]  3.36%
      8800 iter, 7 epoch / 10 epochs
    1.3912 iters/sec. Estimated time to finish: 0:44:27.777178.
[4A[J     total [###################################...............] 71.14%
this epoch [#####.............................................] 11.35%
      8900 iter, 7 epoch / 10 epochs
    1.3962 iters/sec. Estimated time to finish: 0:43:06.580499.
[4A[J     total [###################################...............] 71.93%
this epoch [#########.........................................] 19.34%
      9000 iter, 7 epoch / 10 epochs
    1.4009 iters/sec. Estimated time to finish: 0:41:46.620375.
[4A[J     total [####################################..............] 72.73%
this epoch [#############.....................................] 27.34%
      9100 iter, 7 epoch / 10 epochs
    1.4056 iters/sec. Estimated time to finish: 0:40:27.073736.
[4A[J     total [####################################..............] 73.53%
this epoch [#################.................................] 35.33%
      9200 iter, 7 epoch / 10 epochs
    1.4101 iters/sec. Estimated time to finish: 0:39:08.287418.
[4A[J     total [#####################################.............] 74.33%
this epoch [#####################.............................] 43.32%
      9300 iter, 7 epoch / 10 epochs
    1.4137 iters/sec. Estimated time to finish: 0:37:51.615927.
[4A[J     total [#####################################.............] 75.13%
this epoch [#########################.........................] 51.31%
      9400 iter, 7 epoch / 10 epochs
    1.4184 iters/sec. Estimated time to finish: 0:36:33.645008.
[4A[J     total [#####################################.............] 75.93%
this epoch [#############################.....................] 59.31%
      9500 iter, 7 epoch / 10 epochs
     1.423 iters/sec. Estimated time to finish: 0:35:16.169256.
[4A[J     total [######################################............] 76.73%
this epoch [#################################.................] 67.30%
      9600 iter, 7 epoch / 10 epochs
    1.4276 iters/sec. Estimated time to finish: 0:33:59.406791.
[4A[J     total [######################################............] 77.53%
this epoch [#####################################.............] 75.29%
      9700 iter, 7 epoch / 10 epochs
     1.432 iters/sec. Estimated time to finish: 0:32:43.243121.
[4A[J     total [#######################################...........] 78.33%
this epoch [#########################################.........] 83.29%
      9800 iter, 7 epoch / 10 epochs
    1.4364 iters/sec. Estimated time to finish: 0:31:27.617076.
[4A[J     total [#######################################...........] 79.13%
this epoch [#############################################.....] 91.28%
      9900 iter, 7 epoch / 10 epochs
    1.4407 iters/sec. Estimated time to finish: 0:30:12.534410.
[4A[J     total [#######################################...........] 79.93%
this epoch [#################################################.] 99.27%
     10000 iter, 7 epoch / 10 epochs
    1.4452 iters/sec. Estimated time to finish: 0:28:57.721040.
[4A[J8           6.90658                           0.000954722                              7088.2        
[J     total [########################################..........] 80.73%
this epoch [###...............................................]  7.26%
     10100 iter, 8 epoch / 10 epochs
    1.4555 iters/sec. Estimated time to finish: 0:27:36.786994.
[4A[J     total [########################################..........] 81.53%
this epoch [#######...........................................] 15.26%
     10200 iter, 8 epoch / 10 epochs
      1.49 iters/sec. Estimated time to finish: 0:25:51.255669.
[4A[J     total [#########################################.........] 82.32%
this epoch [###########.......................................] 23.25%
     10300 iter, 8 epoch / 10 epochs
    1.5224 iters/sec. Estimated time to finish: 0:24:12.537122.
[4A[J     total [#########################################.........] 83.12%
this epoch [###############...................................] 31.24%
     10400 iter, 8 epoch / 10 epochs
    1.5577 iters/sec. Estimated time to finish: 0:22:35.505964.
[4A[J     total [#########################################.........] 83.92%
this epoch [###################...............................] 39.23%
     10500 iter, 8 epoch / 10 epochs
    1.5807 iters/sec. Estimated time to finish: 0:21:12.497046.
[4A[J     total [##########################################........] 84.72%
this epoch [#######################...........................] 47.23%
     10600 iter, 8 epoch / 10 epochs
     1.622 iters/sec. Estimated time to finish: 0:19:38.421102.
[4A[J     total [##########################################........] 85.52%
this epoch [###########################.......................] 55.22%
     10700 iter, 8 epoch / 10 epochs
     1.665 iters/sec. Estimated time to finish: 0:18:07.956444.
[4A[J     total [###########################################.......] 86.32%
this epoch [###############################...................] 63.21%
     10800 iter, 8 epoch / 10 epochs
    1.6808 iters/sec. Estimated time to finish: 0:16:58.219680.
[4A[J     total [###########################################.......] 87.12%
this epoch [###################################...............] 71.21%
     10900 iter, 8 epoch / 10 epochs
    1.7534 iters/sec. Estimated time to finish: 0:15:19.006914.
[4A[J     total [###########################################.......] 87.92%
this epoch [#######################################...........] 79.20%
     11000 iter, 8 epoch / 10 epochs
    1.8276 iters/sec. Estimated time to finish: 0:13:46.969637.
[4A[J     total [############################################......] 88.72%
this epoch [###########################################.......] 87.19%
     11100 iter, 8 epoch / 10 epochs
    1.8692 iters/sec. Estimated time to finish: 0:12:35.066868.
[4A[J     total [############################################......] 89.52%
this epoch [###############################################...] 95.18%
     11200 iter, 8 epoch / 10 epochs
     1.916 iters/sec. Estimated time to finish: 0:11:24.454126.
[4A[J9           6.90656                           0.000983588                              7741.32       
[J     total [#############################################.....] 90.32%
this epoch [#.................................................]  3.18%
     11300 iter, 9 epoch / 10 epochs
    1.9601 iters/sec. Estimated time to finish: 0:10:18.040375.
[4A[J     total [#############################################.....] 91.12%
this epoch [#####.............................................] 11.17%
     11400 iter, 9 epoch / 10 epochs
    1.9663 iters/sec. Estimated time to finish: 0:09:25.218760.
[4A[J     total [#############################################.....] 91.92%
this epoch [#########.........................................] 19.16%
     11500 iter, 9 epoch / 10 epochs
    1.9737 iters/sec. Estimated time to finish: 0:08:32.449384.
[4A[J     total [##############################################....] 92.72%
this epoch [#############.....................................] 27.15%
     11600 iter, 9 epoch / 10 epochs
    1.9802 iters/sec. Estimated time to finish: 0:07:40.271072.
[4A[J     total [##############################################....] 93.51%
this epoch [#################.................................] 35.15%
     11700 iter, 9 epoch / 10 epochs
    1.9834 iters/sec. Estimated time to finish: 0:06:49.098227.
[4A[J     total [###############################################...] 94.31%
this epoch [#####################.............................] 43.14%
     11800 iter, 9 epoch / 10 epochs
    1.9846 iters/sec. Estimated time to finish: 0:05:58.459309.
[4A[J     total [###############################################...] 95.11%
this epoch [#########################.........................] 51.13%
     11900 iter, 9 epoch / 10 epochs
    1.9851 iters/sec. Estimated time to finish: 0:05:07.991193.
[4A[J     total [###############################################...] 95.91%
this epoch [#############################.....................] 59.12%
     12000 iter, 9 epoch / 10 epochs
    1.9868 iters/sec. Estimated time to finish: 0:04:17.407548.
[4A[J     total [################################################..] 96.71%
this epoch [#################################.................] 67.12%
     12100 iter, 9 epoch / 10 epochs
    1.9873 iters/sec. Estimated time to finish: 0:03:27.015291.
[4A[J     total [################################################..] 97.51%
this epoch [#####################################.............] 75.11%
     12200 iter, 9 epoch / 10 epochs
     1.988 iters/sec. Estimated time to finish: 0:02:36.641180.
[4A[J     total [#################################################.] 98.31%
this epoch [#########################################.........] 83.10%
     12300 iter, 9 epoch / 10 epochs
    1.9883 iters/sec. Estimated time to finish: 0:01:46.327466.
[4A[J     total [#################################################.] 99.11%
this epoch [#############################################.....] 91.10%
     12400 iter, 9 epoch / 10 epochs
    1.9889 iters/sec. Estimated time to finish: 0:00:56.012905.
[4A[J     total [#################################################.] 99.91%
this epoch [#################################################.] 99.09%
     12500 iter, 9 epoch / 10 epochs
    1.9894 iters/sec. Estimated time to finish: 0:00:05.733591.
[4A[J10          6.90656                           0.000914893                              8359.92       
[J