No Modulefiles Currently Loaded.
Currently Loaded Modulefiles:
  1) cuda/9.0/9.0.176.4   3) nccl/2.3/2.3.5-2
  2) cudnn/7.3/7.3.1      4) openmpi/2.1.6
Currently Loaded Modulefiles:
  1) cuda/9.0/9.0.176.4   3) nccl/2.3/2.3.5-2
  2) cudnn/7.3/7.3.1      4) openmpi/2.1.6
Currently Loaded Modulefiles:
  1) cuda/9.0/9.0.176.4   3) nccl/2.3/2.3.5-2
  2) cudnn/7.3/7.3.1      4) openmpi/2.1.6
==========================================
Num of GPUs : 2
Model :  vgg
Minibatch-size: 32
Epochs: 10
==========================================
Starting training .....
--------------------------------------------------------------------------
A process has executed an operation involving a call to the
"fork()" system call to create a child process.  Open MPI is currently
operating in a condition that could result in memory corruption or
other system errors; your job may hang, crash, or produce silent
data corruption.  The use of fork() (or system() or other calls that
create child processes) is strongly discouraged.

The process that invoked fork was:

  Local host:          [[39304,1],0] (PID 177134)

If you are *absolutely sure* that your application will successfully
and correctly survive a call to fork(), you may disable this warning
by setting the mpi_warn_on_fork MCA parameter to 0.
--------------------------------------------------------------------------
epoch       main/loss   validation/main/loss  main/accuracy  validation/main/accuracy  elapsed_time
[J     total [..................................................]  0.05%
this epoch [..................................................]  0.50%
       100 iter, 0 epoch / 10 epochs
       inf iters/sec. Estimated time to finish: 0:00:00.
[4A[J     total [..................................................]  0.10%
this epoch [..................................................]  1.00%
       200 iter, 0 epoch / 10 epochs
    3.2335 iters/sec. Estimated time to finish: 17:10:46.686406.
[4A[J     total [..................................................]  0.15%
this epoch [..................................................]  1.50%
       300 iter, 0 epoch / 10 epochs
     3.203 iters/sec. Estimated time to finish: 17:20:04.792693.
[4A[J     total [..................................................]  0.20%
this epoch [..................................................]  2.00%
       400 iter, 0 epoch / 10 epochs
    3.1816 iters/sec. Estimated time to finish: 17:26:32.755580.
[4A[J     total [..................................................]  0.25%
this epoch [#.................................................]  2.50%
       500 iter, 0 epoch / 10 epochs
    3.1775 iters/sec. Estimated time to finish: 17:27:21.899410.
[4A[J     total [..................................................]  0.30%
this epoch [#.................................................]  3.00%
       600 iter, 0 epoch / 10 epochs
    3.1401 iters/sec. Estimated time to finish: 17:39:19.955717.
[4A[J     total [..................................................]  0.35%
this epoch [#.................................................]  3.50%
       700 iter, 0 epoch / 10 epochs
    3.1725 iters/sec. Estimated time to finish: 17:27:58.097939.
[4A[J     total [..................................................]  0.40%
this epoch [#.................................................]  4.00%
       800 iter, 0 epoch / 10 epochs
     3.206 iters/sec. Estimated time to finish: 17:16:29.895900.
[4A[J     total [..................................................]  0.45%
this epoch [##................................................]  4.50%
       900 iter, 0 epoch / 10 epochs
    3.2349 iters/sec. Estimated time to finish: 17:06:44.446444.
[4A[J     total [..................................................]  0.50%
this epoch [##................................................]  5.00%
      1000 iter, 0 epoch / 10 epochs
     3.044 iters/sec. Estimated time to finish: 18:10:35.487028.
[4A[J     total [..................................................]  0.55%
this epoch [##................................................]  5.49%
      1100 iter, 0 epoch / 10 epochs
    3.0304 iters/sec. Estimated time to finish: 18:14:55.977478.
[4A[J     total [..................................................]  0.60%
this epoch [##................................................]  5.99%
      1200 iter, 0 epoch / 10 epochs
    2.9758 iters/sec. Estimated time to finish: 18:34:26.329368.
[4A[J     total [..................................................]  0.65%
this epoch [###...............................................]  6.49%
      1300 iter, 0 epoch / 10 epochs
    2.9198 iters/sec. Estimated time to finish: 18:55:14.013422.
[4A[J     total [..................................................]  0.70%
this epoch [###...............................................]  6.99%
      1400 iter, 0 epoch / 10 epochs
    2.8913 iters/sec. Estimated time to finish: 19:05:51.632043.
[4A[J     total [..................................................]  0.75%
this epoch [###...............................................]  7.49%
      1500 iter, 0 epoch / 10 epochs
    2.8777 iters/sec. Estimated time to finish: 19:10:41.856957.
[4A[J     total [..................................................]  0.80%
this epoch [###...............................................]  7.99%
      1600 iter, 0 epoch / 10 epochs
    2.8872 iters/sec. Estimated time to finish: 19:06:19.280692.
[4A[J     total [..................................................]  0.85%
this epoch [####..............................................]  8.49%
      1700 iter, 0 epoch / 10 epochs
    2.8755 iters/sec. Estimated time to finish: 19:10:25.786950.
[4A[J     total [..................................................]  0.90%
this epoch [####..............................................]  8.99%
      1800 iter, 0 epoch / 10 epochs
    2.8556 iters/sec. Estimated time to finish: 19:17:51.758364.
[4A[J     total [..................................................]  0.95%
this epoch [####..............................................]  9.49%
      1900 iter, 0 epoch / 10 epochs
    2.8428 iters/sec. Estimated time to finish: 19:22:27.812672.
[4A[J     total [..................................................]  1.00%
this epoch [####..............................................]  9.99%
      2000 iter, 0 epoch / 10 epochs
    2.8323 iters/sec. Estimated time to finish: 19:26:11.641398.
[4A[J     total [..................................................]  1.05%
this epoch [#####.............................................] 10.49%
      2100 iter, 0 epoch / 10 epochs
     2.845 iters/sec. Estimated time to finish: 19:20:23.754851.
[4A[J     total [..................................................]  1.10%
this epoch [#####.............................................] 10.99%
      2200 iter, 0 epoch / 10 epochs
    2.8685 iters/sec. Estimated time to finish: 19:10:19.014450.
[4A[J     total [..................................................]  1.15%
this epoch [#####.............................................] 11.49%
      2300 iter, 0 epoch / 10 epochs
    2.8868 iters/sec. Estimated time to finish: 19:02:27.428082.
[4A[J     total [..................................................]  1.20%
this epoch [#####.............................................] 11.99%
      2400 iter, 0 epoch / 10 epochs
     2.895 iters/sec. Estimated time to finish: 18:58:38.581989.
[4A[J     total [..................................................]  1.25%
this epoch [######............................................] 12.49%
      2500 iter, 0 epoch / 10 epochs
    2.8697 iters/sec. Estimated time to finish: 19:08:05.955203.
[4A[J     total [..................................................]  1.30%
this epoch [######............................................] 12.99%
      2600 iter, 0 epoch / 10 epochs
    2.8466 iters/sec. Estimated time to finish: 19:16:49.888558.
[4A[J     total [..................................................]  1.35%
this epoch [######............................................] 13.49%
      2700 iter, 0 epoch / 10 epochs
    2.8263 iters/sec. Estimated time to finish: 19:24:33.043480.
[4A[J     total [..................................................]  1.40%
this epoch [######............................................] 13.99%
      2800 iter, 0 epoch / 10 epochs
    2.8092 iters/sec. Estimated time to finish: 19:31:02.874311.
[4A[J     total [..................................................]  1.45%
this epoch [#######...........................................] 14.49%
      2900 iter, 0 epoch / 10 epochs
    2.7925 iters/sec. Estimated time to finish: 19:37:27.232973.
[4A[J     total [..................................................]  1.50%
this epoch [#######...........................................] 14.99%
      3000 iter, 0 epoch / 10 epochs
     2.778 iters/sec. Estimated time to finish: 19:42:59.699262.
[4A[J     total [..................................................]  1.55%
this epoch [#######...........................................] 15.49%
      3100 iter, 0 epoch / 10 epochs
    2.7611 iters/sec. Estimated time to finish: 19:49:37.915559.
[4A[J     total [..................................................]  1.60%
this epoch [#######...........................................] 15.99%
      3200 iter, 0 epoch / 10 epochs
    2.7693 iters/sec. Estimated time to finish: 19:45:31.561150.
[4A[J     total [..................................................]  1.65%
this epoch [########..........................................] 16.48%
      3300 iter, 0 epoch / 10 epochs
    2.7433 iters/sec. Estimated time to finish: 19:56:08.266755.
[4A[J     total [..................................................]  1.70%
this epoch [########..........................................] 16.98%
      3400 iter, 0 epoch / 10 epochs
    2.7188 iters/sec. Estimated time to finish: 20:06:17.956632.
[4A[J     total [..................................................]  1.75%
this epoch [########..........................................] 17.48%
      3500 iter, 0 epoch / 10 epochs
    2.6958 iters/sec. Estimated time to finish: 20:15:58.439658.
[4A[J     total [..................................................]  1.80%
this epoch [########..........................................] 17.98%
      3600 iter, 0 epoch / 10 epochs
    2.6842 iters/sec. Estimated time to finish: 20:20:37.464475.
[4A[J     total [..................................................]  1.85%
this epoch [#########.........................................] 18.48%
      3700 iter, 0 epoch / 10 epochs
    2.6988 iters/sec. Estimated time to finish: 20:13:22.531068.
[4A[J     total [..................................................]  1.90%
this epoch [#########.........................................] 18.98%
      3800 iter, 0 epoch / 10 epochs
    2.7133 iters/sec. Estimated time to finish: 20:06:16.732209.
[4A[J     total [..................................................]  1.95%
this epoch [#########.........................................] 19.48%
      3900 iter, 0 epoch / 10 epochs
    2.7275 iters/sec. Estimated time to finish: 19:59:25.514838.
[4A[J     total [..................................................]  2.00%
this epoch [#########.........................................] 19.98%
      4000 iter, 0 epoch / 10 epochs
    2.7409 iters/sec. Estimated time to finish: 19:52:55.004240.
[4A[J     total [#.................................................]  2.05%
this epoch [##########........................................] 20.48%
      4100 iter, 0 epoch / 10 epochs
    2.7547 iters/sec. Estimated time to finish: 19:46:21.642492.
[4A[J     total [#.................................................]  2.10%
this epoch [##########........................................] 20.98%
      4200 iter, 0 epoch / 10 epochs
    2.7684 iters/sec. Estimated time to finish: 19:39:53.875332.
[4A[J     total [#.................................................]  2.15%
this epoch [##########........................................] 21.48%
      4300 iter, 0 epoch / 10 epochs
    2.7795 iters/sec. Estimated time to finish: 19:34:33.319075.
[4A[J     total [#.................................................]  2.20%
this epoch [##########........................................] 21.98%
      4400 iter, 0 epoch / 10 epochs
     2.793 iters/sec. Estimated time to finish: 19:28:16.978971.
[4A[J     total [#.................................................]  2.25%
this epoch [###########.......................................] 22.48%
      4500 iter, 0 epoch / 10 epochs
    2.8059 iters/sec. Estimated time to finish: 19:22:19.734181.
[4A[J     total [#.................................................]  2.30%
this epoch [###########.......................................] 22.98%
      4600 iter, 0 epoch / 10 epochs
    2.8169 iters/sec. Estimated time to finish: 19:17:12.594280.
[4A[J     total [#.................................................]  2.35%
this epoch [###########.......................................] 23.48%
      4700 iter, 0 epoch / 10 epochs
    2.8272 iters/sec. Estimated time to finish: 19:12:24.430693.
[4A[J     total [#.................................................]  2.40%
this epoch [###########.......................................] 23.98%
      4800 iter, 0 epoch / 10 epochs
    2.8386 iters/sec. Estimated time to finish: 19:07:10.217934.
[4A[J     total [#.................................................]  2.45%
this epoch [############......................................] 24.48%
      4900 iter, 0 epoch / 10 epochs
    2.8473 iters/sec. Estimated time to finish: 19:03:04.609964.
[4A[J     total [#.................................................]  2.50%
this epoch [############......................................] 24.98%
      5000 iter, 0 epoch / 10 epochs
    2.8571 iters/sec. Estimated time to finish: 18:58:34.466784.
[4A[J     total [#.................................................]  2.55%
this epoch [############......................................] 25.48%
      5100 iter, 0 epoch / 10 epochs
     2.866 iters/sec. Estimated time to finish: 18:54:27.324823.
[4A[J     total [#.................................................]  2.60%
this epoch [############......................................] 25.98%
      5200 iter, 0 epoch / 10 epochs
    2.8753 iters/sec. Estimated time to finish: 18:50:13.088803.
[4A[J     total [#.................................................]  2.65%
this epoch [#############.....................................] 26.48%
      5300 iter, 0 epoch / 10 epochs
    2.8846 iters/sec. Estimated time to finish: 18:45:58.876402.
[4A[J     total [#.................................................]  2.70%
this epoch [#############.....................................] 26.98%
      5400 iter, 0 epoch / 10 epochs
    2.8936 iters/sec. Estimated time to finish: 18:41:55.651661.
[4A[J     total [#.................................................]  2.75%
this epoch [#############.....................................] 27.47%
      5500 iter, 0 epoch / 10 epochs
     2.902 iters/sec. Estimated time to finish: 18:38:06.027996.
[4A[J     total [#.................................................]  2.80%
this epoch [#############.....................................] 27.97%
      5600 iter, 0 epoch / 10 epochs
    2.9088 iters/sec. Estimated time to finish: 18:34:55.486138.
[4A[J     total [#.................................................]  2.85%
this epoch [##############....................................] 28.47%
      5700 iter, 0 epoch / 10 epochs
    2.9161 iters/sec. Estimated time to finish: 18:31:32.327044.
[4A[J     total [#.................................................]  2.90%
this epoch [##############....................................] 28.97%
      5800 iter, 0 epoch / 10 epochs
    2.9232 iters/sec. Estimated time to finish: 18:28:17.098690.
[4A[J     total [#.................................................]  2.95%
this epoch [##############....................................] 29.47%
      5900 iter, 0 epoch / 10 epochs
    2.9301 iters/sec. Estimated time to finish: 18:25:06.339116.
[4A[J     total [#.................................................]  3.00%
this epoch [##############....................................] 29.97%
      6000 iter, 0 epoch / 10 epochs
    2.9376 iters/sec. Estimated time to finish: 18:21:43.099008.
[4A[J     total [#.................................................]  3.05%
this epoch [###############...................................] 30.47%
      6100 iter, 0 epoch / 10 epochs
    2.9441 iters/sec. Estimated time to finish: 18:18:41.575068.
[4A[J     total [#.................................................]  3.10%
this epoch [###############...................................] 30.97%
      6200 iter, 0 epoch / 10 epochs
    2.9505 iters/sec. Estimated time to finish: 18:15:46.172914.
[4A[J     total [#.................................................]  3.15%
this epoch [###############...................................] 31.47%
      6300 iter, 0 epoch / 10 epochs
    2.9575 iters/sec. Estimated time to finish: 18:12:36.544275.
[4A[J     total [#.................................................]  3.20%
this epoch [###############...................................] 31.97%
      6400 iter, 0 epoch / 10 epochs
    2.9638 iters/sec. Estimated time to finish: 18:09:43.328494.
[4A[J     total [#.................................................]  3.25%
this epoch [################..................................] 32.47%
      6500 iter, 0 epoch / 10 epochs
    2.9697 iters/sec. Estimated time to finish: 18:06:59.033301.
[4A[J     total [#.................................................]  3.30%
this epoch [################..................................] 32.97%
      6600 iter, 0 epoch / 10 epochs
    2.9755 iters/sec. Estimated time to finish: 18:04:18.690765.
[4A[J     total [#.................................................]  3.35%
this epoch [################..................................] 33.47%
      6700 iter, 0 epoch / 10 epochs
    2.9812 iters/sec. Estimated time to finish: 18:01:41.405536.
[4A[J     total [#.................................................]  3.40%
this epoch [################..................................] 33.97%
      6800 iter, 0 epoch / 10 epochs
    2.9859 iters/sec. Estimated time to finish: 17:59:25.833946.
[4A[J     total [#.................................................]  3.45%
this epoch [#################.................................] 34.47%
      6900 iter, 0 epoch / 10 epochs
    2.9919 iters/sec. Estimated time to finish: 17:56:42.117913.
[4A[J     total [#.................................................]  3.50%
this epoch [#################.................................] 34.97%
      7000 iter, 0 epoch / 10 epochs
    2.9965 iters/sec. Estimated time to finish: 17:54:30.290011.
[4A[J     total [#.................................................]  3.55%
this epoch [#################.................................] 35.47%
      7100 iter, 0 epoch / 10 epochs
    3.0028 iters/sec. Estimated time to finish: 17:51:39.761451.
[4A[J     total [#.................................................]  3.60%
this epoch [#################.................................] 35.97%
      7200 iter, 0 epoch / 10 epochs
    3.0083 iters/sec. Estimated time to finish: 17:49:10.262978.
[4A[J     total [#.................................................]  3.65%
this epoch [##################................................] 36.47%
      7300 iter, 0 epoch / 10 epochs
    3.0129 iters/sec. Estimated time to finish: 17:46:58.769999.
[4A[J     total [#.................................................]  3.70%
this epoch [##################................................] 36.97%
      7400 iter, 0 epoch / 10 epochs
     3.017 iters/sec. Estimated time to finish: 17:44:59.165418.
[4A[J     total [#.................................................]  3.75%
this epoch [##################................................] 37.47%
      7500 iter, 0 epoch / 10 epochs
    3.0214 iters/sec. Estimated time to finish: 17:42:53.083638.
[4A[J     total [#.................................................]  3.80%
this epoch [##################................................] 37.97%
      7600 iter, 0 epoch / 10 epochs
    3.0257 iters/sec. Estimated time to finish: 17:40:49.083444.
[4A[J     total [#.................................................]  3.85%
this epoch [###################...............................] 38.46%
      7700 iter, 0 epoch / 10 epochs
    3.0306 iters/sec. Estimated time to finish: 17:38:32.516317.
[4A[J     total [#.................................................]  3.90%
this epoch [###################...............................] 38.96%
      7800 iter, 0 epoch / 10 epochs
    3.0354 iters/sec. Estimated time to finish: 17:36:19.686227.
[4A[J     total [#.................................................]  3.95%
this epoch [###################...............................] 39.46%
      7900 iter, 0 epoch / 10 epochs
    3.0384 iters/sec. Estimated time to finish: 17:34:43.938193.
[4A[J     total [#.................................................]  4.00%
this epoch [###################...............................] 39.96%
      8000 iter, 0 epoch / 10 epochs
    3.0434 iters/sec. Estimated time to finish: 17:32:27.460365.
[4A[J     total [##................................................]  4.05%
this epoch [####################..............................] 40.46%
      8100 iter, 0 epoch / 10 epochs
    3.0477 iters/sec. Estimated time to finish: 17:30:26.269746.
[4A[J     total [##................................................]  4.10%
this epoch [####################..............................] 40.96%
      8200 iter, 0 epoch / 10 epochs
    3.0503 iters/sec. Estimated time to finish: 17:28:59.003681.
[4A[J     total [##................................................]  4.15%
this epoch [####################..............................] 41.46%
      8300 iter, 0 epoch / 10 epochs
    3.0545 iters/sec. Estimated time to finish: 17:26:58.637181.
[4A[J     total [##................................................]  4.20%
this epoch [####################..............................] 41.96%
      8400 iter, 0 epoch / 10 epochs
    3.0587 iters/sec. Estimated time to finish: 17:25:00.128424.
[4A[J     total [##................................................]  4.25%
this epoch [#####################.............................] 42.46%
      8500 iter, 0 epoch / 10 epochs
    3.0615 iters/sec. Estimated time to finish: 17:23:29.884609.
[4A[J     total [##................................................]  4.30%
this epoch [#####################.............................] 42.96%
      8600 iter, 0 epoch / 10 epochs
    3.0664 iters/sec. Estimated time to finish: 17:21:17.271008.
[4A[J     total [##................................................]  4.35%
this epoch [#####################.............................] 43.46%
      8700 iter, 0 epoch / 10 epochs
    3.0692 iters/sec. Estimated time to finish: 17:19:49.069544.
[4A[J     total [##................................................]  4.40%
this epoch [#####################.............................] 43.96%
      8800 iter, 0 epoch / 10 epochs
    3.0734 iters/sec. Estimated time to finish: 17:17:50.124882.
[4A[J     total [##................................................]  4.45%
this epoch [######################............................] 44.46%
      8900 iter, 0 epoch / 10 epochs
    3.0749 iters/sec. Estimated time to finish: 17:16:48.629572.
[4A[J     total [##................................................]  4.50%
this epoch [######################............................] 44.96%
      9000 iter, 0 epoch / 10 epochs
    3.0784 iters/sec. Estimated time to finish: 17:15:03.947437.
[4A[J     total [##................................................]  4.55%
this epoch [######################............................] 45.46%
      9100 iter, 0 epoch / 10 epochs
    3.0822 iters/sec. Estimated time to finish: 17:13:14.983596.
[4A[J     total [##................................................]  4.60%
this epoch [######################............................] 45.96%
      9200 iter, 0 epoch / 10 epochs
    3.0854 iters/sec. Estimated time to finish: 17:11:39.256150.
[4A[J     total [##................................................]  4.65%
this epoch [#######################...........................] 46.46%
      9300 iter, 0 epoch / 10 epochs
    3.0888 iters/sec. Estimated time to finish: 17:09:58.182282.
[4A[J     total [##................................................]  4.70%
this epoch [#######################...........................] 46.96%
      9400 iter, 0 epoch / 10 epochs
    3.0924 iters/sec. Estimated time to finish: 17:08:14.959716.
[4A[J     total [##................................................]  4.75%
this epoch [#######################...........................] 47.46%
      9500 iter, 0 epoch / 10 epochs
    3.0949 iters/sec. Estimated time to finish: 17:06:52.722688.
[4A[J     total [##................................................]  4.80%
this epoch [#######################...........................] 47.96%
      9600 iter, 0 epoch / 10 epochs
    3.0982 iters/sec. Estimated time to finish: 17:05:13.102540.
[4A[J     total [##................................................]  4.85%
this epoch [########################..........................] 48.46%
      9700 iter, 0 epoch / 10 epochs
    3.1021 iters/sec. Estimated time to finish: 17:03:24.851167.
[4A[J     total [##................................................]  4.90%
this epoch [########################..........................] 48.96%
      9800 iter, 0 epoch / 10 epochs
    3.1039 iters/sec. Estimated time to finish: 17:02:16.636399.
[4A[J     total [##................................................]  4.95%
this epoch [########################..........................] 49.45%
      9900 iter, 0 epoch / 10 epochs
    3.1067 iters/sec. Estimated time to finish: 17:00:49.274295.
[4A[J     total [##................................................]  5.00%
this epoch [########################..........................] 49.95%
     10000 iter, 0 epoch / 10 epochs
    3.1105 iters/sec. Estimated time to finish: 16:59:01.477986.
[4A[J     total [##................................................]  5.05%
this epoch [#########################.........................] 50.45%
     10100 iter, 0 epoch / 10 epochs
    3.1113 iters/sec. Estimated time to finish: 16:58:14.716436.
[4A[J     total [##................................................]  5.10%
this epoch [#########################.........................] 50.95%
     10200 iter, 0 epoch / 10 epochs
    3.1137 iters/sec. Estimated time to finish: 16:56:55.948814.
[4A[J     total [##................................................]  5.15%
this epoch [#########################.........................] 51.45%
     10300 iter, 0 epoch / 10 epochs
    3.1148 iters/sec. Estimated time to finish: 16:56:00.611436.
[4A[J     total [##................................................]  5.20%
this epoch [#########################.........................] 51.95%
     10400 iter, 0 epoch / 10 epochs
    3.1177 iters/sec. Estimated time to finish: 16:54:33.401124.
[4A[J     total [##................................................]  5.25%
this epoch [##########################........................] 52.45%
     10500 iter, 0 epoch / 10 epochs
    3.1208 iters/sec. Estimated time to finish: 16:53:00.847125.
[4A[J     total [##................................................]  5.30%
this epoch [##########################........................] 52.95%
     10600 iter, 0 epoch / 10 epochs
    3.1216 iters/sec. Estimated time to finish: 16:52:11.800971.
[4A[J     total [##................................................]  5.35%
this epoch [##########################........................] 53.45%
     10700 iter, 0 epoch / 10 epochs
    3.1207 iters/sec. Estimated time to finish: 16:51:58.590106.
[4A[J     total [##................................................]  5.40%
this epoch [##########################........................] 53.95%
     10800 iter, 0 epoch / 10 epochs
    3.1213 iters/sec. Estimated time to finish: 16:51:14.455095.
[4A[J     total [##................................................]  5.45%
this epoch [###########################.......................] 54.45%
     10900 iter, 0 epoch / 10 epochs
    3.1407 iters/sec. Estimated time to finish: 16:44:28.299181.
[4A[J     total [##................................................]  5.49%
this epoch [###########################.......................] 54.95%
     11000 iter, 0 epoch / 10 epochs
    3.1458 iters/sec. Estimated time to finish: 16:42:18.618752.
[4A[J     total [##................................................]  5.54%
this epoch [###########################.......................] 55.45%
     11100 iter, 0 epoch / 10 epochs
     3.156 iters/sec. Estimated time to finish: 16:38:32.048795.
[4A[J     total [##................................................]  5.59%
this epoch [###########################.......................] 55.95%
     11200 iter, 0 epoch / 10 epochs
    3.1674 iters/sec. Estimated time to finish: 16:34:25.203165.
[4A[J     total [##................................................]  5.64%
this epoch [############################......................] 56.45%
     11300 iter, 0 epoch / 10 epochs
     3.177 iters/sec. Estimated time to finish: 16:30:52.203464.
[4A[J     total [##................................................]  5.69%
this epoch [############################......................] 56.95%
     11400 iter, 0 epoch / 10 epochs
    3.1842 iters/sec. Estimated time to finish: 16:28:06.607083.
[4A[J     total [##................................................]  5.74%
this epoch [############################......................] 57.45%
     11500 iter, 0 epoch / 10 epochs
    3.1891 iters/sec. Estimated time to finish: 16:26:05.385863.
[4A[J     total [##................................................]  5.79%
this epoch [############################......................] 57.95%
     11600 iter, 0 epoch / 10 epochs
    3.1961 iters/sec. Estimated time to finish: 16:23:24.831755.
[4A[J     total [##................................................]  5.84%
this epoch [#############################.....................] 58.45%
     11700 iter, 0 epoch / 10 epochs
    3.2057 iters/sec. Estimated time to finish: 16:19:56.695550.
[4A[J     total [##................................................]  5.89%
this epoch [#############################.....................] 58.95%
     11800 iter, 0 epoch / 10 epochs
    3.2147 iters/sec. Estimated time to finish: 16:16:40.571160.
[4A[J     total [##................................................]  5.94%
this epoch [#############################.....................] 59.45%
     11900 iter, 0 epoch / 10 epochs
    3.2235 iters/sec. Estimated time to finish: 16:13:29.116294.
[4A[J     total [##................................................]  5.99%
this epoch [#############################.....................] 59.95%
     12000 iter, 0 epoch / 10 epochs
    3.2263 iters/sec. Estimated time to finish: 16:12:08.007857.
[4A[J     total [###...............................................]  6.04%
this epoch [##############################....................] 60.44%
     12100 iter, 0 epoch / 10 epochs
    3.2264 iters/sec. Estimated time to finish: 16:11:35.401636.
[4A[J     total [###...............................................]  6.09%
this epoch [##############################....................] 60.94%
     12200 iter, 0 epoch / 10 epochs
    3.2272 iters/sec. Estimated time to finish: 16:10:49.851524.
[4A[J     total [###...............................................]  6.14%
this epoch [##############################....................] 61.44%
     12300 iter, 0 epoch / 10 epochs
    3.2303 iters/sec. Estimated time to finish: 16:09:23.088686.
[4A[J     total [###...............................................]  6.19%
this epoch [##############################....................] 61.94%
     12400 iter, 0 epoch / 10 epochs
    3.2441 iters/sec. Estimated time to finish: 16:04:44.148053.
[4A[J     total [###...............................................]  6.24%
this epoch [###############################...................] 62.44%
     12500 iter, 0 epoch / 10 epochs
    3.2565 iters/sec. Estimated time to finish: 16:00:33.474731.
[4A[J     total [###...............................................]  6.29%
this epoch [###############################...................] 62.94%
     12600 iter, 0 epoch / 10 epochs
    3.2712 iters/sec. Estimated time to finish: 15:55:44.127912.
[4A[J     total [###...............................................]  6.34%
this epoch [###############################...................] 63.44%
     12700 iter, 0 epoch / 10 epochs
    3.2839 iters/sec. Estimated time to finish: 15:51:31.495550.
[4A[J     total [###...............................................]  6.39%
this epoch [###############################...................] 63.94%
     12800 iter, 0 epoch / 10 epochs
    3.2965 iters/sec. Estimated time to finish: 15:47:22.367596.
[4A[J     total [###...............................................]  6.44%
this epoch [################################..................] 64.44%
     12900 iter, 0 epoch / 10 epochs
    3.3106 iters/sec. Estimated time to finish: 15:42:51.093616.
[4A[J     total [###...............................................]  6.49%
this epoch [################################..................] 64.94%
     13000 iter, 0 epoch / 10 epochs
     3.323 iters/sec. Estimated time to finish: 15:38:49.860199.
[4A[J     total [###...............................................]  6.54%
this epoch [################################..................] 65.44%
     13100 iter, 0 epoch / 10 epochs
    3.3264 iters/sec. Estimated time to finish: 15:37:21.966263.
[4A[J     total [###...............................................]  6.59%
this epoch [################################..................] 65.94%
     13200 iter, 0 epoch / 10 epochs
    3.3473 iters/sec. Estimated time to finish: 15:31:01.213025.
[4A[J     total [###...............................................]  6.64%
this epoch [#################################.................] 66.44%
     13300 iter, 0 epoch / 10 epochs
    3.3683 iters/sec. Estimated time to finish: 15:24:43.085725.
[4A[J     total [###...............................................]  6.69%
this epoch [#################################.................] 66.94%
     13400 iter, 0 epoch / 10 epochs
    3.3888 iters/sec. Estimated time to finish: 15:18:38.093272.
[4A[J     total [###...............................................]  6.74%
this epoch [#################################.................] 67.44%
     13500 iter, 0 epoch / 10 epochs
     3.405 iters/sec. Estimated time to finish: 15:13:46.651849.
[4A[J     total [###...............................................]  6.79%
this epoch [#################################.................] 67.94%
     13600 iter, 0 epoch / 10 epochs
    3.4055 iters/sec. Estimated time to finish: 15:13:07.821524.
[4A[J     total [###...............................................]  6.84%
this epoch [##################################................] 68.44%
     13700 iter, 0 epoch / 10 epochs
    3.4067 iters/sec. Estimated time to finish: 15:12:20.467001.
[4A[J     total [###...............................................]  6.89%
this epoch [##################################................] 68.94%
     13800 iter, 0 epoch / 10 epochs
    3.4068 iters/sec. Estimated time to finish: 15:11:48.493046.
[4A[J     total [###...............................................]  6.94%
this epoch [##################################................] 69.44%
     13900 iter, 0 epoch / 10 epochs
     3.406 iters/sec. Estimated time to finish: 15:11:32.260777.
[4A[J     total [###...............................................]  6.99%
this epoch [##################################................] 69.94%
     14000 iter, 0 epoch / 10 epochs
     3.406 iters/sec. Estimated time to finish: 15:11:03.284819.
[4A[J     total [###...............................................]  7.04%
this epoch [###################################...............] 70.44%
     14100 iter, 0 epoch / 10 epochs
     3.406 iters/sec. Estimated time to finish: 15:10:34.267347.
[4A[J     total [###...............................................]  7.09%
this epoch [###################################...............] 70.94%
     14200 iter, 0 epoch / 10 epochs
    3.4066 iters/sec. Estimated time to finish: 15:09:54.547484.
[4A[J     total [###...............................................]  7.14%
this epoch [###################################...............] 71.43%
     14300 iter, 0 epoch / 10 epochs
    3.4061 iters/sec. Estimated time to finish: 15:09:33.034422.
[4A[J     total [###...............................................]  7.19%
this epoch [###################################...............] 71.93%
     14400 iter, 0 epoch / 10 epochs
    3.4045 iters/sec. Estimated time to finish: 15:09:29.936611.
[4A[J     total [###...............................................]  7.24%
this epoch [####################################..............] 72.43%
     14500 iter, 0 epoch / 10 epochs
    3.4041 iters/sec. Estimated time to finish: 15:09:06.704480.
[4A[J     total [###...............................................]  7.29%
this epoch [####################################..............] 72.93%
     14600 iter, 0 epoch / 10 epochs
     3.404 iters/sec. Estimated time to finish: 15:08:38.314257.
[4A[J     total [###...............................................]  7.34%
this epoch [####################################..............] 73.43%
     14700 iter, 0 epoch / 10 epochs
    3.4033 iters/sec. Estimated time to finish: 15:08:21.513709.
[4A[J     total [###...............................................]  7.39%
this epoch [####################################..............] 73.93%
     14800 iter, 0 epoch / 10 epochs
    3.4048 iters/sec. Estimated time to finish: 15:07:26.712831.
[4A[J     total [###...............................................]  7.44%
this epoch [#####################################.............] 74.43%
     14900 iter, 0 epoch / 10 epochs
    3.4034 iters/sec. Estimated time to finish: 15:07:20.943366.
[4A[J     total [###...............................................]  7.49%
this epoch [#####################################.............] 74.93%
     15000 iter, 0 epoch / 10 epochs
     3.403 iters/sec. Estimated time to finish: 15:06:56.692433.
[4A[J     total [###...............................................]  7.54%
this epoch [#####################################.............] 75.43%
     15100 iter, 0 epoch / 10 epochs
     3.404 iters/sec. Estimated time to finish: 15:06:11.371741.
[4A[J     total [###...............................................]  7.59%
this epoch [#####################################.............] 75.93%
     15200 iter, 0 epoch / 10 epochs
    3.4031 iters/sec. Estimated time to finish: 15:05:56.834532.
[4A[J     total [###...............................................]  7.64%
this epoch [######################################............] 76.43%
     15300 iter, 0 epoch / 10 epochs
    3.4027 iters/sec. Estimated time to finish: 15:05:34.415146.
[4A[J     total [###...............................................]  7.69%
this epoch [######################################............] 76.93%
     15400 iter, 0 epoch / 10 epochs
    3.4008 iters/sec. Estimated time to finish: 15:05:35.448778.
[4A[J     total [###...............................................]  7.74%
this epoch [######################################............] 77.43%
     15500 iter, 0 epoch / 10 epochs
    3.4022 iters/sec. Estimated time to finish: 15:04:42.797845.
[4A[J     total [###...............................................]  7.79%
this epoch [######################################............] 77.93%
     15600 iter, 0 epoch / 10 epochs
    3.4019 iters/sec. Estimated time to finish: 15:04:18.934527.
[4A[J     total [###...............................................]  7.84%
this epoch [#######################################...........] 78.43%
     15700 iter, 0 epoch / 10 epochs
     3.403 iters/sec. Estimated time to finish: 15:03:31.674502.
[4A[J     total [###...............................................]  7.89%
this epoch [#######################################...........] 78.93%
     15800 iter, 0 epoch / 10 epochs
    3.4023 iters/sec. Estimated time to finish: 15:03:14.258327.
[4A[J     total [###...............................................]  7.94%
this epoch [#######################################...........] 79.43%
     15900 iter, 0 epoch / 10 epochs
     3.402 iters/sec. Estimated time to finish: 15:02:48.190097.
[4A[J     total [###...............................................]  7.99%
this epoch [#######################################...........] 79.93%
     16000 iter, 0 epoch / 10 epochs
    3.4022 iters/sec. Estimated time to finish: 15:02:17.065085.
[4A[J     total [####..............................................]  8.04%
this epoch [########################################..........] 80.43%
     16100 iter, 0 epoch / 10 epochs
    3.4027 iters/sec. Estimated time to finish: 15:01:39.092662.
[4A[J     total [####..............................................]  8.09%
this epoch [########################################..........] 80.93%
     16200 iter, 0 epoch / 10 epochs
     3.401 iters/sec. Estimated time to finish: 15:01:35.963680.
[4A[J     total [####..............................................]  8.14%
this epoch [########################################..........] 81.43%
     16300 iter, 0 epoch / 10 epochs
    3.4013 iters/sec. Estimated time to finish: 15:01:02.762975.
[4A[J     total [####..............................................]  8.19%
this epoch [########################################..........] 81.93%
     16400 iter, 0 epoch / 10 epochs
    3.4014 iters/sec. Estimated time to finish: 15:00:31.383494.
[4A[J     total [####..............................................]  8.24%
this epoch [#########################################.........] 82.42%
     16500 iter, 0 epoch / 10 epochs
    3.4025 iters/sec. Estimated time to finish: 14:59:44.952221.
[4A[J     total [####..............................................]  8.29%
this epoch [#########################################.........] 82.92%
     16600 iter, 0 epoch / 10 epochs
    3.4018 iters/sec. Estimated time to finish: 14:59:26.697866.
[4A[J     total [####..............................................]  8.34%
this epoch [#########################################.........] 83.42%
     16700 iter, 0 epoch / 10 epochs
    3.4022 iters/sec. Estimated time to finish: 14:58:49.967504.
[4A[J     total [####..............................................]  8.39%
this epoch [#########################################.........] 83.92%
     16800 iter, 0 epoch / 10 epochs
    3.4014 iters/sec. Estimated time to finish: 14:58:34.517609.
[4A[J     total [####..............................................]  8.44%
this epoch [##########################################........] 84.42%
     16900 iter, 0 epoch / 10 epochs
    3.4028 iters/sec. Estimated time to finish: 14:57:41.474797.
[4A[J     total [####..............................................]  8.49%
this epoch [##########################################........] 84.92%
     17000 iter, 0 epoch / 10 epochs
    3.3995 iters/sec. Estimated time to finish: 14:58:05.204637.
[4A[J     total [####..............................................]  8.54%
this epoch [##########################################........] 85.42%
     17100 iter, 0 epoch / 10 epochs
    3.3999 iters/sec. Estimated time to finish: 14:57:29.758499.
[4A[J     total [####..............................................]  8.59%
this epoch [##########################################........] 85.92%
     17200 iter, 0 epoch / 10 epochs
    3.4003 iters/sec. Estimated time to finish: 14:56:52.907677.
[4A[J     total [####..............................................]  8.64%
this epoch [###########################################.......] 86.42%
     17300 iter, 0 epoch / 10 epochs
    3.4009 iters/sec. Estimated time to finish: 14:56:14.820602.
[4A[J     total [####..............................................]  8.69%
this epoch [###########################################.......] 86.92%
     17400 iter, 0 epoch / 10 epochs
    3.4014 iters/sec. Estimated time to finish: 14:55:36.692445.
[4A[J     total [####..............................................]  8.74%
this epoch [###########################################.......] 87.42%
     17500 iter, 0 epoch / 10 epochs
    3.4008 iters/sec. Estimated time to finish: 14:55:17.900292.
[4A[J     total [####..............................................]  8.79%
this epoch [###########################################.......] 87.92%
     17600 iter, 0 epoch / 10 epochs
    3.4005 iters/sec. Estimated time to finish: 14:54:52.279641.
[4A[J     total [####..............................................]  8.84%
this epoch [############################################......] 88.42%
     17700 iter, 0 epoch / 10 epochs
    3.3999 iters/sec. Estimated time to finish: 14:54:33.115100.
[4A[J     total [####..............................................]  8.89%
this epoch [############################################......] 88.92%
     17800 iter, 0 epoch / 10 epochs
    3.4008 iters/sec. Estimated time to finish: 14:53:48.608667.
[4A[J     total [####..............................................]  8.94%
this epoch [############################################......] 89.42%
     17900 iter, 0 epoch / 10 epochs
    3.4013 iters/sec. Estimated time to finish: 14:53:11.544774.
[4A[J     total [####..............................................]  8.99%
this epoch [############################################......] 89.92%
     18000 iter, 0 epoch / 10 epochs
    3.4008 iters/sec. Estimated time to finish: 14:52:49.964812.
[4A[J     total [####..............................................]  9.04%
this epoch [#############################################.....] 90.42%
     18100 iter, 0 epoch / 10 epochs
    3.4019 iters/sec. Estimated time to finish: 14:52:03.674804.
[4A[J     total [####..............................................]  9.09%
this epoch [#############################################.....] 90.92%
     18200 iter, 0 epoch / 10 epochs
    3.4018 iters/sec. Estimated time to finish: 14:51:35.762027.
[4A[J     total [####..............................................]  9.14%
this epoch [#############################################.....] 91.42%
     18300 iter, 0 epoch / 10 epochs
    3.4016 iters/sec. Estimated time to finish: 14:51:09.277404.
[4A[J     total [####..............................................]  9.19%
this epoch [#############################################.....] 91.92%
     18400 iter, 0 epoch / 10 epochs
    3.4025 iters/sec. Estimated time to finish: 14:50:26.312660.
[4A[J     total [####..............................................]  9.24%
this epoch [##############################################....] 92.42%
     18500 iter, 0 epoch / 10 epochs
    3.4005 iters/sec. Estimated time to finish: 14:50:27.593002.
[4A[J     total [####..............................................]  9.29%
this epoch [##############################################....] 92.92%
     18600 iter, 0 epoch / 10 epochs
    3.4012 iters/sec. Estimated time to finish: 14:49:47.920482.
[4A[J     total [####..............................................]  9.34%
this epoch [##############################################....] 93.41%
     18700 iter, 0 epoch / 10 epochs
    3.3999 iters/sec. Estimated time to finish: 14:49:39.055064.
[4A[J     total [####..............................................]  9.39%
this epoch [##############################################....] 93.91%
     18800 iter, 0 epoch / 10 epochs
    3.4032 iters/sec. Estimated time to finish: 14:48:18.268337.
[4A[J     total [####..............................................]  9.44%
this epoch [###############################################...] 94.41%
     18900 iter, 0 epoch / 10 epochs
     3.402 iters/sec. Estimated time to finish: 14:48:06.881625.
[4A[J     total [####..............................................]  9.49%
this epoch [###############################################...] 94.91%
     19000 iter, 0 epoch / 10 epochs
    3.4011 iters/sec. Estimated time to finish: 14:47:52.196363.
[4A[J     total [####..............................................]  9.54%
this epoch [###############################################...] 95.41%
     19100 iter, 0 epoch / 10 epochs
    3.3966 iters/sec. Estimated time to finish: 14:48:32.739417.
[4A[J     total [####..............................................]  9.59%
this epoch [###############################################...] 95.91%
     19200 iter, 0 epoch / 10 epochs
    3.3965 iters/sec. Estimated time to finish: 14:48:04.521532.
[4A[J     total [####..............................................]  9.64%
this epoch [################################################..] 96.41%
     19300 iter, 0 epoch / 10 epochs
    3.3956 iters/sec. Estimated time to finish: 14:47:48.971036.
[4A[J     total [####..............................................]  9.69%
this epoch [################################################..] 96.91%
     19400 iter, 0 epoch / 10 epochs
    3.3955 iters/sec. Estimated time to finish: 14:47:22.394947.
[4A[J     total [####..............................................]  9.74%
this epoch [################################################..] 97.41%
     19500 iter, 0 epoch / 10 epochs
    3.3946 iters/sec. Estimated time to finish: 14:47:06.703826.
[4A[J     total [####..............................................]  9.79%
this epoch [################################################..] 97.91%
     19600 iter, 0 epoch / 10 epochs
     3.395 iters/sec. Estimated time to finish: 14:46:30.234831.
[4A[J     total [####..............................................]  9.84%
this epoch [#################################################.] 98.41%
     19700 iter, 0 epoch / 10 epochs
    3.3949 iters/sec. Estimated time to finish: 14:46:03.286100.
[4A[J     total [####..............................................]  9.89%
this epoch [#################################################.] 98.91%
     19800 iter, 0 epoch / 10 epochs
    3.3949 iters/sec. Estimated time to finish: 14:45:33.372610.
[4A[J     total [####..............................................]  9.94%
this epoch [#################################################.] 99.41%
     19900 iter, 0 epoch / 10 epochs
     3.394 iters/sec. Estimated time to finish: 14:45:17.476719.
[4A[J     total [####..............................................]  9.99%
this epoch [#################################################.] 99.91%
     20000 iter, 0 epoch / 10 epochs
    3.3951 iters/sec. Estimated time to finish: 14:44:31.624617.
[4A[J1           6.90878                           0.000995929                              6169.41       
[J     total [#####.............................................] 10.04%
this epoch [..................................................]  0.41%
     20100 iter, 1 epoch / 10 epochs
    3.3932 iters/sec. Estimated time to finish: 14:44:31.297310.
[4A[J     total [#####.............................................] 10.09%
this epoch [..................................................]  0.91%
     20200 iter, 1 epoch / 10 epochs
    3.3951 iters/sec. Estimated time to finish: 14:43:32.585530.
[4A[J     total [#####.............................................] 10.14%
this epoch [..................................................]  1.41%
     20300 iter, 1 epoch / 10 epochs
    3.3941 iters/sec. Estimated time to finish: 14:43:19.239785.
[4A[J     total [#####.............................................] 10.19%
this epoch [..................................................]  1.91%
     20400 iter, 1 epoch / 10 epochs
    3.3956 iters/sec. Estimated time to finish: 14:42:26.429715.
[4A[J     total [#####.............................................] 10.24%
this epoch [#.................................................]  2.41%
     20500 iter, 1 epoch / 10 epochs
    3.3945 iters/sec. Estimated time to finish: 14:42:13.692187.
[4A[J     total [#####.............................................] 10.29%
this epoch [#.................................................]  2.91%
     20600 iter, 1 epoch / 10 epochs
    3.3965 iters/sec. Estimated time to finish: 14:41:12.355853.
[4A[J     total [#####.............................................] 10.34%
this epoch [#.................................................]  3.41%
     20700 iter, 1 epoch / 10 epochs
    3.3943 iters/sec. Estimated time to finish: 14:41:18.179983.
[4A[J     total [#####.............................................] 10.39%
this epoch [#.................................................]  3.91%
     20800 iter, 1 epoch / 10 epochs
    3.3946 iters/sec. Estimated time to finish: 14:40:43.714359.
[4A[J     total [#####.............................................] 10.44%
this epoch [##................................................]  4.40%
     20900 iter, 1 epoch / 10 epochs
    3.3949 iters/sec. Estimated time to finish: 14:40:09.844501.
[4A[J     total [#####.............................................] 10.49%
this epoch [##................................................]  4.90%
     21000 iter, 1 epoch / 10 epochs
     3.394 iters/sec. Estimated time to finish: 14:39:53.497191.
[4A[J     total [#####.............................................] 10.54%
this epoch [##................................................]  5.40%
     21100 iter, 1 epoch / 10 epochs
    3.3949 iters/sec. Estimated time to finish: 14:39:10.056698.
[4A[J     total [#####.............................................] 10.59%
this epoch [##................................................]  5.90%
     21200 iter, 1 epoch / 10 epochs
    3.3957 iters/sec. Estimated time to finish: 14:38:28.502342.
[4A[J     total [#####.............................................] 10.64%
this epoch [###...............................................]  6.40%
     21300 iter, 1 epoch / 10 epochs
    3.3961 iters/sec. Estimated time to finish: 14:37:52.345125.
[4A[J     total [#####.............................................] 10.69%
this epoch [###...............................................]  6.90%
     21400 iter, 1 epoch / 10 epochs
    3.3951 iters/sec. Estimated time to finish: 14:37:39.021572.
[4A[J     total [#####.............................................] 10.74%
this epoch [###...............................................]  7.40%
     21500 iter, 1 epoch / 10 epochs
    3.3963 iters/sec. Estimated time to finish: 14:36:51.283254.
[4A[J     total [#####.............................................] 10.79%
this epoch [###...............................................]  7.90%
     21600 iter, 1 epoch / 10 epochs
    3.3959 iters/sec. Estimated time to finish: 14:36:28.138789.
[4A[J     total [#####.............................................] 10.84%
this epoch [####..............................................]  8.40%
     21700 iter, 1 epoch / 10 epochs
    3.3962 iters/sec. Estimated time to finish: 14:35:53.957188.
[4A[J     total [#####.............................................] 10.89%
this epoch [####..............................................]  8.90%
     21800 iter, 1 epoch / 10 epochs
     3.396 iters/sec. Estimated time to finish: 14:35:26.761176.
[4A[J     total [#####.............................................] 10.94%
this epoch [####..............................................]  9.40%
     21900 iter, 1 epoch / 10 epochs
     3.396 iters/sec. Estimated time to finish: 14:34:57.560393.
[4A[J     total [#####.............................................] 10.99%
this epoch [####..............................................]  9.90%
     22000 iter, 1 epoch / 10 epochs
    3.3963 iters/sec. Estimated time to finish: 14:34:23.512175.
[4A[J     total [#####.............................................] 11.04%
this epoch [#####.............................................] 10.40%
     22100 iter, 1 epoch / 10 epochs
    3.3906 iters/sec. Estimated time to finish: 14:35:22.123604.
[4A[J     total [#####.............................................] 11.09%
this epoch [#####.............................................] 10.90%
     22200 iter, 1 epoch / 10 epochs
    3.3902 iters/sec. Estimated time to finish: 14:34:59.871568.
[4A[J     total [#####.............................................] 11.14%
this epoch [#####.............................................] 11.40%
     22300 iter, 1 epoch / 10 epochs
    3.3903 iters/sec. Estimated time to finish: 14:34:28.700459.
[4A[J     total [#####.............................................] 11.19%
this epoch [#####.............................................] 11.90%
     22400 iter, 1 epoch / 10 epochs
    3.3908 iters/sec. Estimated time to finish: 14:33:51.565058.
[4A[J     total [#####.............................................] 11.24%
this epoch [######............................................] 12.40%
     22500 iter, 1 epoch / 10 epochs
      3.39 iters/sec. Estimated time to finish: 14:33:33.999253.
[4A[J     total [#####.............................................] 11.29%
this epoch [######............................................] 12.90%
     22600 iter, 1 epoch / 10 epochs
    3.3901 iters/sec. Estimated time to finish: 14:33:03.097669.
[4A[J     total [#####.............................................] 11.34%
this epoch [######............................................] 13.40%
     22700 iter, 1 epoch / 10 epochs
    3.3899 iters/sec. Estimated time to finish: 14:32:36.761070.
[4A[J     total [#####.............................................] 11.39%
this epoch [######............................................] 13.90%
     22800 iter, 1 epoch / 10 epochs
     3.389 iters/sec. Estimated time to finish: 14:32:20.821838.
[4A[J     total [#####.............................................] 11.44%
this epoch [#######...........................................] 14.40%
     22900 iter, 1 epoch / 10 epochs
    3.3912 iters/sec. Estimated time to finish: 14:31:16.851051.
[4A[J     total [#####.............................................] 11.49%
this epoch [#######...........................................] 14.90%
     23000 iter, 1 epoch / 10 epochs
     3.393 iters/sec. Estimated time to finish: 14:30:20.268250.
[4A[J     total [#####.............................................] 11.54%
this epoch [#######...........................................] 15.39%
     23100 iter, 1 epoch / 10 epochs
    3.3917 iters/sec. Estimated time to finish: 14:30:11.042296.
[4A[J     total [#####.............................................] 11.59%
this epoch [#######...........................................] 15.89%
     23200 iter, 1 epoch / 10 epochs
    3.3906 iters/sec. Estimated time to finish: 14:29:58.013313.
[4A[J     total [#####.............................................] 11.64%
this epoch [########..........................................] 16.39%
     23300 iter, 1 epoch / 10 epochs
     3.391 iters/sec. Estimated time to finish: 14:29:22.276853.
[4A[J     total [#####.............................................] 11.69%
this epoch [########..........................................] 16.89%
     23400 iter, 1 epoch / 10 epochs
    3.3911 iters/sec. Estimated time to finish: 14:28:51.633744.
[4A[J     total [#####.............................................] 11.74%
this epoch [########..........................................] 17.39%
     23500 iter, 1 epoch / 10 epochs
    3.3912 iters/sec. Estimated time to finish: 14:28:20.986479.
[4A[J     total [#####.............................................] 11.79%
this epoch [########..........................................] 17.89%
     23600 iter, 1 epoch / 10 epochs
    3.3902 iters/sec. Estimated time to finish: 14:28:05.500929.
[4A[J     total [#####.............................................] 11.84%
this epoch [#########.........................................] 18.39%
     23700 iter, 1 epoch / 10 epochs
      3.39 iters/sec. Estimated time to finish: 14:27:40.086167.
[4A[J     total [#####.............................................] 11.89%
this epoch [#########.........................................] 18.89%
     23800 iter, 1 epoch / 10 epochs
    3.3924 iters/sec. Estimated time to finish: 14:26:33.043728.
[4A[J     total [#####.............................................] 11.94%
this epoch [#########.........................................] 19.39%
     23900 iter, 1 epoch / 10 epochs
    3.3917 iters/sec. Estimated time to finish: 14:26:14.285434.
[4A[J     total [#####.............................................] 11.99%
this epoch [#########.........................................] 19.89%
     24000 iter, 1 epoch / 10 epochs
    3.3909 iters/sec. Estimated time to finish: 14:25:58.068742.
[4A[J     total [######............................................] 12.04%
this epoch [##########........................................] 20.39%
     24100 iter, 1 epoch / 10 epochs
    3.3923 iters/sec. Estimated time to finish: 14:25:05.949475.
[4A[J     total [######............................................] 12.09%
this epoch [##########........................................] 20.89%
     24200 iter, 1 epoch / 10 epochs
    3.3916 iters/sec. Estimated time to finish: 14:24:47.149561.
[4A[J     total [######............................................] 12.14%
this epoch [##########........................................] 21.39%
     24300 iter, 1 epoch / 10 epochs
    3.3909 iters/sec. Estimated time to finish: 14:24:29.321681.
[4A[J     total [######............................................] 12.19%
this epoch [##########........................................] 21.89%
     24400 iter, 1 epoch / 10 epochs
    3.3925 iters/sec. Estimated time to finish: 14:23:35.175904.
[4A[J     total [######............................................] 12.24%
this epoch [###########.......................................] 22.39%
     24500 iter, 1 epoch / 10 epochs
    3.3915 iters/sec. Estimated time to finish: 14:23:21.140769.
[4A[J     total [######............................................] 12.29%
this epoch [###########.......................................] 22.89%
     24600 iter, 1 epoch / 10 epochs
    3.3915 iters/sec. Estimated time to finish: 14:22:50.699196.
[4A[J     total [######............................................] 12.34%
this epoch [###########.......................................] 23.39%
     24700 iter, 1 epoch / 10 epochs
    3.3911 iters/sec. Estimated time to finish: 14:22:27.896393.
[4A[J     total [######............................................] 12.39%
this epoch [###########.......................................] 23.89%
     24800 iter, 1 epoch / 10 epochs
    3.3937 iters/sec. Estimated time to finish: 14:21:19.200037.
[4A[J     total [######............................................] 12.44%
this epoch [############......................................] 24.39%
     24900 iter, 1 epoch / 10 epochs
    3.3939 iters/sec. Estimated time to finish: 14:20:45.674797.
[4A[J     total [######............................................] 12.49%
this epoch [############......................................] 24.89%
     25000 iter, 1 epoch / 10 epochs
    3.3923 iters/sec. Estimated time to finish: 14:20:40.475328.
[4A[J     total [######............................................] 12.54%
this epoch [############......................................] 25.39%
     25100 iter, 1 epoch / 10 epochs
    3.3928 iters/sec. Estimated time to finish: 14:20:03.892547.
[4A[J     total [######............................................] 12.59%
this epoch [############......................................] 25.89%
     25200 iter, 1 epoch / 10 epochs
    3.3925 iters/sec. Estimated time to finish: 14:19:38.883406.
[4A[J     total [######............................................] 12.64%
this epoch [#############.....................................] 26.38%
     25300 iter, 1 epoch / 10 epochs
    3.3944 iters/sec. Estimated time to finish: 14:18:40.682464.
[4A[J     total [######............................................] 12.69%
this epoch [#############.....................................] 26.88%
     25400 iter, 1 epoch / 10 epochs
    3.3949 iters/sec. Estimated time to finish: 14:18:04.073128.
[4A[J     total [######............................................] 12.74%
this epoch [#############.....................................] 27.38%
     25500 iter, 1 epoch / 10 epochs
    3.3944 iters/sec. Estimated time to finish: 14:17:41.349893.
[4A[J     total [######............................................] 12.79%
this epoch [#############.....................................] 27.88%
     25600 iter, 1 epoch / 10 epochs
    3.3938 iters/sec. Estimated time to finish: 14:17:22.147298.
[4A[J     total [######............................................] 12.84%
this epoch [##############....................................] 28.38%
     25700 iter, 1 epoch / 10 epochs
    3.3952 iters/sec. Estimated time to finish: 14:16:30.422335.
[4A[J     total [######............................................] 12.89%
this epoch [##############....................................] 28.88%
     25800 iter, 1 epoch / 10 epochs
    3.3943 iters/sec. Estimated time to finish: 14:16:15.328122.
[4A[J     total [######............................................] 12.94%
this epoch [##############....................................] 29.38%
     25900 iter, 1 epoch / 10 epochs
    3.3955 iters/sec. Estimated time to finish: 14:15:28.077249.
[4A[J     total [######............................................] 12.99%
this epoch [##############....................................] 29.88%
     26000 iter, 1 epoch / 10 epochs
     3.394 iters/sec. Estimated time to finish: 14:15:20.191046.
[4A[J     total [######............................................] 13.04%
this epoch [###############...................................] 30.38%
     26100 iter, 1 epoch / 10 epochs
    3.3965 iters/sec. Estimated time to finish: 14:14:13.648735.
[4A[J     total [######............................................] 13.09%
this epoch [###############...................................] 30.88%
     26200 iter, 1 epoch / 10 epochs
    3.3951 iters/sec. Estimated time to finish: 14:14:05.443503.
[4A[J     total [######............................................] 13.14%
this epoch [###############...................................] 31.38%
     26300 iter, 1 epoch / 10 epochs
    3.3953 iters/sec. Estimated time to finish: 14:13:32.545583.
[4A[J     total [######............................................] 13.19%
this epoch [###############...................................] 31.88%
     26400 iter, 1 epoch / 10 epochs
    3.3948 iters/sec. Estimated time to finish: 14:13:10.503455.
[4A[J     total [######............................................] 13.24%
this epoch [################..................................] 32.38%
     26500 iter, 1 epoch / 10 epochs
    3.3953 iters/sec. Estimated time to finish: 14:12:34.239963.
[4A[J     total [######............................................] 13.29%
this epoch [################..................................] 32.88%
     26600 iter, 1 epoch / 10 epochs
    3.3949 iters/sec. Estimated time to finish: 14:12:10.734344.
[4A[J     total [######............................................] 13.34%
this epoch [################..................................] 33.38%
     26700 iter, 1 epoch / 10 epochs
    3.3962 iters/sec. Estimated time to finish: 14:11:21.024896.
[4A[J     total [######............................................] 13.39%
this epoch [################..................................] 33.88%
     26800 iter, 1 epoch / 10 epochs
    3.3953 iters/sec. Estimated time to finish: 14:11:06.086073.
[4A[J     total [######............................................] 13.44%
this epoch [#################.................................] 34.38%
     26900 iter, 1 epoch / 10 epochs
    3.3967 iters/sec. Estimated time to finish: 14:10:15.423253.
[4A[J     total [######............................................] 13.49%
this epoch [#################.................................] 34.88%
     27000 iter, 1 epoch / 10 epochs
    3.3972 iters/sec. Estimated time to finish: 14:09:38.620688.
[4A[J     total [######............................................] 13.54%
this epoch [#################.................................] 35.38%
     27100 iter, 1 epoch / 10 epochs
    3.3964 iters/sec. Estimated time to finish: 14:09:21.047462.
[4A[J     total [######............................................] 13.59%
this epoch [#################.................................] 35.88%
     27200 iter, 1 epoch / 10 epochs
    3.3969 iters/sec. Estimated time to finish: 14:08:43.962566.
[4A[J     total [######............................................] 13.64%
this epoch [##################................................] 36.38%
     27300 iter, 1 epoch / 10 epochs
    3.3956 iters/sec. Estimated time to finish: 14:08:33.012922.
[4A[J     total [######............................................] 13.69%
this epoch [##################................................] 36.88%
     27400 iter, 1 epoch / 10 epochs
    3.3971 iters/sec. Estimated time to finish: 14:07:42.391519.
[4A[J     total [######............................................] 13.74%
this epoch [##################................................] 37.37%
     27500 iter, 1 epoch / 10 epochs
    3.3962 iters/sec. Estimated time to finish: 14:07:25.286331.
[4A[J     total [######............................................] 13.79%
this epoch [##################................................] 37.87%
     27600 iter, 1 epoch / 10 epochs
    3.3977 iters/sec. Estimated time to finish: 14:06:33.469397.
[4A[J     total [######............................................] 13.84%
this epoch [###################...............................] 38.37%
     27700 iter, 1 epoch / 10 epochs
    3.3969 iters/sec. Estimated time to finish: 14:06:15.834387.
[4A[J     total [######............................................] 13.89%
this epoch [###################...............................] 38.87%
     27800 iter, 1 epoch / 10 epochs
    3.3964 iters/sec. Estimated time to finish: 14:05:53.751702.
[4A[J     total [######............................................] 13.94%
this epoch [###################...............................] 39.37%
     27900 iter, 1 epoch / 10 epochs
    3.3957 iters/sec. Estimated time to finish: 14:05:36.203533.
[4A[J     total [######............................................] 13.99%
this epoch [###################...............................] 39.87%
     28000 iter, 1 epoch / 10 epochs
     3.397 iters/sec. Estimated time to finish: 14:04:47.159043.
[4A[J     total [#######...........................................] 14.04%
this epoch [####################..............................] 40.37%
     28100 iter, 1 epoch / 10 epochs
    3.3961 iters/sec. Estimated time to finish: 14:04:30.585560.
[4A[J     total [#######...........................................] 14.09%
this epoch [####################..............................] 40.87%
     28200 iter, 1 epoch / 10 epochs
    3.3961 iters/sec. Estimated time to finish: 14:04:01.546778.
[4A[J     total [#######...........................................] 14.14%
this epoch [####################..............................] 41.37%
     28300 iter, 1 epoch / 10 epochs
    3.3959 iters/sec. Estimated time to finish: 14:03:34.157199.
[4A[J     total [#######...........................................] 14.19%
this epoch [####################..............................] 41.87%
     28400 iter, 1 epoch / 10 epochs
    3.3966 iters/sec. Estimated time to finish: 14:02:54.263498.
[4A[J     total [#######...........................................] 14.24%
this epoch [#####################.............................] 42.37%
     28500 iter, 1 epoch / 10 epochs
    3.3956 iters/sec. Estimated time to finish: 14:02:40.192288.
[4A[J     total [#######...........................................] 14.29%
this epoch [#####################.............................] 42.87%
     28600 iter, 1 epoch / 10 epochs
    3.3958 iters/sec. Estimated time to finish: 14:02:07.647339.
[4A[J     total [#######...........................................] 14.34%
this epoch [#####################.............................] 43.37%
     28700 iter, 1 epoch / 10 epochs
    3.3949 iters/sec. Estimated time to finish: 14:01:52.384745.
[4A[J     total [#######...........................................] 14.39%
this epoch [#####################.............................] 43.87%
     28800 iter, 1 epoch / 10 epochs
     3.396 iters/sec. Estimated time to finish: 14:01:06.062885.
[4A[J     total [#######...........................................] 14.44%
this epoch [######################............................] 44.37%
     28900 iter, 1 epoch / 10 epochs
    3.3968 iters/sec. Estimated time to finish: 14:00:24.422424.
[4A[J     total [#######...........................................] 14.49%
this epoch [######################............................] 44.87%
     29000 iter, 1 epoch / 10 epochs
    3.4006 iters/sec. Estimated time to finish: 13:58:58.566963.
[4A[J     total [#######...........................................] 14.54%
this epoch [######################............................] 45.37%
     29100 iter, 1 epoch / 10 epochs
    3.4018 iters/sec. Estimated time to finish: 13:58:12.301857.
[4A[J     total [#######...........................................] 14.59%
this epoch [######################............................] 45.87%
     29200 iter, 1 epoch / 10 epochs
     3.401 iters/sec. Estimated time to finish: 13:57:53.487966.
[4A[J     total [#######...........................................] 14.64%
this epoch [#######################...........................] 46.37%
     29300 iter, 1 epoch / 10 epochs
    3.4019 iters/sec. Estimated time to finish: 13:57:11.364823.
[4A[J     total [#######...........................................] 14.69%
this epoch [#######################...........................] 46.87%
     29400 iter, 1 epoch / 10 epochs
    3.4028 iters/sec. Estimated time to finish: 13:56:29.049861.
[4A[J     total [#######...........................................] 14.74%
this epoch [#######################...........................] 47.37%
     29500 iter, 1 epoch / 10 epochs
    3.4008 iters/sec. Estimated time to finish: 13:56:29.175906.
[4A[J     total [#######...........................................] 14.79%
this epoch [#######################...........................] 47.87%
     29600 iter, 1 epoch / 10 epochs
    3.4028 iters/sec. Estimated time to finish: 13:55:30.726563.
[4A[J     total [#######...........................................] 14.84%
this epoch [########################..........................] 48.36%
     29700 iter, 1 epoch / 10 epochs
    3.4021 iters/sec. Estimated time to finish: 13:55:11.443898.
[4A[J     total [#######...........................................] 14.89%
this epoch [########################..........................] 48.86%
     29800 iter, 1 epoch / 10 epochs
    3.4027 iters/sec. Estimated time to finish: 13:54:32.019755.
[4A[J     total [#######...........................................] 14.94%
this epoch [########################..........................] 49.36%
     29900 iter, 1 epoch / 10 epochs
    3.4021 iters/sec. Estimated time to finish: 13:54:11.527441.
[4A[J     total [#######...........................................] 14.99%
this epoch [########################..........................] 49.86%
     30000 iter, 1 epoch / 10 epochs
     3.403 iters/sec. Estimated time to finish: 13:53:30.106280.
[4A[J     total [#######...........................................] 15.04%
this epoch [#########################.........................] 50.36%
     30100 iter, 1 epoch / 10 epochs
    3.4026 iters/sec. Estimated time to finish: 13:53:05.648169.
[4A[J     total [#######...........................................] 15.09%
this epoch [#########################.........................] 50.86%
     30200 iter, 1 epoch / 10 epochs
    3.4026 iters/sec. Estimated time to finish: 13:52:36.397924.
[4A[J     total [#######...........................................] 15.14%
this epoch [#########################.........................] 51.36%
     30300 iter, 1 epoch / 10 epochs
    3.4001 iters/sec. Estimated time to finish: 13:52:44.244112.
[4A[J     total [#######...........................................] 15.19%
this epoch [#########################.........................] 51.86%
     30400 iter, 1 epoch / 10 epochs
    3.4016 iters/sec. Estimated time to finish: 13:51:52.425681.
[4A[J     total [#######...........................................] 15.24%
this epoch [##########################........................] 52.36%
     30500 iter, 1 epoch / 10 epochs
    3.3995 iters/sec. Estimated time to finish: 13:51:54.508056.
[4A[J     total [#######...........................................] 15.29%
this epoch [##########################........................] 52.86%
     30600 iter, 1 epoch / 10 epochs
    3.4001 iters/sec. Estimated time to finish: 13:51:16.265500.
[4A[J     total [#######...........................................] 15.34%
this epoch [##########################........................] 53.36%
     30700 iter, 1 epoch / 10 epochs
    3.4004 iters/sec. Estimated time to finish: 13:50:41.537965.
[4A[J     total [#######...........................................] 15.39%
this epoch [##########################........................] 53.86%
     30800 iter, 1 epoch / 10 epochs
    3.3988 iters/sec. Estimated time to finish: 13:50:35.502192.
[4A[J     total [#######...........................................] 15.44%
this epoch [###########################.......................] 54.36%
     30900 iter, 1 epoch / 10 epochs
    3.3997 iters/sec. Estimated time to finish: 13:49:52.702287.
[4A[J     total [#######...........................................] 15.49%
this epoch [###########################.......................] 54.86%
     31000 iter, 1 epoch / 10 epochs
    3.4007 iters/sec. Estimated time to finish: 13:49:09.230230.
[4A[J     total [#######...........................................] 15.54%
this epoch [###########################.......................] 55.36%
     31100 iter, 1 epoch / 10 epochs
    3.3993 iters/sec. Estimated time to finish: 13:48:59.792365.
[4A[J     total [#######...........................................] 15.59%
this epoch [###########################.......................] 55.86%
     31200 iter, 1 epoch / 10 epochs
    3.3987 iters/sec. Estimated time to finish: 13:48:39.466845.
[4A[J     total [#######...........................................] 15.64%
this epoch [############################......................] 56.36%
     31300 iter, 1 epoch / 10 epochs
    3.3995 iters/sec. Estimated time to finish: 13:47:59.166614.
[4A[J     total [#######...........................................] 15.69%
this epoch [############################......................] 56.86%
     31400 iter, 1 epoch / 10 epochs
    3.3993 iters/sec. Estimated time to finish: 13:47:31.857966.
[4A[J     total [#######...........................................] 15.74%
this epoch [############################......................] 57.36%
     31500 iter, 1 epoch / 10 epochs
    3.4014 iters/sec. Estimated time to finish: 13:46:32.694817.
[4A[J     total [#######...........................................] 15.79%
this epoch [############################......................] 57.86%
     31600 iter, 1 epoch / 10 epochs
    3.4013 iters/sec. Estimated time to finish: 13:46:04.008597.
[4A[J     total [#######...........................................] 15.84%
this epoch [#############################.....................] 58.36%
     31700 iter, 1 epoch / 10 epochs
    3.4002 iters/sec. Estimated time to finish: 13:45:50.769313.
[4A[J     total [#######...........................................] 15.89%
this epoch [#############################.....................] 58.86%
     31800 iter, 1 epoch / 10 epochs
    3.4013 iters/sec. Estimated time to finish: 13:45:04.613719.
[4A[J     total [#######...........................................] 15.94%
this epoch [#############################.....................] 59.35%
     31900 iter, 1 epoch / 10 epochs
    3.4007 iters/sec. Estimated time to finish: 13:44:45.086645.
[4A[J     total [#######...........................................] 15.99%
this epoch [#############################.....................] 59.85%
     32000 iter, 1 epoch / 10 epochs
    3.4066 iters/sec. Estimated time to finish: 13:42:49.630229.
[4A[J     total [########..........................................] 16.04%
this epoch [##############################....................] 60.35%
     32100 iter, 1 epoch / 10 epochs
    3.4059 iters/sec. Estimated time to finish: 13:42:30.557443.
[4A[J     total [########..........................................] 16.09%
this epoch [##############################....................] 60.85%
     32200 iter, 1 epoch / 10 epochs
    3.4049 iters/sec. Estimated time to finish: 13:42:15.144855.
[4A[J     total [########..........................................] 16.14%
this epoch [##############################....................] 61.35%
     32300 iter, 1 epoch / 10 epochs
    3.4064 iters/sec. Estimated time to finish: 13:41:24.396298.
[4A[J     total [########..........................................] 16.19%
this epoch [##############################....................] 61.85%
     32400 iter, 1 epoch / 10 epochs
    3.4062 iters/sec. Estimated time to finish: 13:40:58.461647.
[4A[J     total [########..........................................] 16.24%
this epoch [###############################...................] 62.35%
     32500 iter, 1 epoch / 10 epochs
    3.4067 iters/sec. Estimated time to finish: 13:40:21.411274.
[4A[J     total [########..........................................] 16.29%
this epoch [###############################...................] 62.85%
     32600 iter, 1 epoch / 10 epochs
    3.4074 iters/sec. Estimated time to finish: 13:39:41.333795.
[4A[J     total [########..........................................] 16.34%
this epoch [###############################...................] 63.35%
     32700 iter, 1 epoch / 10 epochs
    3.4068 iters/sec. Estimated time to finish: 13:39:21.634817.
[4A[J     total [########..........................................] 16.39%
this epoch [###############################...................] 63.85%
     32800 iter, 1 epoch / 10 epochs
    3.4075 iters/sec. Estimated time to finish: 13:38:41.160432.
[4A[J     total [########..........................................] 16.44%
this epoch [################################..................] 64.35%
     32900 iter, 1 epoch / 10 epochs
    3.4071 iters/sec. Estimated time to finish: 13:38:18.686805.
[4A[J     total [########..........................................] 16.48%
this epoch [################################..................] 64.85%
     33000 iter, 1 epoch / 10 epochs
    3.4078 iters/sec. Estimated time to finish: 13:37:39.201538.
[4A[J     total [########..........................................] 16.53%
this epoch [################################..................] 65.35%
     33100 iter, 1 epoch / 10 epochs
    3.4075 iters/sec. Estimated time to finish: 13:37:14.275964.
[4A[J     total [########..........................................] 16.58%
this epoch [################################..................] 65.85%
     33200 iter, 1 epoch / 10 epochs
    3.4085 iters/sec. Estimated time to finish: 13:36:30.371964.
[4A[J     total [########..........................................] 16.63%
this epoch [#################################.................] 66.35%
     33300 iter, 1 epoch / 10 epochs
    3.3981 iters/sec. Estimated time to finish: 13:38:29.981597.
[4A[J     total [########..........................................] 16.68%
this epoch [#################################.................] 66.85%
     33400 iter, 1 epoch / 10 epochs
    3.3974 iters/sec. Estimated time to finish: 13:38:10.994378.
[4A[J     total [########..........................................] 16.73%
this epoch [#################################.................] 67.35%
     33500 iter, 1 epoch / 10 epochs
    3.3973 iters/sec. Estimated time to finish: 13:37:42.557858.
[4A[J     total [########..........................................] 16.78%
this epoch [#################################.................] 67.85%
     33600 iter, 1 epoch / 10 epochs
    3.3968 iters/sec. Estimated time to finish: 13:37:21.059696.
[4A[J     total [########..........................................] 16.83%
this epoch [##################################................] 68.35%
     33700 iter, 1 epoch / 10 epochs
    3.3953 iters/sec. Estimated time to finish: 13:37:12.900300.
[4A