No Modulefiles Currently Loaded.
Currently Loaded Modulefiles:
  1) cuda/9.0/9.0.176.4   3) nccl/2.3/2.3.5-2
  2) cudnn/7.3/7.3.1      4) openmpi/2.1.6
Currently Loaded Modulefiles:
  1) cuda/9.0/9.0.176.4   3) nccl/2.3/2.3.5-2
  2) cudnn/7.3/7.3.1      4) openmpi/2.1.6
Currently Loaded Modulefiles:
  1) cuda/9.0/9.0.176.4   3) nccl/2.3/2.3.5-2
  2) cudnn/7.3/7.3.1      4) openmpi/2.1.6
==========================================
Num of GPUs : 16
Model :  vgg
Minibatch-size: 32
Epochs: 10
==========================================
Starting training .....
--------------------------------------------------------------------------
A process has executed an operation involving a call to the
"fork()" system call to create a child process.  Open MPI is currently
operating in a condition that could result in memory corruption or
other system errors; your job may hang, crash, or produce silent
data corruption.  The use of fork() (or system() or other calls that
create child processes) is strongly discouraged.

The process that invoked fork was:

  Local host:          [[60026,1],0] (PID 164016)

If you are *absolutely sure* that your application will successfully
and correctly survive a call to fork(), you may disable this warning
by setting the mpi_warn_on_fork MCA parameter to 0.
--------------------------------------------------------------------------
epoch       main/loss   validation/main/loss  main/accuracy  validation/main/accuracy  elapsed_time
[J     total [..................................................]  0.40%
this epoch [#.................................................]  4.00%
       100 iter, 0 epoch / 10 epochs
       inf iters/sec. Estimated time to finish: 0:00:00.
[4A[J     total [..................................................]  0.80%
this epoch [###...............................................]  7.99%
       200 iter, 0 epoch / 10 epochs
   0.74316 iters/sec. Estimated time to finish: 9:16:41.565123.
[4A[J     total [..................................................]  1.20%
this epoch [#####.............................................] 11.99%
       300 iter, 0 epoch / 10 epochs
    1.1101 iters/sec. Estimated time to finish: 6:11:11.517740.
[4A[J     total [..................................................]  1.60%
this epoch [#######...........................................] 15.99%
       400 iter, 0 epoch / 10 epochs
    1.3277 iters/sec. Estimated time to finish: 5:09:05.392835.
[4A[J     total [..................................................]  2.00%
this epoch [#########.........................................] 19.98%
       500 iter, 0 epoch / 10 epochs
    1.4698 iters/sec. Estimated time to finish: 4:38:04.752162.
[4A[J     total [#.................................................]  2.40%
this epoch [###########.......................................] 23.98%
       600 iter, 0 epoch / 10 epochs
    1.5793 iters/sec. Estimated time to finish: 4:17:44.222699.
[4A[J     total [#.................................................]  2.80%
this epoch [#############.....................................] 27.97%
       700 iter, 0 epoch / 10 epochs
    1.6605 iters/sec. Estimated time to finish: 4:04:07.646770.
[4A[J     total [#.................................................]  3.20%
this epoch [###############...................................] 31.97%
       800 iter, 0 epoch / 10 epochs
    1.7279 iters/sec. Estimated time to finish: 3:53:38.275480.
[4A[J     total [#.................................................]  3.60%
this epoch [#################.................................] 35.97%
       900 iter, 0 epoch / 10 epochs
    1.7795 iters/sec. Estimated time to finish: 3:45:55.722548.
[4A[J     total [#.................................................]  4.00%
this epoch [###################...............................] 39.96%
      1000 iter, 0 epoch / 10 epochs
    1.8233 iters/sec. Estimated time to finish: 3:39:35.488024.
[4A[J     total [##................................................]  4.40%
this epoch [#####################.............................] 43.96%
      1100 iter, 0 epoch / 10 epochs
     1.857 iters/sec. Estimated time to finish: 3:34:42.600524.
[4A[J     total [##................................................]  4.80%
this epoch [#######################...........................] 47.96%
      1200 iter, 0 epoch / 10 epochs
    1.8885 iters/sec. Estimated time to finish: 3:30:14.789463.
[4A[J     total [##................................................]  5.20%
this epoch [#########################.........................] 51.95%
      1300 iter, 0 epoch / 10 epochs
     1.915 iters/sec. Estimated time to finish: 3:26:27.594948.
[4A[J     total [##................................................]  5.59%
this epoch [###########################.......................] 55.95%
      1400 iter, 0 epoch / 10 epochs
    1.9342 iters/sec. Estimated time to finish: 3:23:33.134305.
[4A[J     total [##................................................]  5.99%
this epoch [#############################.....................] 59.95%
      1500 iter, 0 epoch / 10 epochs
    1.9561 iters/sec. Estimated time to finish: 3:20:25.538145.
[4A[J     total [###...............................................]  6.39%
this epoch [###############################...................] 63.94%
      1600 iter, 0 epoch / 10 epochs
    1.9744 iters/sec. Estimated time to finish: 3:17:43.079651.
[4A[J     total [###...............................................]  6.79%
this epoch [#################################.................] 67.94%
      1700 iter, 0 epoch / 10 epochs
    1.9894 iters/sec. Estimated time to finish: 3:15:23.636293.
[4A[J     total [###...............................................]  7.19%
this epoch [###################################...............] 71.93%
      1800 iter, 0 epoch / 10 epochs
    2.0035 iters/sec. Estimated time to finish: 3:13:11.258554.
[4A[J     total [###...............................................]  7.59%
this epoch [#####################################.............] 75.93%
      1900 iter, 0 epoch / 10 epochs
    2.0136 iters/sec. Estimated time to finish: 3:11:23.258710.
[4A[J     total [###...............................................]  7.99%
this epoch [#######################################...........] 79.93%
      2000 iter, 0 epoch / 10 epochs
    2.0243 iters/sec. Estimated time to finish: 3:09:33.114903.
[4A[J     total [####..............................................]  8.39%
this epoch [#########################################.........] 83.92%
      2100 iter, 0 epoch / 10 epochs
    2.0298 iters/sec. Estimated time to finish: 3:08:12.884414.
[4A[J     total [####..............................................]  8.79%
this epoch [###########################################.......] 87.92%
      2200 iter, 0 epoch / 10 epochs
    2.0199 iters/sec. Estimated time to finish: 3:08:18.782484.
[4A[J     total [####..............................................]  9.19%
this epoch [#############################################.....] 91.92%
      2300 iter, 0 epoch / 10 epochs
    2.0137 iters/sec. Estimated time to finish: 3:08:04.223026.
[4A[J     total [####..............................................]  9.59%
this epoch [###############################################...] 95.91%
      2400 iter, 0 epoch / 10 epochs
    2.0119 iters/sec. Estimated time to finish: 3:07:24.383813.
[4A[J     total [####..............................................]  9.99%
this epoch [#################################################.] 99.91%
      2500 iter, 0 epoch / 10 epochs
    2.0005 iters/sec. Estimated time to finish: 3:07:38.809150.
[4A[J1           6.93148                           0.000861466                              1274.5        
[J     total [#####.............................................] 10.39%
this epoch [#.................................................]  3.91%
      2600 iter, 1 epoch / 10 epochs
    1.9976 iters/sec. Estimated time to finish: 3:07:04.828244.
[4A[J     total [#####.............................................] 10.79%
this epoch [###...............................................]  7.90%
      2700 iter, 1 epoch / 10 epochs
    1.9958 iters/sec. Estimated time to finish: 3:06:24.657623.
[4A[J     total [#####.............................................] 11.19%
this epoch [#####.............................................] 11.90%
      2800 iter, 1 epoch / 10 epochs
    1.9966 iters/sec. Estimated time to finish: 3:05:30.117568.
[4A[J     total [#####.............................................] 11.59%
this epoch [#######...........................................] 15.89%
      2900 iter, 1 epoch / 10 epochs
    1.9976 iters/sec. Estimated time to finish: 3:04:34.722452.
[4A[J     total [#####.............................................] 11.99%
this epoch [#########.........................................] 19.89%
      3000 iter, 1 epoch / 10 epochs
    1.9979 iters/sec. Estimated time to finish: 3:03:42.933898.
[4A[J     total [######............................................] 12.39%
this epoch [###########.......................................] 23.89%
      3100 iter, 1 epoch / 10 epochs
     2.004 iters/sec. Estimated time to finish: 3:02:19.763354.
[4A[J     total [######............................................] 12.79%
this epoch [#############.....................................] 27.88%
      3200 iter, 1 epoch / 10 epochs
    2.0105 iters/sec. Estimated time to finish: 3:00:54.377609.
[4A[J     total [######............................................] 13.19%
this epoch [###############...................................] 31.88%
      3300 iter, 1 epoch / 10 epochs
    2.0084 iters/sec. Estimated time to finish: 3:00:16.098240.
[4A[J     total [######............................................] 13.59%
this epoch [#################.................................] 35.88%
      3400 iter, 1 epoch / 10 epochs
    2.0047 iters/sec. Estimated time to finish: 2:59:46.047616.
[4A[J     total [######............................................] 13.99%
this epoch [###################...............................] 39.87%
      3500 iter, 1 epoch / 10 epochs
     2.001 iters/sec. Estimated time to finish: 2:59:15.988195.
[4A[J     total [#######...........................................] 14.39%
this epoch [#####################.............................] 43.87%
      3600 iter, 1 epoch / 10 epochs
     1.997 iters/sec. Estimated time to finish: 2:58:47.649805.
[4A[J     total [#######...........................................] 14.79%
this epoch [#######################...........................] 47.87%
      3700 iter, 1 epoch / 10 epochs
    1.9947 iters/sec. Estimated time to finish: 2:58:09.666087.
[4A[J     total [#######...........................................] 15.19%
this epoch [#########################.........................] 51.86%
      3800 iter, 1 epoch / 10 epochs
    1.9942 iters/sec. Estimated time to finish: 2:57:22.038103.
[4A[J     total [#######...........................................] 15.59%
this epoch [###########################.......................] 55.86%
      3900 iter, 1 epoch / 10 epochs
    1.9907 iters/sec. Estimated time to finish: 2:56:50.605106.
[4A[J     total [#######...........................................] 15.99%
this epoch [#############################.....................] 59.85%
      4000 iter, 1 epoch / 10 epochs
     1.984 iters/sec. Estimated time to finish: 2:56:35.954723.
[4A[J     total [########..........................................] 16.39%
this epoch [###############################...................] 63.85%
      4100 iter, 1 epoch / 10 epochs
    1.9767 iters/sec. Estimated time to finish: 2:56:24.839409.
[4A[J     total [########..........................................] 16.78%
this epoch [#################################.................] 67.85%
      4200 iter, 1 epoch / 10 epochs
    1.9767 iters/sec. Estimated time to finish: 2:55:33.913966.
[4A[J     total [########..........................................] 17.18%
this epoch [###################################...............] 71.84%
      4300 iter, 1 epoch / 10 epochs
    1.9843 iters/sec. Estimated time to finish: 2:54:03.644231.
[4A[J     total [########..........................................] 17.58%
this epoch [#####################################.............] 75.84%
      4400 iter, 1 epoch / 10 epochs
     1.989 iters/sec. Estimated time to finish: 2:52:48.177419.
[4A[J     total [########..........................................] 17.98%
this epoch [#######################################...........] 79.84%
      4500 iter, 1 epoch / 10 epochs
    1.9948 iters/sec. Estimated time to finish: 2:51:27.916211.
[4A[J     total [#########.........................................] 18.38%
this epoch [#########################################.........] 83.83%
      4600 iter, 1 epoch / 10 epochs
    2.0013 iters/sec. Estimated time to finish: 2:50:04.937703.
[4A[J     total [#########.........................................] 18.78%
this epoch [###########################################.......] 87.83%
      4700 iter, 1 epoch / 10 epochs
    2.0031 iters/sec. Estimated time to finish: 2:49:05.611605.
[4A[J     total [#########.........................................] 19.18%
this epoch [#############################################.....] 91.82%
      4800 iter, 1 epoch / 10 epochs
    2.0093 iters/sec. Estimated time to finish: 2:47:44.656273.
[4A[J     total [#########.........................................] 19.58%
this epoch [###############################################...] 95.82%
      4900 iter, 1 epoch / 10 epochs
    2.0143 iters/sec. Estimated time to finish: 2:46:29.778730.
[4A[J     total [#########.........................................] 19.98%
this epoch [#################################################.] 99.82%
      5000 iter, 1 epoch / 10 epochs
    2.0193 iters/sec. Estimated time to finish: 2:45:15.942697.
[4A[J2           6.90674                           0.000886791                              2502.09       
[J     total [##########........................................] 20.38%
this epoch [#.................................................]  3.81%
      5100 iter, 2 epoch / 10 epochs
     2.023 iters/sec. Estimated time to finish: 2:44:08.199469.
[4A[J     total [##########........................................] 20.78%
this epoch [###...............................................]  7.81%
      5200 iter, 2 epoch / 10 epochs
    2.0271 iters/sec. Estimated time to finish: 2:42:59.101292.
[4A[J     total [##########........................................] 21.18%
this epoch [#####.............................................] 11.81%
      5300 iter, 2 epoch / 10 epochs
    2.0325 iters/sec. Estimated time to finish: 2:41:43.655367.
[4A[J     total [##########........................................] 21.58%
this epoch [#######...........................................] 15.80%
      5400 iter, 2 epoch / 10 epochs
    2.0369 iters/sec. Estimated time to finish: 2:40:33.463781.
[4A[J     total [##########........................................] 21.98%
this epoch [#########.........................................] 19.80%
      5500 iter, 2 epoch / 10 epochs
    2.0411 iters/sec. Estimated time to finish: 2:39:24.679272.
[4A[J     total [###########.......................................] 22.38%
this epoch [###########.......................................] 23.80%
      5600 iter, 2 epoch / 10 epochs
    2.0425 iters/sec. Estimated time to finish: 2:38:29.442668.
[4A[J     total [###########.......................................] 22.78%
this epoch [#############.....................................] 27.79%
      5700 iter, 2 epoch / 10 epochs
    2.0457 iters/sec. Estimated time to finish: 2:37:25.561192.
[4A[J     total [###########.......................................] 23.18%
this epoch [###############...................................] 31.79%
      5800 iter, 2 epoch / 10 epochs
    2.0473 iters/sec. Estimated time to finish: 2:36:29.171134.
[4A[J     total [###########.......................................] 23.58%
this epoch [#################.................................] 35.78%
      5900 iter, 2 epoch / 10 epochs
    2.0506 iters/sec. Estimated time to finish: 2:35:25.575119.
[4A[J     total [###########.......................................] 23.98%
this epoch [###################...............................] 39.78%
      6000 iter, 2 epoch / 10 epochs
    2.0516 iters/sec. Estimated time to finish: 2:34:32.197308.
[4A[J     total [############......................................] 24.38%
this epoch [#####################.............................] 43.78%
      6100 iter, 2 epoch / 10 epochs
     2.054 iters/sec. Estimated time to finish: 2:33:32.538519.
[4A[J     total [############......................................] 24.78%
this epoch [#######################...........................] 47.77%
      6200 iter, 2 epoch / 10 epochs
     2.056 iters/sec. Estimated time to finish: 2:32:35.074432.
[4A[J     total [############......................................] 25.18%
this epoch [#########################.........................] 51.77%
      6300 iter, 2 epoch / 10 epochs
    2.0577 iters/sec. Estimated time to finish: 2:31:38.969651.
[4A[J     total [############......................................] 25.58%
this epoch [###########################.......................] 55.77%
      6400 iter, 2 epoch / 10 epochs
    2.0591 iters/sec. Estimated time to finish: 2:30:44.060695.
[4A[J     total [############......................................] 25.98%
this epoch [#############################.....................] 59.76%
      6500 iter, 2 epoch / 10 epochs
    2.0617 iters/sec. Estimated time to finish: 2:29:44.133158.
[4A[J     total [#############.....................................] 26.38%
this epoch [###############################...................] 63.76%
      6600 iter, 2 epoch / 10 epochs
    2.0631 iters/sec. Estimated time to finish: 2:28:49.634811.
[4A[J     total [#############.....................................] 26.78%
this epoch [#################################.................] 67.76%
      6700 iter, 2 epoch / 10 epochs
    2.0652 iters/sec. Estimated time to finish: 2:27:52.354813.
[4A[J     total [#############.....................................] 27.18%
this epoch [###################################...............] 71.75%
      6800 iter, 2 epoch / 10 epochs
    2.0668 iters/sec. Estimated time to finish: 2:26:57.107848.
[4A[J     total [#############.....................................] 27.57%
this epoch [#####################################.............] 75.75%
      6900 iter, 2 epoch / 10 epochs
    2.0683 iters/sec. Estimated time to finish: 2:26:02.292510.
[4A[J     total [#############.....................................] 27.97%
this epoch [#######################################...........] 79.74%
      7000 iter, 2 epoch / 10 epochs
    2.0704 iters/sec. Estimated time to finish: 2:25:04.935375.
[4A[J     total [##############....................................] 28.37%
this epoch [#########################################.........] 83.74%
      7100 iter, 2 epoch / 10 epochs
    2.0716 iters/sec. Estimated time to finish: 2:24:11.703535.
[4A[J     total [##############....................................] 28.77%
this epoch [###########################################.......] 87.74%
      7200 iter, 2 epoch / 10 epochs
    2.0732 iters/sec. Estimated time to finish: 2:23:16.578341.
[4A[J     total [##############....................................] 29.17%
this epoch [#############################################.....] 91.73%
      7300 iter, 2 epoch / 10 epochs
    2.0749 iters/sec. Estimated time to finish: 2:22:21.462587.
[4A[J     total [##############....................................] 29.57%
this epoch [###############################################...] 95.73%
      7400 iter, 2 epoch / 10 epochs
    2.0759 iters/sec. Estimated time to finish: 2:21:29.127246.
[4A[J     total [##############....................................] 29.97%
this epoch [#################################################.] 99.73%
      7500 iter, 2 epoch / 10 epochs
    2.0779 iters/sec. Estimated time to finish: 2:20:32.776102.
[4A[J3           6.90664                           0.000899281                              3637.76       
[J     total [###############...................................] 30.37%
this epoch [#.................................................]  3.72%
      7600 iter, 3 epoch / 10 epochs
    2.0784 iters/sec. Estimated time to finish: 2:19:42.685936.
[4A[J     total [###############...................................] 30.77%
this epoch [###...............................................]  7.72%
      7700 iter, 3 epoch / 10 epochs
    2.0789 iters/sec. Estimated time to finish: 2:18:52.730879.
[4A[J     total [###############...................................] 31.17%
this epoch [#####.............................................] 11.72%
      7800 iter, 3 epoch / 10 epochs
    2.0808 iters/sec. Estimated time to finish: 2:17:57.035560.
[4A[J     total [###############...................................] 31.57%
this epoch [#######...........................................] 15.71%
      7900 iter, 3 epoch / 10 epochs
    2.0816 iters/sec. Estimated time to finish: 2:17:05.912642.
[4A[J     total [###############...................................] 31.97%
this epoch [#########.........................................] 19.71%
      8000 iter, 3 epoch / 10 epochs
    2.0835 iters/sec. Estimated time to finish: 2:16:10.136224.
[4A[J     total [################..................................] 32.37%
this epoch [###########.......................................] 23.70%
      8100 iter, 3 epoch / 10 epochs
    2.0849 iters/sec. Estimated time to finish: 2:15:16.655188.
[4A[J     total [################..................................] 32.77%
this epoch [#############.....................................] 27.70%
      8200 iter, 3 epoch / 10 epochs
    2.0854 iters/sec. Estimated time to finish: 2:14:26.894559.
[4A[J     total [################..................................] 33.17%
this epoch [###############...................................] 31.70%
      8300 iter, 3 epoch / 10 epochs
    2.0865 iters/sec. Estimated time to finish: 2:13:34.636509.
[4A[J     total [################..................................] 33.57%
this epoch [#################.................................] 35.69%
      8400 iter, 3 epoch / 10 epochs
    2.0883 iters/sec. Estimated time to finish: 2:12:40.157701.
[4A[J     total [################..................................] 33.97%
this epoch [###################...............................] 39.69%
      8500 iter, 3 epoch / 10 epochs
     2.089 iters/sec. Estimated time to finish: 2:11:49.615571.
[4A[J     total [#################.................................] 34.37%
this epoch [#####################.............................] 43.69%
      8600 iter, 3 epoch / 10 epochs
    2.0906 iters/sec. Estimated time to finish: 2:10:55.651277.
[4A[J     total [#################.................................] 34.77%
this epoch [#######################...........................] 47.68%
      8700 iter, 3 epoch / 10 epochs
    2.0914 iters/sec. Estimated time to finish: 2:10:04.897654.
[4A[J     total [#################.................................] 35.17%
this epoch [#########################.........................] 51.68%
      8800 iter, 3 epoch / 10 epochs
    2.0923 iters/sec. Estimated time to finish: 2:09:13.601138.
[4A[J     total [#################.................................] 35.57%
this epoch [###########################.......................] 55.68%
      8900 iter, 3 epoch / 10 epochs
    2.0931 iters/sec. Estimated time to finish: 2:08:22.656594.
[4A[J     total [#################.................................] 35.97%
this epoch [#############################.....................] 59.67%
      9000 iter, 3 epoch / 10 epochs
    2.0944 iters/sec. Estimated time to finish: 2:07:30.207766.
[4A[J     total [##################................................] 36.37%
this epoch [###############################...................] 63.67%
      9100 iter, 3 epoch / 10 epochs
    2.0952 iters/sec. Estimated time to finish: 2:06:39.500243.
[4A[J     total [##################................................] 36.77%
this epoch [#################################.................] 67.66%
      9200 iter, 3 epoch / 10 epochs
    2.0957 iters/sec. Estimated time to finish: 2:05:50.148942.
[4A[J     total [##################................................] 37.17%
this epoch [###################################...............] 71.66%
      9300 iter, 3 epoch / 10 epochs
    2.0974 iters/sec. Estimated time to finish: 2:04:56.482659.
[4A[J     total [##################................................] 37.57%
this epoch [#####################################.............] 75.66%
      9400 iter, 3 epoch / 10 epochs
    2.0978 iters/sec. Estimated time to finish: 2:04:07.385316.
[4A[J     total [##################................................] 37.97%
this epoch [#######################################...........] 79.65%
      9500 iter, 3 epoch / 10 epochs
    2.0989 iters/sec. Estimated time to finish: 2:03:15.841599.
[4A[J     total [###################...............................] 38.36%
this epoch [#########################################.........] 83.65%
      9600 iter, 3 epoch / 10 epochs
    2.1003 iters/sec. Estimated time to finish: 2:02:23.028963.
[4A[J     total [###################...............................] 38.76%
this epoch [###########################################.......] 87.65%
      9700 iter, 3 epoch / 10 epochs
    2.1005 iters/sec. Estimated time to finish: 2:01:34.905510.
[4A[J     total [###################...............................] 39.16%
this epoch [#############################################.....] 91.64%
      9800 iter, 3 epoch / 10 epochs
    2.1021 iters/sec. Estimated time to finish: 2:00:41.803699.
[4A[J     total [###################...............................] 39.56%
this epoch [###############################################...] 95.64%
      9900 iter, 3 epoch / 10 epochs
    2.1026 iters/sec. Estimated time to finish: 1:59:52.472721.
[4A[J     total [###################...............................] 39.96%
this epoch [#################################################.] 99.64%
     10000 iter, 3 epoch / 10 epochs
    2.1033 iters/sec. Estimated time to finish: 1:59:02.643161.
[4A[J4           6.90674                           0.000824011                              4783.7        
[J     total [####################..............................] 40.36%
this epoch [#.................................................]  3.63%
     10100 iter, 4 epoch / 10 epochs
    2.1436 iters/sec. Estimated time to finish: 1:56:01.695077.
[4A[J     total [####################..............................] 40.76%
this epoch [###...............................................]  7.63%
     10200 iter, 4 epoch / 10 epochs
    2.1436 iters/sec. Estimated time to finish: 1:55:14.783011.
[4A[J     total [####################..............................] 41.16%
this epoch [#####.............................................] 11.62%
     10300 iter, 4 epoch / 10 epochs
    2.1427 iters/sec. Estimated time to finish: 1:54:31.143933.
[4A[J     total [####################..............................] 41.56%
this epoch [#######...........................................] 15.62%
     10400 iter, 4 epoch / 10 epochs
    2.1435 iters/sec. Estimated time to finish: 1:53:41.871698.
[4A[J     total [####################..............................] 41.96%
this epoch [#########.........................................] 19.62%
     10500 iter, 4 epoch / 10 epochs
    2.1428 iters/sec. Estimated time to finish: 1:52:57.507014.
[4A[J     total [#####################.............................] 42.36%
this epoch [###########.......................................] 23.61%
     10600 iter, 4 epoch / 10 epochs
    2.1424 iters/sec. Estimated time to finish: 1:52:12.238307.
[4A[J     total [#####################.............................] 42.76%
this epoch [#############.....................................] 27.61%
     10700 iter, 4 epoch / 10 epochs
    2.1422 iters/sec. Estimated time to finish: 1:51:26.037601.
[4A[J     total [#####################.............................] 43.16%
this epoch [###############...................................] 31.61%
     10800 iter, 4 epoch / 10 epochs
    2.1411 iters/sec. Estimated time to finish: 1:50:42.671865.
[4A[J     total [#####################.............................] 43.56%
this epoch [#################.................................] 35.60%
     10900 iter, 4 epoch / 10 epochs
    2.1401 iters/sec. Estimated time to finish: 1:49:59.141313.
[4A[J     total [#####################.............................] 43.96%
this epoch [###################...............................] 39.60%
     11000 iter, 4 epoch / 10 epochs
    2.1405 iters/sec. Estimated time to finish: 1:49:11.233188.
[4A[J     total [######################............................] 44.36%
this epoch [#####################.............................] 43.60%
     11100 iter, 4 epoch / 10 epochs
    2.1392 iters/sec. Estimated time to finish: 1:48:28.461985.
[4A[J     total [######################............................] 44.76%
this epoch [#######################...........................] 47.59%
     11200 iter, 4 epoch / 10 epochs
    2.1393 iters/sec. Estimated time to finish: 1:47:41.491768.
[4A[J     total [######################............................] 45.16%
this epoch [#########################.........................] 51.59%
     11300 iter, 4 epoch / 10 epochs
    2.1394 iters/sec. Estimated time to finish: 1:46:54.308393.
[4A[J     total [######################............................] 45.56%
this epoch [###########################.......................] 55.58%
     11400 iter, 4 epoch / 10 epochs
    2.1382 iters/sec. Estimated time to finish: 1:46:11.217786.
[4A[J     total [######################............................] 45.96%
this epoch [#############################.....................] 59.58%
     11500 iter, 4 epoch / 10 epochs
    2.1375 iters/sec. Estimated time to finish: 1:45:26.607762.
[4A[J     total [#######################...........................] 46.36%
this epoch [###############################...................] 63.58%
     11600 iter, 4 epoch / 10 epochs
    2.1371 iters/sec. Estimated time to finish: 1:44:40.843007.
[4A[J     total [#######################...........................] 46.76%
this epoch [#################################.................] 67.57%
     11700 iter, 4 epoch / 10 epochs
    2.1367 iters/sec. Estimated time to finish: 1:43:55.351985.
[4A[J     total [#######################...........................] 47.16%
this epoch [###################################...............] 71.57%
     11800 iter, 4 epoch / 10 epochs
    2.1358 iters/sec. Estimated time to finish: 1:43:11.140458.
[4A[J     total [#######################...........................] 47.56%
this epoch [#####################################.............] 75.57%
     11900 iter, 4 epoch / 10 epochs
    2.1355 iters/sec. Estimated time to finish: 1:42:24.990255.
[4A[J     total [#######################...........................] 47.96%
this epoch [#######################################...........] 79.56%
     12000 iter, 4 epoch / 10 epochs
     2.136 iters/sec. Estimated time to finish: 1:41:36.782870.
[4A[J     total [########################..........................] 48.36%
this epoch [#########################################.........] 83.56%
     12100 iter, 4 epoch / 10 epochs
    2.1406 iters/sec. Estimated time to finish: 1:40:37.117683.
[4A[J     total [########################..........................] 48.76%
this epoch [###########################################.......] 87.56%
     12200 iter, 4 epoch / 10 epochs
    2.1438 iters/sec. Estimated time to finish: 1:39:41.451263.
[4A[J     total [########################..........................] 49.16%
this epoch [#############################################.....] 91.55%
     12300 iter, 4 epoch / 10 epochs
    2.1452 iters/sec. Estimated time to finish: 1:38:50.808920.
[4A[J     total [########################..........................] 49.55%
this epoch [###############################################...] 95.55%
     12400 iter, 4 epoch / 10 epochs
    2.1502 iters/sec. Estimated time to finish: 1:37:50.461540.
[4A[J     total [########################..........................] 49.95%
this epoch [#################################################.] 99.54%
     12500 iter, 4 epoch / 10 epochs
    2.1532 iters/sec. Estimated time to finish: 1:36:55.882473.
[4A[J5           6.90676                           0.000799361                              5926.51       
[J     total [#########################.........................] 50.35%
this epoch [#.................................................]  3.54%
     12600 iter, 5 epoch / 10 epochs
    2.1564 iters/sec. Estimated time to finish: 1:36:01.021632.
[4A[J     total [#########################.........................] 50.75%
this epoch [###...............................................]  7.54%
     12700 iter, 5 epoch / 10 epochs
    2.1576 iters/sec. Estimated time to finish: 1:35:11.354296.
[4A[J     total [#########################.........................] 51.15%
this epoch [#####.............................................] 11.53%
     12800 iter, 5 epoch / 10 epochs
    2.1599 iters/sec. Estimated time to finish: 1:34:18.981083.
[4A[J     total [#########################.........................] 51.55%
this epoch [#######...........................................] 15.53%
     12900 iter, 5 epoch / 10 epochs
    2.1612 iters/sec. Estimated time to finish: 1:33:29.336836.
[4A[J     total [#########################.........................] 51.95%
this epoch [#########.........................................] 19.53%
     13000 iter, 5 epoch / 10 epochs
     2.161 iters/sec. Estimated time to finish: 1:32:43.613998.
[4A[J     total [##########################........................] 52.35%
this epoch [###########.......................................] 23.52%
     13100 iter, 5 epoch / 10 epochs
     2.161 iters/sec. Estimated time to finish: 1:31:57.324274.
[4A[J     total [##########################........................] 52.75%
this epoch [#############.....................................] 27.52%
     13200 iter, 5 epoch / 10 epochs
    2.1639 iters/sec. Estimated time to finish: 1:31:03.683975.
[4A[J     total [##########################........................] 53.15%
this epoch [###############...................................] 31.51%
     13300 iter, 5 epoch / 10 epochs
     2.167 iters/sec. Estimated time to finish: 1:30:09.622378.
[4A[J     total [##########################........................] 53.55%
this epoch [#################.................................] 35.51%
     13400 iter, 5 epoch / 10 epochs
    2.1708 iters/sec. Estimated time to finish: 1:29:14.195302.
[4A[J     total [##########################........................] 53.95%
this epoch [###################...............................] 39.51%
     13500 iter, 5 epoch / 10 epochs
    2.1745 iters/sec. Estimated time to finish: 1:28:19.051983.
[4A[J     total [###########################.......................] 54.35%
this epoch [#####################.............................] 43.50%
     13600 iter, 5 epoch / 10 epochs
    2.1776 iters/sec. Estimated time to finish: 1:27:25.568462.
[4A[J     total [###########################.......................] 54.75%
this epoch [#######################...........................] 47.50%
     13700 iter, 5 epoch / 10 epochs
    2.1799 iters/sec. Estimated time to finish: 1:26:34.228632.
[4A[J     total [###########################.......................] 55.15%
this epoch [#########################.........................] 51.50%
     13800 iter, 5 epoch / 10 epochs
    2.1834 iters/sec. Estimated time to finish: 1:25:40.009599.
[4A[J     total [###########################.......................] 55.55%
this epoch [###########################.......................] 55.49%
     13900 iter, 5 epoch / 10 epochs
    2.1891 iters/sec. Estimated time to finish: 1:24:40.985282.
[4A[J     total [###########################.......................] 55.95%
this epoch [#############################.....................] 59.49%
     14000 iter, 5 epoch / 10 epochs
    2.1951 iters/sec. Estimated time to finish: 1:23:41.499254.
[4A[J     total [############################......................] 56.35%
this epoch [###############################...................] 63.49%
     14100 iter, 5 epoch / 10 epochs
    2.1976 iters/sec. Estimated time to finish: 1:22:50.418833.
[4A[J     total [############################......................] 56.75%
this epoch [#################################.................] 67.48%
     14200 iter, 5 epoch / 10 epochs
    2.1944 iters/sec. Estimated time to finish: 1:22:12.043062.
[4A[J     total [############################......................] 57.15%
this epoch [###################################...............] 71.48%
     14300 iter, 5 epoch / 10 epochs
    2.1935 iters/sec. Estimated time to finish: 1:21:28.374239.
[4A[J     total [############################......................] 57.55%
this epoch [#####################################.............] 75.47%
     14400 iter, 5 epoch / 10 epochs
    2.1934 iters/sec. Estimated time to finish: 1:20:43.075879.
[4A[J     total [############################......................] 57.95%
this epoch [#######################################...........] 79.47%
     14500 iter, 5 epoch / 10 epochs
    2.1917 iters/sec. Estimated time to finish: 1:20:01.149298.
[4A[J     total [#############################.....................] 58.35%
this epoch [#########################################.........] 83.47%
     14600 iter, 5 epoch / 10 epochs
    2.1931 iters/sec. Estimated time to finish: 1:19:12.645090.
[4A[J     total [#############################.....................] 58.75%
this epoch [###########################################.......] 87.46%
     14700 iter, 5 epoch / 10 epochs
    2.1912 iters/sec. Estimated time to finish: 1:18:30.975925.
[4A[J     total [#############################.....................] 59.15%
this epoch [#############################################.....] 91.46%
     14800 iter, 5 epoch / 10 epochs
    2.1909 iters/sec. Estimated time to finish: 1:17:45.935420.
[4A[J     total [#############################.....................] 59.55%
this epoch [###############################################...] 95.46%
     14900 iter, 5 epoch / 10 epochs
    2.1897 iters/sec. Estimated time to finish: 1:17:02.903544.
[4A[J     total [#############################.....................] 59.95%
this epoch [#################################################.] 99.45%
     15000 iter, 5 epoch / 10 epochs
    2.1899 iters/sec. Estimated time to finish: 1:16:16.816307.
[4A[J6           6.90669                           0.000974221                              7071.89       
[J     total [##############################....................] 60.34%
this epoch [#.................................................]  3.45%
     15100 iter, 6 epoch / 10 epochs
    2.1886 iters/sec. Estimated time to finish: 1:15:33.818973.
[4A[J     total [##############################....................] 60.74%
this epoch [###...............................................]  7.45%
     15200 iter, 6 epoch / 10 epochs
    2.1878 iters/sec. Estimated time to finish: 1:14:49.771022.
[4A[J     total [##############################....................] 61.14%
this epoch [#####.............................................] 11.44%
     15300 iter, 6 epoch / 10 epochs
    2.1871 iters/sec. Estimated time to finish: 1:14:05.602348.
[4A[J     total [##############################....................] 61.54%
this epoch [#######...........................................] 15.44%
     15400 iter, 6 epoch / 10 epochs
    2.1854 iters/sec. Estimated time to finish: 1:13:23.207523.
[4A[J     total [##############################....................] 61.94%
this epoch [#########.........................................] 19.43%
     15500 iter, 6 epoch / 10 epochs
    2.1868 iters/sec. Estimated time to finish: 1:12:34.601223.
[4A[J     total [###############################...................] 62.34%
this epoch [###########.......................................] 23.43%
     15600 iter, 6 epoch / 10 epochs
    2.1864 iters/sec. Estimated time to finish: 1:11:49.676258.
[4A[J     total [###############################...................] 62.74%
this epoch [#############.....................................] 27.43%
     15700 iter, 6 epoch / 10 epochs
     2.187 iters/sec. Estimated time to finish: 1:11:02.871179.
[4A[J     total [###############################...................] 63.14%
this epoch [###############...................................] 31.42%
     15800 iter, 6 epoch / 10 epochs
    2.1865 iters/sec. Estimated time to finish: 1:10:18.148683.
[4A[J     total [###############################...................] 63.54%
this epoch [#################.................................] 35.42%
     15900 iter, 6 epoch / 10 epochs
    2.1868 iters/sec. Estimated time to finish: 1:09:31.700917.
[4A[J     total [###############################...................] 63.94%
this epoch [###################...............................] 39.42%
     16000 iter, 6 epoch / 10 epochs
     2.187 iters/sec. Estimated time to finish: 1:08:45.600403.
[4A[J     total [################################..................] 64.34%
this epoch [#####################.............................] 43.41%
     16100 iter, 6 epoch / 10 epochs
    2.1854 iters/sec. Estimated time to finish: 1:08:02.965747.
[4A[J     total [################################..................] 64.74%
this epoch [#######################...........................] 47.41%
     16200 iter, 6 epoch / 10 epochs
    2.1854 iters/sec. Estimated time to finish: 1:07:17.239954.
[4A[J     total [################################..................] 65.14%
this epoch [#########################.........................] 51.41%
     16300 iter, 6 epoch / 10 epochs
    2.1855 iters/sec. Estimated time to finish: 1:06:31.300023.
[4A[J     total [################################..................] 65.54%
this epoch [###########################.......................] 55.40%
     16400 iter, 6 epoch / 10 epochs
    2.1853 iters/sec. Estimated time to finish: 1:05:45.864852.
[4A[J     total [################################..................] 65.94%
this epoch [#############################.....................] 59.40%
     16500 iter, 6 epoch / 10 epochs
    2.1861 iters/sec. Estimated time to finish: 1:04:58.621116.
[4A[J     total [#################################.................] 66.34%
this epoch [###############################...................] 63.39%
     16600 iter, 6 epoch / 10 epochs
    2.1856 iters/sec. Estimated time to finish: 1:04:13.797593.
[4A[J     total [#################################.................] 66.74%
this epoch [#################################.................] 67.39%
     16700 iter, 6 epoch / 10 epochs
    2.1859 iters/sec. Estimated time to finish: 1:03:27.418598.
[4A[J     total [#################################.................] 67.14%
this epoch [###################################...............] 71.39%
     16800 iter, 6 epoch / 10 epochs
    2.1862 iters/sec. Estimated time to finish: 1:02:41.252582.
[4A[J     total [#################################.................] 67.54%
this epoch [#####################################.............] 75.38%
     16900 iter, 6 epoch / 10 epochs
    2.1851 iters/sec. Estimated time to finish: 1:01:57.336647.
[4A[J     total [#################################.................] 67.94%
this epoch [#######################################...........] 79.38%
     17000 iter, 6 epoch / 10 epochs
    2.1862 iters/sec. Estimated time to finish: 1:01:09.834281.
[4A[J     total [##################################................] 68.34%
this epoch [#########################################.........] 83.38%
     17100 iter, 6 epoch / 10 epochs
    2.1861 iters/sec. Estimated time to finish: 1:00:24.131873.
[4A[J     total [##################################................] 68.74%
this epoch [###########################################.......] 87.37%
     17200 iter, 6 epoch / 10 epochs
    2.1861 iters/sec. Estimated time to finish: 0:59:38.453681.
[4A[J     total [##################################................] 69.14%
this epoch [#############################################.....] 91.37%
     17300 iter, 6 epoch / 10 epochs
    2.1861 iters/sec. Estimated time to finish: 0:58:52.609389.
[4A[J     total [##################################................] 69.54%
this epoch [###############################################...] 95.37%
     17400 iter, 6 epoch / 10 epochs
     2.186 iters/sec. Estimated time to finish: 0:58:07.036586.
[4A[J     total [##################################................] 69.94%
this epoch [#################################################.] 99.36%
     17500 iter, 6 epoch / 10 epochs
    2.1871 iters/sec. Estimated time to finish: 0:57:19.685440.
[4A[J7           6.90675                           0.00104916                               8215.56       
[J     total [###################################...............] 70.34%
this epoch [#.................................................]  3.36%
     17600 iter, 7 epoch / 10 epochs
    2.1878 iters/sec. Estimated time to finish: 0:56:32.886924.
[4A[J     total [###################################...............] 70.74%
this epoch [###...............................................]  7.35%
     17700 iter, 7 epoch / 10 epochs
    2.1871 iters/sec. Estimated time to finish: 0:55:48.235932.
[4A[J     total [###################################...............] 71.14%
this epoch [#####.............................................] 11.35%
     17800 iter, 7 epoch / 10 epochs
    2.1872 iters/sec. Estimated time to finish: 0:55:02.286601.
[4A[J     total [###################################...............] 71.53%
this epoch [#######...........................................] 15.35%
     17900 iter, 7 epoch / 10 epochs
    2.1865 iters/sec. Estimated time to finish: 0:54:17.597115.
[4A[J     total [###################################...............] 71.93%
this epoch [#########.........................................] 19.34%
     18000 iter, 7 epoch / 10 epochs
    2.1866 iters/sec. Estimated time to finish: 0:53:31.717162.
[4A[J     total [####################################..............] 72.33%
this epoch [###########.......................................] 23.34%
     18100 iter, 7 epoch / 10 epochs
    2.1873 iters/sec. Estimated time to finish: 0:52:44.998548.
[4A[J     total [####################################..............] 72.73%
this epoch [#############.....................................] 27.34%
     18200 iter, 7 epoch / 10 epochs
    2.1882 iters/sec. Estimated time to finish: 0:51:58.052165.
[4A[J     total [####################################..............] 73.13%
this epoch [###############...................................] 31.33%
     18300 iter, 7 epoch / 10 epochs
    2.1872 iters/sec. Estimated time to finish: 0:51:13.687548.
[4A[J     total [####################################..............] 73.53%
this epoch [#################.................................] 35.33%
     18400 iter, 7 epoch / 10 epochs
    2.1884 iters/sec. Estimated time to finish: 0:50:26.350529.
[4A[J     total [####################################..............] 73.93%
this epoch [###################...............................] 39.33%
     18500 iter, 7 epoch / 10 epochs
    2.1876 iters/sec. Estimated time to finish: 0:49:41.771477.
[4A[J     total [#####################################.............] 74.33%
this epoch [#####################.............................] 43.32%
     18600 iter, 7 epoch / 10 epochs
     2.188 iters/sec. Estimated time to finish: 0:48:55.523261.
[4A[J     total [#####################################.............] 74.73%
this epoch [#######################...........................] 47.32%
     18700 iter, 7 epoch / 10 epochs
    2.1886 iters/sec. Estimated time to finish: 0:48:09.015904.
[4A[J     total [#####################################.............] 75.13%
this epoch [#########################.........................] 51.31%
     18800 iter, 7 epoch / 10 epochs
    2.1887 iters/sec. Estimated time to finish: 0:47:23.147442.
[4A[J     total [#####################################.............] 75.53%
this epoch [###########################.......................] 55.31%
     18900 iter, 7 epoch / 10 epochs
    2.1883 iters/sec. Estimated time to finish: 0:46:38.001384.
[4A[J     total [#####################################.............] 75.93%
this epoch [#############################.....................] 59.31%
     19000 iter, 7 epoch / 10 epochs
    2.1887 iters/sec. Estimated time to finish: 0:45:51.726385.
[4A[J     total [######################################............] 76.33%
this epoch [###############################...................] 63.30%
     19100 iter, 7 epoch / 10 epochs
    2.1896 iters/sec. Estimated time to finish: 0:45:04.936225.
[4A[J     total [######################################............] 76.73%
this epoch [#################################.................] 67.30%
     19200 iter, 7 epoch / 10 epochs
    2.1892 iters/sec. Estimated time to finish: 0:44:19.817436.
[4A[J     total [######################################............] 77.13%
this epoch [###################################...............] 71.30%
     19300 iter, 7 epoch / 10 epochs
      2.19 iters/sec. Estimated time to finish: 0:43:33.129146.
[4A[J     total [######################################............] 77.53%
this epoch [#####################################.............] 75.29%
     19400 iter, 7 epoch / 10 epochs
      2.19 iters/sec. Estimated time to finish: 0:42:47.444927.
[4A[J     total [######################################............] 77.93%
this epoch [#######################################...........] 79.29%
     19500 iter, 7 epoch / 10 epochs
    2.1888 iters/sec. Estimated time to finish: 0:42:03.270705.
[4A[J     total [#######################################...........] 78.33%
this epoch [#########################################.........] 83.29%
     19600 iter, 7 epoch / 10 epochs
      2.19 iters/sec. Estimated time to finish: 0:41:16.222412.
[4A[J     total [#######################################...........] 78.73%
this epoch [###########################################.......] 87.28%
     19700 iter, 7 epoch / 10 epochs
    2.1896 iters/sec. Estimated time to finish: 0:40:30.966201.
[4A[J     total [#######################################...........] 79.13%
this epoch [#############################################.....] 91.28%
     19800 iter, 7 epoch / 10 epochs
    2.1898 iters/sec. Estimated time to finish: 0:39:45.062157.
[4A[J     total [#######################################...........] 79.53%
this epoch [###############################################...] 95.27%
     19900 iter, 7 epoch / 10 epochs
    2.1902 iters/sec. Estimated time to finish: 0:38:58.936070.
[4A[J     total [#######################################...........] 79.93%
this epoch [#################################################.] 99.27%
     20000 iter, 7 epoch / 10 epochs
      2.19 iters/sec. Estimated time to finish: 0:38:13.479398.
[4A[J8           6.90668                           0.000749101                              9354.53       
[J     total [########################################..........] 80.33%
this epoch [#.................................................]  3.27%
     20100 iter, 8 epoch / 10 epochs
    2.1902 iters/sec. Estimated time to finish: 0:37:27.634020.
[4A[J     total [########################################..........] 80.73%
this epoch [###...............................................]  7.26%
     20200 iter, 8 epoch / 10 epochs
     2.191 iters/sec. Estimated time to finish: 0:36:41.158320.
[4A[J     total [########################################..........] 81.13%
this epoch [#####.............................................] 11.26%
     20300 iter, 8 epoch / 10 epochs
    2.1912 iters/sec. Estimated time to finish: 0:35:55.307336.
[4A[J     total [########################################..........] 81.53%
this epoch [#######...........................................] 15.26%
     20400 iter, 8 epoch / 10 epochs
    2.1906 iters/sec. Estimated time to finish: 0:35:10.328941.
[4A[J     total [########################################..........] 81.93%
this epoch [#########.........................................] 19.25%
     20500 iter, 8 epoch / 10 epochs
    2.1905 iters/sec. Estimated time to finish: 0:34:24.716577.
[4A[J     total [#########################################.........] 82.32%
this epoch [###########.......................................] 23.25%
     20600 iter, 8 epoch / 10 epochs
    2.1896 iters/sec. Estimated time to finish: 0:33:39.923076.
[4A[J     total [#########################################.........] 82.72%
this epoch [#############.....................................] 27.25%
     20700 iter, 8 epoch / 10 epochs
     2.191 iters/sec. Estimated time to finish: 0:32:52.964966.
[4A[J     total [#########################################.........] 83.12%
this epoch [###############...................................] 31.24%
     20800 iter, 8 epoch / 10 epochs
    2.1908 iters/sec. Estimated time to finish: 0:32:07.528776.
[4A[J     total [#########################################.........] 83.52%
this epoch [#################.................................] 35.24%
     20900 iter, 8 epoch / 10 epochs
    2.1908 iters/sec. Estimated time to finish: 0:31:21.907397.
[4A[J     total [#########################################.........] 83.92%
this epoch [###################...............................] 39.23%
     21000 iter, 8 epoch / 10 epochs
    2.1911 iters/sec. Estimated time to finish: 0:30:35.985015.
[4A[J     total [##########################################........] 84.32%
this epoch [#####################.............................] 43.23%
     21100 iter, 8 epoch / 10 epochs
    2.1903 iters/sec. Estimated time to finish: 0:29:51.020411.
[4A[J     total [##########################################........] 84.72%
this epoch [#######################...........................] 47.23%
     21200 iter, 8 epoch / 10 epochs
    2.1905 iters/sec. Estimated time to finish: 0:29:05.214534.
[4A[J     total [##########################################........] 85.12%
this epoch [#########################.........................] 51.22%
     21300 iter, 8 epoch / 10 epochs
    2.1905 iters/sec. Estimated time to finish: 0:28:19.499519.
[4A[J     total [##########################################........] 85.52%
this epoch [###########################.......................] 55.22%
     21400 iter, 8 epoch / 10 epochs
    2.1901 iters/sec. Estimated time to finish: 0:27:34.155825.
[4A[J     total [##########################################........] 85.92%
this epoch [#############################.....................] 59.22%
     21500 iter, 8 epoch / 10 epochs
    2.1903 iters/sec. Estimated time to finish: 0:26:48.393287.
[4A[J     total [###########################################.......] 86.32%
this epoch [###############################...................] 63.21%
     21600 iter, 8 epoch / 10 epochs
    2.1898 iters/sec. Estimated time to finish: 0:26:03.049012.
[4A[J     total [###########################################.......] 86.72%
this epoch [#################################.................] 67.21%
     21700 iter, 8 epoch / 10 epochs
    2.1907 iters/sec. Estimated time to finish: 0:25:16.787695.
[4A[J     total [###########################################.......] 87.12%
this epoch [###################################...............] 71.21%
     21800 iter, 8 epoch / 10 epochs
    2.1902 iters/sec. Estimated time to finish: 0:24:31.453788.
[4A[J     total [###########################################.......] 87.52%
this epoch [#####################################.............] 75.20%
     21900 iter, 8 epoch / 10 epochs
    2.1911 iters/sec. Estimated time to finish: 0:23:45.202118.
[4A[J     total [###########################################.......] 87.92%
this epoch [#######################################...........] 79.20%
     22000 iter, 8 epoch / 10 epochs
    2.1898 iters/sec. Estimated time to finish: 0:23:00.391435.
[4A[J     total [############################################......] 88.32%
this epoch [#########################################.........] 83.19%
     22100 iter, 8 epoch / 10 epochs
    2.1904 iters/sec. Estimated time to finish: 0:22:14.382598.
[4A[J     total [############################################......] 88.72%
this epoch [###########################################.......] 87.19%
     22200 iter, 8 epoch / 10 epochs
     2.191 iters/sec. Estimated time to finish: 0:21:28.376903.
[4A[J     total [############################################......] 89.12%
this epoch [#############################################.....] 91.19%
     22300 iter, 8 epoch / 10 epochs
    2.1913 iters/sec. Estimated time to finish: 0:20:42.552972.
[4A[J     total [############################################......] 89.52%
this epoch [###############################################...] 95.18%
     22400 iter, 8 epoch / 10 epochs
    2.1918 iters/sec. Estimated time to finish: 0:19:56.660269.
[4A[J     total [############################################......] 89.92%
this epoch [#################################################.] 99.18%
     22500 iter, 8 epoch / 10 epochs
    2.1905 iters/sec. Estimated time to finish: 0:19:11.703773.
[4A[J9           6.90674                           0.00108663                               10495.2       
[J     total [#############################################.....] 90.32%
this epoch [#.................................................]  3.18%
     22600 iter, 9 epoch / 10 epochs
     2.191 iters/sec. Estimated time to finish: 0:18:25.790990.
[4A[J     total [#############################################.....] 90.72%
this epoch [###...............................................]  7.17%
     22700 iter, 9 epoch / 10 epochs
    2.1915 iters/sec. Estimated time to finish: 0:17:39.937356.
[4A[J     total [#############################################.....] 91.12%
this epoch [#####.............................................] 11.17%
     22800 iter, 9 epoch / 10 epochs
    2.1917 iters/sec. Estimated time to finish: 0:16:54.214964.
[4A[J     total [#############################################.....] 91.52%
this epoch [#######...........................................] 15.16%
     22900 iter, 9 epoch / 10 epochs
    2.1922 iters/sec. Estimated time to finish: 0:16:08.365619.
[4A[J     total [#############################################.....] 91.92%
this epoch [#########.........................................] 19.16%
     23000 iter, 9 epoch / 10 epochs
    2.1917 iters/sec. Estimated time to finish: 0:15:22.922731.
[4A[J     total [##############################################....] 92.32%
this epoch [###########.......................................] 23.16%
     23100 iter, 9 epoch / 10 epochs
    2.1913 iters/sec. Estimated time to finish: 0:14:37.484461.
[4A[J     total [##############################################....] 92.72%
this epoch [#############.....................................] 27.15%
     23200 iter, 9 epoch / 10 epochs
    2.1917 iters/sec. Estimated time to finish: 0:13:51.682882.
[4A[J     total [##############################################....] 93.12%
this epoch [###############...................................] 31.15%
     23300 iter, 9 epoch / 10 epochs
    2.1914 iters/sec. Estimated time to finish: 0:13:06.172156.
[4A[J     total [##############################################....] 93.51%
this epoch [#################.................................] 35.15%
     23400 iter, 9 epoch / 10 epochs
    2.1887 iters/sec. Estimated time to finish: 0:12:21.445810.
[4A[J     total [##############################################....] 93.91%
this epoch [###################...............................] 39.14%
     23500 iter, 9 epoch / 10 epochs
     2.189 iters/sec. Estimated time to finish: 0:11:35.669537.
[4A[J     total [###############################################...] 94.31%
this epoch [#####################.............................] 43.14%
     23600 iter, 9 epoch / 10 epochs
    2.1885 iters/sec. Estimated time to finish: 0:10:50.139803.
[4A[J     total [###############################################...] 94.71%
this epoch [#######################...........................] 47.14%
     23700 iter, 9 epoch / 10 epochs
    2.1886 iters/sec. Estimated time to finish: 0:10:04.415429.
[4A[J     total [###############################################...] 95.11%
this epoch [#########################.........................] 51.13%
     23800 iter, 9 epoch / 10 epochs
    2.1886 iters/sec. Estimated time to finish: 0:09:18.711432.
[4A[J     total [###############################################...] 95.51%
this epoch [###########################.......................] 55.13%
     23900 iter, 9 epoch / 10 epochs
    2.1892 iters/sec. Estimated time to finish: 0:08:32.896046.
[4A[J     total [###############################################...] 95.91%
this epoch [#############################.....................] 59.12%
     24000 iter, 9 epoch / 10 epochs
     2.189 iters/sec. Estimated time to finish: 0:07:47.249349.
[4A[J     total [################################################..] 96.31%
this epoch [###############################...................] 63.12%
     24100 iter, 9 epoch / 10 epochs
    2.1901 iters/sec. Estimated time to finish: 0:07:01.349902.
[4A[J     total [################################################..] 96.71%
this epoch [#################################.................] 67.12%
     24200 iter, 9 epoch / 10 epochs
    2.1911 iters/sec. Estimated time to finish: 0:06:15.526463.
[4A[J     total [################################################..] 97.11%
this epoch [###################################...............] 71.11%
     24300 iter, 9 epoch / 10 epochs
    2.1906 iters/sec. Estimated time to finish: 0:05:29.968447.
[4A[J     total [################################################..] 97.51%
this epoch [#####################################.............] 75.11%
     24400 iter, 9 epoch / 10 epochs
    2.1908 iters/sec. Estimated time to finish: 0:04:44.287053.
[4A[J     total [################################################..] 97.91%
this epoch [#######################################...........] 79.11%
     24500 iter, 9 epoch / 10 epochs
    2.1902 iters/sec. Estimated time to finish: 0:03:58.703464.
[4A[J     total [#################################################.] 98.31%
this epoch [#########################################.........] 83.10%
     24600 iter, 9 epoch / 10 epochs
    2.1906 iters/sec. Estimated time to finish: 0:03:13.015134.
[4A[J     total [#################################################.] 98.71%
this epoch [###########################################.......] 87.10%
     24700 iter, 9 epoch / 10 epochs
    2.1908 iters/sec. Estimated time to finish: 0:02:27.348092.
[4A[J     total [#################################################.] 99.11%
this epoch [#############################################.....] 91.10%
     24800 iter, 9 epoch / 10 epochs
     2.191 iters/sec. Estimated time to finish: 0:01:41.695669.
[4A[J     total [#################################################.] 99.51%
this epoch [###############################################...] 95.09%
     24900 iter, 9 epoch / 10 epochs
    2.1902 iters/sec. Estimated time to finish: 0:00:56.072372.
[4A[J     total [#################################################.] 99.91%
this epoch [#################################################.] 99.09%
     25000 iter, 9 epoch / 10 epochs
    2.1915 iters/sec. Estimated time to finish: 0:00:10.409731.
[4A[J10          6.90651                           0.000974221                              11640.2       
[J