No Modulefiles Currently Loaded.
Currently Loaded Modulefiles:
  1) cuda/9.0/9.0.176.4   3) nccl/2.3/2.3.5-2
  2) cudnn/7.3/7.3.1      4) openmpi/2.1.6
Currently Loaded Modulefiles:
  1) cuda/9.0/9.0.176.4   3) nccl/2.3/2.3.5-2
  2) cudnn/7.3/7.3.1      4) openmpi/2.1.6
Currently Loaded Modulefiles:
  1) cuda/9.0/9.0.176.4   3) nccl/2.3/2.3.5-2
  2) cudnn/7.3/7.3.1      4) openmpi/2.1.6
==========================================
Num of GPUs : 32
Model :  vgg
Minibatch-size: 32
Epochs: 10
==========================================
Starting training .....
--------------------------------------------------------------------------
A process has executed an operation involving a call to the
"fork()" system call to create a child process.  Open MPI is currently
operating in a condition that could result in memory corruption or
other system errors; your job may hang, crash, or produce silent
data corruption.  The use of fork() (or system() or other calls that
create child processes) is strongly discouraged.

The process that invoked fork was:

  Local host:          [[48352,1],0] (PID 105569)

If you are *absolutely sure* that your application will successfully
and correctly survive a call to fork(), you may disable this warning
by setting the mpi_warn_on_fork MCA parameter to 0.
--------------------------------------------------------------------------
epoch       main/loss   validation/main/loss  main/accuracy  validation/main/accuracy  elapsed_time
[J     total [..................................................]  0.80%
this epoch [###...............................................]  7.99%
       100 iter, 0 epoch / 10 epochs
       inf iters/sec. Estimated time to finish: 0:00:00.
[4A[J     total [..................................................]  1.60%
this epoch [#######...........................................] 15.99%
       200 iter, 0 epoch / 10 epochs
   0.83642 iters/sec. Estimated time to finish: 4:05:19.420597.
[4A[J     total [#.................................................]  2.40%
this epoch [###########.......................................] 23.98%
       300 iter, 0 epoch / 10 epochs
    1.1996 iters/sec. Estimated time to finish: 2:49:39.568779.
[4A[J     total [#.................................................]  3.20%
this epoch [###############...................................] 31.97%
       400 iter, 0 epoch / 10 epochs
    1.4025 iters/sec. Estimated time to finish: 2:23:55.751215.
[4A[J     total [#.................................................]  4.00%
this epoch [###################...............................] 39.96%
       500 iter, 0 epoch / 10 epochs
    1.5283 iters/sec. Estimated time to finish: 2:10:59.259155.
[4A[J     total [##................................................]  4.80%
this epoch [#######################...........................] 47.96%
       600 iter, 0 epoch / 10 epochs
    1.6198 iters/sec. Estimated time to finish: 2:02:33.666802.
[4A[J     total [##................................................]  5.59%
this epoch [###########################.......................] 55.95%
       700 iter, 0 epoch / 10 epochs
    1.6925 iters/sec. Estimated time to finish: 1:56:18.780717.
[4A[J     total [###...............................................]  6.39%
this epoch [###############################...................] 63.94%
       800 iter, 0 epoch / 10 epochs
    1.7482 iters/sec. Estimated time to finish: 1:51:39.359197.
[4A[J     total [###...............................................]  7.19%
this epoch [###################################...............] 71.93%
       900 iter, 0 epoch / 10 epochs
    1.7904 iters/sec. Estimated time to finish: 1:48:05.507692.
[4A[J     total [###...............................................]  7.99%
this epoch [#######################################...........] 79.93%
      1000 iter, 0 epoch / 10 epochs
    1.8222 iters/sec. Estimated time to finish: 1:45:17.445657.
[4A[J     total [####..............................................]  8.79%
this epoch [###########################################.......] 87.92%
      1100 iter, 0 epoch / 10 epochs
    1.8488 iters/sec. Estimated time to finish: 1:42:52.468514.
[4A[J     total [####..............................................]  9.59%
this epoch [###############################################...] 95.91%
      1200 iter, 0 epoch / 10 epochs
    1.8746 iters/sec. Estimated time to finish: 1:40:34.173096.
[4A[J1           6.91493                           0.000748802                              699.626       
[J     total [#####.............................................] 10.39%
this epoch [#.................................................]  3.90%
      1300 iter, 1 epoch / 10 epochs
    1.8913 iters/sec. Estimated time to finish: 1:38:47.992469.
[4A[J     total [#####.............................................] 11.19%
this epoch [#####.............................................] 11.90%
      1400 iter, 1 epoch / 10 epochs
    1.9111 iters/sec. Estimated time to finish: 1:36:54.373308.
[4A[J     total [#####.............................................] 11.99%
this epoch [#########.........................................] 19.89%
      1500 iter, 1 epoch / 10 epochs
    1.9264 iters/sec. Estimated time to finish: 1:35:16.117912.
[4A[J     total [######............................................] 12.79%
this epoch [#############.....................................] 27.88%
      1600 iter, 1 epoch / 10 epochs
    1.9397 iters/sec. Estimated time to finish: 1:33:45.400428.
[4A[J     total [######............................................] 13.59%
this epoch [#################.................................] 35.87%
      1700 iter, 1 epoch / 10 epochs
    1.9497 iters/sec. Estimated time to finish: 1:32:25.142998.
[4A[J     total [#######...........................................] 14.39%
this epoch [#####################.............................] 43.87%
      1800 iter, 1 epoch / 10 epochs
    1.9617 iters/sec. Estimated time to finish: 1:31:00.451223.
[4A[J     total [#######...........................................] 15.19%
this epoch [#########################.........................] 51.86%
      1900 iter, 1 epoch / 10 epochs
    1.9725 iters/sec. Estimated time to finish: 1:29:39.854178.
[4A[J     total [#######...........................................] 15.99%
this epoch [#############################.....................] 59.85%
      2000 iter, 1 epoch / 10 epochs
    1.9768 iters/sec. Estimated time to finish: 1:28:37.588742.
[4A[J     total [########..........................................] 16.78%
this epoch [#################################.................] 67.84%
      2100 iter, 1 epoch / 10 epochs
    1.9606 iters/sec. Estimated time to finish: 1:28:30.355646.
[4A[J     total [########..........................................] 17.58%
this epoch [#####################################.............] 75.84%
      2200 iter, 1 epoch / 10 epochs
    1.9531 iters/sec. Estimated time to finish: 1:27:59.625826.
[4A[J     total [#########.........................................] 18.38%
this epoch [#########################################.........] 83.83%
      2300 iter, 1 epoch / 10 epochs
    1.9459 iters/sec. Estimated time to finish: 1:27:27.651482.
[4A[J     total [#########.........................................] 19.18%
this epoch [#############################################.....] 91.82%
      2400 iter, 1 epoch / 10 epochs
    1.9407 iters/sec. Estimated time to finish: 1:26:50.285922.
[4A[J     total [#########.........................................] 19.98%
this epoch [#################################################.] 99.82%
      2500 iter, 1 epoch / 10 epochs
    1.9433 iters/sec. Estimated time to finish: 1:25:51.929319.
[4A[J2           6.90686                           0.000849321                              1324.8        
[J     total [##########........................................] 20.78%
this epoch [###...............................................]  7.81%
      2600 iter, 2 epoch / 10 epochs
    1.9421 iters/sec. Estimated time to finish: 1:25:03.543613.
[4A[J     total [##########........................................] 21.58%
this epoch [#######...........................................] 15.80%
      2700 iter, 2 epoch / 10 epochs
    1.9392 iters/sec. Estimated time to finish: 1:24:19.476231.
[4A[J     total [###########.......................................] 22.38%
this epoch [###########.......................................] 23.79%
      2800 iter, 2 epoch / 10 epochs
    1.9343 iters/sec. Estimated time to finish: 1:23:40.637589.
[4A[J     total [###########.......................................] 23.18%
this epoch [###############...................................] 31.79%
      2900 iter, 2 epoch / 10 epochs
    1.9401 iters/sec. Estimated time to finish: 1:22:34.061902.
[4A[J     total [###########.......................................] 23.98%
this epoch [###################...............................] 39.78%
      3000 iter, 2 epoch / 10 epochs
    1.9435 iters/sec. Estimated time to finish: 1:21:34.061585.
[4A[J     total [############......................................] 24.78%
this epoch [#######################...........................] 47.77%
      3100 iter, 2 epoch / 10 epochs
     1.941 iters/sec. Estimated time to finish: 1:20:48.927225.
[4A[J     total [############......................................] 25.58%
this epoch [###########################.......................] 55.76%
      3200 iter, 2 epoch / 10 epochs
    1.9389 iters/sec. Estimated time to finish: 1:20:02.459259.
[4A[J     total [#############.....................................] 26.38%
this epoch [###############################...................] 63.76%
      3300 iter, 2 epoch / 10 epochs
    1.9369 iters/sec. Estimated time to finish: 1:19:15.901699.
[4A[J     total [#############.....................................] 27.17%
this epoch [###################################...............] 71.75%
      3400 iter, 2 epoch / 10 epochs
    1.9342 iters/sec. Estimated time to finish: 1:18:30.707426.
[4A[J     total [#############.....................................] 27.97%
this epoch [#######################################...........] 79.74%
      3500 iter, 2 epoch / 10 epochs
     1.933 iters/sec. Estimated time to finish: 1:17:41.858168.
[4A[J     total [##############....................................] 28.77%
this epoch [###########################################.......] 87.73%
      3600 iter, 2 epoch / 10 epochs
    1.9255 iters/sec. Estimated time to finish: 1:17:08.248939.
[4A[J     total [##############....................................] 29.57%
this epoch [###############################################...] 95.73%
      3700 iter, 2 epoch / 10 epochs
    1.9279 iters/sec. Estimated time to finish: 1:16:10.586691.
[4A[J3           6.90679                           0.000999201                              1987.79       
[J     total [###############...................................] 30.37%
this epoch [#.................................................]  3.72%
      3800 iter, 3 epoch / 10 epochs
    1.9191 iters/sec. Estimated time to finish: 1:15:39.450870.
[4A[J     total [###############...................................] 31.17%
this epoch [#####.............................................] 11.71%
      3900 iter, 3 epoch / 10 epochs
    1.9118 iters/sec. Estimated time to finish: 1:15:04.494889.
[4A[J     total [###############...................................] 31.97%
this epoch [#########.........................................] 19.70%
      4000 iter, 3 epoch / 10 epochs
    1.9098 iters/sec. Estimated time to finish: 1:14:16.757532.
[4A[J     total [################..................................] 32.77%
this epoch [#############.....................................] 27.70%
      4100 iter, 3 epoch / 10 epochs
    1.9153 iters/sec. Estimated time to finish: 1:13:11.744866.
[4A[J     total [################..................................] 33.57%
this epoch [#################.................................] 35.69%
      4200 iter, 3 epoch / 10 epochs
    1.9217 iters/sec. Estimated time to finish: 1:12:05.145042.
[4A[J     total [#################.................................] 34.37%
this epoch [#####################.............................] 43.68%
      4300 iter, 3 epoch / 10 epochs
    1.9269 iters/sec. Estimated time to finish: 1:11:01.602002.
[4A[J     total [#################.................................] 35.17%
this epoch [#########################.........................] 51.67%
      4400 iter, 3 epoch / 10 epochs
    1.9315 iters/sec. Estimated time to finish: 1:09:59.719227.
[4A[J     total [#################.................................] 35.97%
this epoch [#############################.....................] 59.67%
      4500 iter, 3 epoch / 10 epochs
    1.9356 iters/sec. Estimated time to finish: 1:08:59.026682.
[4A[J     total [##################................................] 36.77%
this epoch [#################################.................] 67.66%
      4600 iter, 3 epoch / 10 epochs
    1.9413 iters/sec. Estimated time to finish: 1:07:55.437782.
[4A[J     total [##################................................] 37.57%
this epoch [#####################################.............] 75.65%
      4700 iter, 3 epoch / 10 epochs
    1.9455 iters/sec. Estimated time to finish: 1:06:55.146843.
[4A[J     total [###################...............................] 38.36%
this epoch [#########################################.........] 83.65%
      4800 iter, 3 epoch / 10 epochs
    1.9501 iters/sec. Estimated time to finish: 1:05:54.415114.
[4A[J     total [###################...............................] 39.16%
this epoch [#############################################.....] 91.64%
      4900 iter, 3 epoch / 10 epochs
    1.9541 iters/sec. Estimated time to finish: 1:04:55.152337.
[4A[J     total [###################...............................] 39.96%
this epoch [#################################################.] 99.63%
      5000 iter, 3 epoch / 10 epochs
    1.9589 iters/sec. Estimated time to finish: 1:03:54.657707.
[4A[J4           6.90679                           0.000849321                              2592.8        
[J     total [####################..............................] 40.76%
this epoch [###...............................................]  7.62%
      5100 iter, 4 epoch / 10 epochs
    1.9624 iters/sec. Estimated time to finish: 1:02:56.737696.
[4A[J     total [####################..............................] 41.56%
this epoch [#######...........................................] 15.62%
      5200 iter, 4 epoch / 10 epochs
    1.9663 iters/sec. Estimated time to finish: 1:01:58.453480.
[4A[J     total [#####################.............................] 42.36%
this epoch [###########.......................................] 23.61%
      5300 iter, 4 epoch / 10 epochs
     1.969 iters/sec. Estimated time to finish: 1:01:02.584143.
[4A[J     total [#####################.............................] 43.16%
this epoch [###############...................................] 31.60%
      5400 iter, 4 epoch / 10 epochs
    1.9701 iters/sec. Estimated time to finish: 1:00:09.754494.
[4A[J     total [#####################.............................] 43.96%
this epoch [###################...............................] 39.59%
      5500 iter, 4 epoch / 10 epochs
    1.9722 iters/sec. Estimated time to finish: 0:59:15.189406.
[4A[J     total [######################............................] 44.76%
this epoch [#######################...........................] 47.59%
      5600 iter, 4 epoch / 10 epochs
    1.9758 iters/sec. Estimated time to finish: 0:58:18.045974.
[4A[J     total [######################............................] 45.56%
this epoch [###########################.......................] 55.58%
      5700 iter, 4 epoch / 10 epochs
    1.9773 iters/sec. Estimated time to finish: 0:57:24.963146.
[4A[J     total [#######################...........................] 46.36%
this epoch [###############################...................] 63.57%
      5800 iter, 4 epoch / 10 epochs
      1.98 iters/sec. Estimated time to finish: 0:56:29.592528.
[4A[J     total [#######################...........................] 47.16%
this epoch [###################################...............] 71.56%
      5900 iter, 4 epoch / 10 epochs
    1.9828 iters/sec. Estimated time to finish: 0:55:34.494963.
[4A[J     total [#######################...........................] 47.96%
this epoch [#######################################...........] 79.56%
      6000 iter, 4 epoch / 10 epochs
    1.9843 iters/sec. Estimated time to finish: 0:54:41.526858.
[4A[J     total [########################..........................] 48.75%
this epoch [###########################################.......] 87.55%
      6100 iter, 4 epoch / 10 epochs
    1.9866 iters/sec. Estimated time to finish: 0:53:47.384354.
[4A[J     total [########################..........................] 49.55%
this epoch [###############################################...] 95.54%
      6200 iter, 4 epoch / 10 epochs
    1.9877 iters/sec. Estimated time to finish: 0:52:55.365978.
[4A[J5           6.90675                           0.000949241                              3184.15       
[J     total [#########################.........................] 50.35%
this epoch [#.................................................]  3.53%
      6300 iter, 5 epoch / 10 epochs
      1.99 iters/sec. Estimated time to finish: 0:52:01.336671.
[4A[J     total [#########################.........................] 51.15%
this epoch [#####.............................................] 11.53%
      6400 iter, 5 epoch / 10 epochs
    1.9911 iters/sec. Estimated time to finish: 0:51:09.462187.
[4A[J     total [#########################.........................] 51.95%
this epoch [#########.........................................] 19.52%
      6500 iter, 5 epoch / 10 epochs
    1.9932 iters/sec. Estimated time to finish: 0:50:15.985588.
[4A[J     total [##########################........................] 52.75%
this epoch [#############.....................................] 27.51%
      6600 iter, 5 epoch / 10 epochs
    1.9945 iters/sec. Estimated time to finish: 0:49:23.941853.
[4A[J     total [##########################........................] 53.55%
this epoch [#################.................................] 35.50%
      6700 iter, 5 epoch / 10 epochs
     1.996 iters/sec. Estimated time to finish: 0:48:31.547140.
[4A[J     total [###########################.......................] 54.35%
this epoch [#####################.............................] 43.50%
      6800 iter, 5 epoch / 10 epochs
    1.9973 iters/sec. Estimated time to finish: 0:47:39.612115.
[4A[J     total [###########################.......................] 55.15%
this epoch [#########################.........................] 51.49%
      6900 iter, 5 epoch / 10 epochs
     1.999 iters/sec. Estimated time to finish: 0:46:47.166826.
[4A[J     total [###########################.......................] 55.95%
this epoch [#############################.....................] 59.48%
      7000 iter, 5 epoch / 10 epochs
    2.0005 iters/sec. Estimated time to finish: 0:45:55.129589.
[4A[J     total [############################......................] 56.75%
this epoch [#################################.................] 67.48%
      7100 iter, 5 epoch / 10 epochs
    2.0022 iters/sec. Estimated time to finish: 0:45:02.774168.
[4A[J     total [############################......................] 57.55%
this epoch [#####################################.............] 75.47%
      7200 iter, 5 epoch / 10 epochs
    2.0028 iters/sec. Estimated time to finish: 0:44:12.099400.
[4A[J     total [#############################.....................] 58.35%
this epoch [#########################################.........] 83.46%
      7300 iter, 5 epoch / 10 epochs
    2.0039 iters/sec. Estimated time to finish: 0:43:20.708424.
[4A[J     total [#############################.....................] 59.15%
this epoch [#############################################.....] 91.45%
      7400 iter, 5 epoch / 10 epochs
    2.0056 iters/sec. Estimated time to finish: 0:42:28.708052.
[4A[J     total [#############################.....................] 59.94%
this epoch [#################################################.] 99.45%
      7500 iter, 5 epoch / 10 epochs
    2.0074 iters/sec. Estimated time to finish: 0:41:36.594690.
[4A[J6           6.90675                           0.000974221                              3778.88       
[J     total [##############################....................] 60.74%
this epoch [###...............................................]  7.44%
      7600 iter, 6 epoch / 10 epochs
    2.0086 iters/sec. Estimated time to finish: 0:40:45.242914.
[4A[J     total [##############################....................] 61.54%
this epoch [#######...........................................] 15.43%
      7700 iter, 6 epoch / 10 epochs
    2.0093 iters/sec. Estimated time to finish: 0:39:54.592567.
[4A[J     total [###############################...................] 62.34%
this epoch [###########.......................................] 23.42%
      7800 iter, 6 epoch / 10 epochs
    2.0111 iters/sec. Estimated time to finish: 0:39:02.807687.
[4A[J     total [###############################...................] 63.14%
this epoch [###############...................................] 31.42%
      7900 iter, 6 epoch / 10 epochs
    2.0114 iters/sec. Estimated time to finish: 0:38:12.734764.
[4A[J     total [###############################...................] 63.94%
this epoch [###################...............................] 39.41%
      8000 iter, 6 epoch / 10 epochs
    2.0131 iters/sec. Estimated time to finish: 0:37:21.069787.
[4A[J     total [################################..................] 64.74%
this epoch [#######################...........................] 47.40%
      8100 iter, 6 epoch / 10 epochs
    2.0139 iters/sec. Estimated time to finish: 0:36:30.549465.
[4A[J     total [################################..................] 65.54%
this epoch [###########################.......................] 55.39%
      8200 iter, 6 epoch / 10 epochs
    2.0151 iters/sec. Estimated time to finish: 0:35:39.616073.
[4A[J     total [#################################.................] 66.34%
this epoch [###############################...................] 63.39%
      8300 iter, 6 epoch / 10 epochs
     2.016 iters/sec. Estimated time to finish: 0:34:49.056238.
[4A[J     total [#################################.................] 67.14%
this epoch [###################################...............] 71.38%
      8400 iter, 6 epoch / 10 epochs
    2.0175 iters/sec. Estimated time to finish: 0:33:57.909788.
[4A[J     total [#################################.................] 67.94%
this epoch [#######################################...........] 79.37%
      8500 iter, 6 epoch / 10 epochs
    2.0182 iters/sec. Estimated time to finish: 0:33:07.652125.
[4A[J     total [##################################................] 68.74%
this epoch [###########################################.......] 87.36%
      8600 iter, 6 epoch / 10 epochs
    2.0195 iters/sec. Estimated time to finish: 0:32:16.919550.
[4A[J     total [##################################................] 69.54%
this epoch [###############################################...] 95.36%
      8700 iter, 6 epoch / 10 epochs
    2.0202 iters/sec. Estimated time to finish: 0:31:26.682554.
[4A[J7           6.90685                           0.000848642                              4373.25       
[J     total [###################################...............] 70.33%
this epoch [#.................................................]  3.35%
      8800 iter, 7 epoch / 10 epochs
    2.0216 iters/sec. Estimated time to finish: 0:30:35.980301.
[4A[J     total [###################################...............] 71.13%
this epoch [#####.............................................] 11.34%
      8900 iter, 7 epoch / 10 epochs
    2.0221 iters/sec. Estimated time to finish: 0:29:46.084665.
[4A[J     total [###################################...............] 71.93%
this epoch [#########.........................................] 19.33%
      9000 iter, 7 epoch / 10 epochs
     2.023 iters/sec. Estimated time to finish: 0:28:55.839445.
[4A[J     total [####################################..............] 72.73%
this epoch [#############.....................................] 27.33%
      9100 iter, 7 epoch / 10 epochs
    2.0233 iters/sec. Estimated time to finish: 0:28:06.149255.
[4A[J     total [####################################..............] 73.53%
this epoch [#################.................................] 35.32%
      9200 iter, 7 epoch / 10 epochs
     2.025 iters/sec. Estimated time to finish: 0:27:15.320964.
[4A[J     total [#####################################.............] 74.33%
this epoch [#####################.............................] 43.31%
      9300 iter, 7 epoch / 10 epochs
    2.0259 iters/sec. Estimated time to finish: 0:26:25.277768.
[4A[J     total [#####################################.............] 75.13%
this epoch [#########################.........................] 51.31%
      9400 iter, 7 epoch / 10 epochs
     2.026 iters/sec. Estimated time to finish: 0:25:35.830085.
[4A[J     total [#####################################.............] 75.93%
this epoch [#############################.....................] 59.30%
      9500 iter, 7 epoch / 10 epochs
    2.0268 iters/sec. Estimated time to finish: 0:24:45.885550.
[4A[J     total [######################################............] 76.73%
this epoch [#################################.................] 67.29%
      9600 iter, 7 epoch / 10 epochs
    2.0282 iters/sec. Estimated time to finish: 0:23:55.527123.
[4A[J     total [######################################............] 77.53%
this epoch [#####################################.............] 75.28%
      9700 iter, 7 epoch / 10 epochs
     2.029 iters/sec. Estimated time to finish: 0:23:05.698241.
[4A[J     total [#######################################...........] 78.33%
this epoch [#########################################.........] 83.28%
      9800 iter, 7 epoch / 10 epochs
    2.0284 iters/sec. Estimated time to finish: 0:22:16.789636.
[4A[J     total [#######################################...........] 79.13%
this epoch [#############################################.....] 91.27%
      9900 iter, 7 epoch / 10 epochs
    2.0292 iters/sec. Estimated time to finish: 0:21:27.008035.
[4A[J     total [#######################################...........] 79.93%
this epoch [#################################################.] 99.26%
     10000 iter, 7 epoch / 10 epochs
    2.0304 iters/sec. Estimated time to finish: 0:20:36.992345.
[4A[J8           6.90672                           0.00102418                               4969.31       
[J     total [########################################..........] 80.73%
this epoch [###...............................................]  7.25%
     10100 iter, 8 epoch / 10 epochs
    2.0606 iters/sec. Estimated time to finish: 0:19:30.321004.
[4A[J     total [########################################..........] 81.52%
this epoch [#######...........................................] 15.25%
     10200 iter, 8 epoch / 10 epochs
    2.0608 iters/sec. Estimated time to finish: 0:18:41.669490.
[4A[J     total [#########################################.........] 82.32%
this epoch [###########.......................................] 23.24%
     10300 iter, 8 epoch / 10 epochs
    2.0605 iters/sec. Estimated time to finish: 0:17:53.334165.
[4A[J     total [#########################################.........] 83.12%
this epoch [###############...................................] 31.23%
     10400 iter, 8 epoch / 10 epochs
    2.0603 iters/sec. Estimated time to finish: 0:17:04.869662.
[4A[J     total [#########################################.........] 83.92%
this epoch [###################...............................] 39.22%
     10500 iter, 8 epoch / 10 epochs
    2.0599 iters/sec. Estimated time to finish: 0:16:16.513008.
[4A[J     total [##########################################........] 84.72%
this epoch [#######################...........................] 47.22%
     10600 iter, 8 epoch / 10 epochs
    2.0598 iters/sec. Estimated time to finish: 0:15:28.039325.
[4A[J     total [##########################################........] 85.52%
this epoch [###########################.......................] 55.21%
     10700 iter, 8 epoch / 10 epochs
    2.0591 iters/sec. Estimated time to finish: 0:14:39.790085.
[4A[J     total [###########################################.......] 86.32%
this epoch [###############################...................] 63.20%
     10800 iter, 8 epoch / 10 epochs
    2.0584 iters/sec. Estimated time to finish: 0:13:51.491951.
[4A[J     total [###########################################.......] 87.12%
this epoch [###################################...............] 71.19%
     10900 iter, 8 epoch / 10 epochs
    2.0587 iters/sec. Estimated time to finish: 0:13:02.821989.
[4A[J     total [###########################################.......] 87.92%
this epoch [#######################################...........] 79.19%
     11000 iter, 8 epoch / 10 epochs
    2.0582 iters/sec. Estimated time to finish: 0:12:14.401429.
[4A[J     total [############################################......] 88.72%
this epoch [###########################################.......] 87.18%
     11100 iter, 8 epoch / 10 epochs
    2.0581 iters/sec. Estimated time to finish: 0:11:25.866266.
[4A[J     total [############################################......] 89.52%
this epoch [###############################################...] 95.17%
     11200 iter, 8 epoch / 10 epochs
    2.0579 iters/sec. Estimated time to finish: 0:10:37.317090.
[4A[J9           6.9069                            0.00104916                               5562.58       
[J     total [#############################################.....] 90.32%
this epoch [#.................................................]  3.16%
     11300 iter, 9 epoch / 10 epochs
     2.057 iters/sec. Estimated time to finish: 0:09:48.988407.
[4A[J     total [#############################################.....] 91.12%
this epoch [#####.............................................] 11.16%
     11400 iter, 9 epoch / 10 epochs
    2.0567 iters/sec. Estimated time to finish: 0:09:00.469995.
[4A[J     total [#############################################.....] 91.91%
this epoch [#########.........................................] 19.15%
     11500 iter, 9 epoch / 10 epochs
    2.0566 iters/sec. Estimated time to finish: 0:08:11.858651.
[4A[J     total [##############################################....] 92.71%
this epoch [#############.....................................] 27.14%
     11600 iter, 9 epoch / 10 epochs
    2.0566 iters/sec. Estimated time to finish: 0:07:23.230996.
[4A[J     total [##############################################....] 93.51%
this epoch [#################.................................] 35.14%
     11700 iter, 9 epoch / 10 epochs
    2.0555 iters/sec. Estimated time to finish: 0:06:34.830300.
[4A[J     total [###############################################...] 94.31%
this epoch [#####################.............................] 43.13%
     11800 iter, 9 epoch / 10 epochs
    2.0555 iters/sec. Estimated time to finish: 0:05:46.175137.
[4A[J     total [###############################################...] 95.11%
this epoch [#########################.........................] 51.12%
     11900 iter, 9 epoch / 10 epochs
    2.0556 iters/sec. Estimated time to finish: 0:04:57.504582.
[4A[J     total [###############################################...] 95.91%
this epoch [#############################.....................] 59.11%
     12000 iter, 9 epoch / 10 epochs
    2.0609 iters/sec. Estimated time to finish: 0:04:08.218559.
[4A[J     total [################################################..] 96.71%
this epoch [#################################.................] 67.11%
     12100 iter, 9 epoch / 10 epochs
    2.0639 iters/sec. Estimated time to finish: 0:03:19.410731.
[4A[J     total [################################################..] 97.51%
this epoch [#####################################.............] 75.10%
     12200 iter, 9 epoch / 10 epochs
    2.0678 iters/sec. Estimated time to finish: 0:02:30.669993.
[4A[J     total [#################################################.] 98.31%
this epoch [#########################################.........] 83.09%
     12300 iter, 9 epoch / 10 epochs
    2.0707 iters/sec. Estimated time to finish: 0:01:42.169668.
[4A[J     total [#################################################.] 99.11%
this epoch [#############################################.....] 91.08%
     12400 iter, 9 epoch / 10 epochs
    2.0712 iters/sec. Estimated time to finish: 0:00:53.863093.
[4A[J     total [#################################################.] 99.91%
this epoch [#################################################.] 99.08%
     12500 iter, 9 epoch / 10 epochs
    2.0731 iters/sec. Estimated time to finish: 0:00:05.577494.
[4A[J10          6.90687                           0.001249                                 6156.32       
[J