No Modulefiles Currently Loaded.
Currently Loaded Modulefiles:
  1) cuda/9.0/9.0.176.4   3) nccl/2.3/2.3.5-2
  2) cudnn/7.3/7.3.1      4) openmpi/2.1.6
Currently Loaded Modulefiles:
  1) cuda/9.0/9.0.176.4   3) nccl/2.3/2.3.5-2
  2) cudnn/7.3/7.3.1      4) openmpi/2.1.6
Currently Loaded Modulefiles:
  1) cuda/9.0/9.0.176.4   3) nccl/2.3/2.3.5-2
  2) cudnn/7.3/7.3.1      4) openmpi/2.1.6
==========================================
Num of GPUs : 16
Model :  resnet
Minibatch-size: 64
Epochs: 10
==========================================
Starting training .....
--------------------------------------------------------------------------
A process has executed an operation involving a call to the
"fork()" system call to create a child process.  Open MPI is currently
operating in a condition that could result in memory corruption or
other system errors; your job may hang, crash, or produce silent
data corruption.  The use of fork() (or system() or other calls that
create child processes) is strongly discouraged.

The process that invoked fork was:

  Local host:          [[48031,1],0] (PID 233273)

If you are *absolutely sure* that your application will successfully
and correctly survive a call to fork(), you may disable this warning
by setting the mpi_warn_on_fork MCA parameter to 0.
--------------------------------------------------------------------------
epoch       main/loss   validation/main/loss  main/accuracy  validation/main/accuracy  elapsed_time
[J     total [..................................................]  0.80%
this epoch [###...............................................]  7.99%
       100 iter, 0 epoch / 10 epochs
       inf iters/sec. Estimated time to finish: 0:00:00.
[4A[J     total [..................................................]  1.60%
this epoch [#######...........................................] 15.99%
       200 iter, 0 epoch / 10 epochs
    2.0622 iters/sec. Estimated time to finish: 1:39:30.059665.
[4A[J     total [#.................................................]  2.40%
this epoch [###########.......................................] 23.98%
       300 iter, 0 epoch / 10 epochs
    2.2827 iters/sec. Estimated time to finish: 1:29:09.530674.
[4A[J     total [#.................................................]  3.20%
this epoch [###############...................................] 31.97%
       400 iter, 0 epoch / 10 epochs
    2.2491 iters/sec. Estimated time to finish: 1:29:44.919340.
[4A[J     total [#.................................................]  4.00%
this epoch [###################...............................] 39.96%
       500 iter, 0 epoch / 10 epochs
    2.2919 iters/sec. Estimated time to finish: 1:27:20.741505.
[4A[J     total [##................................................]  4.80%
this epoch [#######################...........................] 47.96%
       600 iter, 0 epoch / 10 epochs
    2.2833 iters/sec. Estimated time to finish: 1:26:56.695263.
[4A[J     total [##................................................]  5.59%
this epoch [###########################.......................] 55.95%
       700 iter, 0 epoch / 10 epochs
    2.3497 iters/sec. Estimated time to finish: 1:23:46.790480.
[4A[J     total [###...............................................]  6.39%
this epoch [###############################...................] 63.94%
       800 iter, 0 epoch / 10 epochs
    2.3315 iters/sec. Estimated time to finish: 1:23:43.128915.
[4A[J     total [###...............................................]  7.19%
this epoch [###################################...............] 71.93%
       900 iter, 0 epoch / 10 epochs
    2.3675 iters/sec. Estimated time to finish: 1:21:44.580701.
[4A[J     total [###...............................................]  7.99%
this epoch [#######################################...........] 79.93%
      1000 iter, 0 epoch / 10 epochs
    2.3383 iters/sec. Estimated time to finish: 1:22:03.015582.
[4A[J     total [####..............................................]  8.79%
this epoch [###########################################.......] 87.92%
      1100 iter, 0 epoch / 10 epochs
    2.3443 iters/sec. Estimated time to finish: 1:21:07.699676.
[4A[J     total [####..............................................]  9.59%
this epoch [###############################################...] 95.91%
      1200 iter, 0 epoch / 10 epochs
    2.3457 iters/sec. Estimated time to finish: 1:20:22.152330.
[4A[J1           4.72992                           0.137068                                 523.151       
[J     total [#####.............................................] 10.39%
this epoch [#.................................................]  3.91%
      1300 iter, 1 epoch / 10 epochs
    2.3785 iters/sec. Estimated time to finish: 1:18:33.666220.
[4A[J     total [#####.............................................] 11.19%
this epoch [#####.............................................] 11.90%
      1400 iter, 1 epoch / 10 epochs
    2.3556 iters/sec. Estimated time to finish: 1:18:37.013099.
[4A[J     total [#####.............................................] 11.99%
this epoch [#########.........................................] 19.89%
      1500 iter, 1 epoch / 10 epochs
    2.3498 iters/sec. Estimated time to finish: 1:18:06.115744.
[4A[J     total [######............................................] 12.79%
this epoch [#############.....................................] 27.88%
      1600 iter, 1 epoch / 10 epochs
    2.3472 iters/sec. Estimated time to finish: 1:17:28.768351.
[4A[J     total [######............................................] 13.59%
this epoch [#################.................................] 35.88%
      1700 iter, 1 epoch / 10 epochs
    2.3313 iters/sec. Estimated time to finish: 1:17:17.513720.
[4A[J     total [#######...........................................] 14.39%
this epoch [#####################.............................] 43.87%
      1800 iter, 1 epoch / 10 epochs
    2.3839 iters/sec. Estimated time to finish: 1:14:53.304560.
[4A[J     total [#######...........................................] 15.19%
this epoch [#########################.........................] 51.86%
      1900 iter, 1 epoch / 10 epochs
    2.4543 iters/sec. Estimated time to finish: 1:12:03.634412.
[4A[J     total [#######...........................................] 15.99%
this epoch [#############################.....................] 59.85%
      2000 iter, 1 epoch / 10 epochs
    2.5209 iters/sec. Estimated time to finish: 1:09:29.769591.
[4A[J     total [########..........................................] 16.78%
this epoch [#################################.................] 67.85%
      2100 iter, 1 epoch / 10 epochs
    2.5223 iters/sec. Estimated time to finish: 1:08:47.790420.
[4A[J     total [########..........................................] 17.58%
this epoch [#####################################.............] 75.84%
      2200 iter, 1 epoch / 10 epochs
    2.4751 iters/sec. Estimated time to finish: 1:09:25.973288.
[4A[J     total [#########.........................................] 18.38%
this epoch [#########################################.........] 83.83%
      2300 iter, 1 epoch / 10 epochs
    2.4201 iters/sec. Estimated time to finish: 1:10:19.347303.
[4A[J     total [#########.........................................] 19.18%
this epoch [#############################################.....] 91.82%
      2400 iter, 1 epoch / 10 epochs
    2.3937 iters/sec. Estimated time to finish: 1:10:24.136753.
[4A[J     total [#########.........................................] 19.98%
this epoch [#################################################.] 99.82%
      2500 iter, 1 epoch / 10 epochs
     2.365 iters/sec. Estimated time to finish: 1:10:33.101107.
[4A[J2           2.87823                           0.377248                                 1054.19       
[J     total [##########........................................] 20.78%
this epoch [###...............................................]  7.81%
      2600 iter, 2 epoch / 10 epochs
    2.3433 iters/sec. Estimated time to finish: 1:10:29.616792.
[4A[J     total [##########........................................] 21.58%
this epoch [#######...........................................] 15.80%
      2700 iter, 2 epoch / 10 epochs
    2.3299 iters/sec. Estimated time to finish: 1:10:11.076270.
[4A[J     total [###########.......................................] 22.38%
this epoch [###########.......................................] 23.80%
      2800 iter, 2 epoch / 10 epochs
    2.3143 iters/sec. Estimated time to finish: 1:09:56.234038.
[4A[J     total [###########.......................................] 23.18%
this epoch [###############...................................] 31.79%
      2900 iter, 2 epoch / 10 epochs
    2.2874 iters/sec. Estimated time to finish: 1:10:01.864844.
[4A[J     total [###########.......................................] 23.98%
this epoch [###################...............................] 39.78%
      3000 iter, 2 epoch / 10 epochs
     2.325 iters/sec. Estimated time to finish: 1:08:10.878425.
[4A[J     total [############......................................] 24.78%
this epoch [#######################...........................] 47.77%
      3100 iter, 2 epoch / 10 epochs
    2.3657 iters/sec. Estimated time to finish: 1:06:18.347717.
[4A[J     total [############......................................] 25.58%
this epoch [###########################.......................] 55.77%
      3200 iter, 2 epoch / 10 epochs
     2.406 iters/sec. Estimated time to finish: 1:04:30.005200.
[4A[J     total [#############.....................................] 26.38%
this epoch [###############################...................] 63.76%
      3300 iter, 2 epoch / 10 epochs
    2.3832 iters/sec. Estimated time to finish: 1:04:25.219780.
[4A[J     total [#############.....................................] 27.18%
this epoch [###################################...............] 71.75%
      3400 iter, 2 epoch / 10 epochs
    2.3375 iters/sec. Estimated time to finish: 1:04:57.872312.
[4A[J     total [#############.....................................] 27.97%
this epoch [#######################################...........] 79.74%
      3500 iter, 2 epoch / 10 epochs
    2.2975 iters/sec. Estimated time to finish: 1:05:22.335330.
[4A[J     total [##############....................................] 28.77%
this epoch [###########################################.......] 87.74%
      3600 iter, 2 epoch / 10 epochs
    2.2663 iters/sec. Estimated time to finish: 1:05:32.167720.
[4A[J     total [##############....................................] 29.57%
this epoch [###############################################...] 95.73%
      3700 iter, 2 epoch / 10 epochs
    2.2291 iters/sec. Estimated time to finish: 1:05:52.836291.
[4A[J3           2.23527                           0.491744                                 1681.94       
[J     total [###############...................................] 30.37%
this epoch [#.................................................]  3.72%
      3800 iter, 3 epoch / 10 epochs
    2.1993 iters/sec. Estimated time to finish: 1:06:00.958288.
[4A[J     total [###############...................................] 31.17%
this epoch [#####.............................................] 11.72%
      3900 iter, 3 epoch / 10 epochs
    2.1561 iters/sec. Estimated time to finish: 1:06:33.984464.
[4A[J     total [###############...................................] 31.97%
this epoch [#########.........................................] 19.71%
      4000 iter, 3 epoch / 10 epochs
    2.1289 iters/sec. Estimated time to finish: 1:06:37.992793.
[4A[J     total [################..................................] 32.77%
this epoch [#############.....................................] 27.70%
      4100 iter, 3 epoch / 10 epochs
    2.1422 iters/sec. Estimated time to finish: 1:05:26.467103.
[4A[J     total [################..................................] 33.57%
this epoch [#################.................................] 35.69%
      4200 iter, 3 epoch / 10 epochs
    2.1517 iters/sec. Estimated time to finish: 1:04:22.701910.
[4A[J     total [#################.................................] 34.37%
this epoch [#####################.............................] 43.69%
      4300 iter, 3 epoch / 10 epochs
    2.1621 iters/sec. Estimated time to finish: 1:03:17.886931.
[4A[J     total [#################.................................] 35.17%
this epoch [#########################.........................] 51.68%
      4400 iter, 3 epoch / 10 epochs
    2.1711 iters/sec. Estimated time to finish: 1:02:16.082300.
[4A[J     total [#################.................................] 35.97%
this epoch [#############################.....................] 59.67%
      4500 iter, 3 epoch / 10 epochs
    2.1793 iters/sec. Estimated time to finish: 1:01:16.102497.
[4A[J     total [##################................................] 36.77%
this epoch [#################################.................] 67.66%
      4600 iter, 3 epoch / 10 epochs
     2.185 iters/sec. Estimated time to finish: 1:00:20.731324.
[4A[J     total [##################................................] 37.57%
this epoch [#####################################.............] 75.66%
      4700 iter, 3 epoch / 10 epochs
    2.1931 iters/sec. Estimated time to finish: 0:59:21.820960.
[4A[J     total [###################...............................] 38.36%
this epoch [#########################################.........] 83.65%
      4800 iter, 3 epoch / 10 epochs
    2.1991 iters/sec. Estimated time to finish: 0:58:26.608470.
[4A[J     total [###################...............................] 39.16%
this epoch [#############################################.....] 91.64%
      4900 iter, 3 epoch / 10 epochs
    2.2053 iters/sec. Estimated time to finish: 0:57:31.353439.
[4A[J     total [###################...............................] 39.96%
this epoch [#################################################.] 99.64%
      5000 iter, 3 epoch / 10 epochs
    2.2103 iters/sec. Estimated time to finish: 0:56:38.386085.
[4A[J4           1.91004                           0.554019                                 2256.78       
[J     total [####################..............................] 40.76%
this epoch [###...............................................]  7.63%
      5100 iter, 4 epoch / 10 epochs
    2.2158 iters/sec. Estimated time to finish: 0:55:44.835586.
[4A[J     total [####################..............................] 41.56%
this epoch [#######...........................................] 15.62%
      5200 iter, 4 epoch / 10 epochs
    2.2203 iters/sec. Estimated time to finish: 0:54:53.033953.
[4A[J     total [#####################.............................] 42.36%
this epoch [###########.......................................] 23.61%
      5300 iter, 4 epoch / 10 epochs
    2.2277 iters/sec. Estimated time to finish: 0:53:57.107385.
[4A[J     total [#####################.............................] 43.16%
this epoch [###############...................................] 31.61%
      5400 iter, 4 epoch / 10 epochs
    2.2381 iters/sec. Estimated time to finish: 0:52:57.469294.
[4A[J     total [#####################.............................] 43.96%
this epoch [###################...............................] 39.60%
      5500 iter, 4 epoch / 10 epochs
    2.2589 iters/sec. Estimated time to finish: 0:51:43.868229.
[4A[J     total [######################............................] 44.76%
this epoch [#######################...........................] 47.59%
      5600 iter, 4 epoch / 10 epochs
    2.2814 iters/sec. Estimated time to finish: 0:50:29.460081.
[4A[J     total [######################............................] 45.56%
this epoch [###########################.......................] 55.58%
      5700 iter, 4 epoch / 10 epochs
    2.3035 iters/sec. Estimated time to finish: 0:49:16.981821.
[4A[J     total [#######################...........................] 46.36%
this epoch [###############################...................] 63.58%
      5800 iter, 4 epoch / 10 epochs
    2.3252 iters/sec. Estimated time to finish: 0:48:06.336916.
[4A[J     total [#######################...........................] 47.16%
this epoch [###################################...............] 71.57%
      5900 iter, 4 epoch / 10 epochs
    2.3455 iters/sec. Estimated time to finish: 0:46:58.710249.
[4A[J     total [#######################...........................] 47.96%
this epoch [#######################################...........] 79.56%
      6000 iter, 4 epoch / 10 epochs
    2.3666 iters/sec. Estimated time to finish: 0:45:51.406971.
[4A[J     total [########################..........................] 48.76%
this epoch [###########################################.......] 87.56%
      6100 iter, 4 epoch / 10 epochs
    2.3873 iters/sec. Estimated time to finish: 0:44:45.680814.
[4A[J     total [########################..........................] 49.55%
this epoch [###############################################...] 95.55%
      6200 iter, 4 epoch / 10 epochs
    2.4076 iters/sec. Estimated time to finish: 0:43:41.435265.
[4A[J5           1.68648                           0.598858                                 2582.57       
[J     total [#########################.........................] 50.35%
this epoch [#.................................................]  3.54%
      6300 iter, 5 epoch / 10 epochs
    2.4274 iters/sec. Estimated time to finish: 0:42:38.886211.
[4A[J     total [#########################.........................] 51.15%
this epoch [#####.............................................] 11.53%
      6400 iter, 5 epoch / 10 epochs
    2.4471 iters/sec. Estimated time to finish: 0:41:37.413696.
[4A[J     total [#########################.........................] 51.95%
this epoch [#########.........................................] 19.53%
      6500 iter, 5 epoch / 10 epochs
    2.4665 iters/sec. Estimated time to finish: 0:40:37.222929.
[4A[J     total [##########################........................] 52.75%
this epoch [#############.....................................] 27.52%
      6600 iter, 5 epoch / 10 epochs
    2.4856 iters/sec. Estimated time to finish: 0:39:38.256651.
[4A[J     total [##########################........................] 53.55%
this epoch [#################.................................] 35.51%
      6700 iter, 5 epoch / 10 epochs
    2.5044 iters/sec. Estimated time to finish: 0:38:40.465743.
[4A[J     total [###########################.......................] 54.35%
this epoch [#####################.............................] 43.50%
      6800 iter, 5 epoch / 10 epochs
    2.5229 iters/sec. Estimated time to finish: 0:37:43.783537.
[4A[J     total [###########################.......................] 55.15%
this epoch [#########################.........................] 51.50%
      6900 iter, 5 epoch / 10 epochs
    2.5407 iters/sec. Estimated time to finish: 0:36:48.641769.
[4A[J     total [###########################.......................] 55.95%
this epoch [#############################.....................] 59.49%
      7000 iter, 5 epoch / 10 epochs
    2.5586 iters/sec. Estimated time to finish: 0:35:54.043923.
[4A[J     total [############################......................] 56.75%
this epoch [#################################.................] 67.48%
      7100 iter, 5 epoch / 10 epochs
    2.5763 iters/sec. Estimated time to finish: 0:35:00.429603.
[4A[J     total [############################......................] 57.55%
this epoch [#####################################.............] 75.47%
      7200 iter, 5 epoch / 10 epochs
    2.5938 iters/sec. Estimated time to finish: 0:34:07.753411.
[4A[J     total [#############################.....................] 58.35%
this epoch [#########################################.........] 83.47%
      7300 iter, 5 epoch / 10 epochs
      2.61 iters/sec. Estimated time to finish: 0:33:16.735752.
[4A[J     total [#############################.....................] 59.15%
this epoch [#############################################.....] 91.46%
      7400 iter, 5 epoch / 10 epochs
    2.6269 iters/sec. Estimated time to finish: 0:32:25.797708.
[4A[J     total [#############################.....................] 59.95%
this epoch [#################################################.] 99.45%
      7500 iter, 5 epoch / 10 epochs
    2.6436 iters/sec. Estimated time to finish: 0:31:35.686767.
[4A[J6           1.51769                           0.630371                                 2838.24       
[J     total [##############################....................] 60.74%
this epoch [###...............................................]  7.45%
      7600 iter, 6 epoch / 10 epochs
    2.6587 iters/sec. Estimated time to finish: 0:30:47.289730.
[4A[J     total [##############################....................] 61.54%
this epoch [#######...........................................] 15.44%
      7700 iter, 6 epoch / 10 epochs
    2.6749 iters/sec. Estimated time to finish: 0:29:58.706979.
[4A[J     total [###############################...................] 62.34%
this epoch [###########.......................................] 23.43%
      7800 iter, 6 epoch / 10 epochs
    2.6909 iters/sec. Estimated time to finish: 0:29:10.860020.
[4A[J     total [###############################...................] 63.14%
this epoch [###############...................................] 31.42%
      7900 iter, 6 epoch / 10 epochs
    2.7067 iters/sec. Estimated time to finish: 0:28:23.717396.
[4A[J     total [###############################...................] 63.94%
this epoch [###################...............................] 39.42%
      8000 iter, 6 epoch / 10 epochs
    2.7222 iters/sec. Estimated time to finish: 0:27:37.260321.
[4A[J     total [################################..................] 64.74%
this epoch [#######################...........................] 47.41%
      8100 iter, 6 epoch / 10 epochs
    2.7375 iters/sec. Estimated time to finish: 0:26:51.456362.
[4A[J     total [################################..................] 65.54%
this epoch [###########################.......................] 55.40%
      8200 iter, 6 epoch / 10 epochs
    2.7526 iters/sec. Estimated time to finish: 0:26:06.281047.
[4A[J     total [#################################.................] 66.34%
this epoch [###############################...................] 63.39%
      8300 iter, 6 epoch / 10 epochs
    2.7675 iters/sec. Estimated time to finish: 0:25:21.719189.
[4A[J     total [#################################.................] 67.14%
this epoch [###################################...............] 71.39%
      8400 iter, 6 epoch / 10 epochs
    2.7822 iters/sec. Estimated time to finish: 0:24:37.731598.
[4A[J     total [#################################.................] 67.94%
this epoch [#######################################...........] 79.38%
      8500 iter, 6 epoch / 10 epochs
    2.7967 iters/sec. Estimated time to finish: 0:23:54.316721.
[4A[J     total [##################################................] 68.74%
this epoch [###########################################.......] 87.37%
      8600 iter, 6 epoch / 10 epochs
     2.811 iters/sec. Estimated time to finish: 0:23:11.445843.
[4A[J     total [##################################................] 69.54%
this epoch [###############################################...] 95.37%
      8700 iter, 6 epoch / 10 epochs
    2.8252 iters/sec. Estimated time to finish: 0:22:29.093205.
[4A[J7           1.38476                           0.657786                                 3093.43       
[J     total [###################################...............] 70.34%
this epoch [#.................................................]  3.36%
      8800 iter, 7 epoch / 10 epochs
    2.8389 iters/sec. Estimated time to finish: 0:21:47.360158.
[4A[J     total [###################################...............] 71.14%
this epoch [#####.............................................] 11.35%
      8900 iter, 7 epoch / 10 epochs
    2.8526 iters/sec. Estimated time to finish: 0:21:06.003700.
[4A[J     total [###################################...............] 71.93%
this epoch [#########.........................................] 19.34%
      9000 iter, 7 epoch / 10 epochs
    2.8662 iters/sec. Estimated time to finish: 0:20:25.123926.
[4A[J     total [####################################..............] 72.73%
this epoch [#############.....................................] 27.34%
      9100 iter, 7 epoch / 10 epochs
    2.8795 iters/sec. Estimated time to finish: 0:19:44.701280.
[4A[J     total [####################################..............] 73.53%
this epoch [#################.................................] 35.33%
      9200 iter, 7 epoch / 10 epochs
    2.8928 iters/sec. Estimated time to finish: 0:19:04.718435.
[4A[J     total [#####################################.............] 74.33%
this epoch [#####################.............................] 43.32%
      9300 iter, 7 epoch / 10 epochs
    2.9058 iters/sec. Estimated time to finish: 0:18:25.165186.
[4A[J     total [#####################################.............] 75.13%
this epoch [#########################.........................] 51.31%
      9400 iter, 7 epoch / 10 epochs
    2.9187 iters/sec. Estimated time to finish: 0:17:46.026780.
[4A[J     total [#####################################.............] 75.93%
this epoch [#############################.....................] 59.31%
      9500 iter, 7 epoch / 10 epochs
    2.9314 iters/sec. Estimated time to finish: 0:17:07.287490.
[4A[J     total [######################################............] 76.73%
this epoch [#################################.................] 67.30%
      9600 iter, 7 epoch / 10 epochs
     2.944 iters/sec. Estimated time to finish: 0:16:28.940014.
[4A[J     total [######################################............] 77.53%
this epoch [#####################################.............] 75.29%
      9700 iter, 7 epoch / 10 epochs
    2.9564 iters/sec. Estimated time to finish: 0:15:50.965408.
[4A[J     total [#######################################...........] 78.33%
this epoch [#########################################.........] 83.29%
      9800 iter, 7 epoch / 10 epochs
    2.9686 iters/sec. Estimated time to finish: 0:15:13.354425.
[4A[J     total [#######################################...........] 79.13%
this epoch [#############################################.....] 91.28%
      9900 iter, 7 epoch / 10 epochs
    2.9807 iters/sec. Estimated time to finish: 0:14:36.100393.
[4A[J     total [#######################################...........] 79.93%
this epoch [#################################################.] 99.27%
     10000 iter, 7 epoch / 10 epochs
    2.9927 iters/sec. Estimated time to finish: 0:13:59.187052.
[4A[J8           1.29108                           0.676567                                 3347.7        
[J     total [########################################..........] 80.73%
this epoch [###...............................................]  7.26%
     10100 iter, 8 epoch / 10 epochs
    3.0175 iters/sec. Estimated time to finish: 0:13:19.144221.
[4A[J     total [########################################..........] 81.53%
this epoch [#######...........................................] 15.26%
     10200 iter, 8 epoch / 10 epochs
    3.0349 iters/sec. Estimated time to finish: 0:12:41.603557.
[4A[J     total [#########################################.........] 82.32%
this epoch [###########.......................................] 23.25%
     10300 iter, 8 epoch / 10 epochs
    3.0576 iters/sec. Estimated time to finish: 0:12:03.247226.
[4A[J     total [#########################################.........] 83.12%
this epoch [###############...................................] 31.24%
     10400 iter, 8 epoch / 10 epochs
    3.0774 iters/sec. Estimated time to finish: 0:11:26.091903.
[4A[J     total [#########################################.........] 83.92%
this epoch [###################...............................] 39.23%
     10500 iter, 8 epoch / 10 epochs
    3.1007 iters/sec. Estimated time to finish: 0:10:48.686267.
[4A[J     total [##########################################........] 84.72%
this epoch [#######################...........................] 47.23%
     10600 iter, 8 epoch / 10 epochs
    3.1164 iters/sec. Estimated time to finish: 0:10:13.331212.
[4A[J     total [##########################################........] 85.52%
this epoch [###########################.......................] 55.22%
     10700 iter, 8 epoch / 10 epochs
    3.1408 iters/sec. Estimated time to finish: 0:09:36.741838.
[4A[J     total [###########################################.......] 86.32%
this epoch [###############################...................] 63.21%
     10800 iter, 8 epoch / 10 epochs
    3.1582 iters/sec. Estimated time to finish: 0:09:01.894404.
[4A[J     total [###########################################.......] 87.12%
this epoch [###################################...............] 71.21%
     10900 iter, 8 epoch / 10 epochs
    3.1853 iters/sec. Estimated time to finish: 0:08:25.883421.
[4A[J     total [###########################################.......] 87.92%
this epoch [#######################################...........] 79.20%
     11000 iter, 8 epoch / 10 epochs
    3.2074 iters/sec. Estimated time to finish: 0:07:51.223872.
[4A[J     total [############################################......] 88.72%
this epoch [###########################################.......] 87.19%
     11100 iter, 8 epoch / 10 epochs
    3.2305 iters/sec. Estimated time to finish: 0:07:16.896772.
[4A[J     total [############################################......] 89.52%
this epoch [###############################################...] 95.18%
     11200 iter, 8 epoch / 10 epochs
    3.2467 iters/sec. Estimated time to finish: 0:06:43.914151.
[4A[J9           1.17536                           0.701576                                 3603.69       
[J     total [#############################################.....] 90.32%
this epoch [#.................................................]  3.18%
     11300 iter, 9 epoch / 10 epochs
    3.2755 iters/sec. Estimated time to finish: 0:06:09.833987.
[4A[J     total [#############################################.....] 91.12%
this epoch [#####.............................................] 11.17%
     11400 iter, 9 epoch / 10 epochs
    3.3014 iters/sec. Estimated time to finish: 0:05:36.650486.
[4A[J     total [#############################################.....] 91.92%
this epoch [#########.........................................] 19.16%
     11500 iter, 9 epoch / 10 epochs
    3.3269 iters/sec. Estimated time to finish: 0:05:04.011962.
[4A[J     total [##############################################....] 92.72%
this epoch [#############.....................................] 27.15%
     11600 iter, 9 epoch / 10 epochs
    3.3573 iters/sec. Estimated time to finish: 0:04:31.471154.
[4A[J     total [##############################################....] 93.51%
this epoch [#################.................................] 35.15%
     11700 iter, 9 epoch / 10 epochs
    3.3647 iters/sec. Estimated time to finish: 0:04:01.149601.
[4A[J     total [###############################################...] 94.31%
this epoch [#####################.............................] 43.14%
     11800 iter, 9 epoch / 10 epochs
    3.3647 iters/sec. Estimated time to finish: 0:03:31.430188.
[4A[J     total [###############################################...] 95.11%
this epoch [#########################.........................] 51.13%
     11900 iter, 9 epoch / 10 epochs
    3.3648 iters/sec. Estimated time to finish: 0:03:01.708904.
[4A[J     total [###############################################...] 95.91%
this epoch [#############################.....................] 59.12%
     12000 iter, 9 epoch / 10 epochs
    3.3866 iters/sec. Estimated time to finish: 0:02:31.010438.
[4A[J     total [################################################..] 96.71%
this epoch [#################################.................] 67.12%
     12100 iter, 9 epoch / 10 epochs
    3.4279 iters/sec. Estimated time to finish: 0:02:00.018219.
[4A[J     total [################################################..] 97.51%
this epoch [#####################################.............] 75.11%
     12200 iter, 9 epoch / 10 epochs
    3.4764 iters/sec. Estimated time to finish: 0:01:29.577080.
[4A[J     total [#################################################.] 98.31%
this epoch [#########################################.........] 83.10%
     12300 iter, 9 epoch / 10 epochs
    3.5153 iters/sec. Estimated time to finish: 0:01:00.138703.
[4A[J     total [#################################################.] 99.11%
this epoch [#############################################.....] 91.10%
     12400 iter, 9 epoch / 10 epochs
    3.5578 iters/sec. Estimated time to finish: 0:00:31.312975.
[4A[J     total [#################################################.] 99.91%
this epoch [#################################################.] 99.09%
     12500 iter, 9 epoch / 10 epochs
    3.5989 iters/sec. Estimated time to finish: 0:00:03.169332.
[4A[J10          1.07998                           0.720948                                 3857.68       
[J