No Modulefiles Currently Loaded.
Currently Loaded Modulefiles:
  1) cuda/9.0/9.0.176.4   3) nccl/2.3/2.3.5-2
  2) cudnn/7.3/7.3.1      4) openmpi/2.1.6
Currently Loaded Modulefiles:
  1) cuda/9.0/9.0.176.4   3) nccl/2.3/2.3.5-2
  2) cudnn/7.3/7.3.1      4) openmpi/2.1.6
Currently Loaded Modulefiles:
  1) cuda/9.0/9.0.176.4   3) nccl/2.3/2.3.5-2
  2) cudnn/7.3/7.3.1      4) openmpi/2.1.6
==========================================
Num of GPUs : 128
Model :  resnet
Minibatch-size: 64
Epochs: 70
==========================================
Starting training .....
--------------------------------------------------------------------------
A process has executed an operation involving a call to the
"fork()" system call to create a child process.  Open MPI is currently
operating in a condition that could result in memory corruption or
other system errors; your job may hang, crash, or produce silent
data corruption.  The use of fork() (or system() or other calls that
create child processes) is strongly discouraged.

The process that invoked fork was:

  Local host:          [[23148,1],0] (PID 7992)

If you are *absolutely sure* that your application will successfully
and correctly survive a call to fork(), you may disable this warning
by setting the mpi_warn_on_fork MCA parameter to 0.
--------------------------------------------------------------------------
epoch       main/loss   validation/main/loss  main/accuracy  validation/main/accuracy  elapsed_time
[J     total [..................................................]  0.91%
this epoch [###############################...................] 63.94%
       100 iter, 0 epoch / 70 epochs
       inf iters/sec. Estimated time to finish: 0:00:00.
[4A[J1           5.96425                           0.0362261                                50.2315       
[J     total [..................................................]  1.83%
this epoch [#############.....................................] 27.87%
       200 iter, 1 epoch / 70 epochs
    3.7995 iters/sec. Estimated time to finish: 0:47:08.887775.
[4A[J     total [#.................................................]  2.74%
this epoch [#############################################.....] 91.81%
       300 iter, 1 epoch / 70 epochs
    3.7866 iters/sec. Estimated time to finish: 0:46:52.109737.
[4A[J2           4.28399                           0.174679                                 89.2457       
[J     total [#.................................................]  3.65%
this epoch [###########################.......................] 55.74%
       400 iter, 2 epoch / 70 epochs
    3.8606 iters/sec. Estimated time to finish: 0:45:32.321782.
[4A[J3           3.31743                           0.306728                                 133.445       
[J     total [##................................................]  4.57%
this epoch [#########.........................................] 19.68%
       500 iter, 3 epoch / 70 epochs
    3.7266 iters/sec. Estimated time to finish: 0:46:43.741017.
[4A[J     total [##................................................]  5.48%
this epoch [#########################################.........] 83.62%
       600 iter, 3 epoch / 70 epochs
    3.8018 iters/sec. Estimated time to finish: 0:45:22.012004.
[4A[J4           2.77583                           0.394131                                 171.206       
[J     total [###...............................................]  6.39%
this epoch [#######################...........................] 47.55%
       700 iter, 4 epoch / 70 epochs
    3.8717 iters/sec. Estimated time to finish: 0:44:06.982062.
[4A[J5           2.42054                           0.460689                                 208.802       
[J     total [###...............................................]  7.31%
this epoch [#####.............................................] 11.49%
       800 iter, 5 epoch / 70 epochs
    3.9021 iters/sec. Estimated time to finish: 0:43:20.757415.
[4A[J     total [####..............................................]  8.22%
this epoch [#####################################.............] 75.42%
       900 iter, 5 epoch / 70 epochs
    3.9101 iters/sec. Estimated time to finish: 0:42:49.865989.
[4A[J6           2.17749                           0.5003                                   247.324       
[J     total [####..............................................]  9.13%
this epoch [###################...............................] 39.36%
      1000 iter, 6 epoch / 70 epochs
    3.9096 iters/sec. Estimated time to finish: 0:42:24.620335.
[4A[J7           1.98206                           0.540164                                 286.373       
[J     total [#####.............................................] 10.05%
this epoch [#.................................................]  3.30%
      1100 iter, 7 epoch / 70 epochs
    3.9298 iters/sec. Estimated time to finish: 0:41:46.108159.
[4A[J     total [#####.............................................] 10.96%
this epoch [#################################.................] 67.23%
      1200 iter, 7 epoch / 70 epochs
    3.9398 iters/sec. Estimated time to finish: 0:41:14.327671.
[4A[J8           1.84224                           0.565585                                 325           
[J     total [#####.............................................] 11.87%
this epoch [###############...................................] 31.17%
      1300 iter, 8 epoch / 70 epochs
    3.9482 iters/sec. Estimated time to finish: 0:40:43.736119.
[4A[J     total [######............................................] 12.79%
this epoch [###############################################...] 95.10%
      1400 iter, 8 epoch / 70 epochs
    3.9497 iters/sec. Estimated time to finish: 0:40:17.492645.
[4A[J9           1.71454                           0.590445                                 364.365       
[J     total [######............................................] 13.70%
this epoch [#############################.....................] 59.04%
      1500 iter, 9 epoch / 70 epochs
    3.9626 iters/sec. Estimated time to finish: 0:39:44.422329.
[4A[J10          1.62435                           0.613555                                 402.764       
[J     total [#######...........................................] 14.61%
this epoch [###########.......................................] 22.98%
      1600 iter, 10 epoch / 70 epochs
    3.9763 iters/sec. Estimated time to finish: 0:39:11.042939.
[4A[J     total [#######...........................................] 15.53%
this epoch [###########################################.......] 86.91%
      1700 iter, 10 epoch / 70 epochs
    3.9813 iters/sec. Estimated time to finish: 0:38:42.987723.
[4A[J11          1.51631                           0.630309                                 440.175       
[J     total [########..........................................] 16.44%
this epoch [#########################.........................] 50.85%
      1800 iter, 11 epoch / 70 epochs
    3.9965 iters/sec. Estimated time to finish: 0:38:09.120119.
[4A[J12          1.43736                           0.649139                                 481.425       
[J     total [########..........................................] 17.35%
this epoch [#######...........................................] 14.79%
      1900 iter, 12 epoch / 70 epochs
    3.9586 iters/sec. Estimated time to finish: 0:38:05.757542.
[4A[J     total [#########.........................................] 18.27%
this epoch [#######################################...........] 78.72%
      2000 iter, 12 epoch / 70 epochs
    3.9708 iters/sec. Estimated time to finish: 0:37:33.541333.
[4A[J13          1.36864                           0.660529                                 520.19        
[J     total [#########.........................................] 19.18%
this epoch [#####################.............................] 42.66%
      2100 iter, 13 epoch / 70 epochs
    3.9764 iters/sec. Estimated time to finish: 0:37:05.213863.
[4A[J14          1.30542                           0.672476                                 558.479       
[J     total [##########........................................] 20.09%
this epoch [###...............................................]  6.59%
      2200 iter, 14 epoch / 70 epochs
    3.9802 iters/sec. Estimated time to finish: 0:36:38.009023.
[4A[J     total [##########........................................] 21.01%
this epoch [###################################...............] 70.53%
      2300 iter, 14 epoch / 70 epochs
    3.9842 iters/sec. Estimated time to finish: 0:36:10.708062.
[4A[J15          1.24311                           0.685908                                 596.423       
[J     total [##########........................................] 21.92%
this epoch [#################.................................] 34.47%
      2400 iter, 15 epoch / 70 epochs
    3.9942 iters/sec. Estimated time to finish: 0:35:40.209267.
[4A[J     total [###########.......................................] 22.83%
this epoch [#################################################.] 98.40%
      2500 iter, 15 epoch / 70 epochs
    3.9967 iters/sec. Estimated time to finish: 0:35:13.872274.
[4A[J16          1.19802                           0.700621                                 634.365       
[J     total [###########.......................................] 23.75%
this epoch [###############################...................] 62.34%
      2600 iter, 16 epoch / 70 epochs
    3.9919 iters/sec. Estimated time to finish: 0:34:51.319332.
[4A[J17          1.13531                           0.707232                                 673.782       
[J     total [############......................................] 24.66%
this epoch [#############.....................................] 26.27%
      2700 iter, 17 epoch / 70 epochs
    3.9984 iters/sec. Estimated time to finish: 0:34:22.956355.
[4A[J     total [############......................................] 25.57%
this epoch [#############################################.....] 90.21%
      2800 iter, 17 epoch / 70 epochs
    4.0029 iters/sec. Estimated time to finish: 0:33:55.652291.
[4A[J18          1.07651                           0.719745                                 711.558       
[J     total [#############.....................................] 26.49%
this epoch [###########################.......................] 54.15%
      2900 iter, 18 epoch / 70 epochs
    4.0033 iters/sec. Estimated time to finish: 0:33:30.458090.
[4A[J19          1.0439                            0.72476                                  750.298       
[J     total [#############.....................................] 27.40%
this epoch [#########.........................................] 18.08%
      3000 iter, 19 epoch / 70 epochs
    4.0095 iters/sec. Estimated time to finish: 0:33:02.382926.
[4A[J     total [##############....................................] 28.31%
this epoch [#########################################.........] 82.02%
      3100 iter, 19 epoch / 70 epochs
    4.0094 iters/sec. Estimated time to finish: 0:32:37.528148.
[4A[J20          0.990651                          0.741242                                 788.33        
[J     total [##############....................................] 29.23%
this epoch [######################............................] 45.95%
      3200 iter, 20 epoch / 70 epochs
    4.0192 iters/sec. Estimated time to finish: 0:32:07.837179.
[4A[J21          0.95188                           0.750801                                 824.958       
[J     total [###############...................................] 30.14%
this epoch [####..............................................]  9.89%
      3300 iter, 21 epoch / 70 epochs
    4.0245 iters/sec. Estimated time to finish: 0:31:40.486059.
[4A[J     total [###############...................................] 31.05%
this epoch [####################################..............] 73.83%
      3400 iter, 21 epoch / 70 epochs
    4.0233 iters/sec. Estimated time to finish: 0:31:16.174996.
[4A[J22          0.89074                           0.760717                                 863.478       
[J     total [###############...................................] 31.97%
this epoch [##################................................] 37.76%
      3500 iter, 22 epoch / 70 epochs
    4.0301 iters/sec. Estimated time to finish: 0:30:48.223548.
[4A[J23          0.874998                          0.758758                                 903.107       
[J     total [################..................................] 32.88%
this epoch [..................................................]  1.70%
      3600 iter, 23 epoch / 70 epochs
    4.0192 iters/sec. Estimated time to finish: 0:30:28.352527.
[4A[J     total [################..................................] 33.79%
this epoch [################################..................] 65.63%
      3700 iter, 23 epoch / 70 epochs
     4.007 iters/sec. Estimated time to finish: 0:30:08.958677.
[4A[J24          0.830028                          0.776743                                 944.653       
[J     total [#################.................................] 34.71%
this epoch [##############....................................] 29.57%
      3800 iter, 24 epoch / 70 epochs
    4.0145 iters/sec. Estimated time to finish: 0:29:40.643606.
[4A[J     total [#################.................................] 35.62%
this epoch [##############################################....] 93.51%
      3900 iter, 24 epoch / 70 epochs
    4.0185 iters/sec. Estimated time to finish: 0:29:14.018285.
[4A[J25          0.793957                          0.78115                                  981.439       
[J     total [##################................................] 36.53%
this epoch [############################......................] 57.44%
      4000 iter, 25 epoch / 70 epochs
     4.019 iters/sec. Estimated time to finish: 0:28:48.906293.
[4A[J26          0.769304                          0.789163                                 1019.84       
[J     total [##################................................] 37.45%
this epoch [##########........................................] 21.38%
      4100 iter, 26 epoch / 70 epochs
    4.0232 iters/sec. Estimated time to finish: 0:28:22.256488.
[4A[J     total [###################...............................] 38.36%
this epoch [##########################################........] 85.31%
      4200 iter, 26 epoch / 70 epochs
    4.0222 iters/sec. Estimated time to finish: 0:27:57.786723.
[4A[J27          0.720846                          0.799679                                 1088.32       
[J     total [###################...............................] 39.28%
this epoch [########################..........................] 49.25%
      4300 iter, 27 epoch / 70 epochs
    3.9134 iters/sec. Estimated time to finish: 0:28:18.890335.
[4A[J28          0.699691                          0.800657                                 1125.72       
[J     total [####################..............................] 40.19%
this epoch [######............................................] 13.19%
      4400 iter, 28 epoch / 70 epochs
    3.9199 iters/sec. Estimated time to finish: 0:27:50.578839.
[4A[J     total [####################..............................] 41.10%
this epoch [######################################............] 77.12%
      4500 iter, 28 epoch / 70 epochs
    3.9092 iters/sec. Estimated time to finish: 0:27:29.571250.
[4A[J29          0.665859                          0.808293                                 1169.4        
[J     total [#####################.............................] 42.02%
this epoch [####################..............................] 41.06%
      4600 iter, 29 epoch / 70 epochs
    3.9109 iters/sec. Estimated time to finish: 0:27:03.276183.
[4A[J30          0.652917                          0.811903                                 1206.6        
[J     total [#####################.............................] 42.93%
this epoch [##................................................]  5.00%
      4700 iter, 30 epoch / 70 epochs
    3.9145 iters/sec. Estimated time to finish: 0:26:36.220017.
[4A[J     total [#####################.............................] 43.84%
this epoch [##################################................] 68.93%
      4800 iter, 30 epoch / 70 epochs
    3.9217 iters/sec. Estimated time to finish: 0:26:07.818700.
[4A[J31          0.618514                          0.824319                                 1243.7        
[J     total [######################............................] 44.76%
this epoch [################..................................] 32.87%
      4900 iter, 31 epoch / 70 epochs
    3.9287 iters/sec. Estimated time to finish: 0:25:39.560703.
[4A[J     total [######################............................] 45.67%
this epoch [################################################..] 96.80%
      5000 iter, 31 epoch / 70 epochs
    3.9319 iters/sec. Estimated time to finish: 0:25:12.879071.
[4A[J32          0.583331                          0.83143                                  1280.62       
[J     total [#######################...........................] 46.58%
this epoch [##############################....................] 60.74%
      5100 iter, 32 epoch / 70 epochs
    3.9365 iters/sec. Estimated time to finish: 0:24:45.682002.
[4A[J33          0.548334                          0.834096                                 1318.98       
[J     total [#######################...........................] 47.50%
this epoch [############......................................] 24.68%
      5200 iter, 33 epoch / 70 epochs
     3.941 iters/sec. Estimated time to finish: 0:24:18.629039.
[4A[J     total [########################..........................] 48.41%
this epoch [############################################......] 88.61%
      5300 iter, 33 epoch / 70 epochs
     3.942 iters/sec. Estimated time to finish: 0:23:52.871987.
[4A[J34          0.540547                          0.842047                                 1357.12       
[J     total [########################..........................] 49.32%
this epoch [##########################........................] 52.55%
      5400 iter, 34 epoch / 70 epochs
    3.9409 iters/sec. Estimated time to finish: 0:23:27.922432.
[4A[J35          0.528826                          0.843551                                 1396.34       
[J     total [#########################.........................] 50.24%
this epoch [########..........................................] 16.48%
      5500 iter, 35 epoch / 70 epochs
    3.9456 iters/sec. Estimated time to finish: 0:23:00.874129.
[4A[J     total [#########################.........................] 51.15%
this epoch [########################################..........] 80.42%
      5600 iter, 35 epoch / 70 epochs
    3.9454 iters/sec. Estimated time to finish: 0:22:35.610524.
[4A[J36          0.49087                           0.854968                                 1437.04       
[J     total [##########################........................] 52.06%
this epoch [######################............................] 44.36%
      5700 iter, 36 epoch / 70 epochs
    3.9396 iters/sec. Estimated time to finish: 0:22:12.224770.
[4A[J37          0.467484                          0.859475                                 1476.11       
[J     total [##########################........................] 52.98%
this epoch [####..............................................]  8.29%
      5800 iter, 37 epoch / 70 epochs
    3.9429 iters/sec. Estimated time to finish: 0:21:45.764659.
[4A[J     total [##########################........................] 53.89%
this epoch [####################################..............] 72.23%
      5900 iter, 37 epoch / 70 epochs
    3.9417 iters/sec. Estimated time to finish: 0:21:20.792919.
[4A[J38          0.453294                          0.862079                                 1515.13       
[J     total [###########################.......................] 54.80%
this epoch [##################................................] 36.16%
      6000 iter, 38 epoch / 70 epochs
    3.9475 iters/sec. Estimated time to finish: 0:20:53.571502.
[4A[J39          0.433034                          0.872897                                 1553.4        
[J     total [###########################.......................] 55.72%
this epoch [..................................................]  0.10%
      6100 iter, 39 epoch / 70 epochs
    3.9458 iters/sec. Estimated time to finish: 0:20:28.767834.
[4A[J     total [############################......................] 56.63%
this epoch [################################..................] 64.04%
      6200 iter, 39 epoch / 70 epochs
    3.9516 iters/sec. Estimated time to finish: 0:20:01.656005.
[4A[J40          0.420128                          0.87291                                  1591.11       
[J     total [############################......................] 57.54%
this epoch [#############.....................................] 27.97%
      6300 iter, 40 epoch / 70 epochs
    3.9558 iters/sec. Estimated time to finish: 0:19:35.081851.
[4A[J     total [#############################.....................] 58.46%
this epoch [#############################################.....] 91.91%
      6400 iter, 40 epoch / 70 epochs
    3.9513 iters/sec. Estimated time to finish: 0:19:11.120043.
[4A[J41          0.397957                          0.879708                                 1630.66       
[J     total [#############################.....................] 59.37%
this epoch [###########################.......................] 55.84%
      6500 iter, 41 epoch / 70 epochs
    3.9561 iters/sec. Estimated time to finish: 0:18:44.441370.
[4A[J42          0.385788                          0.880971                                 1668.09       
[J     total [##############################....................] 60.28%
this epoch [#########.........................................] 19.78%
      6600 iter, 42 epoch / 70 epochs
    3.9581 iters/sec. Estimated time to finish: 0:18:18.628956.
[4A[J     total [##############################....................] 61.20%
this epoch [#########################################.........] 83.72%
      6700 iter, 42 epoch / 70 epochs
    3.9602 iters/sec. Estimated time to finish: 0:17:52.789884.
[4A[J43          0.357577                          0.890925                                 1706.36       
[J     total [###############################...................] 62.11%
this epoch [#######################...........................] 47.65%
      6800 iter, 43 epoch / 70 epochs
    3.9636 iters/sec. Estimated time to finish: 0:17:26.635318.
[4A[J44          0.356394                          0.889824                                 1743.91       
[J     total [###############################...................] 63.02%
this epoch [#####.............................................] 11.59%
      6900 iter, 44 epoch / 70 epochs
    3.9648 iters/sec. Estimated time to finish: 0:17:01.093134.
[4A[J     total [###############################...................] 63.94%
this epoch [#####################################.............] 75.52%
      7000 iter, 44 epoch / 70 epochs
    3.9613 iters/sec. Estimated time to finish: 0:16:36.758352.
[4A[J45          0.336962                          0.896795                                 1784.63       
[J     total [################################..................] 64.85%
this epoch [###################...............................] 39.46%
      7100 iter, 45 epoch / 70 epochs
    3.9643 iters/sec. Estimated time to finish: 0:16:10.769103.
[4A[J46          0.338453                          0.895833                                 1826.84       
[J     total [################################..................] 65.76%
this epoch [#.................................................]  3.40%
      7200 iter, 46 epoch / 70 epochs
    3.9556 iters/sec. Estimated time to finish: 0:15:47.624571.
[4A[J     total [#################################.................] 66.68%
this epoch [#################################.................] 67.33%
      7300 iter, 46 epoch / 70 epochs
    3.9595 iters/sec. Estimated time to finish: 0:15:21.436539.
[4A[J47          0.318671                          0.903065                                 1864.55       
[J     total [#################################.................] 67.59%
this epoch [###############...................................] 31.27%
      7400 iter, 47 epoch / 70 epochs
    3.9612 iters/sec. Estimated time to finish: 0:14:55.789531.
[4A[J     total [##################################................] 68.50%
this epoch [###############################################...] 95.20%
      7500 iter, 47 epoch / 70 epochs
    3.9594 iters/sec. Estimated time to finish: 0:14:30.951757.
[4A[J48          0.304595                          0.903145                                 1904.19       
[J     total [##################################................] 69.42%
this epoch [#############################.....................] 59.14%
      7600 iter, 48 epoch / 70 epochs
    3.9611 iters/sec. Estimated time to finish: 0:14:05.330718.
[4A[J49          0.289223                          0.908053                                 1942.87       
[J     total [###################################...............] 70.33%
this epoch [###########.......................................] 23.08%
      7700 iter, 49 epoch / 70 epochs
    3.9625 iters/sec. Estimated time to finish: 0:13:39.790599.
[4A[J     total [###################################...............] 71.24%
this epoch [###########################################.......] 87.01%
      7800 iter, 49 epoch / 70 epochs
    3.9631 iters/sec. Estimated time to finish: 0:13:14.432460.
[4A[J50          0.292846                          0.909733                                 1981.7        
[J     total [####################################..............] 72.16%
this epoch [#########################.........................] 50.95%
      7900 iter, 50 epoch / 70 epochs
    3.9653 iters/sec. Estimated time to finish: 0:12:48.775606.
[4A[J51          0.283031                          0.910056                                 2019.39       
[J     total [####################################..............] 73.07%
this epoch [#######...........................................] 14.89%
      8000 iter, 51 epoch / 70 epochs
    3.9653 iters/sec. Estimated time to finish: 0:12:23.560520.
[4A[J     total [####################################..............] 73.98%
this epoch [#######################################...........] 78.82%
      8100 iter, 51 epoch / 70 epochs
    3.9671 iters/sec. Estimated time to finish: 0:11:58.023645.
[4A[J52          0.274418                          0.914212                                 2068.4        
[J     total [#####################################.............] 74.90%
this epoch [#####################.............................] 42.76%
      8200 iter, 52 epoch / 70 epochs
    3.9525 iters/sec. Estimated time to finish: 0:11:35.370786.
[4A[J53          0.274481                          0.912961                                 2105.45       
[J     total [#####################################.............] 75.81%
this epoch [###...............................................]  6.69%
      8300 iter, 53 epoch / 70 epochs
    3.9522 iters/sec. Estimated time to finish: 0:11:10.119979.
[4A[J     total [######################################............] 76.72%
this epoch [###################################...............] 70.63%
      8400 iter, 53 epoch / 70 epochs
    3.9524 iters/sec. Estimated time to finish: 0:10:44.781116.
[4A[J54          0.260724                          0.915164                                 2145.04       
[J     total [######################################............] 77.64%
this epoch [#################.................................] 34.57%
      8500 iter, 54 epoch / 70 epochs
    3.9527 iters/sec. Estimated time to finish: 0:10:19.435850.
[4A[J     total [#######################################...........] 78.55%
this epoch [#################################################.] 98.50%
      8600 iter, 54 epoch / 70 epochs
    3.9533 iters/sec. Estimated time to finish: 0:09:54.043619.
[4A[J55          0.249876                          0.919486                                 2183.99       
[J     total [#######################################...........] 79.46%
this epoch [###############################...................] 62.44%
      8700 iter, 55 epoch / 70 epochs
    3.9545 iters/sec. Estimated time to finish: 0:09:28.570294.
[4A[J56          0.249951                          0.91847                                  2224.79       
[J     total [########################################..........] 80.38%
this epoch [#############.....................................] 26.37%
      8800 iter, 56 epoch / 70 epochs
    3.9516 iters/sec. Estimated time to finish: 0:09:03.681473.
[4A[J     total [########################################..........] 81.29%
this epoch [#############################################.....] 90.31%
      8900 iter, 56 epoch / 70 epochs
    3.9489 iters/sec. Estimated time to finish: 0:08:38.737858.
[4A[J57          0.236372                          0.921676                                 2266.75       
[J     total [#########################################.........] 82.20%
this epoch [###########################.......................] 54.25%
      9000 iter, 57 epoch / 70 epochs
    3.9475 iters/sec. Estimated time to finish: 0:08:13.588731.
[4A[J58          0.235376                          0.926983                                 2307.78       
[J     total [#########################################.........] 83.12%
this epoch [#########.........................................] 18.18%
      9100 iter, 58 epoch / 70 epochs
     3.946 iters/sec. Estimated time to finish: 0:07:48.427918.
[4A[J     total [##########################################........] 84.03%
this epoch [#########################################.........] 82.12%
      9200 iter, 58 epoch / 70 epochs
    3.9442 iters/sec. Estimated time to finish: 0:07:23.296202.
[4A[J59          0.230247                          0.926983                                 2347.78       
[J     total [##########################################........] 84.94%
this epoch [#######################...........................] 46.05%
      9300 iter, 59 epoch / 70 epochs
    3.9447 iters/sec. Estimated time to finish: 0:06:57.886436.
[4A[J60          0.222268                          0.928643                                 2387.97       
[J     total [##########################################........] 85.86%
this epoch [####..............................................]  9.99%
      9400 iter, 60 epoch / 70 epochs
    3.9438 iters/sec. Estimated time to finish: 0:06:32.628520.
[4A[J     total [###########################################.......] 86.77%
this epoch [####################################..............] 73.93%
      9500 iter, 60 epoch / 70 epochs
    3.9428 iters/sec. Estimated time to finish: 0:06:07.359456.
[4A[J61          0.228472                          0.92498                                  2428.04       
[J     total [###########################################.......] 87.68%
this epoch [##################................................] 37.86%
      9600 iter, 61 epoch / 70 epochs
    3.9418 iters/sec. Estimated time to finish: 0:05:42.084139.
[4A[J62          0.212974                          0.93133                                  2468.45       
[J     total [############################################......] 88.60%
this epoch [..................................................]  1.80%
      9700 iter, 62 epoch / 70 epochs
    3.9407 iters/sec. Estimated time to finish: 0:05:16.806872.
[4A[J     total [############################################......] 89.51%
this epoch [################################..................] 65.73%
      9800 iter, 62 epoch / 70 epochs
    3.9418 iters/sec. Estimated time to finish: 0:04:51.348617.
[4A[J63          0.208011                          0.932592                                 2508.01       
[J     total [#############################################.....] 90.42%
this epoch [##############....................................] 29.67%
      9900 iter, 63 epoch / 70 epochs
    3.9419 iters/sec. Estimated time to finish: 0:04:25.970795.
[4A[J     total [#############################################.....] 91.34%
this epoch [##############################################....] 93.61%
     10000 iter, 63 epoch / 70 epochs
    3.9412 iters/sec. Estimated time to finish: 0:04:00.647706.
[4A[J64          0.198518                          0.940204                                 2548.41       
[J     total [##############################################....] 92.25%
this epoch [############################......................] 57.54%
     10100 iter, 64 epoch / 70 epochs
    3.9424 iters/sec. Estimated time to finish: 0:03:35.211099.
[4A[J65          0.19441                           0.937898                                 2588.3        
[J     total [##############################################....] 93.16%
this epoch [##########........................................] 21.48%
     10200 iter, 65 epoch / 70 epochs
    3.9446 iters/sec. Estimated time to finish: 0:03:09.736061.
[4A[J     total [###############################################...] 94.08%
this epoch [##########################################........] 85.41%
     10300 iter, 65 epoch / 70 epochs
    3.9423 iters/sec. Estimated time to finish: 0:02:44.482217.
[4A[J66          0.186074                          0.940004                                 2628.18       
[J     total [###############################################...] 94.99%
this epoch [########################..........................] 49.35%
     10400 iter, 66 epoch / 70 epochs
     3.949 iters/sec. Estimated time to finish: 0:02:18.880922.
[4A[J67          0.191605                          0.938396                                 2670.38       
[J     total [###############################################...] 95.90%
this epoch [######............................................] 13.29%
     10500 iter, 67 epoch / 70 epochs
     3.944 iters/sec. Estimated time to finish: 0:01:53.699972.
[4A[J     total [################################################..] 96.82%
this epoch [######################################............] 77.22%
     10600 iter, 67 epoch / 70 epochs
    3.9394 iters/sec. Estimated time to finish: 0:01:28.448732.
[4A[J68          0.186877                          0.938802                                 2711.02       
[J     total [################################################..] 97.73%
this epoch [####################..............................] 41.16%
     10700 iter, 68 epoch / 70 epochs
    3.9384 iters/sec. Estimated time to finish: 0:01:03.080158.
[4A[J69          0.182204                          0.941481                                 2751.44       
[J     total [#################################################.] 98.64%
this epoch [##................................................]  5.09%
     10800 iter, 69 epoch / 70 epochs
    3.9356 iters/sec. Estimated time to finish: 0:00:37.716434.
[4A[J     total [#################################################.] 99.56%
this epoch [##################################................] 69.03%
     10900 iter, 69 epoch / 70 epochs
    3.9365 iters/sec. Estimated time to finish: 0:00:12.304850.
[4A[J70          0.185687                          0.940405                                 2790.91       
[J