No Modulefiles Currently Loaded.
Currently Loaded Modulefiles:
  1) cuda/9.0/9.0.176.4   3) nccl/2.3/2.3.5-2
  2) cudnn/7.3/7.3.1      4) openmpi/2.1.6
Currently Loaded Modulefiles:
  1) cuda/9.0/9.0.176.4   3) nccl/2.3/2.3.5-2
  2) cudnn/7.3/7.3.1      4) openmpi/2.1.6
Currently Loaded Modulefiles:
  1) cuda/9.0/9.0.176.4   3) nccl/2.3/2.3.5-2
  2) cudnn/7.3/7.3.1      4) openmpi/2.1.6
==========================================
Num of GPUs : 128
Model :  resnet
Minibatch-size: 64
Epochs: 70
==========================================
Starting training .....
--------------------------------------------------------------------------
A process has executed an operation involving a call to the
"fork()" system call to create a child process.  Open MPI is currently
operating in a condition that could result in memory corruption or
other system errors; your job may hang, crash, or produce silent
data corruption.  The use of fork() (or system() or other calls that
create child processes) is strongly discouraged.

The process that invoked fork was:

  Local host:          [[63506,1],0] (PID 151158)

If you are *absolutely sure* that your application will successfully
and correctly survive a call to fork(), you may disable this warning
by setting the mpi_warn_on_fork MCA parameter to 0.
--------------------------------------------------------------------------
epoch       main/loss   validation/main/loss  main/accuracy  validation/main/accuracy  elapsed_time
[J     total [..................................................]  0.91%
this epoch [###############################...................] 63.94%
       100 iter, 0 epoch / 70 epochs
       inf iters/sec. Estimated time to finish: 0:00:00.
[4A[J1           5.97608     5.29942               0.0372213      0.0970882                 61.1196       
[J     total [..................................................]  1.83%
this epoch [#############.....................................] 27.87%
       200 iter, 1 epoch / 70 epochs
    2.5784 iters/sec. Estimated time to finish: 1:09:28.717069.
[4A[J     total [#.................................................]  2.74%
this epoch [#############################################.....] 91.81%
       300 iter, 1 epoch / 70 epochs
    3.2192 iters/sec. Estimated time to finish: 0:55:07.816104.
[4A[J2           4.22621     4.10129               0.177083       0.206334                  100.212       
[J     total [#.................................................]  3.65%
this epoch [###########################.......................] 55.74%
       400 iter, 2 epoch / 70 epochs
    3.3767 iters/sec. Estimated time to finish: 0:52:03.883811.
[4A[J3           3.29473     3.47554               0.311206       0.288846                  140.549       
[J     total [##................................................]  4.57%
this epoch [#########.........................................] 19.68%
       500 iter, 3 epoch / 70 epochs
    3.0807 iters/sec. Estimated time to finish: 0:56:31.565370.
[4A[J     total [##................................................]  5.48%
this epoch [#########################################.........] 83.62%
       600 iter, 3 epoch / 70 epochs
    3.2645 iters/sec. Estimated time to finish: 0:52:49.994540.
[4A[J4           2.76178     3.20453               0.396735       0.368241                  194.855       
[J     total [###...............................................]  6.39%
this epoch [#######################...........................] 47.55%
       700 iter, 4 epoch / 70 epochs
    3.3245 iters/sec. Estimated time to finish: 0:51:22.665148.
[4A[J5           2.40264     2.70456               0.461087       0.422455                  234.557       
[J     total [###...............................................]  7.31%
this epoch [#####.............................................] 11.49%
       800 iter, 5 epoch / 70 epochs
    3.2449 iters/sec. Estimated time to finish: 0:52:07.511682.
[4A[J     total [####..............................................]  8.22%
this epoch [#####################################.............] 75.42%
       900 iter, 5 epoch / 70 epochs
    3.3546 iters/sec. Estimated time to finish: 0:49:55.380197.
[4A[J6           2.15993     2.61395               0.503706       0.441872                  282.564       
[J     total [####..............................................]  9.13%
this epoch [###################...............................] 39.36%
      1000 iter, 6 epoch / 70 epochs
    3.3709 iters/sec. Estimated time to finish: 0:49:11.237026.
[4A[J7           1.97073     2.40737               0.538361       0.473857                  324.75        
[J     total [#####.............................................] 10.05%
this epoch [#.................................................]  3.30%
      1100 iter, 7 epoch / 70 epochs
    3.3975 iters/sec. Estimated time to finish: 0:48:18.730180.
[4A[J     total [#####.............................................] 10.96%
this epoch [#################################.................] 67.23%
      1200 iter, 7 epoch / 70 epochs
    3.4539 iters/sec. Estimated time to finish: 0:47:02.445191.
[4A[J8           1.81384     2.23837               0.568272       0.50218                   366.445       
[J     total [#####.............................................] 11.87%
this epoch [###############...................................] 31.17%
      1300 iter, 8 epoch / 70 epochs
    3.4687 iters/sec. Estimated time to finish: 0:46:21.572963.
[4A[J     total [######............................................] 12.79%
this epoch [###############################################...] 95.10%
      1400 iter, 8 epoch / 70 epochs
     3.508 iters/sec. Estimated time to finish: 0:45:21.931672.
[4A[J9           1.70467     2.14709               0.594151       0.513139                  407.475       
[J     total [######............................................] 13.70%
this epoch [#############################.....................] 59.04%
      1500 iter, 9 epoch / 70 epochs
     3.521 iters/sec. Estimated time to finish: 0:44:43.419257.
[4A[J10          1.59459     2.12771               0.615346       0.526143                  448.822       
[J     total [#######...........................................] 14.61%
this epoch [###########.......................................] 22.98%
      1600 iter, 10 epoch / 70 epochs
    3.5298 iters/sec. Estimated time to finish: 0:44:08.456827.
[4A[J     total [#######...........................................] 15.53%
this epoch [###########################################.......] 86.91%
      1700 iter, 10 epoch / 70 epochs
    3.5577 iters/sec. Estimated time to finish: 0:43:19.543705.
[4A[J11          1.51173     2.08803               0.625901       0.531407                  489.687       
[J     total [########..........................................] 16.44%
this epoch [#########################.........................] 50.85%
      1800 iter, 11 epoch / 70 epochs
    3.5674 iters/sec. Estimated time to finish: 0:42:44.447336.
[4A[J12          1.40779     1.98192               0.650341       0.546808                  530.21        
[J     total [########..........................................] 17.35%
this epoch [#######...........................................] 14.79%
      1900 iter, 12 epoch / 70 epochs
     3.532 iters/sec. Estimated time to finish: 0:42:41.870631.
[4A[J     total [#########.........................................] 18.27%
this epoch [#######################################...........] 78.72%
      2000 iter, 12 epoch / 70 epochs
    3.5629 iters/sec. Estimated time to finish: 0:41:51.593217.
[4A[J13          1.35088     2.02961               0.662221       0.541056                  576.391       
[J     total [#########.........................................] 19.18%
this epoch [#####################.............................] 42.66%
      2100 iter, 13 epoch / 70 epochs
    3.5082 iters/sec. Estimated time to finish: 0:42:02.183134.
[4A[J14          1.26577     1.96746               0.678285       0.554929                  627.611       
[J     total [##########........................................] 20.09%
this epoch [###...............................................]  6.59%
      2200 iter, 14 epoch / 70 epochs
    3.5097 iters/sec. Estimated time to finish: 0:41:32.679930.
[4A[J     total [##########........................................] 21.01%
this epoch [###################################...............] 70.53%
      2300 iter, 14 epoch / 70 epochs
    3.4844 iters/sec. Estimated time to finish: 0:41:22.050907.
[4A[J15          1.20824     1.90112               0.69158        0.567836                  676.664       
[J     total [##########........................................] 21.92%
this epoch [#################.................................] 34.47%
      2400 iter, 15 epoch / 70 epochs
    3.4751 iters/sec. Estimated time to finish: 0:40:59.890818.
[4A[J     total [###########.......................................] 22.83%
this epoch [#################################################.] 98.40%
      2500 iter, 15 epoch / 70 epochs
    3.5005 iters/sec. Estimated time to finish: 0:40:13.503504.
[4A[J16          1.16797     1.88881               0.703125       0.570011                  721.3         
[J     total [###########.......................................] 23.75%
this epoch [###############################...................] 62.34%
      2600 iter, 16 epoch / 70 epochs
    3.5085 iters/sec. Estimated time to finish: 0:39:39.465667.
[4A[J17          1.11031     1.88165               0.716246       0.573008                  761.458       
[J     total [############......................................] 24.66%
this epoch [#############.....................................] 26.27%
      2700 iter, 17 epoch / 70 epochs
    3.5178 iters/sec. Estimated time to finish: 0:39:04.744579.
[4A[J     total [############......................................] 25.57%
this epoch [#############################################.....] 90.21%
      2800 iter, 17 epoch / 70 epochs
    3.5341 iters/sec. Estimated time to finish: 0:38:25.660780.
[4A[J18          1.06559     1.88899               0.722233       0.567485                  803.084       
[J     total [#############.....................................] 26.49%
this epoch [###########################.......................] 54.15%
      2900 iter, 18 epoch / 70 epochs
    3.5374 iters/sec. Estimated time to finish: 0:37:55.216464.
[4A[J19          1.02583     1.81113               0.730569       0.587235                  844.455       
[J     total [#############.....................................] 27.40%
this epoch [#########.........................................] 18.08%
      3000 iter, 19 epoch / 70 epochs
    3.4776 iters/sec. Estimated time to finish: 0:38:05.600659.
[4A[J     total [##############....................................] 28.31%
this epoch [#########################################.........] 82.02%
      3100 iter, 19 epoch / 70 epochs
    3.4981 iters/sec. Estimated time to finish: 0:37:23.655034.
[4A[J20          0.973889    1.8277                0.741043       0.590364                  899.768       
[J     total [##############....................................] 29.23%
this epoch [######################............................] 45.95%
      3200 iter, 20 epoch / 70 epochs
     3.504 iters/sec. Estimated time to finish: 0:36:51.313377.
[4A[J21          0.924193    1.85788               0.751803       0.582714                  975.797       
[J     total [###############...................................] 30.14%
this epoch [####..............................................]  9.89%
      3300 iter, 21 epoch / 70 epochs
    3.3775 iters/sec. Estimated time to finish: 0:37:44.521423.
[4A[J     total [###############...................................] 31.05%
this epoch [####################################..............] 73.83%
      3400 iter, 21 epoch / 70 epochs
    3.3957 iters/sec. Estimated time to finish: 0:37:02.950262.
[4A[J22          0.881174    1.89176               0.761518       0.58662                   1015.36       
[J     total [###############...................................] 31.97%
this epoch [##################................................] 37.76%
      3500 iter, 22 epoch / 70 epochs
    3.3928 iters/sec. Estimated time to finish: 0:36:35.346346.
[4A[J23          0.847158    1.87738               0.773288       0.589273                  1062.79       
[J     total [################..................................] 32.88%
this epoch [..................................................]  1.70%
      3600 iter, 23 epoch / 70 epochs
    3.3923 iters/sec. Estimated time to finish: 0:36:06.228869.
[4A[J     total [################..................................] 33.79%
this epoch [################################..................] 65.63%
      3700 iter, 23 epoch / 70 epochs
    3.4123 iters/sec. Estimated time to finish: 0:35:24.192362.
[4A[J24          0.809584    1.85355               0.777043       0.593531                  1102.91       
[J     total [#################.................................] 34.71%
this epoch [##############....................................] 29.57%
      3800 iter, 24 epoch / 70 epochs
    3.4211 iters/sec. Estimated time to finish: 0:34:49.524090.
[4A[J     total [#################.................................] 35.62%
this epoch [##############################################....] 93.51%
      3900 iter, 24 epoch / 70 epochs
    3.4347 iters/sec. Estimated time to finish: 0:34:12.141773.
[4A[J25          0.781031    1.8531                0.781847       0.597472                  1143.78       
[J     total [##################................................] 36.53%
this epoch [############################......................] 57.44%
      4000 iter, 25 epoch / 70 epochs
    3.4389 iters/sec. Estimated time to finish: 0:33:40.570080.
[4A[J26          0.749386    1.91992               0.789864       0.586169                  1185.53       
[J     total [##################................................] 37.45%
this epoch [##########........................................] 21.38%
      4100 iter, 26 epoch / 70 epochs
     3.444 iters/sec. Estimated time to finish: 0:33:08.529242.
[4A[J     total [###################...............................] 38.36%
this epoch [##########################################........] 85.31%
      4200 iter, 26 epoch / 70 epochs
     3.456 iters/sec. Estimated time to finish: 0:32:32.671738.
[4A[J27          0.704148    1.94446               0.799179       0.592258                  1226.82       
[J     total [###################...............................] 39.28%
this epoch [########################..........................] 49.25%
      4300 iter, 27 epoch / 70 epochs
    3.4407 iters/sec. Estimated time to finish: 0:32:12.282681.
[4A[J28          0.679998    1.94582               0.809514       0.593192                  1275.37       
[J     total [####################..............................] 40.19%
this epoch [######............................................] 13.19%
      4400 iter, 28 epoch / 70 epochs
    3.4447 iters/sec. Estimated time to finish: 0:31:41.010898.
[4A[J     total [####################..............................] 41.10%
this epoch [######################################............] 77.12%
      4500 iter, 28 epoch / 70 epochs
    3.4583 iters/sec. Estimated time to finish: 0:31:04.649342.
[4A[J29          0.649093    1.94212               0.813502       0.596027                  1315.9        
[J     total [#####################.............................] 42.02%
this epoch [####################..............................] 41.06%
      4600 iter, 29 epoch / 70 epochs
    3.4349 iters/sec. Estimated time to finish: 0:30:48.241204.
[4A[J30          0.618867    1.98953               0.820362       0.592325                  1370.82       
[J     total [#####################.............................] 42.93%
this epoch [##................................................]  5.00%
      4700 iter, 30 epoch / 70 epochs
    3.4192 iters/sec. Estimated time to finish: 0:30:27.450534.
[4A[J     total [#####################.............................] 43.84%
this epoch [##################################................] 68.93%
      4800 iter, 30 epoch / 70 epochs
    3.4337 iters/sec. Estimated time to finish: 0:29:50.639250.
[4A[J31          0.587532    1.97944               0.827324       0.592096                  1416          
[J     total [######################............................] 44.76%
this epoch [################..................................] 32.87%
      4900 iter, 31 epoch / 70 epochs
    3.4392 iters/sec. Estimated time to finish: 0:29:18.656404.
[4A[J     total [######################............................] 45.67%
this epoch [################################################..] 96.80%
      5000 iter, 31 epoch / 70 epochs
    3.4498 iters/sec. Estimated time to finish: 0:28:44.290265.
[4A[J32          0.570121    2.01855               0.832332       0.588937                  1455.85       
[J     total [#######################...........................] 46.58%
this epoch [##############################....................] 60.74%
      5100 iter, 32 epoch / 70 epochs
    3.4593 iters/sec. Estimated time to finish: 0:28:10.632732.
[4A[J33          0.543887    2.01127               0.843551       0.599171                  1495.28       
[J     total [#######################...........................] 47.50%
this epoch [############......................................] 24.68%
      5200 iter, 33 epoch / 70 epochs
    3.4471 iters/sec. Estimated time to finish: 0:27:47.602347.
[4A[J     total [########################..........................] 48.41%
this epoch [############################################......] 88.61%
      5300 iter, 33 epoch / 70 epochs
    3.4591 iters/sec. Estimated time to finish: 0:27:12.931819.
[4A[J34          0.508079    2.03715               0.848558       0.598399                  1542.18       
[J     total [########################..........................] 49.32%
this epoch [##########################........................] 52.55%
      5400 iter, 34 epoch / 70 epochs
    3.4537 iters/sec. Estimated time to finish: 0:26:46.525615.
[4A[J35          0.490402    2.08712               0.852408       0.591017                  1600.84       
[J     total [#########################.........................] 50.24%
this epoch [########..........................................] 16.48%
      5500 iter, 35 epoch / 70 epochs
    3.4292 iters/sec. Estimated time to finish: 0:26:28.820957.
[4A[J     total [#########################.........................] 51.15%
this epoch [########################################..........] 80.42%
      5600 iter, 35 epoch / 70 epochs
    3.4419 iters/sec. Estimated time to finish: 0:25:53.907713.
[4A[J36          0.47466     2.14995               0.857873       0.59235                   1639.59       
[J     total [##########################........................] 52.06%
this epoch [######################............................] 44.36%
      5700 iter, 36 epoch / 70 epochs
     3.449 iters/sec. Estimated time to finish: 0:25:21.730431.
[4A[J37          0.447294    2.09141               0.862958       0.592153                  1680.29       
[J     total [##########################........................] 52.98%
this epoch [####..............................................]  8.29%
      5800 iter, 37 epoch / 70 epochs
    3.4046 iters/sec. Estimated time to finish: 0:25:12.195001.
[4A[J     total [##########################........................] 53.89%
this epoch [####################################..............] 72.23%
      5900 iter, 37 epoch / 70 epochs
     3.417 iters/sec. Estimated time to finish: 0:24:37.464353.
[4A[J38          0.429817    2.05332               0.870593       0.594388                  1743.89       
[J     total [###########################.......................] 54.80%
this epoch [##################................................] 36.16%
      6000 iter, 38 epoch / 70 epochs
    3.4199 iters/sec. Estimated time to finish: 0:24:06.937455.
[4A[J39          0.420304    2.11779               0.871595       0.602442                  1785.01       
[J     total [###########################.......................] 55.72%
this epoch [..................................................]  0.10%
      6100 iter, 39 epoch / 70 epochs
    3.3978 iters/sec. Estimated time to finish: 0:23:46.955244.
[4A[J     total [############################......................] 56.63%
this epoch [################################..................] 64.04%
      6200 iter, 39 epoch / 70 epochs
    3.4123 iters/sec. Estimated time to finish: 0:23:11.574883.
[4A[J40          0.416715    2.23953               0.87092        0.587412                  1836.05       
[J     total [############################......................] 57.54%
this epoch [#############.....................................] 27.97%
      6300 iter, 40 epoch / 70 epochs
    3.4177 iters/sec. Estimated time to finish: 0:22:40.093950.
[4A[J     total [#############################.....................] 58.46%
this epoch [#############################################.....] 91.91%
      6400 iter, 40 epoch / 70 epochs
    3.4253 iters/sec. Estimated time to finish: 0:22:07.886917.
[4A[J41          0.404567    2.23499               0.876202       0.590736                  1877.53       
[J     total [#############################.....................] 59.37%
this epoch [###########################.......................] 55.84%
      6500 iter, 41 epoch / 70 epochs
    3.4022 iters/sec. Estimated time to finish: 0:21:47.524454.
[4A[J42          0.360844    2.24406               0.882663       0.594595                  1933.99       
[J     total [##############################....................] 60.28%
this epoch [#########.........................................] 19.78%
      6600 iter, 42 epoch / 70 epochs
    3.3983 iters/sec. Estimated time to finish: 0:21:19.590078.
[4A[J     total [##############################....................] 61.20%
this epoch [#########################################.........] 83.72%
      6700 iter, 42 epoch / 70 epochs
    3.4027 iters/sec. Estimated time to finish: 0:20:48.553585.
[4A[J43          0.352117    2.27751               0.889623       0.589191                  1980.81       
[J     total [###############################...................] 62.11%
this epoch [#######################...........................] 47.65%
      6800 iter, 43 epoch / 70 epochs
    3.4065 iters/sec. Estimated time to finish: 0:20:17.808774.
[4A[J44          0.331723    2.23996               0.893429       0.598254                  2020.52       
[J     total [###############################...................] 63.02%
this epoch [#####.............................................] 11.59%
      6900 iter, 44 epoch / 70 epochs
    3.4122 iters/sec. Estimated time to finish: 0:19:46.453210.
[4A[J     total [###############################...................] 63.94%
this epoch [#####################################.............] 75.52%
      7000 iter, 44 epoch / 70 epochs
    3.4215 iters/sec. Estimated time to finish: 0:19:13.997333.
[4A[J45          0.336572    2.33931               0.896596       0.596296                  2060.67       
[J     total [################################..................] 64.85%
this epoch [###################...............................] 39.46%
      7100 iter, 45 epoch / 70 epochs
    3.4117 iters/sec. Estimated time to finish: 0:18:48.015418.
[4A[J46          0.321235    2.23555               0.900341       0.596308                  2109.61       
[J     total [################################..................] 65.76%
this epoch [#.................................................]  3.40%
      7200 iter, 46 epoch / 70 epochs
    3.4072 iters/sec. Estimated time to finish: 0:18:20.166820.
[4A[J     total [#################################.................] 66.68%
this epoch [#################################.................] 67.33%
      7300 iter, 46 epoch / 70 epochs
    3.4164 iters/sec. Estimated time to finish: 0:17:47.909825.
[4A[J47          0.299561    2.35366               0.906748       0.59024                   2155.11       
[J     total [#################################.................] 67.59%
this epoch [###############...................................] 31.27%
      7400 iter, 47 epoch / 70 epochs
    3.4172 iters/sec. Estimated time to finish: 0:17:18.416313.
[4A[J     total [##################################................] 68.50%
this epoch [###############################################...] 95.20%
      7500 iter, 47 epoch / 70 epochs
    3.4256 iters/sec. Estimated time to finish: 0:16:46.664969.
[4A[J48          0.289247    2.25712               0.906851       0.59666                   2196.07       
[J     total [##################################................] 69.42%
this epoch [#############################.....................] 59.14%
      7600 iter, 48 epoch / 70 epochs
    3.4111 iters/sec. Estimated time to finish: 0:16:21.640810.
[4A[J49          0.294445    2.31096               0.904347       0.598673                  2249.45       
[J     total [###################################...............] 70.33%
this epoch [###########.......................................] 23.08%
      7700 iter, 49 epoch / 70 epochs
    3.4016 iters/sec. Estimated time to finish: 0:15:54.983917.
[4A[J     total [###################################...............] 71.24%
this epoch [###########################################.......] 87.01%
      7800 iter, 49 epoch / 70 epochs
    3.4099 iters/sec. Estimated time to finish: 0:15:23.319335.
[4A[J50          0.274591    2.25268               0.910828       0.603959                  2298.02       
[J     total [####################################..............] 72.16%
this epoch [#########################.........................] 50.95%
      7900 iter, 50 epoch / 70 epochs
     3.413 iters/sec. Estimated time to finish: 0:14:53.190079.
[4A[J51          0.27682     2.35818               0.913762       0.593399                  2339.04       
[J     total [####################################..............] 73.07%
this epoch [#######...........................................] 14.89%
      8000 iter, 51 epoch / 70 epochs
     3.416 iters/sec. Estimated time to finish: 0:14:23.119910.
[4A[J     total [####################################..............] 73.98%
this epoch [#######################################...........] 78.82%
      8100 iter, 51 epoch / 70 epochs
    3.4224 iters/sec. Estimated time to finish: 0:13:52.293257.
[4A[J52          0.264005    2.40425               0.916899       0.591944                  2380.24       
[J     total [#####################################.............] 74.90%
this epoch [#####################.............................] 42.76%
      8200 iter, 52 epoch / 70 epochs
    3.4266 iters/sec. Estimated time to finish: 0:13:22.079554.
[4A[J53          0.251853    2.39149               0.921174       0.5972                    2420.95       
[J     total [#####################################.............] 75.81%
this epoch [###...............................................]  6.69%
      8300 iter, 53 epoch / 70 epochs
    3.4287 iters/sec. Estimated time to finish: 0:12:52.437491.
[4A[J     total [######################################............] 76.72%
this epoch [###################################...............] 70.63%
      8400 iter, 53 epoch / 70 epochs
    3.4364 iters/sec. Estimated time to finish: 0:12:21.600896.
[4A[J54          0.254981    2.38573               0.916366       0.596159                  2461.66       
[J     total [######################################............] 77.64%
this epoch [#################.................................] 34.57%
      8500 iter, 54 epoch / 70 epochs
    3.4385 iters/sec. Estimated time to finish: 0:11:52.060864.
[4A[J     total [#######################################...........] 78.55%
this epoch [#################################################.] 98.50%
      8600 iter, 54 epoch / 70 epochs
    3.4453 iters/sec. Estimated time to finish: 0:11:21.643701.
[4A[J55          0.251252    2.44923               0.920382       0.593421                  2502.27       
[J     total [#######################################...........] 79.46%
this epoch [###############################...................] 62.44%
      8700 iter, 55 epoch / 70 epochs
    3.4421 iters/sec. Estimated time to finish: 0:10:53.225795.
[4A[J56          0.235981    2.36982               0.923377       0.596092                  2547.83       
[J     total [########################################..........] 80.38%
this epoch [#############.....................................] 26.37%
      8800 iter, 56 epoch / 70 epochs
    3.4451 iters/sec. Estimated time to finish: 0:10:23.623227.
[4A[J     total [########################################..........] 81.29%
this epoch [#############################################.....] 90.31%
      8900 iter, 56 epoch / 70 epochs
    3.4511 iters/sec. Estimated time to finish: 0:09:53.565977.
[4A[J57          0.236138    2.46037               0.92297        0.594288                  2588.36       
[J     total [#########################################.........] 82.20%
this epoch [###########################.......................] 54.25%
      9000 iter, 57 epoch / 70 epochs
    3.4481 iters/sec. Estimated time to finish: 0:09:25.072801.
[4A[J58          0.223404    2.45488               0.928786       0.589996                  2633.99       
[J     total [#########################################.........] 83.12%
this epoch [#########.........................................] 18.18%
      9100 iter, 58 epoch / 70 epochs
    3.4505 iters/sec. Estimated time to finish: 0:08:55.703480.
[4A[J     total [##########################################........] 84.03%
this epoch [#########################################.........] 82.12%
      9200 iter, 58 epoch / 70 epochs
    3.4566 iters/sec. Estimated time to finish: 0:08:25.828340.
[4A[J59          0.215347    2.49262               0.931691       0.599124                  2674.34       
[J     total [##########################################........] 84.94%
this epoch [#######################...........................] 46.05%
      9300 iter, 59 epoch / 70 epochs
    3.4264 iters/sec. Estimated time to finish: 0:08:01.097007.
[4A[J60          0.211143    2.55777               0.930832       0.5909                    2743.02       
[J     total [##########################################........] 85.86%
this epoch [####..............................................]  9.99%
      9400 iter, 60 epoch / 70 epochs
    3.4118 iters/sec. Estimated time to finish: 0:07:33.845261.
[4A[J     total [###########################################.......] 86.77%
this epoch [####################################..............] 73.93%
      9500 iter, 60 epoch / 70 epochs
    3.4208 iters/sec. Estimated time to finish: 0:07:03.425340.
[4A[J61          0.22007     2.52511               0.929688       0.592166                  2792.78       
[J     total [###########################################.......] 87.68%
this epoch [##################................................] 37.86%
      9600 iter, 61 epoch / 70 epochs
    3.4191 iters/sec. Estimated time to finish: 0:06:34.379477.
[4A[J62          0.194902    2.48394               0.938794       0.601042                  2836.96       
[J     total [############################################......] 88.60%
this epoch [..................................................]  1.80%
      9700 iter, 62 epoch / 70 epochs
    3.4214 iters/sec. Estimated time to finish: 0:06:04.894930.
[4A[J     total [############################################......] 89.51%
this epoch [################################..................] 65.73%
      9800 iter, 62 epoch / 70 epochs
    3.4286 iters/sec. Estimated time to finish: 0:05:34.962705.
[4A[J63          0.191863    2.55381               0.9373         0.590903                  2878.68       
[J     total [#############################################.....] 90.42%
this epoch [##############....................................] 29.67%
      9900 iter, 63 epoch / 70 epochs
    3.4297 iters/sec. Estimated time to finish: 0:05:05.689312.
[4A[J     total [#############################################.....] 91.34%
this epoch [##############################################....] 93.61%
     10000 iter, 63 epoch / 70 epochs
    3.4356 iters/sec. Estimated time to finish: 0:04:36.065189.
[4A[J64          0.191684    2.50513               0.9377         0.598972                  2918.7        
[J     total [##############################################....] 92.25%
this epoch [############################......................] 57.54%
     10100 iter, 64 epoch / 70 epochs
    3.4507 iters/sec. Estimated time to finish: 0:04:05.876249.
[4A[J65          0.19234     2.57137               0.936803       0.594859                  2957.53       
[J     total [##############################################....] 93.16%
this epoch [##########........................................] 21.48%
     10200 iter, 65 epoch / 70 epochs
    3.4441 iters/sec. Estimated time to finish: 0:03:37.307090.
[4A[J     total [###############################################...] 94.08%
this epoch [##########################################........] 85.41%
     10300 iter, 65 epoch / 70 epochs
    3.4472 iters/sec. Estimated time to finish: 0:03:08.103941.
[4A[J66          0.190661    2.54282               0.940204       0.598588                  3000.8        
[J     total [###############################################...] 94.99%
this epoch [########################..........................] 49.35%
     10400 iter, 66 epoch / 70 epochs
    3.4617 iters/sec. Estimated time to finish: 0:02:38.428247.
[4A[J67          0.18404     2.61339               0.943571       0.592101                  3044.52       
[J     total [###############################################...] 95.90%
this epoch [######............................................] 13.29%
     10500 iter, 67 epoch / 70 epochs
    3.4377 iters/sec. Estimated time to finish: 0:02:10.446229.
[4A[J     total [################################################..] 96.82%
this epoch [######################################............] 77.22%
     10600 iter, 67 epoch / 70 epochs
    3.4426 iters/sec. Estimated time to finish: 0:01:41.213662.
[4A[J68          0.1891      2.53308               0.938301       0.601413                  3100.04       
[J     total [################################################..] 97.73%
this epoch [####################..............................] 41.16%
     10700 iter, 68 epoch / 70 epochs
    3.4521 iters/sec. Estimated time to finish: 0:01:11.966950.
[4A[J69          0.183358    2.61827               0.940784       0.596144                  3138.64       
[J     total [#################################################.] 98.64%
this epoch [##................................................]  5.09%
     10800 iter, 69 epoch / 70 epochs
    3.4403 iters/sec. Estimated time to finish: 0:00:43.146476.
[4A[J     total [#################################################.] 99.56%
this epoch [##################################................] 69.03%
     10900 iter, 69 epoch / 70 epochs
    3.4469 iters/sec. Estimated time to finish: 0:00:14.052307.
[4A[J70          0.174895    2.61137               0.945312       0.599325                  3186.55       
[J