[
    {
        "main/loss": 4.284759998321533,
        "main/accuracy": 0.1912306398153305,
        "epoch": 1,
        "iteration": 5005,
        "elapsed_time": 1124.713660466019
    },
    {
        "main/loss": 2.4887657165527344,
        "main/accuracy": 0.44664084911346436,
        "epoch": 2,
        "iteration": 10010,
        "elapsed_time": 2073.622523026075
    },
    {
        "main/loss": 1.9530689716339111,
        "main/accuracy": 0.545685350894928,
        "epoch": 3,
        "iteration": 15014,
        "elapsed_time": 3068.054288110696
    },
    {
        "main/loss": 1.655225396156311,
        "main/accuracy": 0.6036900877952576,
        "epoch": 4,
        "iteration": 20019,
        "elapsed_time": 4021.427931807004
    },
    {
        "main/loss": 1.4546254873275757,
        "main/accuracy": 0.6438068151473999,
        "epoch": 5,
        "iteration": 25023,
        "elapsed_time": 4969.61524401512
    },
    {
        "main/loss": 1.302971363067627,
        "main/accuracy": 0.6749001145362854,
        "epoch": 6,
        "iteration": 30028,
        "elapsed_time": 5917.492676232941
    },
    {
        "main/loss": 1.1791075468063354,
        "main/accuracy": 0.7006987929344177,
        "epoch": 7,
        "iteration": 35032,
        "elapsed_time": 6866.181874118745
    },
    {
        "main/loss": 1.0739712715148926,
        "main/accuracy": 0.7233422994613647,
        "epoch": 8,
        "iteration": 40037,
        "elapsed_time": 7818.960321370978
    },
    {
        "main/loss": 0.9820988774299622,
        "main/accuracy": 0.7419518232345581,
        "epoch": 9,
        "iteration": 45042,
        "elapsed_time": 8773.817033393774
    },
    {
        "main/loss": 0.9008251428604126,
        "main/accuracy": 0.76020747423172,
        "epoch": 10,
        "iteration": 50046,
        "elapsed_time": 9725.59021758195
    }
]