[
    {
        "main/loss": 0.34904906153678894,
        "lr": 0.00016738414558161666,
        "epoch": 1,
        "iteration": 25,
        "elapsed_time": 423.5659986217506
    },
    {
        "main/loss": 0.34885933995246887,
        "lr": 0.00021998837614941916,
        "epoch": 2,
        "iteration": 50,
        "elapsed_time": 787.4351772116497
    },
    {
        "main/loss": 0.3488592803478241,
        "lr": 0.00026724782443138365,
        "epoch": 3,
        "iteration": 75,
        "elapsed_time": 1203.860164064914
    },
    {
        "main/loss": 0.3488592803478241,
        "lr": 0.0003070956227360707,
        "epoch": 4,
        "iteration": 100,
        "elapsed_time": 1568.423903441988
    },
    {
        "main/loss": 0.3488592803478241,
        "lr": 0.0003415778943516957,
        "epoch": 5,
        "iteration": 125,
        "elapsed_time": 1991.288242442999
    }
]