No Modulefiles Currently Loaded.
Currently Loaded Modulefiles:
  1) cuda/9.0/9.0.176.4   3) nccl/2.3/2.3.5-2
  2) cudnn/7.3/7.3.1      4) openmpi/2.1.6
Currently Loaded Modulefiles:
  1) cuda/9.0/9.0.176.4   3) nccl/2.3/2.3.5-2
  2) cudnn/7.3/7.3.1      4) openmpi/2.1.6
Currently Loaded Modulefiles:
  1) cuda/9.0/9.0.176.4   3) nccl/2.3/2.3.5-2
  2) cudnn/7.3/7.3.1      4) openmpi/2.1.6
Starting Training 
--------------------------------------------------------------------------
A process has executed an operation involving a call to the
"fork()" system call to create a child process.  Open MPI is currently
operating in a condition that could result in memory corruption or
other system errors; your job may hang, crash, or produce silent
data corruption.  The use of fork() (or system() or other calls that
create child processes) is strongly discouraged.

The process that invoked fork was:

  Local host:          [[28459,1],0] (PID 219902)

If you are *absolutely sure* that your application will successfully
and correctly survive a call to fork(), you may disable this warning
by setting the mpi_warn_on_fork MCA parameter to 0.
--------------------------------------------------------------------------
epoch       main/loss   validation/main/loss  main/accuracy  validation/main/accuracy  elapsed_time
[J     total [..................................................]  0.21%
this epoch [..................................................]  1.03%
         1 iter, 0 epoch / 5 epochs
       inf iters/sec. Estimated time to finish: 0:00:00.
[4A[J     total [..................................................]  0.41%
this epoch [#.................................................]  2.06%
         2 iter, 0 epoch / 5 epochs
  0.057188 iters/sec. Estimated time to finish: 2:20:45.840634.
[4A[J     total [..................................................]  0.62%
this epoch [#.................................................]  3.09%
         3 iter, 0 epoch / 5 epochs
  0.062063 iters/sec. Estimated time to finish: 2:09:26.317199.
[4A[J     total [..................................................]  0.82%
this epoch [##................................................]  4.12%
         4 iter, 0 epoch / 5 epochs
  0.063082 iters/sec. Estimated time to finish: 2:07:05.013261.
[4A[J     total [..................................................]  1.03%
this epoch [##................................................]  5.15%
         5 iter, 0 epoch / 5 epochs
  0.063244 iters/sec. Estimated time to finish: 2:06:29.620371.
[4A[J     total [..................................................]  1.24%
this epoch [###...............................................]  6.19%
         6 iter, 0 epoch / 5 epochs
  0.063617 iters/sec. Estimated time to finish: 2:05:29.380401.
[4A[J     total [..................................................]  1.44%
this epoch [###...............................................]  7.22%
         7 iter, 0 epoch / 5 epochs
  0.063781 iters/sec. Estimated time to finish: 2:04:54.430932.
[4A[J     total [..................................................]  1.65%
this epoch [####..............................................]  8.25%
         8 iter, 0 epoch / 5 epochs
  0.063902 iters/sec. Estimated time to finish: 2:04:24.506226.
[4A[J     total [..................................................]  1.86%
this epoch [####..............................................]  9.28%
         9 iter, 0 epoch / 5 epochs
  0.063981 iters/sec. Estimated time to finish: 2:03:59.753814.
[4A[J     total [#.................................................]  2.06%
this epoch [#####.............................................] 10.31%
        10 iter, 0 epoch / 5 epochs
  0.064415 iters/sec. Estimated time to finish: 2:02:54.031184.
[4A[J     total [#.................................................]  2.27%
this epoch [#####.............................................] 11.34%
        11 iter, 0 epoch / 5 epochs
  0.064979 iters/sec. Estimated time to finish: 2:01:34.617111.
[4A[J     total [#.................................................]  2.47%
this epoch [######............................................] 12.37%
        12 iter, 0 epoch / 5 epochs
  0.065282 iters/sec. Estimated time to finish: 2:00:45.510498.
[4A[J     total [#.................................................]  2.68%
this epoch [######............................................] 13.40%
        13 iter, 0 epoch / 5 epochs
  0.065745 iters/sec. Estimated time to finish: 1:59:39.278831.
[4A[J     total [#.................................................]  2.89%
this epoch [#######...........................................] 14.43%
        14 iter, 0 epoch / 5 epochs
  0.066095 iters/sec. Estimated time to finish: 1:58:46.156285.
[4A[J     total [#.................................................]  3.09%
this epoch [#######...........................................] 15.46%
        15 iter, 0 epoch / 5 epochs
  0.066196 iters/sec. Estimated time to finish: 1:58:20.156281.
[4A[J     total [#.................................................]  3.30%
this epoch [########..........................................] 16.49%
        16 iter, 0 epoch / 5 epochs
  0.066661 iters/sec. Estimated time to finish: 1:57:15.589722.
[4A[J     total [#.................................................]  3.51%
this epoch [########..........................................] 17.53%
        17 iter, 0 epoch / 5 epochs
   0.06531 iters/sec. Estimated time to finish: 1:59:25.776985.
[4A[J     total [#.................................................]  3.71%
this epoch [#########.........................................] 18.56%
        18 iter, 0 epoch / 5 epochs
  0.064176 iters/sec. Estimated time to finish: 2:01:16.852351.
[4A[J     total [#.................................................]  3.92%
this epoch [#########.........................................] 19.59%
        19 iter, 0 epoch / 5 epochs
  0.064005 iters/sec. Estimated time to finish: 2:01:20.664536.
[4A[J     total [##................................................]  4.12%
this epoch [##########........................................] 20.62%
        20 iter, 0 epoch / 5 epochs
  0.064321 iters/sec. Estimated time to finish: 2:00:29.378191.
[4A[J     total [##................................................]  4.33%
this epoch [##########........................................] 21.65%
        21 iter, 0 epoch / 5 epochs
  0.064172 iters/sec. Estimated time to finish: 2:00:30.597168.
[4A[J     total [##................................................]  4.54%
this epoch [###########.......................................] 22.68%
        22 iter, 0 epoch / 5 epochs
  0.064052 iters/sec. Estimated time to finish: 2:00:28.466530.
[4A[J     total [##................................................]  4.74%
this epoch [###########.......................................] 23.71%
        23 iter, 0 epoch / 5 epochs
  0.064187 iters/sec. Estimated time to finish: 1:59:57.731250.
[4A[J     total [##................................................]  4.95%
this epoch [############......................................] 24.74%
        24 iter, 0 epoch / 5 epochs
  0.064075 iters/sec. Estimated time to finish: 1:59:54.670195.
[4A[J     total [##................................................]  5.15%
this epoch [############......................................] 25.77%
        25 iter, 0 epoch / 5 epochs
  0.064387 iters/sec. Estimated time to finish: 1:59:04.268581.
[4A[J     total [##................................................]  5.36%
this epoch [#############.....................................] 26.80%
        26 iter, 0 epoch / 5 epochs
  0.064624 iters/sec. Estimated time to finish: 1:58:22.674666.
[4A[J     total [##................................................]  5.57%
this epoch [#############.....................................] 27.84%
        27 iter, 0 epoch / 5 epochs
  0.064924 iters/sec. Estimated time to finish: 1:57:34.409008.
[4A[J     total [##................................................]  5.77%
this epoch [##############....................................] 28.87%
        28 iter, 0 epoch / 5 epochs
  0.064899 iters/sec. Estimated time to finish: 1:57:21.755819.
[4A[J     total [##................................................]  5.98%
this epoch [##############....................................] 29.90%
        29 iter, 0 epoch / 5 epochs
  0.064683 iters/sec. Estimated time to finish: 1:57:29.786622.
[4A[J     total [###...............................................]  6.19%
this epoch [###############...................................] 30.93%
        30 iter, 0 epoch / 5 epochs
  0.064435 iters/sec. Estimated time to finish: 1:57:41.346319.
[4A[J     total [###...............................................]  6.39%
this epoch [###############...................................] 31.96%
        31 iter, 0 epoch / 5 epochs
  0.064446 iters/sec. Estimated time to finish: 1:57:24.656738.
[4A[J     total [###...............................................]  6.60%
this epoch [################..................................] 32.99%
        32 iter, 0 epoch / 5 epochs
  0.064771 iters/sec. Estimated time to finish: 1:56:33.838396.
[4A[J     total [###...............................................]  6.80%
this epoch [#################.................................] 34.02%
        33 iter, 0 epoch / 5 epochs
  0.064941 iters/sec. Estimated time to finish: 1:56:00.182811.
[4A[J     total [###...............................................]  7.01%
this epoch [#################.................................] 35.05%
        34 iter, 0 epoch / 5 epochs
   0.06487 iters/sec. Estimated time to finish: 1:55:52.413793.
[4A[J     total [###...............................................]  7.22%
this epoch [##################................................] 36.08%
        35 iter, 0 epoch / 5 epochs
  0.064867 iters/sec. Estimated time to finish: 1:55:37.260300.
[4A[J     total [###...............................................]  7.42%
this epoch [##################................................] 37.11%
        36 iter, 0 epoch / 5 epochs
  0.065057 iters/sec. Estimated time to finish: 1:55:01.685263.
[4A[J     total [###...............................................]  7.63%
this epoch [###################...............................] 38.14%
        37 iter, 0 epoch / 5 epochs
  0.064957 iters/sec. Estimated time to finish: 1:54:56.859933.
[4A[J     total [###...............................................]  7.84%
this epoch [###################...............................] 39.18%
        38 iter, 0 epoch / 5 epochs
  0.065136 iters/sec. Estimated time to finish: 1:54:22.551402.
[4A[J     total [####..............................................]  8.04%
this epoch [####################..............................] 40.21%
        39 iter, 0 epoch / 5 epochs
  0.065109 iters/sec. Estimated time to finish: 1:54:10.020985.
[4A[J     total [####..............................................]  8.25%
this epoch [####################..............................] 41.24%
        40 iter, 0 epoch / 5 epochs
  0.065079 iters/sec. Estimated time to finish: 1:53:57.835434.
[4A[J     total [####..............................................]  8.45%
this epoch [#####################.............................] 42.27%
        41 iter, 0 epoch / 5 epochs
  0.064859 iters/sec. Estimated time to finish: 1:54:05.596981.
[4A[J     total [####..............................................]  8.66%
this epoch [#####################.............................] 43.30%
        42 iter, 0 epoch / 5 epochs
  0.064613 iters/sec. Estimated time to finish: 1:54:16.226833.
[4A[J     total [####..............................................]  8.87%
this epoch [######################............................] 44.33%
        43 iter, 0 epoch / 5 epochs
  0.064627 iters/sec. Estimated time to finish: 1:53:59.294914.
[4A[J     total [####..............................................]  9.07%
this epoch [######################............................] 45.36%
        44 iter, 0 epoch / 5 epochs
  0.064346 iters/sec. Estimated time to finish: 1:54:13.581504.
[4A[J     total [####..............................................]  9.28%
this epoch [#######################...........................] 46.39%
        45 iter, 0 epoch / 5 epochs
   0.06421 iters/sec. Estimated time to finish: 1:54:12.507672.
[4A[J     total [####..............................................]  9.48%
this epoch [#######################...........................] 47.42%
        46 iter, 0 epoch / 5 epochs
  0.063912 iters/sec. Estimated time to finish: 1:54:28.859413.
[4A[J     total [####..............................................]  9.69%
this epoch [########################..........................] 48.45%
        47 iter, 0 epoch / 5 epochs
  0.063749 iters/sec. Estimated time to finish: 1:54:30.693118.
[4A[J     total [####..............................................]  9.90%
this epoch [########################..........................] 49.48%
        48 iter, 0 epoch / 5 epochs
  0.063533 iters/sec. Estimated time to finish: 1:54:38.352767.
[4A[J     total [#####.............................................] 10.10%
this epoch [#########################.........................] 50.52%
        49 iter, 0 epoch / 5 epochs
  0.063503 iters/sec. Estimated time to finish: 1:54:25.763535.
[4A[J     total [#####.............................................] 10.31%
this epoch [#########################.........................] 51.55%
        50 iter, 0 epoch / 5 epochs
  0.063496 iters/sec. Estimated time to finish: 1:54:10.799926.
[4A[J     total [#####.............................................] 10.52%
this epoch [##########################........................] 52.58%
        51 iter, 0 epoch / 5 epochs
  0.063454 iters/sec. Estimated time to finish: 1:53:59.559758.
[4A[J     total [#####.............................................] 10.72%
this epoch [##########################........................] 53.61%
        52 iter, 0 epoch / 5 epochs
  0.063348 iters/sec. Estimated time to finish: 1:53:55.280392.
[4A[J     total [#####.............................................] 10.93%
this epoch [###########################.......................] 54.64%
        53 iter, 0 epoch / 5 epochs
  0.063445 iters/sec. Estimated time to finish: 1:53:29.073925.
[4A[J     total [#####.............................................] 11.13%
this epoch [###########################.......................] 55.67%
        54 iter, 0 epoch / 5 epochs
  0.063349 iters/sec. Estimated time to finish: 1:53:23.588554.
[4A[J     total [#####.............................................] 11.34%
this epoch [############################......................] 56.70%
        55 iter, 0 epoch / 5 epochs
   0.06329 iters/sec. Estimated time to finish: 1:53:14.107326.
[4A[J     total [#####.............................................] 11.55%
this epoch [############################......................] 57.73%
        56 iter, 0 epoch / 5 epochs
  0.063211 iters/sec. Estimated time to finish: 1:53:06.765812.
[4A[J     total [#####.............................................] 11.75%
this epoch [#############################.....................] 58.76%
        57 iter, 0 epoch / 5 epochs
  0.063183 iters/sec. Estimated time to finish: 1:52:53.995835.
[4A[J     total [#####.............................................] 11.96%
this epoch [#############################.....................] 59.79%
        58 iter, 0 epoch / 5 epochs
  0.063148 iters/sec. Estimated time to finish: 1:52:41.844958.
[4A[J     total [######............................................] 12.16%
this epoch [##############################....................] 60.82%
        59 iter, 0 epoch / 5 epochs
  0.063178 iters/sec. Estimated time to finish: 1:52:22.853427.
[4A[J     total [######............................................] 12.37%
this epoch [##############################....................] 61.86%
        60 iter, 0 epoch / 5 epochs
  0.063194 iters/sec. Estimated time to finish: 1:52:05.279714.
[4A[J     total [######............................................] 12.58%
this epoch [###############################...................] 62.89%
        61 iter, 0 epoch / 5 epochs
   0.06319 iters/sec. Estimated time to finish: 1:51:49.877948.
[4A[J     total [######............................................] 12.78%
this epoch [###############################...................] 63.92%
        62 iter, 0 epoch / 5 epochs
  0.063112 iters/sec. Estimated time to finish: 1:51:42.366354.
[4A[J     total [######............................................] 12.99%
this epoch [################################..................] 64.95%
        63 iter, 0 epoch / 5 epochs
  0.063135 iters/sec. Estimated time to finish: 1:51:24.123519.
[4A[J     total [######............................................] 13.20%
this epoch [################################..................] 65.98%
        64 iter, 0 epoch / 5 epochs
  0.063097 iters/sec. Estimated time to finish: 1:51:12.284343.
[4A[J     total [######............................................] 13.40%
this epoch [#################################.................] 67.01%
        65 iter, 0 epoch / 5 epochs
  0.063126 iters/sec. Estimated time to finish: 1:50:53.353236.
[4A[J     total [######............................................] 13.61%
this epoch [##################################................] 68.04%
        66 iter, 0 epoch / 5 epochs
  0.063126 iters/sec. Estimated time to finish: 1:50:37.505940.
[4A[J     total [######............................................] 13.81%
this epoch [##################################................] 69.07%
        67 iter, 0 epoch / 5 epochs
  0.063215 iters/sec. Estimated time to finish: 1:50:12.360223.
[4A[J     total [#######...........................................] 14.02%
this epoch [###################################...............] 70.10%
        68 iter, 0 epoch / 5 epochs
  0.063128 iters/sec. Estimated time to finish: 1:50:05.605170.
[4A[J     total [#######...........................................] 14.23%
this epoch [###################################...............] 71.13%
        69 iter, 0 epoch / 5 epochs
  0.063031 iters/sec. Estimated time to finish: 1:49:59.966169.
[4A[J     total [#######...........................................] 14.43%
this epoch [####################################..............] 72.16%
        70 iter, 0 epoch / 5 epochs
  0.062879 iters/sec. Estimated time to finish: 1:49:59.956006.
[4A[J     total [#######...........................................] 14.64%
this epoch [####################################..............] 73.20%
        71 iter, 0 epoch / 5 epochs
  0.062846 iters/sec. Estimated time to finish: 1:49:47.514339.
[4A[J     total [#######...........................................] 14.85%
this epoch [#####################################.............] 74.23%
        72 iter, 0 epoch / 5 epochs
   0.06288 iters/sec. Estimated time to finish: 1:49:28.088010.
[4A[J     total [#######...........................................] 15.05%
this epoch [#####################################.............] 75.26%
        73 iter, 0 epoch / 5 epochs
  0.062762 iters/sec. Estimated time to finish: 1:49:24.473785.
[4A[J     total [#######...........................................] 15.26%
this epoch [######################################............] 76.29%
        74 iter, 0 epoch / 5 epochs
  0.062549 iters/sec. Estimated time to finish: 1:49:30.845513.
[4A[J     total [#######...........................................] 15.46%
this epoch [######################################............] 77.32%
        75 iter, 0 epoch / 5 epochs
  0.062507 iters/sec. Estimated time to finish: 1:49:19.226692.
[4A[J     total [#######...........................................] 15.67%
this epoch [#######################################...........] 78.35%
        76 iter, 0 epoch / 5 epochs
  0.062469 iters/sec. Estimated time to finish: 1:49:07.197991.
[4A[J     total [#######...........................................] 15.88%
this epoch [#######################################...........] 79.38%
        77 iter, 0 epoch / 5 epochs
  0.062511 iters/sec. Estimated time to finish: 1:48:46.853850.
[4A[J     total [########..........................................] 16.08%
this epoch [########################################..........] 80.41%
        78 iter, 0 epoch / 5 epochs
  0.062529 iters/sec. Estimated time to finish: 1:48:29.007812.
[4A[J     total [########..........................................] 16.29%
this epoch [########################################..........] 81.44%
        79 iter, 0 epoch / 5 epochs
  0.062404 iters/sec. Estimated time to finish: 1:48:25.971322.
[4A[J     total [########..........................................] 16.49%
this epoch [#########################################.........] 82.47%
        80 iter, 0 epoch / 5 epochs
  0.062316 iters/sec. Estimated time to finish: 1:48:19.084693.
[4A[J     total [########..........................................] 16.70%
this epoch [#########################################.........] 83.51%
        81 iter, 0 epoch / 5 epochs
    0.0623 iters/sec. Estimated time to finish: 1:48:04.770364.
[4A[J     total [########..........................................] 16.91%
this epoch [##########################################........] 84.54%
        82 iter, 0 epoch / 5 epochs
  0.062283 iters/sec. Estimated time to finish: 1:47:50.481749.
[4A[J     total [########..........................................] 17.11%
this epoch [##########################################........] 85.57%
        83 iter, 0 epoch / 5 epochs
  0.062229 iters/sec. Estimated time to finish: 1:47:40.028571.
[4A[J     total [########..........................................] 17.32%
this epoch [###########################################.......] 86.60%
        84 iter, 0 epoch / 5 epochs
  0.062296 iters/sec. Estimated time to finish: 1:47:17.043292.
[4A[J     total [########..........................................] 17.53%
this epoch [###########################################.......] 87.63%
        85 iter, 0 epoch / 5 epochs
   0.06225 iters/sec. Estimated time to finish: 1:47:05.713313.
[4A[J     total [########..........................................] 17.73%
this epoch [############################################......] 88.66%
        86 iter, 0 epoch / 5 epochs
  0.062193 iters/sec. Estimated time to finish: 1:46:55.463771.
[4A[J     total [########..........................................] 17.94%
this epoch [############################################......] 89.69%
        87 iter, 0 epoch / 5 epochs
  0.062141 iters/sec. Estimated time to finish: 1:46:44.770159.
[4A[J     total [#########.........................................] 18.14%
this epoch [#############################################.....] 90.72%
        88 iter, 0 epoch / 5 epochs
  0.062159 iters/sec. Estimated time to finish: 1:46:26.837335.
[4A[J     total [#########.........................................] 18.35%
this epoch [#############################################.....] 91.75%
        89 iter, 0 epoch / 5 epochs
  0.062129 iters/sec. Estimated time to finish: 1:46:13.820980.
[4A[J     total [#########.........................................] 18.56%
this epoch [##############################################....] 92.78%
        90 iter, 0 epoch / 5 epochs
  0.062095 iters/sec. Estimated time to finish: 1:46:01.210694.
[4A[J     total [#########.........................................] 18.76%
this epoch [##############################################....] 93.81%
        91 iter, 0 epoch / 5 epochs
  0.062053 iters/sec. Estimated time to finish: 1:45:49.432078.
[4A[J     total [#########.........................................] 18.97%
this epoch [###############################################...] 94.85%
        92 iter, 0 epoch / 5 epochs
  0.061974 iters/sec. Estimated time to finish: 1:45:41.412792.
[4A[J     total [#########.........................................] 19.18%
this epoch [###############################################...] 95.88%
        93 iter, 0 epoch / 5 epochs
  0.061867 iters/sec. Estimated time to finish: 1:45:36.135045.
[4A[J     total [#########.........................................] 19.38%
this epoch [################################################..] 96.91%
        94 iter, 0 epoch / 5 epochs
  0.061786 iters/sec. Estimated time to finish: 1:45:28.295615.
[4A[J     total [#########.........................................] 19.59%
this epoch [################################################..] 97.94%
        95 iter, 0 epoch / 5 epochs
  0.061674 iters/sec. Estimated time to finish: 1:45:23.532281.
[4A[J     total [#########.........................................] 19.79%
this epoch [#################################################.] 98.97%
        96 iter, 0 epoch / 5 epochs
  0.061682 iters/sec. Estimated time to finish: 1:45:06.489180.
[4A[J1           0.305158                                                                   1614.06       
[J     total [##########........................................] 20.00%
this epoch [..................................................]  0.00%
        97 iter, 1 epoch / 5 epochs
  0.061121 iters/sec. Estimated time to finish: 1:45:48.038481.
[4A[J     total [##########........................................] 20.21%
this epoch [..................................................]  1.03%
        98 iter, 1 epoch / 5 epochs
  0.061478 iters/sec. Estimated time to finish: 1:44:54.941943.
[4A[J     total [##########........................................] 20.41%
this epoch [#.................................................]  2.06%
        99 iter, 1 epoch / 5 epochs
   0.06151 iters/sec. Estimated time to finish: 1:44:35.396391.
[4A[J     total [##########........................................] 20.62%
this epoch [#.................................................]  3.09%
       100 iter, 1 epoch / 5 epochs
  0.061821 iters/sec. Estimated time to finish: 1:43:47.694384.
[4A[J     total [##########........................................] 20.82%
this epoch [##................................................]  4.12%
       101 iter, 1 epoch / 5 epochs
  0.061992 iters/sec. Estimated time to finish: 1:43:14.300791.
[4A[J     total [##########........................................] 21.03%
this epoch [##................................................]  5.15%
       102 iter, 1 epoch / 5 epochs
  0.062234 iters/sec. Estimated time to finish: 1:42:34.182379.
[4A[J     total [##########........................................] 21.24%
this epoch [###...............................................]  6.19%
       103 iter, 1 epoch / 5 epochs
  0.062208 iters/sec. Estimated time to finish: 1:42:20.683990.
[4A[J     total [##########........................................] 21.44%
this epoch [###...............................................]  7.22%
       104 iter, 1 epoch / 5 epochs
  0.062206 iters/sec. Estimated time to finish: 1:42:04.776469.
[4A[J     total [##########........................................] 21.65%
this epoch [####..............................................]  8.25%
       105 iter, 1 epoch / 5 epochs
  0.062521 iters/sec. Estimated time to finish: 1:41:17.913242.
[4A[J     total [##########........................................] 21.86%
this epoch [####..............................................]  9.28%
       106 iter, 1 epoch / 5 epochs
  0.062856 iters/sec. Estimated time to finish: 1:40:29.642427.
[4A[J     total [###########.......................................] 22.06%
this epoch [#####.............................................] 10.31%
       107 iter, 1 epoch / 5 epochs
  0.062869 iters/sec. Estimated time to finish: 1:40:12.487092.
[4A[J     total [###########.......................................] 22.27%
this epoch [#####.............................................] 11.34%
       108 iter, 1 epoch / 5 epochs
  0.062865 iters/sec. Estimated time to finish: 1:39:56.948013.
[4A[J     total [###########.......................................] 22.47%
this epoch [######............................................] 12.37%
       109 iter, 1 epoch / 5 epochs
  0.062989 iters/sec. Estimated time to finish: 1:39:29.339380.
[4A[J     total [###########.......................................] 22.68%
this epoch [######............................................] 13.40%
       110 iter, 1 epoch / 5 epochs
  0.062925 iters/sec. Estimated time to finish: 1:39:19.437884.
[4A[J     total [###########.......................................] 22.89%
this epoch [#######...........................................] 14.43%
       111 iter, 1 epoch / 5 epochs
  0.063138 iters/sec. Estimated time to finish: 1:38:43.558678.
[4A[J     total [###########.......................................] 23.09%
this epoch [#######...........................................] 15.46%
       112 iter, 1 epoch / 5 epochs
  0.063207 iters/sec. Estimated time to finish: 1:38:21.198821.
[4A[J     total [###########.......................................] 23.30%
this epoch [########..........................................] 16.49%
       113 iter, 1 epoch / 5 epochs
   0.06312 iters/sec. Estimated time to finish: 1:38:13.537190.
[4A[J     total [###########.......................................] 23.51%
this epoch [########..........................................] 17.53%
       114 iter, 1 epoch / 5 epochs
  0.063386 iters/sec. Estimated time to finish: 1:37:33.019056.
[4A[J     total [###########.......................................] 23.71%
this epoch [#########.........................................] 18.56%
       115 iter, 1 epoch / 5 epochs
  0.063276 iters/sec. Estimated time to finish: 1:37:27.372518.
[4A[J     total [###########.......................................] 23.92%
this epoch [#########.........................................] 19.59%
       116 iter, 1 epoch / 5 epochs
  0.063588 iters/sec. Estimated time to finish: 1:36:42.937868.
[4A[J     total [############......................................] 24.12%
this epoch [##########........................................] 20.62%
       117 iter, 1 epoch / 5 epochs
  0.063714 iters/sec. Estimated time to finish: 1:36:15.772448.
[4A[J     total [############......................................] 24.33%
this epoch [##########........................................] 21.65%
       118 iter, 1 epoch / 5 epochs
   0.06363 iters/sec. Estimated time to finish: 1:36:07.680048.
[4A[J     total [############......................................] 24.54%
this epoch [###########.......................................] 22.68%
       119 iter, 1 epoch / 5 epochs
  0.063855 iters/sec. Estimated time to finish: 1:35:31.780727.
[4A[J     total [############......................................] 24.74%
this epoch [###########.......................................] 23.71%
       120 iter, 1 epoch / 5 epochs
  0.063842 iters/sec. Estimated time to finish: 1:35:17.280883.
[4A[J     total [############......................................] 24.95%
this epoch [############......................................] 24.74%
       121 iter, 1 epoch / 5 epochs
  0.063864 iters/sec. Estimated time to finish: 1:34:59.655158.
[4A[J     total [############......................................] 25.15%
this epoch [############......................................] 25.77%
       122 iter, 1 epoch / 5 epochs
  0.063832 iters/sec. Estimated time to finish: 1:34:46.764119.
[4A[J     total [############......................................] 25.36%
this epoch [#############.....................................] 26.80%
       123 iter, 1 epoch / 5 epochs
  0.063828 iters/sec. Estimated time to finish: 1:34:31.467819.
[4A[J     total [############......................................] 25.57%
this epoch [#############.....................................] 27.84%
       124 iter, 1 epoch / 5 epochs
  0.064088 iters/sec. Estimated time to finish: 1:33:52.867887.
[4A[J     total [############......................................] 25.77%
this epoch [##############....................................] 28.87%
       125 iter, 1 epoch / 5 epochs
  0.064149 iters/sec. Estimated time to finish: 1:33:31.965505.
[4A[J     total [############......................................] 25.98%
this epoch [##############....................................] 29.90%
       126 iter, 1 epoch / 5 epochs
   0.06409 iters/sec. Estimated time to finish: 1:33:21.487227.
[4A[J     total [#############.....................................] 26.19%
this epoch [###############...................................] 30.93%
       127 iter, 1 epoch / 5 epochs
  0.064379 iters/sec. Estimated time to finish: 1:32:40.851856.
[4A[J     total [#############.....................................] 26.39%
this epoch [###############...................................] 31.96%
       128 iter, 1 epoch / 5 epochs
  0.064444 iters/sec. Estimated time to finish: 1:32:19.714127.
[4A[J     total [#############.....................................] 26.60%
this epoch [################..................................] 32.99%
       129 iter, 1 epoch / 5 epochs
  0.064592 iters/sec. Estimated time to finish: 1:31:51.528081.
[4A[J     total [#############.....................................] 26.80%
this epoch [#################.................................] 34.02%
       130 iter, 1 epoch / 5 epochs
  0.064849 iters/sec. Estimated time to finish: 1:31:14.237786.
[4A[J     total [#############.....................................] 27.01%
this epoch [#################.................................] 35.05%
       131 iter, 1 epoch / 5 epochs
  0.064826 iters/sec. Estimated time to finish: 1:31:00.743978.
[4A[J     total [#############.....................................] 27.22%
this epoch [##################................................] 36.08%
       132 iter, 1 epoch / 5 epochs
  0.064826 iters/sec. Estimated time to finish: 1:30:45.328746.
[4A[J     total [#############.....................................] 27.42%
this epoch [##################................................] 37.11%
       133 iter, 1 epoch / 5 epochs
  0.064872 iters/sec. Estimated time to finish: 1:30:26.094588.
[4A[J     total [#############.....................................] 27.63%
this epoch [###################...............................] 38.14%
       134 iter, 1 epoch / 5 epochs
  0.065162 iters/sec. Estimated time to finish: 1:29:46.581927.
[4A[J     total [#############.....................................] 27.84%
this epoch [###################...............................] 39.18%
       135 iter, 1 epoch / 5 epochs
  0.065011 iters/sec. Estimated time to finish: 1:29:43.682376.
[4A[J     total [##############....................................] 28.04%
this epoch [####################..............................] 40.21%
       136 iter, 1 epoch / 5 epochs
  0.065065 iters/sec. Estimated time to finish: 1:29:23.878472.
[4A[J     total [##############....................................] 28.25%
this epoch [####################..............................] 41.24%
       137 iter, 1 epoch / 5 epochs
  0.065275 iters/sec. Estimated time to finish: 1:28:51.279146.
[4A[J     total [##############....................................] 28.45%
this epoch [#####################.............................] 42.27%
       138 iter, 1 epoch / 5 epochs
  0.065457 iters/sec. Estimated time to finish: 1:28:21.150238.
[4A[J     total [##############....................................] 28.66%
this epoch [#####################.............................] 43.30%
       139 iter, 1 epoch / 5 epochs
  0.065565 iters/sec. Estimated time to finish: 1:27:57.179273.
[4A[J     total [##############....................................] 28.87%
this epoch [######################............................] 44.33%
       140 iter, 1 epoch / 5 epochs
  0.065656 iters/sec. Estimated time to finish: 1:27:34.682542.
[4A[J     total [##############....................................] 29.07%
this epoch [######################............................] 45.36%
       141 iter, 1 epoch / 5 epochs
  0.065766 iters/sec. Estimated time to finish: 1:27:10.703350.
[4A[J     total [##############....................................] 29.28%
this epoch [#######################...........................] 46.39%
       142 iter, 1 epoch / 5 epochs
  0.065752 iters/sec. Estimated time to finish: 1:26:56.607591.
[4A[J     total [##############....................................] 29.48%
this epoch [#######################...........................] 47.42%
       143 iter, 1 epoch / 5 epochs
    0.0659 iters/sec. Estimated time to finish: 1:26:29.698310.
[4A[J     total [##############....................................] 29.69%
this epoch [########################..........................] 48.45%
       144 iter, 1 epoch / 5 epochs
  0.066032 iters/sec. Estimated time to finish: 1:26:04.136155.
[4A[J     total [##############....................................] 29.90%
this epoch [########################..........................] 49.48%
       145 iter, 1 epoch / 5 epochs
  0.066543 iters/sec. Estimated time to finish: 1:25:09.495605.
[4A[J     total [###############...................................] 30.10%
this epoch [#########################.........................] 50.52%
       146 iter, 1 epoch / 5 epochs
   0.06691 iters/sec. Estimated time to finish: 1:24:26.505765.
[4A[J     total [###############...................................] 30.31%
this epoch [#########################.........................] 51.55%
       147 iter, 1 epoch / 5 epochs
  0.067214 iters/sec. Estimated time to finish: 1:23:48.705727.
[4A[J     total [###############...................................] 30.52%
this epoch [##########################........................] 52.58%
       148 iter, 1 epoch / 5 epochs
  0.067325 iters/sec. Estimated time to finish: 1:23:25.552176.
[4A[J     total [###############...................................] 30.72%
this epoch [##########################........................] 53.61%
       149 iter, 1 epoch / 5 epochs
  0.067473 iters/sec. Estimated time to finish: 1:22:59.749185.
[4A[J     total [###############...................................] 30.93%
this epoch [###########################.......................] 54.64%
       150 iter, 1 epoch / 5 epochs
  0.067808 iters/sec. Estimated time to finish: 1:22:20.406453.
[4A[J     total [###############...................................] 31.13%
this epoch [###########################.......................] 55.67%
       151 iter, 1 epoch / 5 epochs
  0.067863 iters/sec. Estimated time to finish: 1:22:01.659269.
[4A[J     total [###############...................................] 31.34%
this epoch [############################......................] 56.70%
       152 iter, 1 epoch / 5 epochs
  0.067809 iters/sec. Estimated time to finish: 1:21:50.827649.
[4A[J     total [###############...................................] 31.55%
this epoch [############################......................] 57.73%
       153 iter, 1 epoch / 5 epochs
  0.068192 iters/sec. Estimated time to finish: 1:21:08.600968.
[4A[J     total [###############...................................] 31.75%
this epoch [#############################.....................] 58.76%
       154 iter, 1 epoch / 5 epochs
  0.068452 iters/sec. Estimated time to finish: 1:20:35.479514.
[4A[J     total [###############...................................] 31.96%
this epoch [#############################.....................] 59.79%
       155 iter, 1 epoch / 5 epochs
  0.068623 iters/sec. Estimated time to finish: 1:20:08.908669.
[4A[J     total [################..................................] 32.16%
this epoch [##############################....................] 60.82%
       156 iter, 1 epoch / 5 epochs
  0.068067 iters/sec. Estimated time to finish: 1:20:33.466894.
[4A[J     total [################..................................] 32.37%
this epoch [##############################....................] 61.86%
       157 iter, 1 epoch / 5 epochs
  0.066394 iters/sec. Estimated time to finish: 1:22:20.224004.
[4A--------------------------------------------------------------------------
mpiexec noticed that process rank 8 with PID 11493 on node g0276 exited on signal 9 (Killed).
--------------------------------------------------------------------------
