No Modulefiles Currently Loaded.
Currently Loaded Modulefiles:
  1) cuda/9.0/9.0.176.4   3) nccl/2.3/2.3.5-2
  2) cudnn/7.3/7.3.1      4) openmpi/2.1.6
Currently Loaded Modulefiles:
  1) cuda/9.0/9.0.176.4   3) nccl/2.3/2.3.5-2
  2) cudnn/7.3/7.3.1      4) openmpi/2.1.6
Currently Loaded Modulefiles:
  1) cuda/9.0/9.0.176.4   3) nccl/2.3/2.3.5-2
  2) cudnn/7.3/7.3.1      4) openmpi/2.1.6
Starting Training 
--------------------------------------------------------------------------
A process has executed an operation involving a call to the
"fork()" system call to create a child process.  Open MPI is currently
operating in a condition that could result in memory corruption or
other system errors; your job may hang, crash, or produce silent
data corruption.  The use of fork() (or system() or other calls that
create child processes) is strongly discouraged.

The process that invoked fork was:

  Local host:          [[58363,1],0] (PID 204693)

If you are *absolutely sure* that your application will successfully
and correctly survive a call to fork(), you may disable this warning
by setting the mpi_warn_on_fork MCA parameter to 0.
--------------------------------------------------------------------------
epoch       main/loss   validation/main/loss  main/accuracy  validation/main/accuracy  elapsed_time
[J     total [..................................................]  0.80%
this epoch [##................................................]  4.00%
         1 iter, 0 epoch / 5 epochs
       inf iters/sec. Estimated time to finish: 0:00:00.
[4A[J     total [..................................................]  1.60%
this epoch [####..............................................]  8.00%
         2 iter, 0 epoch / 5 epochs
  0.056126 iters/sec. Estimated time to finish: 0:36:31.488731.
[4A[J     total [#.................................................]  2.40%
this epoch [######............................................] 12.00%
         3 iter, 0 epoch / 5 epochs
  0.061999 iters/sec. Estimated time to finish: 0:32:47.762354.
[4A[J     total [#.................................................]  3.20%
this epoch [########..........................................] 16.00%
         4 iter, 0 epoch / 5 epochs
  0.062763 iters/sec. Estimated time to finish: 0:32:07.896780.
[4A[J     total [##................................................]  4.00%
this epoch [##########........................................] 20.00%
         5 iter, 0 epoch / 5 epochs
  0.062393 iters/sec. Estimated time to finish: 0:32:03.286736.
[4A[J     total [##................................................]  4.80%
this epoch [############......................................] 24.00%
         6 iter, 0 epoch / 5 epochs
  0.062933 iters/sec. Estimated time to finish: 0:31:30.886067.
[4A[J     total [##................................................]  5.60%
this epoch [##############....................................] 28.00%
         7 iter, 0 epoch / 5 epochs
  0.062158 iters/sec. Estimated time to finish: 0:31:38.392470.
[4A[J     total [###...............................................]  6.40%
this epoch [################..................................] 32.00%
         8 iter, 0 epoch / 5 epochs
  0.062877 iters/sec. Estimated time to finish: 0:31:00.789249.
[4A[J     total [###...............................................]  7.20%
this epoch [##################................................] 36.00%
         9 iter, 0 epoch / 5 epochs
  0.062952 iters/sec. Estimated time to finish: 0:30:42.662609.
[4A[J     total [####..............................................]  8.00%
this epoch [####################..............................] 40.00%
        10 iter, 0 epoch / 5 epochs
  0.063166 iters/sec. Estimated time to finish: 0:30:20.613872.
[4A[J     total [####..............................................]  8.80%
this epoch [######################............................] 44.00%
        11 iter, 0 epoch / 5 epochs
  0.063907 iters/sec. Estimated time to finish: 0:29:43.848764.
[4A[J     total [####..............................................]  9.60%
this epoch [########################..........................] 48.00%
        12 iter, 0 epoch / 5 epochs
  0.064032 iters/sec. Estimated time to finish: 0:29:24.746932.
[4A[J     total [#####.............................................] 10.40%
this epoch [##########################........................] 52.00%
        13 iter, 0 epoch / 5 epochs
   0.06426 iters/sec. Estimated time to finish: 0:29:02.913937.
[4A[J     total [#####.............................................] 11.20%
this epoch [############################......................] 56.00%
        14 iter, 0 epoch / 5 epochs
   0.06436 iters/sec. Estimated time to finish: 0:28:44.662459.
[4A[J     total [######............................................] 12.00%
this epoch [##############################....................] 60.00%
        15 iter, 0 epoch / 5 epochs
  0.064761 iters/sec. Estimated time to finish: 0:28:18.546468.
[4A[J     total [######............................................] 12.80%
this epoch [################################..................] 64.00%
        16 iter, 0 epoch / 5 epochs
   0.06491 iters/sec. Estimated time to finish: 0:27:59.242669.
[4A[J     total [######............................................] 13.60%
this epoch [##################################................] 68.00%
        17 iter, 0 epoch / 5 epochs
  0.063755 iters/sec. Estimated time to finish: 0:28:13.989737.
[4A[J     total [#######...........................................] 14.40%
this epoch [####################################..............] 72.00%
        18 iter, 0 epoch / 5 epochs
  0.063381 iters/sec. Estimated time to finish: 0:28:08.214753.
[4A[J     total [#######...........................................] 15.20%
this epoch [######################################............] 76.00%
        19 iter, 0 epoch / 5 epochs
  0.065158 iters/sec. Estimated time to finish: 0:27:06.812708.
[4A[J     total [########..........................................] 16.00%
this epoch [########################################..........] 80.00%
        20 iter, 0 epoch / 5 epochs
  0.065159 iters/sec. Estimated time to finish: 0:26:51.438328.
[4A[J     total [########..........................................] 16.80%
this epoch [##########################################........] 84.00%
        21 iter, 0 epoch / 5 epochs
  0.065376 iters/sec. Estimated time to finish: 0:26:30.789279.
[4A[J     total [########..........................................] 17.60%
this epoch [############################################......] 88.00%
        22 iter, 0 epoch / 5 epochs
  0.065375 iters/sec. Estimated time to finish: 0:26:15.524269.
[4A[J     total [#########.........................................] 18.40%
this epoch [##############################################....] 92.00%
        23 iter, 0 epoch / 5 epochs
  0.065453 iters/sec. Estimated time to finish: 0:25:58.378191.
[4A[J     total [#########.........................................] 19.20%
this epoch [################################################..] 96.00%
        24 iter, 0 epoch / 5 epochs
  0.065268 iters/sec. Estimated time to finish: 0:25:47.470541.
[4A[J1           0.349049                                                                   423.566       
[J     total [##########........................................] 20.00%
this epoch [..................................................]  0.00%
        25 iter, 1 epoch / 5 epochs
  0.063196 iters/sec. Estimated time to finish: 0:26:22.380279.
[4A[J     total [##########........................................] 20.80%
this epoch [##................................................]  4.00%
        26 iter, 1 epoch / 5 epochs
  0.064647 iters/sec. Estimated time to finish: 0:25:31.385280.
[4A[J     total [##########........................................] 21.60%
this epoch [####..............................................]  8.00%
        27 iter, 1 epoch / 5 epochs
  0.065449 iters/sec. Estimated time to finish: 0:24:57.342680.
[4A[J     total [###########.......................................] 22.40%
this epoch [######............................................] 12.00%
        28 iter, 1 epoch / 5 epochs
  0.066329 iters/sec. Estimated time to finish: 0:24:22.407194.
[4A[J     total [###########.......................................] 23.20%
this epoch [#######...........................................] 16.00%
        29 iter, 1 epoch / 5 epochs
   0.06607 iters/sec. Estimated time to finish: 0:24:13.011347.
[4A[J     total [############......................................] 24.00%
this epoch [#########.........................................] 20.00%
        30 iter, 1 epoch / 5 epochs
   0.06652 iters/sec. Estimated time to finish: 0:23:48.150340.
[4A[J     total [############......................................] 24.80%
this epoch [############......................................] 24.00%
        31 iter, 1 epoch / 5 epochs
  0.065705 iters/sec. Estimated time to finish: 0:23:50.631215.
[4A[J     total [############......................................] 25.60%
this epoch [##############....................................] 28.00%
        32 iter, 1 epoch / 5 epochs
  0.065505 iters/sec. Estimated time to finish: 0:23:39.745894.
[4A[J     total [#############.....................................] 26.40%
this epoch [################..................................] 32.00%
        33 iter, 1 epoch / 5 epochs
  0.065075 iters/sec. Estimated time to finish: 0:23:33.764149.
[4A[J     total [#############.....................................] 27.20%
this epoch [#################.................................] 36.00%
        34 iter, 1 epoch / 5 epochs
  0.065911 iters/sec. Estimated time to finish: 0:23:00.650881.
[4A[J     total [#############.....................................] 28.00%
this epoch [###################...............................] 40.00%
        35 iter, 1 epoch / 5 epochs
  0.065874 iters/sec. Estimated time to finish: 0:22:46.247619.
[4A[J     total [##############....................................] 28.80%
this epoch [#####################.............................] 44.00%
        36 iter, 1 epoch / 5 epochs
  0.065624 iters/sec. Estimated time to finish: 0:22:36.211321.
[4A[J     total [##############....................................] 29.60%
this epoch [########################..........................] 48.00%
        37 iter, 1 epoch / 5 epochs
  0.066368 iters/sec. Estimated time to finish: 0:22:05.948926.
[4A[J     total [###############...................................] 30.40%
this epoch [##########################........................] 52.00%
        38 iter, 1 epoch / 5 epochs
  0.066049 iters/sec. Estimated time to finish: 0:21:57.207593.
[4A[J     total [###############...................................] 31.20%
this epoch [############################......................] 56.00%
        39 iter, 1 epoch / 5 epochs
  0.066396 iters/sec. Estimated time to finish: 0:21:35.258012.
[4A[J     total [################..................................] 32.00%
this epoch [##############################....................] 60.00%
        40 iter, 1 epoch / 5 epochs
  0.066577 iters/sec. Estimated time to finish: 0:21:16.712348.
[4A[J     total [################..................................] 32.80%
this epoch [################################..................] 64.00%
        41 iter, 1 epoch / 5 epochs
  0.066489 iters/sec. Estimated time to finish: 0:21:03.374640.
[4A[J     total [################..................................] 33.60%
this epoch [##################################................] 68.00%
        42 iter, 1 epoch / 5 epochs
  0.066386 iters/sec. Estimated time to finish: 0:20:50.257755.
[4A[J     total [#################.................................] 34.40%
this epoch [####################################..............] 72.00%
        43 iter, 1 epoch / 5 epochs
  0.066843 iters/sec. Estimated time to finish: 0:20:26.761502.
[4A[J     total [#################.................................] 35.20%
this epoch [######################################............] 76.00%
        44 iter, 1 epoch / 5 epochs
  0.066585 iters/sec. Estimated time to finish: 0:20:16.487517.
[4A[J     total [##################................................] 36.00%
this epoch [########################################..........] 80.00%
        45 iter, 1 epoch / 5 epochs
  0.066318 iters/sec. Estimated time to finish: 0:20:06.310118.
[4A[J     total [##################................................] 36.80%
this epoch [#########################################.........] 84.00%
        46 iter, 1 epoch / 5 epochs
  0.066301 iters/sec. Estimated time to finish: 0:19:51.536497.
[4A[J     total [##################................................] 37.60%
this epoch [###########################################.......] 88.00%
        47 iter, 1 epoch / 5 epochs
  0.066098 iters/sec. Estimated time to finish: 0:19:40.059167.
[4A[J     total [###################...............................] 38.40%
this epoch [##############################################....] 92.00%
        48 iter, 1 epoch / 5 epochs
  0.066711 iters/sec. Estimated time to finish: 0:19:14.226117.
[4A[J     total [###################...............................] 39.20%
this epoch [################################################..] 96.00%
        49 iter, 1 epoch / 5 epochs
  0.066583 iters/sec. Estimated time to finish: 0:19:01.439154.
[4A[J2           0.348859                                                                   787.435       
[J     total [####################..............................] 40.00%
this epoch [..................................................]  0.00%
        50 iter, 2 epoch / 5 epochs
   0.06589 iters/sec. Estimated time to finish: 0:18:58.269250.
[4A[J     total [####################..............................] 40.80%
this epoch [##................................................]  4.00%
        51 iter, 2 epoch / 5 epochs
  0.065741 iters/sec. Estimated time to finish: 0:18:45.637176.
[4A[J     total [####################..............................] 41.60%
this epoch [####..............................................]  8.00%
        52 iter, 2 epoch / 5 epochs
  0.065769 iters/sec. Estimated time to finish: 0:18:29.940487.
[4A[J     total [#####################.............................] 42.40%
this epoch [######............................................] 12.00%
        53 iter, 2 epoch / 5 epochs
    0.0657 iters/sec. Estimated time to finish: 0:18:15.893958.
[4A[J     total [#####################.............................] 43.20%
this epoch [########..........................................] 16.00%
        54 iter, 2 epoch / 5 epochs
  0.065643 iters/sec. Estimated time to finish: 0:18:01.600215.
[4A[J     total [######################............................] 44.00%
this epoch [##########........................................] 20.00%
        55 iter, 2 epoch / 5 epochs
  0.066185 iters/sec. Estimated time to finish: 0:17:37.636114.
[4A[J     total [######################............................] 44.80%
this epoch [############......................................] 24.00%
        56 iter, 2 epoch / 5 epochs
  0.066096 iters/sec. Estimated time to finish: 0:17:23.939939.
[4A[J     total [######################............................] 45.60%
this epoch [##############....................................] 28.00%
        57 iter, 2 epoch / 5 epochs
  0.065816 iters/sec. Estimated time to finish: 0:17:13.190076.
[4A[J     total [#######################...........................] 46.40%
this epoch [###############...................................] 32.00%
        58 iter, 2 epoch / 5 epochs
  0.065714 iters/sec. Estimated time to finish: 0:16:59.564533.
[4A[J     total [#######################...........................] 47.20%
this epoch [#################.................................] 36.00%
        59 iter, 2 epoch / 5 epochs
  0.065463 iters/sec. Estimated time to finish: 0:16:48.207759.
[4A[J     total [########################..........................] 48.00%
this epoch [###################...............................] 40.00%
        60 iter, 2 epoch / 5 epochs
  0.065301 iters/sec. Estimated time to finish: 0:16:35.398044.
[4A[J     total [########################..........................] 48.80%
this epoch [#####################.............................] 44.00%
        61 iter, 2 epoch / 5 epochs
  0.065238 iters/sec. Estimated time to finish: 0:16:21.018247.
[4A[J     total [########################..........................] 49.60%
this epoch [########################..........................] 48.00%
        62 iter, 2 epoch / 5 epochs
  0.065199 iters/sec. Estimated time to finish: 0:16:06.272226.
[4A[J     total [#########################.........................] 50.40%
this epoch [##########################........................] 52.00%
        63 iter, 2 epoch / 5 epochs
  0.065094 iters/sec. Estimated time to finish: 0:15:52.465055.
[4A[J     total [#########################.........................] 51.20%
this epoch [############################......................] 56.00%
        64 iter, 2 epoch / 5 epochs
  0.065016 iters/sec. Estimated time to finish: 0:15:38.234247.
[4A[J     total [##########################........................] 52.00%
this epoch [##############################....................] 60.00%
        65 iter, 2 epoch / 5 epochs
  0.064832 iters/sec. Estimated time to finish: 0:15:25.475629.
[4A[J     total [##########################........................] 52.80%
this epoch [################################..................] 64.00%
        66 iter, 2 epoch / 5 epochs
  0.064807 iters/sec. Estimated time to finish: 0:15:10.400006.
[4A[J     total [##########################........................] 53.60%
this epoch [##################################................] 68.00%
        67 iter, 2 epoch / 5 epochs
  0.064508 iters/sec. Estimated time to finish: 0:14:59.110395.
[4A[J     total [###########################.......................] 54.40%
this epoch [###################################...............] 72.00%
        68 iter, 2 epoch / 5 epochs
  0.064449 iters/sec. Estimated time to finish: 0:14:44.426669.
[4A[J     total [###########################.......................] 55.20%
this epoch [#####################################.............] 76.00%
        69 iter, 2 epoch / 5 epochs
  0.064314 iters/sec. Estimated time to finish: 0:14:30.724921.
[4A[J     total [###########################.......................] 56.00%
this epoch [#######################################...........] 80.00%
        70 iter, 2 epoch / 5 epochs
  0.064241 iters/sec. Estimated time to finish: 0:14:16.149317.
[4A[J     total [############################......................] 56.80%
this epoch [#########################################.........] 84.00%
        71 iter, 2 epoch / 5 epochs
  0.064206 iters/sec. Estimated time to finish: 0:14:01.045783.
[4A[J     total [############################......................] 57.60%
this epoch [###########################################.......] 88.00%
        72 iter, 2 epoch / 5 epochs
  0.064207 iters/sec. Estimated time to finish: 0:13:45.449934.
[4A[J     total [#############################.....................] 58.40%
this epoch [##############################################....] 92.00%
        73 iter, 2 epoch / 5 epochs
  0.064118 iters/sec. Estimated time to finish: 0:13:30.999213.
[4A[J     total [#############################.....................] 59.20%
this epoch [################################################..] 96.00%
        74 iter, 2 epoch / 5 epochs
  0.064125 iters/sec. Estimated time to finish: 0:13:15.320063.
[4A[J3           0.348859                                                                   1203.86       
[J     total [##############################....................] 60.00%
this epoch [..................................................]  0.00%
        75 iter, 3 epoch / 5 epochs
  0.063789 iters/sec. Estimated time to finish: 0:13:03.833122.
[4A[J     total [##############################....................] 60.80%
this epoch [##................................................]  4.00%
        76 iter, 3 epoch / 5 epochs
  0.064171 iters/sec. Estimated time to finish: 0:12:43.586078.
[4A[J     total [##############################....................] 61.60%
this epoch [####..............................................]  8.00%
        77 iter, 3 epoch / 5 epochs
  0.064294 iters/sec. Estimated time to finish: 0:12:26.567841.
[4A[J     total [###############################...................] 62.40%
this epoch [######............................................] 12.00%
        78 iter, 3 epoch / 5 epochs
  0.064649 iters/sec. Estimated time to finish: 0:12:07.006227.
[4A[J     total [###############################...................] 63.20%
this epoch [########..........................................] 16.00%
        79 iter, 3 epoch / 5 epochs
  0.064556 iters/sec. Estimated time to finish: 0:11:52.564682.
[4A[J     total [################################..................] 64.00%
this epoch [##########........................................] 20.00%
        80 iter, 3 epoch / 5 epochs
    0.0645 iters/sec. Estimated time to finish: 0:11:37.672696.
[4A[J     total [################################..................] 64.80%
this epoch [############......................................] 24.00%
        81 iter, 3 epoch / 5 epochs
   0.06434 iters/sec. Estimated time to finish: 0:11:23.864090.
[4A[J     total [################################..................] 65.60%
this epoch [##############....................................] 28.00%
        82 iter, 3 epoch / 5 epochs
  0.064681 iters/sec. Estimated time to finish: 0:11:04.799752.
[4A[J     total [#################################.................] 66.40%
this epoch [###############...................................] 32.00%
        83 iter, 3 epoch / 5 epochs
  0.064666 iters/sec. Estimated time to finish: 0:10:49.488965.
[4A[J     total [#################################.................] 67.20%
this epoch [#################.................................] 36.00%
        84 iter, 3 epoch / 5 epochs
  0.064623 iters/sec. Estimated time to finish: 0:10:34.451216.
[4A[J     total [##################################................] 68.00%
this epoch [###################...............................] 40.00%
        85 iter, 3 epoch / 5 epochs
  0.064546 iters/sec. Estimated time to finish: 0:10:19.715489.
[4A[J     total [##################################................] 68.80%
this epoch [#####################.............................] 44.00%
        86 iter, 3 epoch / 5 epochs
  0.064903 iters/sec. Estimated time to finish: 0:10:00.896915.
[4A[J     total [##################################................] 69.60%
this epoch [########################..........................] 48.00%
        87 iter, 3 epoch / 5 epochs
  0.065194 iters/sec. Estimated time to finish: 0:09:42.871501.
[4A[J     total [###################################...............] 70.40%
this epoch [##########################........................] 52.00%
        88 iter, 3 epoch / 5 epochs
  0.065324 iters/sec. Estimated time to finish: 0:09:26.410769.
[4A[J     total [###################################...............] 71.20%
this epoch [############################......................] 56.00%
        89 iter, 3 epoch / 5 epochs
  0.065157 iters/sec. Estimated time to finish: 0:09:12.508228.
[4A[J     total [####################################..............] 72.00%
this epoch [##############################....................] 60.00%
        90 iter, 3 epoch / 5 epochs
  0.065461 iters/sec. Estimated time to finish: 0:08:54.672339.
[4A[J     total [####################################..............] 72.80%
this epoch [################################..................] 64.00%
        91 iter, 3 epoch / 5 epochs
  0.065383 iters/sec. Estimated time to finish: 0:08:40.010996.
[4A[J     total [####################################..............] 73.60%
this epoch [##################################................] 68.00%
        92 iter, 3 epoch / 5 epochs
    0.0653 iters/sec. Estimated time to finish: 0:08:25.363688.
[4A[J     total [#####################################.............] 74.40%
this epoch [###################################...............] 72.00%
        93 iter, 3 epoch / 5 epochs
   0.06532 iters/sec. Estimated time to finish: 0:08:09.896663.
[4A[J     total [#####################################.............] 75.20%
this epoch [#####################################.............] 76.00%
        94 iter, 3 epoch / 5 epochs
  0.065248 iters/sec. Estimated time to finish: 0:07:55.107635.
[4A[J     total [######################################............] 76.00%
this epoch [#######################################...........] 80.00%
        95 iter, 3 epoch / 5 epochs
  0.065203 iters/sec. Estimated time to finish: 0:07:40.100688.
[4A[J     total [######################################............] 76.80%
this epoch [#########################################.........] 84.00%
        96 iter, 3 epoch / 5 epochs
   0.06551 iters/sec. Estimated time to finish: 0:07:22.682062.
[4A[J     total [######################################............] 77.60%
this epoch [###########################################.......] 88.00%
        97 iter, 3 epoch / 5 epochs
  0.065376 iters/sec. Estimated time to finish: 0:07:08.289642.
[4A[J     total [#######################################...........] 78.40%
this epoch [##############################################....] 92.00%
        98 iter, 3 epoch / 5 epochs
  0.065409 iters/sec. Estimated time to finish: 0:06:52.789634.
[4A[J     total [#######################################...........] 79.20%
this epoch [################################################..] 96.00%
        99 iter, 3 epoch / 5 epochs
   0.06523 iters/sec. Estimated time to finish: 0:06:38.590069.
[4A[J4           0.348859                                                                   1568.42       
[J     total [########################################..........] 80.00%
this epoch [..................................................]  0.00%
       100 iter, 4 epoch / 5 epochs
  0.064483 iters/sec. Estimated time to finish: 0:06:27.698996.
[4A[J     total [########################################..........] 80.80%
this epoch [##................................................]  4.00%
       101 iter, 4 epoch / 5 epochs
  0.064529 iters/sec. Estimated time to finish: 0:06:11.923071.
[4A[J     total [########################################..........] 81.60%
this epoch [####..............................................]  8.00%
       102 iter, 4 epoch / 5 epochs
   0.06448 iters/sec. Estimated time to finish: 0:05:56.701987.
[4A[J     total [#########################################.........] 82.40%
this epoch [######............................................] 12.00%
       103 iter, 4 epoch / 5 epochs
  0.064495 iters/sec. Estimated time to finish: 0:05:41.109916.
[4A[J     total [#########################################.........] 83.20%
this epoch [########..........................................] 16.00%
       104 iter, 4 epoch / 5 epochs
  0.064485 iters/sec. Estimated time to finish: 0:05:25.655448.
[4A[J     total [##########################################........] 84.00%
this epoch [##########........................................] 20.00%
       105 iter, 4 epoch / 5 epochs
   0.06444 iters/sec. Estimated time to finish: 0:05:10.364522.
[4A[J     total [##########################################........] 84.80%
this epoch [############......................................] 24.00%
       106 iter, 4 epoch / 5 epochs
  0.064493 iters/sec. Estimated time to finish: 0:04:54.605406.
[4A[J     total [##########################################........] 85.60%
this epoch [##############....................................] 28.00%
       107 iter, 4 epoch / 5 epochs
  0.064421 iters/sec. Estimated time to finish: 0:04:39.410824.
[4A[J     total [###########################################.......] 86.40%
this epoch [################..................................] 32.00%
       108 iter, 4 epoch / 5 epochs
  0.064381 iters/sec. Estimated time to finish: 0:04:24.054818.
[4A[J     total [###########################################.......] 87.20%
this epoch [##################................................] 36.00%
       109 iter, 4 epoch / 5 epochs
  0.064356 iters/sec. Estimated time to finish: 0:04:08.615377.
[4A[J     total [############################################......] 88.00%
this epoch [####################..............................] 40.00%
       110 iter, 4 epoch / 5 epochs
  0.064238 iters/sec. Estimated time to finish: 0:03:53.507712.
[4A[J     total [############################################......] 88.80%
this epoch [######################............................] 44.00%
       111 iter, 4 epoch / 5 epochs
  0.064242 iters/sec. Estimated time to finish: 0:03:37.925659.
[4A[J     total [############################################......] 89.60%
this epoch [########################..........................] 48.00%
       112 iter, 4 epoch / 5 epochs
  0.064221 iters/sec. Estimated time to finish: 0:03:22.427386.
[4A[J     total [#############################################.....] 90.40%
this epoch [#########################.........................] 52.00%
       113 iter, 4 epoch / 5 epochs
  0.064208 iters/sec. Estimated time to finish: 0:03:06.893810.
[4A[J     total [#############################################.....] 91.20%
this epoch [############################......................] 56.00%
       114 iter, 4 epoch / 5 epochs
  0.064051 iters/sec. Estimated time to finish: 0:02:51.737341.
[4A[J     total [##############################################....] 92.00%
this epoch [#############################.....................] 60.00%
       115 iter, 4 epoch / 5 epochs
  0.063975 iters/sec. Estimated time to finish: 0:02:36.311176.
[4A[J     total [##############################################....] 92.80%
this epoch [###############################...................] 64.00%
       116 iter, 4 epoch / 5 epochs
  0.064189 iters/sec. Estimated time to finish: 0:02:20.211954.
[4A[J     total [##############################################....] 93.60%
this epoch [#################################.................] 68.00%
       117 iter, 4 epoch / 5 epochs
  0.064265 iters/sec. Estimated time to finish: 0:02:04.485294.
[4A[J     total [###############################################...] 94.40%
this epoch [###################################...............] 72.00%
       118 iter, 4 epoch / 5 epochs
  0.064241 iters/sec. Estimated time to finish: 0:01:48.964918.
[4A[J     total [###############################################...] 95.20%
this epoch [#####################################.............] 76.00%
       119 iter, 4 epoch / 5 epochs
  0.064225 iters/sec. Estimated time to finish: 0:01:33.421860.
[4A[J     total [################################################..] 96.00%
this epoch [#######################################...........] 80.00%
       120 iter, 4 epoch / 5 epochs
  0.064137 iters/sec. Estimated time to finish: 0:01:17.957643.
[4A[J     total [################################################..] 96.80%
this epoch [#########################################.........] 84.00%
       121 iter, 4 epoch / 5 epochs
  0.064047 iters/sec. Estimated time to finish: 0:01:02.454549.
[4A[J     total [################################################..] 97.60%
this epoch [###########################################.......] 88.00%
       122 iter, 4 epoch / 5 epochs
  0.063955 iters/sec. Estimated time to finish: 0:00:46.907645.
[4A[J     total [#################################################.] 98.40%
this epoch [##############################################....] 92.00%
       123 iter, 4 epoch / 5 epochs
  0.063906 iters/sec. Estimated time to finish: 0:00:31.295760.
[4A[J     total [#################################################.] 99.20%
this epoch [################################################..] 96.00%
       124 iter, 4 epoch / 5 epochs
  0.064372 iters/sec. Estimated time to finish: 0:00:15.534604.
[4A[J5           0.348859                                                                   1991.29       
[J     total [##################################################] 100.00%
this epoch [..................................................]  0.00%
       125 iter, 5 epoch / 5 epochs
  0.063416 iters/sec. Estimated time to finish: 0:00:00.
[4A[J