No Modulefiles Currently Loaded.
Currently Loaded Modulefiles:
  1) cuda/9.0/9.0.176.4   3) nccl/2.3/2.3.5-2
  2) cudnn/7.3/7.3.1      4) openmpi/2.1.6
Currently Loaded Modulefiles:
  1) cuda/9.0/9.0.176.4   3) nccl/2.3/2.3.5-2
  2) cudnn/7.3/7.3.1      4) openmpi/2.1.6
Currently Loaded Modulefiles:
  1) cuda/9.0/9.0.176.4   3) nccl/2.3/2.3.5-2
  2) cudnn/7.3/7.3.1      4) openmpi/2.1.6
Starting Training 
--------------------------------------------------------------------------
A process has executed an operation involving a call to the
"fork()" system call to create a child process.  Open MPI is currently
operating in a condition that could result in memory corruption or
other system errors; your job may hang, crash, or produce silent
data corruption.  The use of fork() (or system() or other calls that
create child processes) is strongly discouraged.

The process that invoked fork was:

  Local host:          [[2675,1],0] (PID 133930)

If you are *absolutely sure* that your application will successfully
and correctly survive a call to fork(), you may disable this warning
by setting the mpi_warn_on_fork MCA parameter to 0.
--------------------------------------------------------------------------
epoch       main/loss   validation/main/loss  main/accuracy  validation/main/accuracy  elapsed_time
[J     total [..................................................]  0.41%
this epoch [#.................................................]  2.04%
         1 iter, 0 epoch / 5 epochs
       inf iters/sec. Estimated time to finish: 0:00:00.
[4A[J     total [..................................................]  0.82%
this epoch [##................................................]  4.08%
         2 iter, 0 epoch / 5 epochs
  0.065069 iters/sec. Estimated time to finish: 1:02:14.484782.
[4A[J     total [..................................................]  1.22%
this epoch [###...............................................]  6.12%
         3 iter, 0 epoch / 5 epochs
  0.095148 iters/sec. Estimated time to finish: 0:42:23.415699.
[4A[J     total [..................................................]  1.63%
this epoch [####..............................................]  8.16%
         4 iter, 0 epoch / 5 epochs
  0.086841 iters/sec. Estimated time to finish: 0:46:15.179111.
[4A[J     total [#.................................................]  2.04%
this epoch [#####.............................................] 10.20%
         5 iter, 0 epoch / 5 epochs
  0.080802 iters/sec. Estimated time to finish: 0:49:30.239182.
[4A[J     total [#.................................................]  2.45%
this epoch [######............................................] 12.24%
         6 iter, 0 epoch / 5 epochs
  0.079117 iters/sec. Estimated time to finish: 0:50:20.860409.
[4A[J     total [#.................................................]  2.86%
this epoch [#######...........................................] 14.29%
         7 iter, 0 epoch / 5 epochs
  0.076844 iters/sec. Estimated time to finish: 0:51:37.185048.
[4A[J     total [#.................................................]  3.27%
this epoch [########..........................................] 16.33%
         8 iter, 0 epoch / 5 epochs
  0.074009 iters/sec. Estimated time to finish: 0:53:22.323428.
[4A[J     total [#.................................................]  3.67%
this epoch [#########.........................................] 18.37%
         9 iter, 0 epoch / 5 epochs
  0.072424 iters/sec. Estimated time to finish: 0:54:18.575607.
[4A[J     total [##................................................]  4.08%
this epoch [##########........................................] 20.41%
        10 iter, 0 epoch / 5 epochs
  0.071654 iters/sec. Estimated time to finish: 0:54:39.626728.
[4A[J     total [##................................................]  4.49%
this epoch [###########.......................................] 22.45%
        11 iter, 0 epoch / 5 epochs
    0.0718 iters/sec. Estimated time to finish: 0:54:19.034483.
[4A[J     total [##................................................]  4.90%
this epoch [############......................................] 24.49%
        12 iter, 0 epoch / 5 epochs
  0.070352 iters/sec. Estimated time to finish: 0:55:11.912488.
[4A[J     total [##................................................]  5.31%
this epoch [#############.....................................] 26.53%
        13 iter, 0 epoch / 5 epochs
  0.070209 iters/sec. Estimated time to finish: 0:55:04.404198.
[4A[J     total [##................................................]  5.71%
this epoch [##############....................................] 28.57%
        14 iter, 0 epoch / 5 epochs
  0.069704 iters/sec. Estimated time to finish: 0:55:14.007522.
[4A[J     total [###...............................................]  6.12%
this epoch [###############...................................] 30.61%
        15 iter, 0 epoch / 5 epochs
  0.069371 iters/sec. Estimated time to finish: 0:55:15.496132.
[4A[J     total [###...............................................]  6.53%
this epoch [################..................................] 32.65%
        16 iter, 0 epoch / 5 epochs
  0.068903 iters/sec. Estimated time to finish: 0:55:23.494721.
[4A[J     total [###...............................................]  6.94%
this epoch [#################.................................] 34.69%
        17 iter, 0 epoch / 5 epochs
  0.068738 iters/sec. Estimated time to finish: 0:55:16.933334.
[4A[J     total [###...............................................]  7.35%
this epoch [##################................................] 36.73%
        18 iter, 0 epoch / 5 epochs
  0.067111 iters/sec. Estimated time to finish: 0:56:22.441398.
[4A[J     total [###...............................................]  7.76%
this epoch [###################...............................] 38.78%
        19 iter, 0 epoch / 5 epochs
  0.065992 iters/sec. Estimated time to finish: 0:57:04.647155.
[4A[J     total [####..............................................]  8.16%
this epoch [####################..............................] 40.82%
        20 iter, 0 epoch / 5 epochs
  0.065792 iters/sec. Estimated time to finish: 0:56:59.871431.
[4A[J     total [####..............................................]  8.57%
this epoch [#####################.............................] 42.86%
        21 iter, 0 epoch / 5 epochs
  0.065696 iters/sec. Estimated time to finish: 0:56:49.670058.
[4A[J     total [####..............................................]  8.98%
this epoch [######################............................] 44.90%
        22 iter, 0 epoch / 5 epochs
  0.065696 iters/sec. Estimated time to finish: 0:56:34.415820.
[4A[J     total [####..............................................]  9.39%
this epoch [#######################...........................] 46.94%
        23 iter, 0 epoch / 5 epochs
  0.065487 iters/sec. Estimated time to finish: 0:56:29.984569.
[4A[J     total [####..............................................]  9.80%
this epoch [########################..........................] 48.98%
        24 iter, 0 epoch / 5 epochs
  0.065624 iters/sec. Estimated time to finish: 0:56:07.659446.
[4A[J     total [#####.............................................] 10.20%
this epoch [#########################.........................] 51.02%
        25 iter, 0 epoch / 5 epochs
  0.065504 iters/sec. Estimated time to finish: 0:55:58.574557.
[4A[J     total [#####.............................................] 10.61%
this epoch [##########################........................] 53.06%
        26 iter, 0 epoch / 5 epochs
  0.065534 iters/sec. Estimated time to finish: 0:55:41.786074.
[4A[J     total [#####.............................................] 11.02%
this epoch [###########################.......................] 55.10%
        27 iter, 0 epoch / 5 epochs
  0.065494 iters/sec. Estimated time to finish: 0:55:28.531628.
[4A[J     total [#####.............................................] 11.43%
this epoch [############################......................] 57.14%
        28 iter, 0 epoch / 5 epochs
  0.065984 iters/sec. Estimated time to finish: 0:54:48.689091.
[4A[J     total [#####.............................................] 11.84%
this epoch [#############################.....................] 59.18%
        29 iter, 0 epoch / 5 epochs
  0.065555 iters/sec. Estimated time to finish: 0:54:54.964825.
[4A[J     total [######............................................] 12.24%
this epoch [##############################....................] 61.22%
        30 iter, 0 epoch / 5 epochs
  0.065252 iters/sec. Estimated time to finish: 0:54:54.926116.
[4A[J     total [######............................................] 12.65%
this epoch [###############################...................] 63.27%
        31 iter, 0 epoch / 5 epochs
   0.06488 iters/sec. Estimated time to finish: 0:54:58.406704.
[4A[J     total [######............................................] 13.06%
this epoch [################################..................] 65.31%
        32 iter, 0 epoch / 5 epochs
  0.064589 iters/sec. Estimated time to finish: 0:54:57.785681.
[4A[J     total [######............................................] 13.47%
this epoch [#################################.................] 67.35%
        33 iter, 0 epoch / 5 epochs
  0.064303 iters/sec. Estimated time to finish: 0:54:56.910077.
[4A[J     total [######............................................] 13.88%
this epoch [##################################................] 69.39%
        34 iter, 0 epoch / 5 epochs
  0.063962 iters/sec. Estimated time to finish: 0:54:58.829570.
[4A[J     total [#######...........................................] 14.29%
this epoch [###################################...............] 71.43%
        35 iter, 0 epoch / 5 epochs
  0.063679 iters/sec. Estimated time to finish: 0:54:57.789267.
[4A[J     total [#######...........................................] 14.69%
this epoch [####################################..............] 73.47%
        36 iter, 0 epoch / 5 epochs
  0.063677 iters/sec. Estimated time to finish: 0:54:42.173816.
[4A[J     total [#######...........................................] 15.10%
this epoch [#####################################.............] 75.51%
        37 iter, 0 epoch / 5 epochs
  0.063521 iters/sec. Estimated time to finish: 0:54:34.499653.
[4A[J     total [#######...........................................] 15.51%
this epoch [######################################............] 77.55%
        38 iter, 0 epoch / 5 epochs
  0.063248 iters/sec. Estimated time to finish: 0:54:32.822292.
[4A[J     total [#######...........................................] 15.92%
this epoch [#######################################...........] 79.59%
        39 iter, 0 epoch / 5 epochs
  0.063371 iters/sec. Estimated time to finish: 0:54:10.674779.
[4A[J     total [########..........................................] 16.33%
this epoch [########################################..........] 81.63%
        40 iter, 0 epoch / 5 epochs
  0.063402 iters/sec. Estimated time to finish: 0:53:53.350676.
[4A[J     total [########..........................................] 16.73%
this epoch [#########################################.........] 83.67%
        41 iter, 0 epoch / 5 epochs
  0.063461 iters/sec. Estimated time to finish: 0:53:34.564414.
[4A[J     total [########..........................................] 17.14%
this epoch [##########################################........] 85.71%
        42 iter, 0 epoch / 5 epochs
  0.063271 iters/sec. Estimated time to finish: 0:53:28.436413.
[4A[J     total [########..........................................] 17.55%
this epoch [###########################################.......] 87.76%
        43 iter, 0 epoch / 5 epochs
  0.063082 iters/sec. Estimated time to finish: 0:53:22.181059.
[4A[J     total [########..........................................] 17.96%
this epoch [############################################......] 89.80%
        44 iter, 0 epoch / 5 epochs
  0.062971 iters/sec. Estimated time to finish: 0:53:11.969146.
[4A[J     total [#########.........................................] 18.37%
this epoch [#############################################.....] 91.84%
        45 iter, 0 epoch / 5 epochs
  0.062879 iters/sec. Estimated time to finish: 0:53:00.730905.
[4A[J     total [#########.........................................] 18.78%
this epoch [##############################################....] 93.88%
        46 iter, 0 epoch / 5 epochs
  0.062733 iters/sec. Estimated time to finish: 0:52:52.178706.
[4A[J     total [#########.........................................] 19.18%
this epoch [###############################################...] 95.92%
        47 iter, 0 epoch / 5 epochs
  0.062682 iters/sec. Estimated time to finish: 0:52:38.810677.
[4A[J     total [#########.........................................] 19.59%
this epoch [################################################..] 97.96%
        48 iter, 0 epoch / 5 epochs
    0.0626 iters/sec. Estimated time to finish: 0:52:26.951196.
[4A[J1           0.31077                                                                    822.083       
[J     total [##########........................................] 20.00%
this epoch [..................................................]  0.00%
        49 iter, 1 epoch / 5 epochs
  0.060653 iters/sec. Estimated time to finish: 0:53:51.520853.
[4A[J     total [##########........................................] 20.41%
this epoch [#.................................................]  2.04%
        50 iter, 1 epoch / 5 epochs
  0.061245 iters/sec. Estimated time to finish: 0:53:03.948669.
[4A[J     total [##########........................................] 20.82%
this epoch [##................................................]  4.08%
        51 iter, 1 epoch / 5 epochs
  0.061136 iters/sec. Estimated time to finish: 0:52:53.278012.
[4A[J     total [##########........................................] 21.22%
this epoch [###...............................................]  6.12%
        52 iter, 1 epoch / 5 epochs
  0.061052 iters/sec. Estimated time to finish: 0:52:41.219272.
[4A[J     total [##########........................................] 21.63%
this epoch [####..............................................]  8.16%
        53 iter, 1 epoch / 5 epochs
  0.060978 iters/sec. Estimated time to finish: 0:52:28.673162.
[4A[J     total [###########.......................................] 22.04%
this epoch [#####.............................................] 10.20%
        54 iter, 1 epoch / 5 epochs
  0.061564 iters/sec. Estimated time to finish: 0:51:42.466246.
[4A[J     total [###########.......................................] 22.45%
this epoch [######............................................] 12.24%
        55 iter, 1 epoch / 5 epochs
  0.062038 iters/sec. Estimated time to finish: 0:51:02.628462.
[4A[J     total [###########.......................................] 22.86%
this epoch [#######...........................................] 14.29%
        56 iter, 1 epoch / 5 epochs
  0.062505 iters/sec. Estimated time to finish: 0:50:23.755269.
[4A[J     total [###########.......................................] 23.27%
this epoch [########..........................................] 16.33%
        57 iter, 1 epoch / 5 epochs
  0.062245 iters/sec. Estimated time to finish: 0:50:20.318136.
[4A[J     total [###########.......................................] 23.67%
this epoch [#########.........................................] 18.37%
        58 iter, 1 epoch / 5 epochs
  0.062752 iters/sec. Estimated time to finish: 0:49:40.001778.
[4A[J     total [############......................................] 24.08%
this epoch [##########........................................] 20.41%
        59 iter, 1 epoch / 5 epochs
  0.062913 iters/sec. Estimated time to finish: 0:49:16.479878.
[4A[J     total [############......................................] 24.49%
this epoch [###########.......................................] 22.45%
        60 iter, 1 epoch / 5 epochs
  0.062859 iters/sec. Estimated time to finish: 0:49:03.073254.
[4A[J     total [############......................................] 24.90%
this epoch [############......................................] 24.49%
        61 iter, 1 epoch / 5 epochs
  0.062918 iters/sec. Estimated time to finish: 0:48:44.429216.
[4A[J     total [############......................................] 25.31%
this epoch [#############.....................................] 26.53%
        62 iter, 1 epoch / 5 epochs
  0.063084 iters/sec. Estimated time to finish: 0:48:20.903571.
[4A[J     total [############......................................] 25.71%
this epoch [##############....................................] 28.57%
        63 iter, 1 epoch / 5 epochs
  0.063101 iters/sec. Estimated time to finish: 0:48:04.247466.
[4A[J     total [#############.....................................] 26.12%
this epoch [###############...................................] 30.61%
        64 iter, 1 epoch / 5 epochs
  0.063588 iters/sec. Estimated time to finish: 0:47:26.429675.
[4A[J     total [#############.....................................] 26.53%
this epoch [################..................................] 32.65%
        65 iter, 1 epoch / 5 epochs
  0.063835 iters/sec. Estimated time to finish: 0:46:59.754728.
[4A[J     total [#############.....................................] 26.94%
this epoch [#################.................................] 34.69%
        66 iter, 1 epoch / 5 epochs
  0.064157 iters/sec. Estimated time to finish: 0:46:30.010684.
[4A[J     total [#############.....................................] 27.35%
this epoch [##################................................] 36.73%
        67 iter, 1 epoch / 5 epochs
  0.064138 iters/sec. Estimated time to finish: 0:46:15.251125.
[4A[J     total [#############.....................................] 27.76%
this epoch [###################...............................] 38.78%
        68 iter, 1 epoch / 5 epochs
  0.064049 iters/sec. Estimated time to finish: 0:46:03.491553.
[4A[J     total [##############....................................] 28.16%
this epoch [####################..............................] 40.82%
        69 iter, 1 epoch / 5 epochs
  0.064388 iters/sec. Estimated time to finish: 0:45:33.434440.
[4A[J     total [##############....................................] 28.57%
this epoch [#####################.............................] 42.86%
        70 iter, 1 epoch / 5 epochs
  0.064662 iters/sec. Estimated time to finish: 0:45:06.373855.
[4A[J     total [##############....................................] 28.98%
this epoch [######################............................] 44.90%
        71 iter, 1 epoch / 5 epochs
  0.064962 iters/sec. Estimated time to finish: 0:44:38.481082.
[4A[J     total [##############....................................] 29.39%
this epoch [#######################...........................] 46.94%
        72 iter, 1 epoch / 5 epochs
  0.065006 iters/sec. Estimated time to finish: 0:44:21.312797.
[4A[J     total [##############....................................] 29.80%
this epoch [########################..........................] 48.98%
        73 iter, 1 epoch / 5 epochs
  0.065248 iters/sec. Estimated time to finish: 0:43:56.109537.
[4A[J     total [###############...................................] 30.20%
this epoch [#########################.........................] 51.02%
        74 iter, 1 epoch / 5 epochs
  0.065329 iters/sec. Estimated time to finish: 0:43:37.529035.
[4A[J     total [###############...................................] 30.61%
this epoch [##########################........................] 53.06%
        75 iter, 1 epoch / 5 epochs
  0.065364 iters/sec. Estimated time to finish: 0:43:20.822767.
[4A[J     total [###############...................................] 31.02%
this epoch [###########################.......................] 55.10%
        76 iter, 1 epoch / 5 epochs
  0.065244 iters/sec. Estimated time to finish: 0:43:10.262816.
[4A[J     total [###############...................................] 31.43%
this epoch [############################......................] 57.14%
        77 iter, 1 epoch / 5 epochs
  0.065229 iters/sec. Estimated time to finish: 0:42:55.548576.
[4A[J     total [###############...................................] 31.84%
this epoch [#############################.....................] 59.18%
        78 iter, 1 epoch / 5 epochs
  0.065414 iters/sec. Estimated time to finish: 0:42:32.952822.
[4A[J     total [################..................................] 32.24%
this epoch [##############################....................] 61.22%
        79 iter, 1 epoch / 5 epochs
  0.065762 iters/sec. Estimated time to finish: 0:42:04.264827.
[4A[J     total [################..................................] 32.65%
this epoch [###############################...................] 63.27%
        80 iter, 1 epoch / 5 epochs
  0.065937 iters/sec. Estimated time to finish: 0:41:42.389186.
[4A[J     total [################..................................] 33.06%
this epoch [################################..................] 65.31%
        81 iter, 1 epoch / 5 epochs
  0.065881 iters/sec. Estimated time to finish: 0:41:29.343362.
[4A[J     total [################..................................] 33.47%
this epoch [#################################.................] 67.35%
        82 iter, 1 epoch / 5 epochs
  0.065685 iters/sec. Estimated time to finish: 0:41:21.556091.
[4A[J     total [################..................................] 33.88%
this epoch [##################################................] 69.39%
        83 iter, 1 epoch / 5 epochs
  0.066048 iters/sec. Estimated time to finish: 0:40:52.777610.
[4A[J     total [#################.................................] 34.29%
this epoch [###################################...............] 71.43%
        84 iter, 1 epoch / 5 epochs
  0.066126 iters/sec. Estimated time to finish: 0:40:34.729242.
[4A[J     total [#################.................................] 34.69%
this epoch [####################################..............] 73.47%
        85 iter, 1 epoch / 5 epochs
  0.066023 iters/sec. Estimated time to finish: 0:40:23.404927.
[4A[J     total [#################.................................] 35.10%
this epoch [#####################################.............] 75.51%
        86 iter, 1 epoch / 5 epochs
  0.066316 iters/sec. Estimated time to finish: 0:39:57.605897.
[4A[J     total [#################.................................] 35.51%
this epoch [######################################............] 77.55%
        87 iter, 1 epoch / 5 epochs
  0.066246 iters/sec. Estimated time to finish: 0:39:45.061974.
[4A[J     total [#################.................................] 35.92%
this epoch [#######################################...........] 79.59%
        88 iter, 1 epoch / 5 epochs
  0.066126 iters/sec. Estimated time to finish: 0:39:34.247731.
[4A[J     total [##################................................] 36.33%
this epoch [########################################..........] 81.63%
        89 iter, 1 epoch / 5 epochs
  0.065978 iters/sec. Estimated time to finish: 0:39:24.416893.
[4A[J     total [##################................................] 36.73%
this epoch [#########################################.........] 83.67%
        90 iter, 1 epoch / 5 epochs
  0.066303 iters/sec. Estimated time to finish: 0:38:57.762907.
[4A[J     total [##################................................] 37.14%
this epoch [##########################################........] 85.71%
        91 iter, 1 epoch / 5 epochs
  0.066238 iters/sec. Estimated time to finish: 0:38:44.933968.
[4A[J     total [##################................................] 37.55%
this epoch [###########################################.......] 87.76%
        92 iter, 1 epoch / 5 epochs
  0.066203 iters/sec. Estimated time to finish: 0:38:31.089359.
[4A[J     total [##################................................] 37.96%
this epoch [############################################......] 89.80%
        93 iter, 1 epoch / 5 epochs
  0.066524 iters/sec. Estimated time to finish: 0:38:04.892530.
[4A[J     total [###################...............................] 38.37%
this epoch [#############################################.....] 91.84%
        94 iter, 1 epoch / 5 epochs
  0.066513 iters/sec. Estimated time to finish: 0:37:50.225714.
[4A[J     total [###################...............................] 38.78%
this epoch [##############################################....] 93.88%
        95 iter, 1 epoch / 5 epochs
  0.066794 iters/sec. Estimated time to finish: 0:37:25.701613.
[4A[J     total [###################...............................] 39.18%
this epoch [###############################################...] 95.92%
        96 iter, 1 epoch / 5 epochs
  0.066727 iters/sec. Estimated time to finish: 0:37:12.986981.
[4A[J     total [###################...............................] 39.59%
this epoch [################################################..] 97.96%
        97 iter, 1 epoch / 5 epochs
  0.066693 iters/sec. Estimated time to finish: 0:36:59.135435.
[4A[J2           0.310625                                                                   1510.05       
[J     total [####################..............................] 40.00%
this epoch [..................................................]  0.00%
        98 iter, 2 epoch / 5 epochs
  0.066007 iters/sec. Estimated time to finish: 0:37:07.049381.
[4A[J     total [####################..............................] 40.41%
this epoch [#.................................................]  2.04%
        99 iter, 2 epoch / 5 epochs
  0.065858 iters/sec. Estimated time to finish: 0:36:56.882387.
[4A[J     total [####################..............................] 40.82%
this epoch [##................................................]  4.08%
       100 iter, 2 epoch / 5 epochs
  0.065726 iters/sec. Estimated time to finish: 0:36:46.140049.
[4A[J     total [####################..............................] 41.22%
this epoch [###...............................................]  6.12%
       101 iter, 2 epoch / 5 epochs
  0.066035 iters/sec. Estimated time to finish: 0:36:20.657719.
[4A[J     total [####################..............................] 41.63%
this epoch [####..............................................]  8.16%
       102 iter, 2 epoch / 5 epochs
  0.065577 iters/sec. Estimated time to finish: 0:36:20.635214.
[4A[J     total [#####################.............................] 42.04%
this epoch [#####.............................................] 10.20%
       103 iter, 2 epoch / 5 epochs
  0.065489 iters/sec. Estimated time to finish: 0:36:08.311290.
[4A[J     total [#####################.............................] 42.45%
this epoch [######............................................] 12.24%
       104 iter, 2 epoch / 5 epochs
  0.065456 iters/sec. Estimated time to finish: 0:35:54.127083.
[4A[J     total [#####################.............................] 42.86%
this epoch [#######...........................................] 14.29%
       105 iter, 2 epoch / 5 epochs
  0.065301 iters/sec. Estimated time to finish: 0:35:43.932961.
[4A[J     total [#####################.............................] 43.27%
this epoch [########..........................................] 16.33%
       106 iter, 2 epoch / 5 epochs
   0.06523 iters/sec. Estimated time to finish: 0:35:30.914933.
[4A[J     total [#####################.............................] 43.67%
this epoch [#########.........................................] 18.37%
       107 iter, 2 epoch / 5 epochs
  0.065073 iters/sec. Estimated time to finish: 0:35:20.698216.
[4A[J     total [######################............................] 44.08%
this epoch [##########........................................] 20.41%
       108 iter, 2 epoch / 5 epochs
  0.065003 iters/sec. Estimated time to finish: 0:35:07.610267.
[4A[J     total [######################............................] 44.49%
this epoch [###########.......................................] 22.45%
       109 iter, 2 epoch / 5 epochs
   0.06498 iters/sec. Estimated time to finish: 0:34:52.954398.
[4A[J     total [######################............................] 44.90%
this epoch [############......................................] 24.49%
       110 iter, 2 epoch / 5 epochs
  0.064865 iters/sec. Estimated time to finish: 0:34:41.254443.
[4A[J     total [######################............................] 45.31%
this epoch [#############.....................................] 26.53%
       111 iter, 2 epoch / 5 epochs
  0.064884 iters/sec. Estimated time to finish: 0:34:25.234043.
[4A[J     total [######################............................] 45.71%
this epoch [##############....................................] 28.57%
       112 iter, 2 epoch / 5 epochs
  0.064817 iters/sec. Estimated time to finish: 0:34:11.919702.
[4A[J     total [#######################...........................] 46.12%
this epoch [###############...................................] 30.61%
       113 iter, 2 epoch / 5 epochs
  0.064789 iters/sec. Estimated time to finish: 0:33:57.382094.
[4A[J     total [#######################...........................] 46.53%
this epoch [################..................................] 32.65%
       114 iter, 2 epoch / 5 epochs
  0.064755 iters/sec. Estimated time to finish: 0:33:43.000384.
[4A[J     total [#######################...........................] 46.94%
this epoch [#################.................................] 34.69%
       115 iter, 2 epoch / 5 epochs
  0.064688 iters/sec. Estimated time to finish: 0:33:29.648743.
[4A[J     total [#######################...........................] 47.35%
this epoch [##################................................] 36.73%
       116 iter, 2 epoch / 5 epochs
  0.064619 iters/sec. Estimated time to finish: 0:33:16.328702.
[4A[J     total [#######################...........................] 47.76%
this epoch [###################...............................] 38.78%
       117 iter, 2 epoch / 5 epochs
  0.064788 iters/sec. Estimated time to finish: 0:32:55.676024.
[4A[J     total [########################..........................] 48.16%
this epoch [####################..............................] 40.82%
       118 iter, 2 epoch / 5 epochs
  0.064866 iters/sec. Estimated time to finish: 0:32:37.888672.
[4A[J     total [########################..........................] 48.57%
this epoch [#####################.............................] 42.86%
       119 iter, 2 epoch / 5 epochs
  0.064875 iters/sec. Estimated time to finish: 0:32:22.184261.
[4A[J     total [########################..........................] 48.98%
this epoch [######################............................] 44.90%
       120 iter, 2 epoch / 5 epochs
  0.064848 iters/sec. Estimated time to finish: 0:32:07.579298.
[4A[J     total [########################..........................] 49.39%
this epoch [#######################...........................] 46.94%
       121 iter, 2 epoch / 5 epochs
  0.064818 iters/sec. Estimated time to finish: 0:31:53.037150.
[4A[J     total [########################..........................] 49.80%
this epoch [########################..........................] 48.98%
       122 iter, 2 epoch / 5 epochs
  0.064813 iters/sec. Estimated time to finish: 0:31:37.771160.
[4A[J     total [#########################.........................] 50.20%
this epoch [#########################.........................] 51.02%
       123 iter, 2 epoch / 5 epochs
  0.064709 iters/sec. Estimated time to finish: 0:31:25.371217.
[4A[J     total [#########################.........................] 50.61%
this epoch [##########################........................] 53.06%
       124 iter, 2 epoch / 5 epochs
  0.064706 iters/sec. Estimated time to finish: 0:31:10.008379.
[4A[J     total [#########################.........................] 51.02%
this epoch [###########################.......................] 55.10%
       125 iter, 2 epoch / 5 epochs
  0.064693 iters/sec. Estimated time to finish: 0:30:54.914600.
[4A[J     total [#########################.........................] 51.43%
this epoch [############################......................] 57.14%
       126 iter, 2 epoch / 5 epochs
  0.064593 iters/sec. Estimated time to finish: 0:30:42.290745.
[4A[J     total [#########################.........................] 51.84%
this epoch [#############################.....................] 59.18%
       127 iter, 2 epoch / 5 epochs
  0.064389 iters/sec. Estimated time to finish: 0:30:32.621348.
[4A[J     total [##########################........................] 52.24%
this epoch [##############################....................] 61.22%
       128 iter, 2 epoch / 5 epochs
  0.064521 iters/sec. Estimated time to finish: 0:30:13.354766.
[4A[J     total [##########################........................] 52.65%
this epoch [###############################...................] 63.27%
       129 iter, 2 epoch / 5 epochs
  0.064609 iters/sec. Estimated time to finish: 0:29:55.404646.
[4A[J     total [##########################........................] 53.06%
this epoch [################################..................] 65.31%
       130 iter, 2 epoch / 5 epochs
   0.06476 iters/sec. Estimated time to finish: 0:29:35.790627.
[4A[J     total [##########################........................] 53.47%
this epoch [#################################.................] 67.35%
       131 iter, 2 epoch / 5 epochs
  0.064815 iters/sec. Estimated time to finish: 0:29:18.850041.
[4A[J     total [##########################........................] 53.88%
this epoch [##################################................] 69.39%
       132 iter, 2 epoch / 5 epochs
  0.064791 iters/sec. Estimated time to finish: 0:29:04.070751.
[4A[J     total [###########################.......................] 54.29%
this epoch [###################################...............] 71.43%
       133 iter, 2 epoch / 5 epochs
   0.06493 iters/sec. Estimated time to finish: 0:28:44.942076.
[4A[J     total [###########################.......................] 54.69%
this epoch [####################################..............] 73.47%
       134 iter, 2 epoch / 5 epochs
  0.064949 iters/sec. Estimated time to finish: 0:28:29.028784.
[4A[J     total [###########################.......................] 55.10%
this epoch [#####################################.............] 75.51%
       135 iter, 2 epoch / 5 epochs
  0.064986 iters/sec. Estimated time to finish: 0:28:12.681216.
[4A[J     total [###########################.......................] 55.51%
this epoch [######################################............] 77.55%
       136 iter, 2 epoch / 5 epochs
  0.065099 iters/sec. Estimated time to finish: 0:27:54.377011.
[4A[J     total [###########################.......................] 55.92%
this epoch [#######################################...........] 79.59%
       137 iter, 2 epoch / 5 epochs
  0.065196 iters/sec. Estimated time to finish: 0:27:36.533310.
[4A[J     total [############################......................] 56.33%
this epoch [########################################..........] 81.63%
       138 iter, 2 epoch / 5 epochs
   0.06514 iters/sec. Estimated time to finish: 0:27:22.626160.
[4A[J     total [############################......................] 56.73%
this epoch [#########################################.........] 83.67%
       139 iter, 2 epoch / 5 epochs
  0.065159 iters/sec. Estimated time to finish: 0:27:06.783214.
[4A[J     total [############################......................] 57.14%
this epoch [##########################################........] 85.71%
       140 iter, 2 epoch / 5 epochs
  0.065204 iters/sec. Estimated time to finish: 0:26:50.329470.
[4A[J     total [############################......................] 57.55%
this epoch [###########################################.......] 87.76%
       141 iter, 2 epoch / 5 epochs
  0.065219 iters/sec. Estimated time to finish: 0:26:34.615865.
[4A[J     total [############################......................] 57.96%
this epoch [############################################......] 89.80%
       142 iter, 2 epoch / 5 epochs
  0.065379 iters/sec. Estimated time to finish: 0:26:15.419810.
[4A[J     total [#############################.....................] 58.37%
this epoch [#############################################.....] 91.84%
       143 iter, 2 epoch / 5 epochs
  0.065506 iters/sec. Estimated time to finish: 0:25:57.106745.
[4A[J     total [#############################.....................] 58.78%
this epoch [##############################################....] 93.88%
       144 iter, 2 epoch / 5 epochs
  0.065616 iters/sec. Estimated time to finish: 0:25:39.262518.
[4A[J     total [#############################.....................] 59.18%
this epoch [###############################################...] 95.92%
       145 iter, 2 epoch / 5 epochs
  0.065704 iters/sec. Estimated time to finish: 0:25:21.979602.
[4A[J     total [#############################.....................] 59.59%
this epoch [################################################..] 97.96%
       146 iter, 2 epoch / 5 epochs
  0.065767 iters/sec. Estimated time to finish: 0:25:05.308179.
[4A[J3           0.310625                                                                   2301.96       
[J     total [##############################....................] 60.00%
this epoch [..................................................]  0.00%
       147 iter, 3 epoch / 5 epochs
   0.06541 iters/sec. Estimated time to finish: 0:24:58.248378.
[4A[J     total [##############################....................] 60.41%
this epoch [#.................................................]  2.04%
       148 iter, 3 epoch / 5 epochs
  0.066509 iters/sec. Estimated time to finish: 0:24:18.453793.
[4A[J     total [##############################....................] 60.82%
this epoch [##................................................]  4.08%
       149 iter, 3 epoch / 5 epochs
  0.066484 iters/sec. Estimated time to finish: 0:24:03.966149.
[4A[J     total [##############################....................] 61.22%
this epoch [###...............................................]  6.12%
       150 iter, 3 epoch / 5 epochs
  0.066724 iters/sec. Estimated time to finish: 0:23:43.778873.
[4A[J     total [##############################....................] 61.63%
this epoch [####..............................................]  8.16%
       151 iter, 3 epoch / 5 epochs
  0.067137 iters/sec. Estimated time to finish: 0:23:20.119665.
[4A[J     total [###############################...................] 62.04%
this epoch [#####.............................................] 10.20%
       152 iter, 3 epoch / 5 epochs
  0.067275 iters/sec. Estimated time to finish: 0:23:02.393611.
[4A[J     total [###############################...................] 62.45%
this epoch [######............................................] 12.24%
       153 iter, 3 epoch / 5 epochs
  0.067246 iters/sec. Estimated time to finish: 0:22:48.102219.
[4A[J     total [###############################...................] 62.86%
this epoch [#######...........................................] 14.29%
       154 iter, 3 epoch / 5 epochs
   0.06724 iters/sec. Estimated time to finish: 0:22:33.364158.
[4A--------------------------------------------------------------------------
mpiexec noticed that process rank 8 with PID 46497 on node g0445 exited on signal 9 (Killed).
--------------------------------------------------------------------------
