No Modulefiles Currently Loaded.
Currently Loaded Modulefiles:
  1) cuda/9.0/9.0.176.4   3) nccl/2.3/2.3.5-2
  2) cudnn/7.3/7.3.1      4) openmpi/2.1.6
Currently Loaded Modulefiles:
  1) cuda/9.0/9.0.176.4   3) nccl/2.3/2.3.5-2
  2) cudnn/7.3/7.3.1      4) openmpi/2.1.6
Currently Loaded Modulefiles:
  1) cuda/9.0/9.0.176.4   3) nccl/2.3/2.3.5-2
  2) cudnn/7.3/7.3.1      4) openmpi/2.1.6
Starting Training 
--------------------------------------------------------------------------
A process has executed an operation involving a call to the
"fork()" system call to create a child process.  Open MPI is currently
operating in a condition that could result in memory corruption or
other system errors; your job may hang, crash, or produce silent
data corruption.  The use of fork() (or system() or other calls that
create child processes) is strongly discouraged.

The process that invoked fork was:

  Local host:          [[43964,1],0] (PID 21360)

If you are *absolutely sure* that your application will successfully
and correctly survive a call to fork(), you may disable this warning
by setting the mpi_warn_on_fork MCA parameter to 0.
--------------------------------------------------------------------------
epoch       main/loss   validation/main/loss  main/accuracy  validation/main/accuracy  elapsed_time
[J     total [..................................................]  0.04%
this epoch [..................................................]  0.13%
         1 iter, 0 epoch / 3 epochs
       inf iters/sec. Estimated time to finish: 0:00:00.
[4A[J     total [..................................................]  0.09%
this epoch [..................................................]  0.26%
         2 iter, 0 epoch / 3 epochs
  0.060747 iters/sec. Estimated time to finish: 10:34:52.595497.
[4A[J     total [..................................................]  0.13%
this epoch [..................................................]  0.39%
         3 iter, 0 epoch / 3 epochs
   0.07013 iters/sec. Estimated time to finish: 9:09:41.637082.
[4A[J     total [..................................................]  0.17%
this epoch [..................................................]  0.52%
         4 iter, 0 epoch / 3 epochs
  0.070816 iters/sec. Estimated time to finish: 9:04:08.101962.
[4A[J     total [..................................................]  0.22%
this epoch [..................................................]  0.65%
         5 iter, 0 epoch / 3 epochs
  0.070684 iters/sec. Estimated time to finish: 9:04:54.788012.
[4A[J     total [..................................................]  0.26%
this epoch [..................................................]  0.78%
         6 iter, 0 epoch / 3 epochs
   0.07094 iters/sec. Estimated time to finish: 9:02:42.689119.
[4A[J     total [..................................................]  0.30%
this epoch [..................................................]  0.91%
         7 iter, 0 epoch / 3 epochs
  0.071917 iters/sec. Estimated time to finish: 8:55:06.496297.
[4A[J     total [..................................................]  0.35%
this epoch [..................................................]  1.04%
         8 iter, 0 epoch / 3 epochs
  0.071966 iters/sec. Estimated time to finish: 8:54:30.517984.
[4A[J     total [..................................................]  0.39%
this epoch [..................................................]  1.17%
         9 iter, 0 epoch / 3 epochs
  0.072231 iters/sec. Estimated time to finish: 8:52:19.389119.
[4A[J     total [..................................................]  0.43%
this epoch [..................................................]  1.30%
        10 iter, 0 epoch / 3 epochs
  0.073169 iters/sec. Estimated time to finish: 8:45:15.903713.
[4A[J     total [..................................................]  0.47%
this epoch [..................................................]  1.42%
        11 iter, 0 epoch / 3 epochs
   0.07356 iters/sec. Estimated time to finish: 8:42:14.954173.
[4A[J     total [..................................................]  0.52%
this epoch [..................................................]  1.55%
        12 iter, 0 epoch / 3 epochs
  0.073948 iters/sec. Estimated time to finish: 8:39:16.898371.
[4A[J     total [..................................................]  0.56%
this epoch [..................................................]  1.68%
        13 iter, 0 epoch / 3 epochs
  0.073913 iters/sec. Estimated time to finish: 8:39:18.065236.
[4A[J     total [..................................................]  0.60%
this epoch [..................................................]  1.81%
        14 iter, 0 epoch / 3 epochs
  0.073942 iters/sec. Estimated time to finish: 8:38:52.657652.
[4A[J     total [..................................................]  0.65%
this epoch [..................................................]  1.94%
        15 iter, 0 epoch / 3 epochs
  0.073633 iters/sec. Estimated time to finish: 8:40:49.526496.
[4A[J     total [..................................................]  0.69%
this epoch [#.................................................]  2.07%
        16 iter, 0 epoch / 3 epochs
  0.073249 iters/sec. Estimated time to finish: 8:43:19.922287.
[4A[J     total [..................................................]  0.73%
this epoch [#.................................................]  2.20%
        17 iter, 0 epoch / 3 epochs
  0.073221 iters/sec. Estimated time to finish: 8:43:17.901929.
[4A[J     total [..................................................]  0.78%
this epoch [#.................................................]  2.33%
        18 iter, 0 epoch / 3 epochs
  0.073872 iters/sec. Estimated time to finish: 8:38:27.959248.
[4A[J     total [..................................................]  0.82%
this epoch [#.................................................]  2.46%
        19 iter, 0 epoch / 3 epochs
  0.074144 iters/sec. Estimated time to finish: 8:36:20.336524.
[4A[J     total [..................................................]  0.86%
this epoch [#.................................................]  2.59%
        20 iter, 0 epoch / 3 epochs
  0.074102 iters/sec. Estimated time to finish: 8:36:24.401382.
[4A[J     total [..................................................]  0.91%
this epoch [#.................................................]  2.72%
        21 iter, 0 epoch / 3 epochs
  0.074497 iters/sec. Estimated time to finish: 8:33:26.456574.
[4A[J     total [..................................................]  0.95%
this epoch [#.................................................]  2.85%
        22 iter, 0 epoch / 3 epochs
  0.074341 iters/sec. Estimated time to finish: 8:34:17.661659.
[4A[J     total [..................................................]  0.99%
this epoch [#.................................................]  2.98%
        23 iter, 0 epoch / 3 epochs
  0.074412 iters/sec. Estimated time to finish: 8:33:34.948130.
[4A[J     total [..................................................]  1.04%
this epoch [#.................................................]  3.11%
        24 iter, 0 epoch / 3 epochs
  0.074554 iters/sec. Estimated time to finish: 8:32:22.677453.
[4A[J     total [..................................................]  1.08%
this epoch [#.................................................]  3.24%
        25 iter, 0 epoch / 3 epochs
  0.074611 iters/sec. Estimated time to finish: 8:31:46.112497.
[4A[J     total [..................................................]  1.12%
this epoch [#.................................................]  3.37%
        26 iter, 0 epoch / 3 epochs
  0.074741 iters/sec. Estimated time to finish: 8:30:39.127108.
[4A[J     total [..................................................]  1.17%
this epoch [#.................................................]  3.50%
        27 iter, 0 epoch / 3 epochs
   0.07501 iters/sec. Estimated time to finish: 8:28:35.847072.
[4A[J     total [..................................................]  1.21%
this epoch [#.................................................]  3.63%
        28 iter, 0 epoch / 3 epochs
  0.074883 iters/sec. Estimated time to finish: 8:29:14.471264.
[4A[J     total [..................................................]  1.25%
this epoch [#.................................................]  3.76%
        29 iter, 0 epoch / 3 epochs
  0.075135 iters/sec. Estimated time to finish: 8:27:18.737165.
[4A[J     total [..................................................]  1.30%
this epoch [#.................................................]  3.89%
        30 iter, 0 epoch / 3 epochs
  0.075312 iters/sec. Estimated time to finish: 8:25:53.617327.
[4A[J     total [..................................................]  1.34%
this epoch [##................................................]  4.02%
        31 iter, 0 epoch / 3 epochs
  0.075341 iters/sec. Estimated time to finish: 8:25:28.684153.
[4A[J     total [..................................................]  1.38%
this epoch [##................................................]  4.15%
        32 iter, 0 epoch / 3 epochs
  0.075464 iters/sec. Estimated time to finish: 8:24:26.055178.
[4A[J     total [..................................................]  1.42%
this epoch [##................................................]  4.27%
        33 iter, 0 epoch / 3 epochs
  0.075561 iters/sec. Estimated time to finish: 8:23:34.009610.
[4A[J     total [..................................................]  1.47%
this epoch [##................................................]  4.40%
        34 iter, 0 epoch / 3 epochs
  0.075509 iters/sec. Estimated time to finish: 8:23:41.502826.
[4A[J     total [..................................................]  1.51%
this epoch [##................................................]  4.53%
        35 iter, 0 epoch / 3 epochs
  0.075398 iters/sec. Estimated time to finish: 8:24:12.802865.
[4A[J     total [..................................................]  1.55%
this epoch [##................................................]  4.66%
        36 iter, 0 epoch / 3 epochs
   0.07532 iters/sec. Estimated time to finish: 8:24:30.725330.
[4A[J     total [..................................................]  1.60%
this epoch [##................................................]  4.79%
        37 iter, 0 epoch / 3 epochs
  0.075443 iters/sec. Estimated time to finish: 8:23:28.259969.
[4A[J     total [..................................................]  1.64%
this epoch [##................................................]  4.92%
        38 iter, 0 epoch / 3 epochs
  0.075347 iters/sec. Estimated time to finish: 8:23:53.289037.
[4A[J     total [..................................................]  1.68%
this epoch [##................................................]  5.05%
        39 iter, 0 epoch / 3 epochs
  0.075362 iters/sec. Estimated time to finish: 8:23:34.025557.
[4A[J     total [..................................................]  1.73%
this epoch [##................................................]  5.18%
        40 iter, 0 epoch / 3 epochs
  0.075274 iters/sec. Estimated time to finish: 8:23:56.205393.
[4A[J     total [..................................................]  1.77%
this epoch [##................................................]  5.31%
        41 iter, 0 epoch / 3 epochs
  0.075214 iters/sec. Estimated time to finish: 8:24:06.835910.
[4A[J     total [..................................................]  1.81%
this epoch [##................................................]  5.44%
        42 iter, 0 epoch / 3 epochs
  0.074942 iters/sec. Estimated time to finish: 8:25:43.449146.
[4A[J     total [..................................................]  1.86%
this epoch [##................................................]  5.57%
        43 iter, 0 epoch / 3 epochs
  0.074901 iters/sec. Estimated time to finish: 8:25:46.553927.
[4A[J     total [..................................................]  1.90%
this epoch [##................................................]  5.70%
        44 iter, 0 epoch / 3 epochs
  0.074917 iters/sec. Estimated time to finish: 8:25:26.851070.
[4A[J     total [..................................................]  1.94%
this epoch [##................................................]  5.83%
        45 iter, 0 epoch / 3 epochs
  0.074714 iters/sec. Estimated time to finish: 8:26:35.894553.
[4A[J     total [..................................................]  1.99%
this epoch [##................................................]  5.96%
        46 iter, 0 epoch / 3 epochs
  0.074748 iters/sec. Estimated time to finish: 8:26:08.607500.
[4A[J     total [#.................................................]  2.03%
this epoch [###...............................................]  6.09%
        47 iter, 0 epoch / 3 epochs
   0.07475 iters/sec. Estimated time to finish: 8:25:54.332780.
[4A[J     total [#.................................................]  2.07%
this epoch [###...............................................]  6.22%
        48 iter, 0 epoch / 3 epochs
  0.074688 iters/sec. Estimated time to finish: 8:26:06.473792.
[4A[J     total [#.................................................]  2.12%
this epoch [###...............................................]  6.35%
        49 iter, 0 epoch / 3 epochs
   0.07455 iters/sec. Estimated time to finish: 8:26:49.227609.
[4A[J     total [#.................................................]  2.16%
this epoch [###...............................................]  6.48%
        50 iter, 0 epoch / 3 epochs
  0.074259 iters/sec. Estimated time to finish: 8:28:34.638911.
[4A[J     total [#.................................................]  2.20%
this epoch [###...............................................]  6.61%
        51 iter, 0 epoch / 3 epochs
  0.074193 iters/sec. Estimated time to finish: 8:28:48.582754.
[4A[J     total [#.................................................]  2.25%
this epoch [###...............................................]  6.74%
        52 iter, 0 epoch / 3 epochs
  0.074231 iters/sec. Estimated time to finish: 8:28:19.496140.
[4A[J     total [#.................................................]  2.29%
this epoch [###...............................................]  6.87%
        53 iter, 0 epoch / 3 epochs
   0.07419 iters/sec. Estimated time to finish: 8:28:22.820273.
[4A[J     total [#.................................................]  2.33%
this epoch [###...............................................]  6.99%
        54 iter, 0 epoch / 3 epochs
  0.074162 iters/sec. Estimated time to finish: 8:28:20.732109.
[4A[J     total [#.................................................]  2.37%
this epoch [###...............................................]  7.12%
        55 iter, 0 epoch / 3 epochs
  0.074161 iters/sec. Estimated time to finish: 8:28:07.664466.
[4A[J     total [#.................................................]  2.42%
this epoch [###...............................................]  7.25%
        56 iter, 0 epoch / 3 epochs
  0.074226 iters/sec. Estimated time to finish: 8:27:27.703045.
[4A[J     total [#.................................................]  2.46%
this epoch [###...............................................]  7.38%
        57 iter, 0 epoch / 3 epochs
  0.074192 iters/sec. Estimated time to finish: 8:27:28.077544.
[4A[J     total [#.................................................]  2.50%
this epoch [###...............................................]  7.51%
        58 iter, 0 epoch / 3 epochs
  0.074098 iters/sec. Estimated time to finish: 8:27:53.235848.
[4A[J     total [#.................................................]  2.55%
this epoch [###...............................................]  7.64%
        59 iter, 0 epoch / 3 epochs
  0.074041 iters/sec. Estimated time to finish: 8:28:03.222974.
[4A[J     total [#.................................................]  2.59%
this epoch [###...............................................]  7.77%
        60 iter, 0 epoch / 3 epochs
  0.074149 iters/sec. Estimated time to finish: 8:27:05.293590.
[4A[J     total [#.................................................]  2.63%
this epoch [###...............................................]  7.90%
        61 iter, 0 epoch / 3 epochs
  0.074098 iters/sec. Estimated time to finish: 8:27:12.505269.
[4A[J     total [#.................................................]  2.68%
this epoch [####..............................................]  8.03%
        62 iter, 0 epoch / 3 epochs
  0.074061 iters/sec. Estimated time to finish: 8:27:14.419942.
[4A[J     total [#.................................................]  2.72%
this epoch [####..............................................]  8.16%
        63 iter, 0 epoch / 3 epochs
  0.074132 iters/sec. Estimated time to finish: 8:26:31.904016.
[4A[J     total [#.................................................]  2.76%
this epoch [####..............................................]  8.29%
        64 iter, 0 epoch / 3 epochs
  0.074169 iters/sec. Estimated time to finish: 8:26:03.214276.
[4A[J     total [#.................................................]  2.81%
this epoch [####..............................................]  8.42%
        65 iter, 0 epoch / 3 epochs
  0.074165 iters/sec. Estimated time to finish: 8:25:51.139543.
[4A[J     total [#.................................................]  2.85%
this epoch [####..............................................]  8.55%
        66 iter, 0 epoch / 3 epochs
  0.074167 iters/sec. Estimated time to finish: 8:25:36.887634.
[4A[J     total [#.................................................]  2.89%
this epoch [####..............................................]  8.68%
        67 iter, 0 epoch / 3 epochs
  0.074116 iters/sec. Estimated time to finish: 8:25:44.133640.
[4A[J     total [#.................................................]  2.94%
this epoch [####..............................................]  8.81%
        68 iter, 0 epoch / 3 epochs
  0.074043 iters/sec. Estimated time to finish: 8:26:00.600728.
[4A[J     total [#.................................................]  2.98%
this epoch [####..............................................]  8.94%
        69 iter, 0 epoch / 3 epochs
  0.074061 iters/sec. Estimated time to finish: 8:25:40.058376.
[4A[J     total [#.................................................]  3.02%
this epoch [####..............................................]  9.07%
        70 iter, 0 epoch / 3 epochs
  0.074148 iters/sec. Estimated time to finish: 8:24:50.842845.
[4A[J     total [#.................................................]  3.07%
this epoch [####..............................................]  9.20%
        71 iter, 0 epoch / 3 epochs
  0.074176 iters/sec. Estimated time to finish: 8:24:26.054659.
[4A[J     total [#.................................................]  3.11%
this epoch [####..............................................]  9.33%
        72 iter, 0 epoch / 3 epochs
  0.074187 iters/sec. Estimated time to finish: 8:24:07.985646.
[4A[J     total [#.................................................]  3.15%
this epoch [####..............................................]  9.46%
        73 iter, 0 epoch / 3 epochs
  0.074192 iters/sec. Estimated time to finish: 8:23:52.347246.
[4A[J     total [#.................................................]  3.20%
this epoch [####..............................................]  9.59%
        74 iter, 0 epoch / 3 epochs
  0.074251 iters/sec. Estimated time to finish: 8:23:14.872623.
[4A[J     total [#.................................................]  3.24%
this epoch [####..............................................]  9.72%
        75 iter, 0 epoch / 3 epochs
  0.074187 iters/sec. Estimated time to finish: 8:23:27.337985.
[4A[J     total [#.................................................]  3.28%
this epoch [####..............................................]  9.84%
        76 iter, 0 epoch / 3 epochs
  0.074206 iters/sec. Estimated time to finish: 8:23:06.341358.
[4A[J     total [#.................................................]  3.32%
this epoch [####..............................................]  9.97%
        77 iter, 0 epoch / 3 epochs
  0.074207 iters/sec. Estimated time to finish: 8:22:52.308965.
[4A[J     total [#.................................................]  3.37%
this epoch [#####.............................................] 10.10%
        78 iter, 0 epoch / 3 epochs
  0.074268 iters/sec. Estimated time to finish: 8:22:13.979396.
[4A[J     total [#.................................................]  3.41%
this epoch [#####.............................................] 10.23%
        79 iter, 0 epoch / 3 epochs
  0.074283 iters/sec. Estimated time to finish: 8:21:54.591219.
[4A[J     total [#.................................................]  3.45%
this epoch [#####.............................................] 10.36%
        80 iter, 0 epoch / 3 epochs
  0.074255 iters/sec. Estimated time to finish: 8:21:52.411533.
[4A[J     total [#.................................................]  3.50%
this epoch [#####.............................................] 10.49%
        81 iter, 0 epoch / 3 epochs
  0.074206 iters/sec. Estimated time to finish: 8:21:58.677185.
[4A[J     total [#.................................................]  3.54%
this epoch [#####.............................................] 10.62%
        82 iter, 0 epoch / 3 epochs
  0.074208 iters/sec. Estimated time to finish: 8:21:44.652243.
[4A[J     total [#.................................................]  3.58%
this epoch [#####.............................................] 10.75%
        83 iter, 0 epoch / 3 epochs
  0.074054 iters/sec. Estimated time to finish: 8:22:33.559144.
[4A[J     total [#.................................................]  3.63%
this epoch [#####.............................................] 10.88%
        84 iter, 0 epoch / 3 epochs
  0.073888 iters/sec. Estimated time to finish: 8:23:27.824335.
[4A[J     total [#.................................................]  3.67%
this epoch [#####.............................................] 11.01%
        85 iter, 0 epoch / 3 epochs
  0.073831 iters/sec. Estimated time to finish: 8:23:37.847241.
[4A[J     total [#.................................................]  3.71%
this epoch [#####.............................................] 11.14%
        86 iter, 0 epoch / 3 epochs
  0.073798 iters/sec. Estimated time to finish: 8:23:37.441669.
[4A[J     total [#.................................................]  3.76%
this epoch [#####.............................................] 11.27%
        87 iter, 0 epoch / 3 epochs
  0.073851 iters/sec. Estimated time to finish: 8:23:02.283875.
[4A[J     total [#.................................................]  3.80%
this epoch [#####.............................................] 11.40%
        88 iter, 0 epoch / 3 epochs
  0.073855 iters/sec. Estimated time to finish: 8:22:47.349019.
[4A[J     total [#.................................................]  3.84%
this epoch [#####.............................................] 11.53%
        89 iter, 0 epoch / 3 epochs
  0.073829 iters/sec. Estimated time to finish: 8:22:44.354625.
[4A[J     total [#.................................................]  3.89%
this epoch [#####.............................................] 11.66%
        90 iter, 0 epoch / 3 epochs
  0.073828 iters/sec. Estimated time to finish: 8:22:31.169448.
[4A[J     total [#.................................................]  3.93%
this epoch [#####.............................................] 11.79%
        91 iter, 0 epoch / 3 epochs
  0.073703 iters/sec. Estimated time to finish: 8:23:08.785144.
[4A[J     total [#.................................................]  3.97%
this epoch [#####.............................................] 11.92%
        92 iter, 0 epoch / 3 epochs
  0.073684 iters/sec. Estimated time to finish: 8:23:03.105669.
[4A[J     total [##................................................]  4.02%
this epoch [######............................................] 12.05%
        93 iter, 0 epoch / 3 epochs
  0.073699 iters/sec. Estimated time to finish: 8:22:43.081377.
[4A[J     total [##................................................]  4.06%
this epoch [######............................................] 12.18%
        94 iter, 0 epoch / 3 epochs
  0.073701 iters/sec. Estimated time to finish: 8:22:28.933939.
[4A[J     total [##................................................]  4.10%
this epoch [######............................................] 12.31%
        95 iter, 0 epoch / 3 epochs
  0.073665 iters/sec. Estimated time to finish: 8:22:30.080238.
[4A[J     total [##................................................]  4.15%
this epoch [######............................................] 12.44%
        96 iter, 0 epoch / 3 epochs
  0.073656 iters/sec. Estimated time to finish: 8:22:20.076976.
[4A[J     total [##................................................]  4.19%
this epoch [######............................................] 12.56%
        97 iter, 0 epoch / 3 epochs
  0.073701 iters/sec. Estimated time to finish: 8:21:48.283767.
[4A[J     total [##................................................]  4.23%
this epoch [######............................................] 12.69%
        98 iter, 0 epoch / 3 epochs
  0.073715 iters/sec. Estimated time to finish: 8:21:28.849112.
[4A[J     total [##................................................]  4.27%
this epoch [######............................................] 12.82%
        99 iter, 0 epoch / 3 epochs
  0.073688 iters/sec. Estimated time to finish: 8:21:26.110502.
[4A[J     total [##................................................]  4.32%
this epoch [######............................................] 12.95%
       100 iter, 0 epoch / 3 epochs
  0.073593 iters/sec. Estimated time to finish: 8:21:51.592886.
[4A[J     total [##................................................]  4.36%
this epoch [######............................................] 13.08%
       101 iter, 0 epoch / 3 epochs
  0.073737 iters/sec. Estimated time to finish: 8:20:39.074656.
[4A[J     total [##................................................]  4.40%
this epoch [######............................................] 13.21%
       102 iter, 0 epoch / 3 epochs
  0.073562 iters/sec. Estimated time to finish: 8:21:36.949794.
[4A[J     total [##................................................]  4.45%
this epoch [######............................................] 13.34%
       103 iter, 0 epoch / 3 epochs
  0.073557 iters/sec. Estimated time to finish: 8:21:25.640976.
[4A[J     total [##................................................]  4.49%
this epoch [######............................................] 13.47%
       104 iter, 0 epoch / 3 epochs
  0.073534 iters/sec. Estimated time to finish: 8:21:21.194198.
[4A[J     total [##................................................]  4.53%
this epoch [######............................................] 13.60%
       105 iter, 0 epoch / 3 epochs
  0.073556 iters/sec. Estimated time to finish: 8:20:58.871099.
[4A[J     total [##................................................]  4.58%
this epoch [######............................................] 13.73%
       106 iter, 0 epoch / 3 epochs
  0.073536 iters/sec. Estimated time to finish: 8:20:53.265035.
[4A[J     total [##................................................]  4.62%
this epoch [######............................................] 13.86%
       107 iter, 0 epoch / 3 epochs
  0.073526 iters/sec. Estimated time to finish: 8:20:43.872238.
[4A[J     total [##................................................]  4.66%
this epoch [######............................................] 13.99%
       108 iter, 0 epoch / 3 epochs
  0.073551 iters/sec. Estimated time to finish: 8:20:20.155051.
[4A[J     total [##................................................]  4.71%
this epoch [#######...........................................] 14.12%
       109 iter, 0 epoch / 3 epochs
  0.073459 iters/sec. Estimated time to finish: 8:20:43.942801.
[4A[J     total [##................................................]  4.75%
this epoch [#######...........................................] 14.25%
       110 iter, 0 epoch / 3 epochs
  0.073343 iters/sec. Estimated time to finish: 8:21:17.800923.
[4A[J     total [##................................................]  4.79%
this epoch [#######...........................................] 14.38%
       111 iter, 0 epoch / 3 epochs
  0.073317 iters/sec. Estimated time to finish: 8:21:14.956012.
[4A[J     total [##................................................]  4.84%
this epoch [#######...........................................] 14.51%
       112 iter, 0 epoch / 3 epochs
  0.073314 iters/sec. Estimated time to finish: 8:21:02.320689.
[4A[J     total [##................................................]  4.88%
this epoch [#######...........................................] 14.64%
       113 iter, 0 epoch / 3 epochs
  0.073267 iters/sec. Estimated time to finish: 8:21:08.310405.
[4A[J     total [##................................................]  4.92%
this epoch [#######...........................................] 14.77%
       114 iter, 0 epoch / 3 epochs
  0.073225 iters/sec. Estimated time to finish: 8:21:11.712543.
[4A[J     total [##................................................]  4.97%
this epoch [#######...........................................] 14.90%
       115 iter, 0 epoch / 3 epochs
  0.073214 iters/sec. Estimated time to finish: 8:21:02.499325.
[4A[J     total [##................................................]  5.01%
this epoch [#######...........................................] 15.03%
       116 iter, 0 epoch / 3 epochs
  0.073222 iters/sec. Estimated time to finish: 8:20:45.785830.
[4A[J     total [##................................................]  5.05%
this epoch [#######...........................................] 15.16%
       117 iter, 0 epoch / 3 epochs
  0.073001 iters/sec. Estimated time to finish: 8:22:02.690272.
[4A[J     total [##................................................]  5.09%
this epoch [#######...........................................] 15.28%
       118 iter, 0 epoch / 3 epochs
  0.072895 iters/sec. Estimated time to finish: 8:22:32.870899.
[4A[J     total [##................................................]  5.14%
this epoch [#######...........................................] 15.41%
       119 iter, 0 epoch / 3 epochs
  0.072892 iters/sec. Estimated time to finish: 8:22:20.428631.
[4A[J     total [##................................................]  5.18%
this epoch [#######...........................................] 15.54%
       120 iter, 0 epoch / 3 epochs
  0.072743 iters/sec. Estimated time to finish: 8:23:08.373686.
[4A[J     total [##................................................]  5.22%
this epoch [#######...........................................] 15.67%
       121 iter, 0 epoch / 3 epochs
  0.072724 iters/sec. Estimated time to finish: 8:23:02.640717.
[4A[J     total [##................................................]  5.27%
this epoch [#######...........................................] 15.80%
       122 iter, 0 epoch / 3 epochs
  0.072671 iters/sec. Estimated time to finish: 8:23:10.735404.
[4A[J     total [##................................................]  5.31%
this epoch [#######...........................................] 15.93%
       123 iter, 0 epoch / 3 epochs
  0.072508 iters/sec. Estimated time to finish: 8:24:04.947848.
[4A[J     total [##................................................]  5.35%
this epoch [########..........................................] 16.06%
       124 iter, 0 epoch / 3 epochs
  0.072408 iters/sec. Estimated time to finish: 8:24:32.744801.
[4A[J     total [##................................................]  5.40%
this epoch [########..........................................] 16.19%
       125 iter, 0 epoch / 3 epochs
  0.072236 iters/sec. Estimated time to finish: 8:25:31.020509.
[4A[J     total [##................................................]  5.44%
this epoch [########..........................................] 16.32%
       126 iter, 0 epoch / 3 epochs
   0.07203 iters/sec. Estimated time to finish: 8:26:43.813423.
[4A[J     total [##................................................]  5.48%
this epoch [########..........................................] 16.45%
       127 iter, 0 epoch / 3 epochs
  0.072025 iters/sec. Estimated time to finish: 8:26:32.403679.
[4A[J     total [##................................................]  5.53%
this epoch [########..........................................] 16.58%
       128 iter, 0 epoch / 3 epochs
  0.071915 iters/sec. Estimated time to finish: 8:27:04.733897.
[4A[J     total [##................................................]  5.57%
this epoch [########..........................................] 16.71%
       129 iter, 0 epoch / 3 epochs
  0.071796 iters/sec. Estimated time to finish: 8:27:41.435378.
[4A[J     total [##................................................]  5.61%
this epoch [########..........................................] 16.84%
       130 iter, 0 epoch / 3 epochs
  0.071759 iters/sec. Estimated time to finish: 8:27:43.254043.
[4A[J     total [##................................................]  5.66%
this epoch [########..........................................] 16.97%
       131 iter, 0 epoch / 3 epochs
  0.071563 iters/sec. Estimated time to finish: 8:28:52.739991.
[4A[J     total [##................................................]  5.70%
this epoch [########..........................................] 17.10%
       132 iter, 0 epoch / 3 epochs
  0.071455 iters/sec. Estimated time to finish: 8:29:24.578846.
[4A[J     total [##................................................]  5.74%
this epoch [########..........................................] 17.23%
       133 iter, 0 epoch / 3 epochs
  0.071347 iters/sec. Estimated time to finish: 8:29:57.055722.
[4A[J     total [##................................................]  5.79%
this epoch [########..........................................] 17.36%
       134 iter, 0 epoch / 3 epochs
  0.071222 iters/sec. Estimated time to finish: 8:30:36.434805.
[4A[J     total [##................................................]  5.83%
this epoch [########..........................................] 17.49%
       135 iter, 0 epoch / 3 epochs
  0.071203 iters/sec. Estimated time to finish: 8:30:30.819326.
[4A[J     total [##................................................]  5.87%
this epoch [########..........................................] 17.62%
       136 iter, 0 epoch / 3 epochs
  0.071104 iters/sec. Estimated time to finish: 8:30:59.148696.
[4A[J     total [##................................................]  5.92%
this epoch [########..........................................] 17.75%
       137 iter, 0 epoch / 3 epochs
  0.071016 iters/sec. Estimated time to finish: 8:31:23.288925.
[4A[J     total [##................................................]  5.96%
this epoch [########..........................................] 17.88%
       138 iter, 0 epoch / 3 epochs
  0.070979 iters/sec. Estimated time to finish: 8:31:25.094833.
[4A[J     total [###...............................................]  6.00%
this epoch [#########.........................................] 18.01%
       139 iter, 0 epoch / 3 epochs
  0.070961 iters/sec. Estimated time to finish: 8:31:18.934244.
[4A[J     total [###...............................................]  6.04%
this epoch [#########.........................................] 18.13%
       140 iter, 0 epoch / 3 epochs
  0.070848 iters/sec. Estimated time to finish: 8:31:53.833162.
[4A[J     total [###...............................................]  6.09%
this epoch [#########.........................................] 18.26%
       141 iter, 0 epoch / 3 epochs
  0.070929 iters/sec. Estimated time to finish: 8:31:04.536953.
[4A[J     total [###...............................................]  6.13%
this epoch [#########.........................................] 18.39%
       142 iter, 0 epoch / 3 epochs
  0.070902 iters/sec. Estimated time to finish: 8:31:02.009618.
[4A[J     total [###...............................................]  6.17%
this epoch [#########.........................................] 18.52%
       143 iter, 0 epoch / 3 epochs
  0.070875 iters/sec. Estimated time to finish: 8:30:59.617361.
[4A[J     total [###...............................................]  6.22%
this epoch [#########.........................................] 18.65%
       144 iter, 0 epoch / 3 epochs
  0.070945 iters/sec. Estimated time to finish: 8:30:15.113791.
[4A[J     total [###...............................................]  6.26%
this epoch [#########.........................................] 18.78%
       145 iter, 0 epoch / 3 epochs
  0.070886 iters/sec. Estimated time to finish: 8:30:26.697637.
[4A[J     total [###...............................................]  6.30%
this epoch [#########.........................................] 18.91%
       146 iter, 0 epoch / 3 epochs
  0.070811 iters/sec. Estimated time to finish: 8:30:45.037614.
[4A[J     total [###...............................................]  6.35%
this epoch [#########.........................................] 19.04%
       147 iter, 0 epoch / 3 epochs
  0.070754 iters/sec. Estimated time to finish: 8:30:55.530034.
[4A[J     total [###...............................................]  6.39%
this epoch [#########.........................................] 19.17%
       148 iter, 0 epoch / 3 epochs
  0.070733 iters/sec. Estimated time to finish: 8:30:50.261823.
[4A[J     total [###...............................................]  6.43%
this epoch [#########.........................................] 19.30%
       149 iter, 0 epoch / 3 epochs
  0.070681 iters/sec. Estimated time to finish: 8:30:58.740569.
[4A[J     total [###...............................................]  6.48%
this epoch [#########.........................................] 19.43%
       150 iter, 0 epoch / 3 epochs
  0.070697 iters/sec. Estimated time to finish: 8:30:37.931779.
[4A[J     total [###...............................................]  6.52%
this epoch [#########.........................................] 19.56%
       151 iter, 0 epoch / 3 epochs
  0.070634 iters/sec. Estimated time to finish: 8:30:50.747331.
[4A[J     total [###...............................................]  6.56%
this epoch [#########.........................................] 19.69%
       152 iter, 0 epoch / 3 epochs
  0.070604 iters/sec. Estimated time to finish: 8:30:49.926851.
[4A[J     total [###...............................................]  6.61%
this epoch [#########.........................................] 19.82%
       153 iter, 0 epoch / 3 epochs
   0.07046 iters/sec. Estimated time to finish: 8:31:38.383623.
[4A[J     total [###...............................................]  6.65%
this epoch [#########.........................................] 19.95%
       154 iter, 0 epoch / 3 epochs
  0.069461 iters/sec. Estimated time to finish: 8:38:45.390871.
[4A[J     total [###...............................................]  6.69%
this epoch [##########........................................] 20.08%
       155 iter, 0 epoch / 3 epochs
  0.069248 iters/sec. Estimated time to finish: 8:40:06.773894.
[4A[J     total [###...............................................]  6.74%
this epoch [##########........................................] 20.21%
       156 iter, 0 epoch / 3 epochs
  0.068014 iters/sec. Estimated time to finish: 8:49:18.320717.
[4A[J     total [###...............................................]  6.78%
this epoch [##########........................................] 20.34%
       157 iter, 0 epoch / 3 epochs
  0.067975 iters/sec. Estimated time to finish: 8:49:21.621458.
[4AException in main training loop: cudaErrorIllegalAddress: an illegal memory access was encountered
Traceback (most recent call last):
  File "/home/acb10954wf/.local/anaconda3/lib/python3.7/site-packages/chainer/training/trainer.py", line 343, in run
    update()
  File "/home/acb10954wf/.local/anaconda3/lib/python3.7/site-packages/chainer/training/updaters/standard_updater.py", line 240, in update
    self.update_core()
  File "/home/acb10954wf/.local/anaconda3/lib/python3.7/site-packages/chainer/training/updaters/standard_updater.py", line 247, in update_core
    self.converter, batch, self.input_device)
  File "/home/acb10954wf/.local/anaconda3/lib/python3.7/site-packages/chainer/dataset/convert.py", line 125, in _call_converter
    return converter(batch, device)
  File "/home/acb10954wf/.local/anaconda3/lib/python3.7/site-packages/chainer/dataset/convert.py", line 65, in __call__
    return base_callable(*args, **kwargs)
  File "/home/acb10954wf/.local/anaconda3/lib/python3.7/site-packages/chainer/dataset/convert.py", line 275, in concat_examples
    [example[i] for example in batch], padding[i])))
  File "/home/acb10954wf/.local/anaconda3/lib/python3.7/site-packages/chainer/dataset/convert.py", line 168, in to_device
    return device.send(x)
  File "/home/acb10954wf/.local/anaconda3/lib/python3.7/site-packages/chainer/_backend.py", line 114, in send
    return _convert_arrays(arrays, self.send_array)
  File "/home/acb10954wf/.local/anaconda3/lib/python3.7/site-packages/chainer/_backend.py", line 19, in _convert_arrays
    return func(array)
  File "/home/acb10954wf/.local/anaconda3/lib/python3.7/site-packages/chainer/backends/cuda.py", line 258, in send_array
    return _array_to_gpu(array, self.device, None)
  File "/home/acb10954wf/.local/anaconda3/lib/python3.7/site-packages/chainer/backends/cuda.py", line 460, in _array_to_gpu
    return cupy.asarray(array)
  File "/home/acb10954wf/.local/anaconda3/lib/python3.7/site-packages/cupy/creation/from_data.py", line 68, in asarray
    return core.array(a, dtype, False, order)
  File "cupy/core/core.pyx", line 1768, in cupy.core.core.array
  File "cupy/core/core.pyx", line 1845, in cupy.core.core.array
  File "cupy/core/core.pyx", line 1928, in cupy.core.core._send_object_to_gpu
  File "cupy/core/core.pyx", line 2005, in cupy.core.core._alloc_async_transfer_buffer
  File "cupy/core/core.pyx", line 2002, in cupy.core.core._alloc_async_transfer_buffer
  File "cupy/cuda/pinned_memory.pyx", line 212, in cupy.cuda.pinned_memory.alloc_pinned_memory
  File "cupy/cuda/pinned_memory.pyx", line 286, in cupy.cuda.pinned_memory.PinnedMemoryPool.malloc
  File "cupy/cuda/pinned_memory.pyx", line 306, in cupy.cuda.pinned_memory.PinnedMemoryPool.malloc
  File "cupy/cuda/pinned_memory.pyx", line 303, in cupy.cuda.pinned_memory.PinnedMemoryPool.malloc
  File "cupy/cuda/pinned_memory.pyx", line 177, in cupy.cuda.pinned_memory._malloc
  File "cupy/cuda/pinned_memory.pyx", line 178, in cupy.cuda.pinned_memory._malloc
  File "cupy/cuda/pinned_memory.pyx", line 29, in cupy.cuda.pinned_memory.PinnedMemory.__init__
  File "cupy/cuda/runtime.pyx", line 334, in cupy.cuda.runtime.hostAlloc
  File "cupy/cuda/runtime.pyx", line 201, in cupy.cuda.runtime.check_status
Will finalize trainer extensions and updater before reraising the exception.
Traceback (most recent call last):
  File "train_hybrid_cosmoflow.py", line 140, in <module>
    main()
  File "train_hybrid_cosmoflow.py", line 135, in main
    trainer.run()
  File "/home/acb10954wf/.local/anaconda3/lib/python3.7/site-packages/chainer/training/trainer.py", line 376, in run
    six.reraise(*exc_info)
  File "/home/acb10954wf/.local/anaconda3/lib/python3.7/site-packages/six.py", line 693, in reraise
    raise value
  File "/home/acb10954wf/.local/anaconda3/lib/python3.7/site-packages/chainer/training/trainer.py", line 343, in run
    update()
  File "/home/acb10954wf/.local/anaconda3/lib/python3.7/site-packages/chainer/training/updaters/standard_updater.py", line 240, in update
    self.update_core()
  File "/home/acb10954wf/.local/anaconda3/lib/python3.7/site-packages/chainer/training/updaters/standard_updater.py", line 247, in update_core
    self.converter, batch, self.input_device)
  File "/home/acb10954wf/.local/anaconda3/lib/python3.7/site-packages/chainer/dataset/convert.py", line 125, in _call_converter
    return converter(batch, device)
  File "/home/acb10954wf/.local/anaconda3/lib/python3.7/site-packages/chainer/dataset/convert.py", line 65, in __call__
    return base_callable(*args, **kwargs)
  File "/home/acb10954wf/.local/anaconda3/lib/python3.7/site-packages/chainer/dataset/convert.py", line 275, in concat_examples
    [example[i] for example in batch], padding[i])))
  File "/home/acb10954wf/.local/anaconda3/lib/python3.7/site-packages/chainer/dataset/convert.py", line 168, in to_device
    return device.send(x)
  File "/home/acb10954wf/.local/anaconda3/lib/python3.7/site-packages/chainer/_backend.py", line 114, in send
    return _convert_arrays(arrays, self.send_array)
  File "/home/acb10954wf/.local/anaconda3/lib/python3.7/site-packages/chainer/_backend.py", line 19, in _convert_arrays
    return func(array)
  File "/home/acb10954wf/.local/anaconda3/lib/python3.7/site-packages/chainer/backends/cuda.py", line 258, in send_array
    return _array_to_gpu(array, self.device, None)
  File "/home/acb10954wf/.local/anaconda3/lib/python3.7/site-packages/chainer/backends/cuda.py", line 460, in _array_to_gpu
    return cupy.asarray(array)
  File "/home/acb10954wf/.local/anaconda3/lib/python3.7/site-packages/cupy/creation/from_data.py", line 68, in asarray
    return core.array(a, dtype, False, order)
  File "cupy/core/core.pyx", line 1768, in cupy.core.core.array
  File "cupy/core/core.pyx", line 1845, in cupy.core.core.array
  File "cupy/core/core.pyx", line 1928, in cupy.core.core._send_object_to_gpu
  File "cupy/core/core.pyx", line 2005, in cupy.core.core._alloc_async_transfer_buffer
  File "cupy/core/core.pyx", line 2002, in cupy.core.core._alloc_async_transfer_buffer
  File "cupy/cuda/pinned_memory.pyx", line 212, in cupy.cuda.pinned_memory.alloc_pinned_memory
  File "cupy/cuda/pinned_memory.pyx", line 286, in cupy.cuda.pinned_memory.PinnedMemoryPool.malloc
  File "cupy/cuda/pinned_memory.pyx", line 306, in cupy.cuda.pinned_memory.PinnedMemoryPool.malloc
  File "cupy/cuda/pinned_memory.pyx", line 303, in cupy.cuda.pinned_memory.PinnedMemoryPool.malloc
  File "cupy/cuda/pinned_memory.pyx", line 177, in cupy.cuda.pinned_memory._malloc
  File "cupy/cuda/pinned_memory.pyx", line 178, in cupy.cuda.pinned_memory._malloc
  File "cupy/cuda/pinned_memory.pyx", line 29, in cupy.cuda.pinned_memory.PinnedMemory.__init__
  File "cupy/cuda/runtime.pyx", line 334, in cupy.cuda.runtime.hostAlloc
  File "cupy/cuda/runtime.pyx", line 201, in cupy.cuda.runtime.check_status
cupy.cuda.runtime.CUDARuntimeError: cudaErrorIllegalAddress: an illegal memory access was encountered
Traceback (most recent call last):
  File "cupy/cuda/driver.pyx", line 247, in cupy.cuda.driver.moduleUnload
  File "cupy/cuda/driver.pyx", line 118, in cupy.cuda.driver.check_status
cupy.cuda.driver.CUDADriverError: CUDA_ERROR_ILLEGAL_ADDRESS: an illegal memory access was encountered
Exception ignored in: 'cupy.cuda.function.Module.__dealloc__'
Traceback (most recent call last):
  File "cupy/cuda/driver.pyx", line 247, in cupy.cuda.driver.moduleUnload
  File "cupy/cuda/driver.pyx", line 118, in cupy.cuda.driver.check_status
cupy.cuda.driver.CUDADriverError: CUDA_ERROR_ILLEGAL_ADDRESS: an illegal memory access was encountered
--------------------------------------------------------------------------
mpiexec noticed that process rank 0 with PID 0 on node g0907 exited on signal 9 (Killed).
--------------------------------------------------------------------------
