No Modulefiles Currently Loaded.
Currently Loaded Modulefiles:
  1) cuda/9.0/9.0.176.4   3) nccl/2.3/2.3.5-2
  2) cudnn/7.3/7.3.1      4) openmpi/2.1.6
Currently Loaded Modulefiles:
  1) cuda/9.0/9.0.176.4   3) nccl/2.3/2.3.5-2
  2) cudnn/7.3/7.3.1      4) openmpi/2.1.6
Currently Loaded Modulefiles:
  1) cuda/9.0/9.0.176.4   3) nccl/2.3/2.3.5-2
  2) cudnn/7.3/7.3.1      4) openmpi/2.1.6
Starting Training 
--------------------------------------------------------------------------
A process has executed an operation involving a call to the
"fork()" system call to create a child process.  Open MPI is currently
operating in a condition that could result in memory corruption or
other system errors; your job may hang, crash, or produce silent
data corruption.  The use of fork() (or system() or other calls that
create child processes) is strongly discouraged.

The process that invoked fork was:

  Local host:          [[54946,1],0] (PID 92199)

If you are *absolutely sure* that your application will successfully
and correctly survive a call to fork(), you may disable this warning
by setting the mpi_warn_on_fork MCA parameter to 0.
--------------------------------------------------------------------------
epoch       main/loss   validation/main/loss  main/accuracy  validation/main/accuracy  elapsed_time
[J     total [..................................................]  0.17%
this epoch [..................................................]  0.52%
         1 iter, 0 epoch / 3 epochs
       inf iters/sec. Estimated time to finish: 0:00:00.
[4A[J     total [..................................................]  0.35%
this epoch [..................................................]  1.04%
         2 iter, 0 epoch / 3 epochs
  0.056292 iters/sec. Estimated time to finish: 2:50:50.127449.
[4A[J     total [..................................................]  0.52%
this epoch [..................................................]  1.55%
         3 iter, 0 epoch / 3 epochs
  0.063474 iters/sec. Estimated time to finish: 2:31:14.510925.
[4A[J     total [..................................................]  0.69%
this epoch [#.................................................]  2.07%
         4 iter, 0 epoch / 3 epochs
  0.062982 iters/sec. Estimated time to finish: 2:32:09.610012.
[4A[J     total [..................................................]  0.86%
this epoch [#.................................................]  2.59%
         5 iter, 0 epoch / 3 epochs
  0.065191 iters/sec. Estimated time to finish: 2:26:44.857165.
[4A[J     total [..................................................]  1.04%
this epoch [#.................................................]  3.11%
         6 iter, 0 epoch / 3 epochs
  0.068361 iters/sec. Estimated time to finish: 2:19:41.961855.
[4A[J     total [..................................................]  1.21%
this epoch [#.................................................]  3.63%
         7 iter, 0 epoch / 3 epochs
  0.071209 iters/sec. Estimated time to finish: 2:13:52.668906.
[4A[J     total [..................................................]  1.38%
this epoch [##................................................]  4.15%
         8 iter, 0 epoch / 3 epochs
  0.071369 iters/sec. Estimated time to finish: 2:13:20.669527.
[4A[J     total [..................................................]  1.55%
this epoch [##................................................]  4.66%
         9 iter, 0 epoch / 3 epochs
   0.07158 iters/sec. Estimated time to finish: 2:12:43.086877.
[4A[J     total [..................................................]  1.73%
this epoch [##................................................]  5.18%
        10 iter, 0 epoch / 3 epochs
  0.071966 iters/sec. Estimated time to finish: 2:11:46.486667.
[4A[J     total [..................................................]  1.90%
this epoch [##................................................]  5.70%
        11 iter, 0 epoch / 3 epochs
  0.072135 iters/sec. Estimated time to finish: 2:11:14.129526.
[4A[J     total [#.................................................]  2.07%
this epoch [###...............................................]  6.22%
        12 iter, 0 epoch / 3 epochs
  0.072218 iters/sec. Estimated time to finish: 2:10:51.256664.
[4A[J     total [#.................................................]  2.25%
this epoch [###...............................................]  6.74%
        13 iter, 0 epoch / 3 epochs
  0.072776 iters/sec. Estimated time to finish: 2:09:37.338053.
[4A[J     total [#.................................................]  2.42%
this epoch [###...............................................]  7.25%
        14 iter, 0 epoch / 3 epochs
  0.073063 iters/sec. Estimated time to finish: 2:08:53.100527.
[4A[J     total [#.................................................]  2.59%
this epoch [###...............................................]  7.77%
        15 iter, 0 epoch / 3 epochs
  0.073313 iters/sec. Estimated time to finish: 2:08:13.054456.
[4A[J     total [#.................................................]  2.76%
this epoch [####..............................................]  8.29%
        16 iter, 0 epoch / 3 epochs
  0.073218 iters/sec. Estimated time to finish: 2:08:09.326137.
[4A[J     total [#.................................................]  2.94%
this epoch [####..............................................]  8.81%
        17 iter, 0 epoch / 3 epochs
  0.073181 iters/sec. Estimated time to finish: 2:07:59.561845.
[4A[J     total [#.................................................]  3.11%
this epoch [####..............................................]  9.33%
        18 iter, 0 epoch / 3 epochs
   0.07406 iters/sec. Estimated time to finish: 2:06:14.958850.
[4A[J     total [#.................................................]  3.28%
this epoch [####..............................................]  9.84%
        19 iter, 0 epoch / 3 epochs
  0.074046 iters/sec. Estimated time to finish: 2:06:02.831084.
[4A[J     total [#.................................................]  3.45%
this epoch [#####.............................................] 10.36%
        20 iter, 0 epoch / 3 epochs
  0.073208 iters/sec. Estimated time to finish: 2:07:15.759298.
[4A[J     total [#.................................................]  3.63%
this epoch [#####.............................................] 10.88%
        21 iter, 0 epoch / 3 epochs
  0.073389 iters/sec. Estimated time to finish: 2:06:43.304268.
[4A[J     total [#.................................................]  3.80%
this epoch [#####.............................................] 11.40%
        22 iter, 0 epoch / 3 epochs
  0.072925 iters/sec. Estimated time to finish: 2:07:17.938078.
[4A[J     total [#.................................................]  3.97%
this epoch [#####.............................................] 11.92%
        23 iter, 0 epoch / 3 epochs
  0.073001 iters/sec. Estimated time to finish: 2:06:56.300777.
[4A[J     total [##................................................]  4.15%
this epoch [######............................................] 12.44%
        24 iter, 0 epoch / 3 epochs
  0.073148 iters/sec. Estimated time to finish: 2:06:27.330073.
[4A[J     total [##................................................]  4.32%
this epoch [######............................................] 12.95%
        25 iter, 0 epoch / 3 epochs
  0.073096 iters/sec. Estimated time to finish: 2:06:19.076130.
[4A[J     total [##................................................]  4.49%
this epoch [######............................................] 13.47%
        26 iter, 0 epoch / 3 epochs
  0.073089 iters/sec. Estimated time to finish: 2:06:06.130209.
[4A[J     total [##................................................]  4.66%
this epoch [######............................................] 13.99%
        27 iter, 0 epoch / 3 epochs
  0.073263 iters/sec. Estimated time to finish: 2:05:34.451866.
[4A[J     total [##................................................]  4.84%
this epoch [#######...........................................] 14.51%
        28 iter, 0 epoch / 3 epochs
  0.073253 iters/sec. Estimated time to finish: 2:05:21.848097.
[4A[J     total [##................................................]  5.01%
this epoch [#######...........................................] 15.03%
        29 iter, 0 epoch / 3 epochs
  0.073039 iters/sec. Estimated time to finish: 2:05:30.233743.
[4A[J     total [##................................................]  5.18%
this epoch [#######...........................................] 15.54%
        30 iter, 0 epoch / 3 epochs
  0.072783 iters/sec. Estimated time to finish: 2:05:43.019151.
[4A[J     total [##................................................]  5.35%
this epoch [########..........................................] 16.06%
        31 iter, 0 epoch / 3 epochs
  0.072617 iters/sec. Estimated time to finish: 2:05:46.446051.
[4A[J     total [##................................................]  5.53%
this epoch [########..........................................] 16.58%
        32 iter, 0 epoch / 3 epochs
  0.072693 iters/sec. Estimated time to finish: 2:05:24.828044.
[4A[J     total [##................................................]  5.70%
this epoch [########..........................................] 17.10%
        33 iter, 0 epoch / 3 epochs
  0.072421 iters/sec. Estimated time to finish: 2:05:39.263040.
[4A[J     total [##................................................]  5.87%
this epoch [########..........................................] 17.62%
        34 iter, 0 epoch / 3 epochs
  0.072214 iters/sec. Estimated time to finish: 2:05:46.974267.
[4A[J     total [###...............................................]  6.04%
this epoch [#########.........................................] 18.13%
        35 iter, 0 epoch / 3 epochs
  0.072331 iters/sec. Estimated time to finish: 2:05:20.948601.
[4A[J     total [###...............................................]  6.22%
this epoch [#########.........................................] 18.65%
        36 iter, 0 epoch / 3 epochs
  0.072305 iters/sec. Estimated time to finish: 2:05:09.845945.
[4A[J     total [###...............................................]  6.39%
this epoch [#########.........................................] 19.17%
        37 iter, 0 epoch / 3 epochs
   0.07194 iters/sec. Estimated time to finish: 2:05:34.096956.
[4A[J     total [###...............................................]  6.56%
this epoch [#########.........................................] 19.69%
        38 iter, 0 epoch / 3 epochs
  0.071848 iters/sec. Estimated time to finish: 2:05:29.823962.
[4A[J     total [###...............................................]  6.74%
this epoch [##########........................................] 20.21%
        39 iter, 0 epoch / 3 epochs
  0.071759 iters/sec. Estimated time to finish: 2:05:25.233052.
[4A[J     total [###...............................................]  6.91%
this epoch [##########........................................] 20.73%
        40 iter, 0 epoch / 3 epochs
  0.071585 iters/sec. Estimated time to finish: 2:05:29.479743.
[4A[J     total [###...............................................]  7.08%
this epoch [##########........................................] 21.24%
        41 iter, 0 epoch / 3 epochs
  0.071571 iters/sec. Estimated time to finish: 2:05:16.960267.
[4A[J     total [###...............................................]  7.25%
this epoch [##########........................................] 21.76%
        42 iter, 0 epoch / 3 epochs
  0.071335 iters/sec. Estimated time to finish: 2:05:27.841617.
[4A[J     total [###...............................................]  7.43%
this epoch [###########.......................................] 22.28%
        43 iter, 0 epoch / 3 epochs
  0.071093 iters/sec. Estimated time to finish: 2:05:39.371528.
[4A[J     total [###...............................................]  7.60%
this epoch [###########.......................................] 22.80%
        44 iter, 0 epoch / 3 epochs
  0.070989 iters/sec. Estimated time to finish: 2:05:36.412147.
[4A[J     total [###...............................................]  7.77%
this epoch [###########.......................................] 23.32%
        45 iter, 0 epoch / 3 epochs
  0.070642 iters/sec. Estimated time to finish: 2:05:59.278139.
[4A[J     total [###...............................................]  7.94%
this epoch [###########.......................................] 23.83%
        46 iter, 0 epoch / 3 epochs
  0.070456 iters/sec. Estimated time to finish: 2:06:04.984227.
[4A[J     total [####..............................................]  8.12%
this epoch [############......................................] 24.35%
        47 iter, 0 epoch / 3 epochs
  0.070212 iters/sec. Estimated time to finish: 2:06:17.002207.
[4A[J     total [####..............................................]  8.29%
this epoch [############......................................] 24.87%
        48 iter, 0 epoch / 3 epochs
  0.070128 iters/sec. Estimated time to finish: 2:06:11.915671.
[4A[J     total [####..............................................]  8.46%
this epoch [############......................................] 25.39%
        49 iter, 0 epoch / 3 epochs
   0.07014 iters/sec. Estimated time to finish: 2:05:56.285825.
[4A[J     total [####..............................................]  8.64%
this epoch [############......................................] 25.91%
        50 iter, 0 epoch / 3 epochs
  0.070097 iters/sec. Estimated time to finish: 2:05:46.632215.
[4A[J     total [####..............................................]  8.81%
this epoch [#############.....................................] 26.42%
        51 iter, 0 epoch / 3 epochs
  0.070156 iters/sec. Estimated time to finish: 2:05:26.074376.
[4A[J     total [####..............................................]  8.98%
this epoch [#############.....................................] 26.94%
        52 iter, 0 epoch / 3 epochs
  0.070129 iters/sec. Estimated time to finish: 2:05:14.772860.
[4A[J     total [####..............................................]  9.15%
this epoch [#############.....................................] 27.46%
        53 iter, 0 epoch / 3 epochs
  0.069932 iters/sec. Estimated time to finish: 2:05:21.547514.
[4A[J     total [####..............................................]  9.33%
this epoch [#############.....................................] 27.98%
        54 iter, 0 epoch / 3 epochs
   0.06972 iters/sec. Estimated time to finish: 2:05:30.082155.
[4A[J     total [####..............................................]  9.50%
this epoch [##############....................................] 28.50%
        55 iter, 0 epoch / 3 epochs
  0.069483 iters/sec. Estimated time to finish: 2:05:41.444716.
[4A[J     total [####..............................................]  9.67%
this epoch [##############....................................] 29.02%
        56 iter, 0 epoch / 3 epochs
  0.069512 iters/sec. Estimated time to finish: 2:05:23.916433.
[4A[J     total [####..............................................]  9.84%
this epoch [##############....................................] 29.53%
        57 iter, 0 epoch / 3 epochs
  0.069453 iters/sec. Estimated time to finish: 2:05:15.837901.
[4A[J     total [#####.............................................] 10.02%
this epoch [###############...................................] 30.05%
        58 iter, 0 epoch / 3 epochs
  0.069413 iters/sec. Estimated time to finish: 2:05:05.837523.
[4A[J     total [#####.............................................] 10.19%
this epoch [###############...................................] 30.57%
        59 iter, 0 epoch / 3 epochs
   0.06933 iters/sec. Estimated time to finish: 2:05:00.364923.
[4A[J     total [#####.............................................] 10.36%
this epoch [###############...................................] 31.09%
        60 iter, 0 epoch / 3 epochs
  0.069251 iters/sec. Estimated time to finish: 2:04:54.485774.
[4A[J     total [#####.............................................] 10.54%
this epoch [###############...................................] 31.61%
        61 iter, 0 epoch / 3 epochs
  0.069041 iters/sec. Estimated time to finish: 2:05:02.785726.
[4A[J     total [#####.............................................] 10.71%
this epoch [################..................................] 32.12%
        62 iter, 0 epoch / 3 epochs
  0.068942 iters/sec. Estimated time to finish: 2:04:59.003375.
[4A[J     total [#####.............................................] 10.88%
this epoch [################..................................] 32.64%
        63 iter, 0 epoch / 3 epochs
  0.068849 iters/sec. Estimated time to finish: 2:04:54.651414.
[4A[J     total [#####.............................................] 11.05%
this epoch [################..................................] 33.16%
        64 iter, 0 epoch / 3 epochs
  0.068943 iters/sec. Estimated time to finish: 2:04:29.948368.
[4A[J     total [#####.............................................] 11.23%
this epoch [################..................................] 33.68%
        65 iter, 0 epoch / 3 epochs
  0.068899 iters/sec. Estimated time to finish: 2:04:20.173924.
[4A[J     total [#####.............................................] 11.40%
this epoch [#################.................................] 34.20%
        66 iter, 0 epoch / 3 epochs
  0.068857 iters/sec. Estimated time to finish: 2:04:10.185470.
[4A[J     total [#####.............................................] 11.57%
this epoch [#################.................................] 34.72%
        67 iter, 0 epoch / 3 epochs
   0.06886 iters/sec. Estimated time to finish: 2:03:55.358012.
[4A[J     total [#####.............................................] 11.74%
this epoch [#################.................................] 35.23%
        68 iter, 0 epoch / 3 epochs
  0.068802 iters/sec. Estimated time to finish: 2:03:47.090620.
[4A[J     total [#####.............................................] 11.92%
this epoch [#################.................................] 35.75%
        69 iter, 0 epoch / 3 epochs
  0.068796 iters/sec. Estimated time to finish: 2:03:33.265051.
[4A[J     total [######............................................] 12.09%
this epoch [##################................................] 36.27%
        70 iter, 0 epoch / 3 epochs
   0.06886 iters/sec. Estimated time to finish: 2:03:11.800215.
[4A[J     total [######............................................] 12.26%
this epoch [##################................................] 36.79%
        71 iter, 0 epoch / 3 epochs
  0.068782 iters/sec. Estimated time to finish: 2:03:05.620833.
[4A[J     total [######............................................] 12.44%
this epoch [##################................................] 37.31%
        72 iter, 0 epoch / 3 epochs
  0.068826 iters/sec. Estimated time to finish: 2:02:46.376707.
[4A[J     total [######............................................] 12.61%
this epoch [##################................................] 37.82%
        73 iter, 0 epoch / 3 epochs
  0.068667 iters/sec. Estimated time to finish: 2:02:48.868245.
[4A[J     total [######............................................] 12.78%
this epoch [###################...............................] 38.34%
        74 iter, 0 epoch / 3 epochs
   0.06853 iters/sec. Estimated time to finish: 2:02:49.017709.
[4A[J     total [######............................................] 12.95%
this epoch [###################...............................] 38.86%
        75 iter, 0 epoch / 3 epochs
  0.068409 iters/sec. Estimated time to finish: 2:02:47.485118.
[4A[J     total [######............................................] 13.13%
this epoch [###################...............................] 39.38%
        76 iter, 0 epoch / 3 epochs
  0.068463 iters/sec. Estimated time to finish: 2:02:26.999369.
[4A[J     total [######............................................] 13.30%
this epoch [###################...............................] 39.90%
        77 iter, 0 epoch / 3 epochs
  0.068486 iters/sec. Estimated time to finish: 2:02:09.987038.
[4A[J     total [######............................................] 13.47%
this epoch [####################..............................] 40.41%
        78 iter, 0 epoch / 3 epochs
  0.068431 iters/sec. Estimated time to finish: 2:02:01.289789.
[4A[J     total [######............................................] 13.64%
this epoch [####################..............................] 40.93%
        79 iter, 0 epoch / 3 epochs
  0.068408 iters/sec. Estimated time to finish: 2:01:49.082076.
[4A[J     total [######............................................] 13.82%
this epoch [####################..............................] 41.45%
        80 iter, 0 epoch / 3 epochs
  0.068383 iters/sec. Estimated time to finish: 2:01:37.116891.
[4A[J     total [######............................................] 13.99%
this epoch [####################..............................] 41.97%
        81 iter, 0 epoch / 3 epochs
  0.068331 iters/sec. Estimated time to finish: 2:01:28.031387.
[4A[J     total [#######...........................................] 14.16%
this epoch [#####################.............................] 42.49%
        82 iter, 0 epoch / 3 epochs
  0.068287 iters/sec. Estimated time to finish: 2:01:18.070888.
[4A[J     total [#######...........................................] 14.34%
this epoch [#####################.............................] 43.01%
        83 iter, 0 epoch / 3 epochs
  0.068245 iters/sec. Estimated time to finish: 2:01:07.880929.
[4A[J     total [#######...........................................] 14.51%
this epoch [#####################.............................] 43.52%
        84 iter, 0 epoch / 3 epochs
  0.068225 iters/sec. Estimated time to finish: 2:00:55.434041.
[4A[J     total [#######...........................................] 14.68%
this epoch [######################............................] 44.04%
        85 iter, 0 epoch / 3 epochs
  0.068263 iters/sec. Estimated time to finish: 2:00:36.733870.
[4A[J     total [#######...........................................] 14.85%
this epoch [######################............................] 44.56%
        86 iter, 0 epoch / 3 epochs
  0.068307 iters/sec. Estimated time to finish: 2:00:17.438476.
[4A[J     total [#######...........................................] 15.03%
this epoch [######################............................] 45.08%
        87 iter, 0 epoch / 3 epochs
  0.068243 iters/sec. Estimated time to finish: 2:00:09.546365.
[4A[J     total [#######...........................................] 15.20%
this epoch [######################............................] 45.60%
        88 iter, 0 epoch / 3 epochs
  0.068259 iters/sec. Estimated time to finish: 1:59:53.164760.
[4A[J     total [#######...........................................] 15.37%
this epoch [#######################...........................] 46.11%
        89 iter, 0 epoch / 3 epochs
  0.068248 iters/sec. Estimated time to finish: 1:59:39.742079.
[4A[J     total [#######...........................................] 15.54%
this epoch [#######################...........................] 46.63%
        90 iter, 0 epoch / 3 epochs
  0.068327 iters/sec. Estimated time to finish: 1:59:16.713270.
[4A[J     total [#######...........................................] 15.72%
this epoch [#######################...........................] 47.15%
        91 iter, 0 epoch / 3 epochs
  0.068349 iters/sec. Estimated time to finish: 1:58:59.775418.
[4A[J     total [#######...........................................] 15.89%
this epoch [#######################...........................] 47.67%
        92 iter, 0 epoch / 3 epochs
  0.068345 iters/sec. Estimated time to finish: 1:58:45.591646.
[4A[J     total [########..........................................] 16.06%
this epoch [########################..........................] 48.19%
        93 iter, 0 epoch / 3 epochs
  0.068298 iters/sec. Estimated time to finish: 1:58:35.873101.
[4A[J     total [########..........................................] 16.23%
this epoch [########################..........................] 48.70%
        94 iter, 0 epoch / 3 epochs
  0.068315 iters/sec. Estimated time to finish: 1:58:19.500292.
[4A[J     total [########..........................................] 16.41%
this epoch [########################..........................] 49.22%
        95 iter, 0 epoch / 3 epochs
  0.068282 iters/sec. Estimated time to finish: 1:58:08.282767.
[4A[J     total [########..........................................] 16.58%
this epoch [########################..........................] 49.74%
        96 iter, 0 epoch / 3 epochs
  0.068183 iters/sec. Estimated time to finish: 1:58:03.828271.
[4A[J     total [########..........................................] 16.75%
this epoch [#########################.........................] 50.26%
        97 iter, 0 epoch / 3 epochs
  0.068228 iters/sec. Estimated time to finish: 1:57:44.547652.
[4A[J     total [########..........................................] 16.93%
this epoch [#########################.........................] 50.78%
        98 iter, 0 epoch / 3 epochs
   0.06825 iters/sec. Estimated time to finish: 1:57:27.597973.
[4A[J     total [########..........................................] 17.10%
this epoch [#########################.........................] 51.30%
        99 iter, 0 epoch / 3 epochs
  0.068203 iters/sec. Estimated time to finish: 1:57:17.839426.
[4A[J     total [########..........................................] 17.27%
this epoch [#########################.........................] 51.81%
       100 iter, 0 epoch / 3 epochs
  0.068253 iters/sec. Estimated time to finish: 1:56:57.990572.
[4A[J     total [########..........................................] 17.44%
this epoch [##########################........................] 52.33%
       101 iter, 0 epoch / 3 epochs
  0.068356 iters/sec. Estimated time to finish: 1:56:32.850350.
[4A[J     total [########..........................................] 17.62%
this epoch [##########################........................] 52.85%
       102 iter, 0 epoch / 3 epochs
  0.068279 iters/sec. Estimated time to finish: 1:56:26.016241.
[4A[J     total [########..........................................] 17.79%
this epoch [##########################........................] 53.37%
       103 iter, 0 epoch / 3 epochs
  0.068332 iters/sec. Estimated time to finish: 1:56:06.010985.
[4A[J     total [########..........................................] 17.96%
this epoch [##########################........................] 53.89%
       104 iter, 0 epoch / 3 epochs
   0.06825 iters/sec. Estimated time to finish: 1:55:59.708962.
[4A[J     total [#########.........................................] 18.13%
this epoch [###########################.......................] 54.40%
       105 iter, 0 epoch / 3 epochs
  0.068079 iters/sec. Estimated time to finish: 1:56:02.486528.
[4A[J     total [#########.........................................] 18.31%
this epoch [###########################.......................] 54.92%
       106 iter, 0 epoch / 3 epochs
   0.06796 iters/sec. Estimated time to finish: 1:55:59.999209.
[4A[J     total [#########.........................................] 18.48%
this epoch [###########################.......................] 55.44%
       107 iter, 0 epoch / 3 epochs
  0.067897 iters/sec. Estimated time to finish: 1:55:51.699319.
[4A[J     total [#########.........................................] 18.65%
this epoch [###########################.......................] 55.96%
       108 iter, 0 epoch / 3 epochs
  0.067818 iters/sec. Estimated time to finish: 1:55:45.057746.
[4A[J     total [#########.........................................] 18.83%
this epoch [############################......................] 56.48%
       109 iter, 0 epoch / 3 epochs
  0.067784 iters/sec. Estimated time to finish: 1:55:33.788175.
[4A[J     total [#########.........................................] 19.00%
this epoch [############################......................] 56.99%
       110 iter, 0 epoch / 3 epochs
  0.067717 iters/sec. Estimated time to finish: 1:55:25.895611.
[4A[J     total [#########.........................................] 19.17%
this epoch [############################......................] 57.51%
       111 iter, 0 epoch / 3 epochs
  0.067717 iters/sec. Estimated time to finish: 1:55:11.112192.
[4A[J     total [#########.........................................] 19.34%
this epoch [#############################.....................] 58.03%
       112 iter, 0 epoch / 3 epochs
  0.067558 iters/sec. Estimated time to finish: 1:55:12.534377.
[4A[J     total [#########.........................................] 19.52%
this epoch [#############################.....................] 58.55%
       113 iter, 0 epoch / 3 epochs
  0.067495 iters/sec. Estimated time to finish: 1:55:04.190118.
[4A[J     total [#########.........................................] 19.69%
this epoch [#############################.....................] 59.07%
       114 iter, 0 epoch / 3 epochs
  0.067477 iters/sec. Estimated time to finish: 1:54:51.200040.
[4A[J     total [#########.........................................] 19.86%
this epoch [#############################.....................] 59.59%
       115 iter, 0 epoch / 3 epochs
  0.067389 iters/sec. Estimated time to finish: 1:54:45.397607.
[4A[J     total [##########........................................] 20.03%
this epoch [##############################....................] 60.10%
       116 iter, 0 epoch / 3 epochs
  0.067364 iters/sec. Estimated time to finish: 1:54:33.131775.
[4A[J     total [##########........................................] 20.21%
this epoch [##############################....................] 60.62%
       117 iter, 0 epoch / 3 epochs
  0.067143 iters/sec. Estimated time to finish: 1:54:40.852980.
[4A[J     total [##########........................................] 20.38%
this epoch [##############################....................] 61.14%
       118 iter, 0 epoch / 3 epochs
  0.067077 iters/sec. Estimated time to finish: 1:54:32.687166.
[4A[J     total [##########........................................] 20.55%
this epoch [##############################....................] 61.66%
       119 iter, 0 epoch / 3 epochs
   0.06712 iters/sec. Estimated time to finish: 1:54:13.390632.
[4A[J     total [##########........................................] 20.73%
this epoch [###############################...................] 62.18%
       120 iter, 0 epoch / 3 epochs
  0.067055 iters/sec. Estimated time to finish: 1:54:05.107887.
[4A[J     total [##########........................................] 20.90%
this epoch [###############################...................] 62.69%
       121 iter, 0 epoch / 3 epochs
  0.067052 iters/sec. Estimated time to finish: 1:53:50.471103.
[4A[J     total [##########........................................] 21.07%
this epoch [###############################...................] 63.21%
       122 iter, 0 epoch / 3 epochs
  0.066994 iters/sec. Estimated time to finish: 1:53:41.510791.
[4A[J     total [##########........................................] 21.24%
this epoch [###############################...................] 63.73%
       123 iter, 0 epoch / 3 epochs
   0.06691 iters/sec. Estimated time to finish: 1:53:35.098326.
[4A[J     total [##########........................................] 21.42%
this epoch [################################..................] 64.25%
       124 iter, 0 epoch / 3 epochs
  0.066884 iters/sec. Estimated time to finish: 1:53:22.807916.
[4A[J     total [##########........................................] 21.59%
this epoch [################################..................] 64.77%
       125 iter, 0 epoch / 3 epochs
  0.066828 iters/sec. Estimated time to finish: 1:53:13.574174.
[4A[J     total [##########........................................] 21.76%
this epoch [################################..................] 65.28%
       126 iter, 0 epoch / 3 epochs
   0.06673 iters/sec. Estimated time to finish: 1:53:08.503929.
[4A[J     total [##########........................................] 21.93%
this epoch [################################..................] 65.80%
       127 iter, 0 epoch / 3 epochs
  0.066682 iters/sec. Estimated time to finish: 1:52:58.402251.
[4A[J     total [###########.......................................] 22.11%
this epoch [#################################.................] 66.32%
       128 iter, 0 epoch / 3 epochs
  0.066745 iters/sec. Estimated time to finish: 1:52:37.034926.
[4A[J     total [###########.......................................] 22.28%
this epoch [#################################.................] 66.84%
       129 iter, 0 epoch / 3 epochs
  0.066746 iters/sec. Estimated time to finish: 1:52:21.969087.
[4A[J     total [###########.......................................] 22.45%
this epoch [#################################.................] 67.36%
       130 iter, 0 epoch / 3 epochs
  0.066691 iters/sec. Estimated time to finish: 1:52:12.582746.
[4A[J     total [###########.......................................] 22.63%
this epoch [#################################.................] 67.88%
       131 iter, 0 epoch / 3 epochs
   0.06659 iters/sec. Estimated time to finish: 1:52:07.696164.
[4A[J     total [###########.......................................] 22.80%
this epoch [##################################................] 68.39%
       132 iter, 0 epoch / 3 epochs
  0.066651 iters/sec. Estimated time to finish: 1:51:46.598675.
[4A[J     total [###########.......................................] 22.97%
this epoch [##################################................] 68.91%
       133 iter, 0 epoch / 3 epochs
  0.066718 iters/sec. Estimated time to finish: 1:51:24.811918.
[4A[J     total [###########.......................................] 23.14%
this epoch [##################################................] 69.43%
       134 iter, 0 epoch / 3 epochs
  0.066602 iters/sec. Estimated time to finish: 1:51:21.530599.
[4A[J     total [###########.......................................] 23.32%
this epoch [##################################................] 69.95%
       135 iter, 0 epoch / 3 epochs
  0.066566 iters/sec. Estimated time to finish: 1:51:10.089548.
[4A[J     total [###########.......................................] 23.49%
this epoch [###################################...............] 70.47%
       136 iter, 0 epoch / 3 epochs
  0.066617 iters/sec. Estimated time to finish: 1:50:49.980695.
[4A[J     total [###########.......................................] 23.66%
this epoch [###################################...............] 70.98%
       137 iter, 0 epoch / 3 epochs
  0.066565 iters/sec. Estimated time to finish: 1:50:40.095950.
[4A[J     total [###########.......................................] 23.83%
this epoch [###################################...............] 71.50%
       138 iter, 0 epoch / 3 epochs
   0.06655 iters/sec. Estimated time to finish: 1:50:26.591961.
[4A[J     total [############......................................] 24.01%
this epoch [####################################..............] 72.02%
       139 iter, 0 epoch / 3 epochs
  0.066538 iters/sec. Estimated time to finish: 1:50:12.758561.
[4A[J     total [############......................................] 24.18%
this epoch [####################################..............] 72.54%
       140 iter, 0 epoch / 3 epochs
    0.0665 iters/sec. Estimated time to finish: 1:50:01.543631.
[4A[J     total [############......................................] 24.35%
this epoch [####################################..............] 73.06%
       141 iter, 0 epoch / 3 epochs
  0.066502 iters/sec. Estimated time to finish: 1:49:46.246432.
[4A[J     total [############......................................] 24.53%
this epoch [####################################..............] 73.58%
       142 iter, 0 epoch / 3 epochs
  0.066599 iters/sec. Estimated time to finish: 1:49:21.676431.
[4A[J     total [############......................................] 24.70%
this epoch [#####################################.............] 74.09%
       143 iter, 0 epoch / 3 epochs
  0.066566 iters/sec. Estimated time to finish: 1:49:09.882364.
[4A[J     total [############......................................] 24.87%
this epoch [#####################################.............] 74.61%
       144 iter, 0 epoch / 3 epochs
  0.066696 iters/sec. Estimated time to finish: 1:48:42.138987.
[4A[J     total [############......................................] 25.04%
this epoch [#####################################.............] 75.13%
       145 iter, 0 epoch / 3 epochs
  0.066747 iters/sec. Estimated time to finish: 1:48:22.210699.
[4A[J     total [############......................................] 25.22%
this epoch [#####################################.............] 75.65%
       146 iter, 0 epoch / 3 epochs
  0.066854 iters/sec. Estimated time to finish: 1:47:56.757028.
[4A[J     total [############......................................] 25.39%
this epoch [######################################............] 76.17%
       147 iter, 0 epoch / 3 epochs
  0.066908 iters/sec. Estimated time to finish: 1:47:36.641123.
[4A[J     total [############......................................] 25.56%
this epoch [######################################............] 76.68%
       148 iter, 0 epoch / 3 epochs
  0.066882 iters/sec. Estimated time to finish: 1:47:24.229608.
[4A[J     total [############......................................] 25.73%
this epoch [######################################............] 77.20%
       149 iter, 0 epoch / 3 epochs
  0.066882 iters/sec. Estimated time to finish: 1:47:09.231870.
[4A[J     total [############......................................] 25.91%
this epoch [######################################............] 77.72%
       150 iter, 0 epoch / 3 epochs
  0.066804 iters/sec. Estimated time to finish: 1:47:01.785948.
[4A[J     total [#############.....................................] 26.08%
this epoch [#######################################...........] 78.24%
       151 iter, 0 epoch / 3 epochs
   0.06677 iters/sec. Estimated time to finish: 1:46:50.087374.
[4A[J     total [#############.....................................] 26.25%
this epoch [#######################################...........] 78.76%
       152 iter, 0 epoch / 3 epochs
  0.066167 iters/sec. Estimated time to finish: 1:47:33.352294.
[4A[J     total [#############.....................................] 26.42%
this epoch [#######################################...........] 79.27%
       153 iter, 0 epoch / 3 epochs
  0.065579 iters/sec. Estimated time to finish: 1:48:15.955045.
[4A--------------------------------------------------------------------------
mpiexec noticed that process rank 0 with PID 0 on node g0923 exited on signal 9 (Killed).
--------------------------------------------------------------------------
