No Modulefiles Currently Loaded.
Currently Loaded Modulefiles:
  1) cuda/9.0/9.0.176.4   3) nccl/2.3/2.3.5-2
  2) cudnn/7.3/7.3.1      4) openmpi/2.1.6
Currently Loaded Modulefiles:
  1) cuda/9.0/9.0.176.4   3) nccl/2.3/2.3.5-2
  2) cudnn/7.3/7.3.1      4) openmpi/2.1.6
Currently Loaded Modulefiles:
  1) cuda/9.0/9.0.176.4   3) nccl/2.3/2.3.5-2
  2) cudnn/7.3/7.3.1      4) openmpi/2.1.6
Starting Training 
--------------------------------------------------------------------------
A process has executed an operation involving a call to the
"fork()" system call to create a child process.  Open MPI is currently
operating in a condition that could result in memory corruption or
other system errors; your job may hang, crash, or produce silent
data corruption.  The use of fork() (or system() or other calls that
create child processes) is strongly discouraged.

The process that invoked fork was:

  Local host:          [[52277,1],0] (PID 139423)

If you are *absolutely sure* that your application will successfully
and correctly survive a call to fork(), you may disable this warning
by setting the mpi_warn_on_fork MCA parameter to 0.
--------------------------------------------------------------------------
epoch       main/loss   validation/main/loss  main/accuracy  validation/main/accuracy  elapsed_time
[J     total [..................................................]  0.09%
this epoch [..................................................]  0.26%
         1 iter, 0 epoch / 3 epochs
       inf iters/sec. Estimated time to finish: 0:00:00.
[4A[J     total [..................................................]  0.17%
this epoch [..................................................]  0.52%
         2 iter, 0 epoch / 3 epochs
  0.077314 iters/sec. Estimated time to finish: 4:09:11.969983.
[4A[J     total [..................................................]  0.26%
this epoch [..................................................]  0.78%
         3 iter, 0 epoch / 3 epochs
  0.083853 iters/sec. Estimated time to finish: 3:49:34.042726.
[4A[J     total [..................................................]  0.35%
this epoch [..................................................]  1.04%
         4 iter, 0 epoch / 3 epochs
  0.080727 iters/sec. Estimated time to finish: 3:58:15.138554.
[4A[J     total [..................................................]  0.43%
this epoch [..................................................]  1.30%
         5 iter, 0 epoch / 3 epochs
  0.079679 iters/sec. Estimated time to finish: 4:01:10.551088.
[4A[J     total [..................................................]  0.52%
this epoch [..................................................]  1.55%
         6 iter, 0 epoch / 3 epochs
  0.089011 iters/sec. Estimated time to finish: 3:35:42.268781.
[4A[J     total [..................................................]  0.60%
this epoch [..................................................]  1.81%
         7 iter, 0 epoch / 3 epochs
  0.087739 iters/sec. Estimated time to finish: 3:38:38.495514.
[4A[J     total [..................................................]  0.69%
this epoch [#.................................................]  2.07%
         8 iter, 0 epoch / 3 epochs
  0.085807 iters/sec. Estimated time to finish: 3:43:22.222296.
[4A[J     total [..................................................]  0.78%
this epoch [#.................................................]  2.33%
         9 iter, 0 epoch / 3 epochs
    0.0839 iters/sec. Estimated time to finish: 3:48:14.827381.
[4A[J     total [..................................................]  0.86%
this epoch [#.................................................]  2.59%
        10 iter, 0 epoch / 3 epochs
  0.083386 iters/sec. Estimated time to finish: 3:49:27.363284.
[4A[J     total [..................................................]  0.95%
this epoch [#.................................................]  2.85%
        11 iter, 0 epoch / 3 epochs
  0.082202 iters/sec. Estimated time to finish: 3:52:33.485242.
[4A[J     total [..................................................]  1.04%
this epoch [#.................................................]  3.11%
        12 iter, 0 epoch / 3 epochs
  0.082329 iters/sec. Estimated time to finish: 3:51:59.780208.
[4A[J     total [..................................................]  1.12%
this epoch [#.................................................]  3.37%
        13 iter, 0 epoch / 3 epochs
   0.08231 iters/sec. Estimated time to finish: 3:51:50.832206.
[4A[J     total [..................................................]  1.21%
this epoch [#.................................................]  3.63%
        14 iter, 0 epoch / 3 epochs
  0.082739 iters/sec. Estimated time to finish: 3:50:26.664034.
[4A[J     total [..................................................]  1.30%
this epoch [#.................................................]  3.89%
        15 iter, 0 epoch / 3 epochs
  0.082594 iters/sec. Estimated time to finish: 3:50:38.751514.
[4A[J     total [..................................................]  1.38%
this epoch [##................................................]  4.15%
        16 iter, 0 epoch / 3 epochs
   0.08203 iters/sec. Estimated time to finish: 3:52:01.783709.
[4A[J     total [..................................................]  1.47%
this epoch [##................................................]  4.40%
        17 iter, 0 epoch / 3 epochs
  0.081725 iters/sec. Estimated time to finish: 3:52:41.429192.
[4A[J     total [..................................................]  1.55%
this epoch [##................................................]  4.66%
        18 iter, 0 epoch / 3 epochs
  0.081859 iters/sec. Estimated time to finish: 3:52:06.369611.
[4A[J     total [..................................................]  1.64%
this epoch [##................................................]  4.92%
        19 iter, 0 epoch / 3 epochs
  0.081438 iters/sec. Estimated time to finish: 3:53:06.182957.
[4A[J     total [..................................................]  1.73%
this epoch [##................................................]  5.18%
        20 iter, 0 epoch / 3 epochs
  0.081059 iters/sec. Estimated time to finish: 3:53:59.187962.
[4A[J     total [..................................................]  1.81%
this epoch [##................................................]  5.44%
        21 iter, 0 epoch / 3 epochs
  0.081057 iters/sec. Estimated time to finish: 3:53:47.137596.
[4A[J     total [..................................................]  1.90%
this epoch [##................................................]  5.70%
        22 iter, 0 epoch / 3 epochs
  0.080672 iters/sec. Estimated time to finish: 3:54:41.643516.
[4A[J     total [..................................................]  1.99%
this epoch [##................................................]  5.96%
        23 iter, 0 epoch / 3 epochs
  0.080748 iters/sec. Estimated time to finish: 3:54:16.142325.
[4A[J     total [#.................................................]  2.07%
this epoch [###...............................................]  6.22%
        24 iter, 0 epoch / 3 epochs
  0.080735 iters/sec. Estimated time to finish: 3:54:05.877381.
[4A[J     total [#.................................................]  2.16%
this epoch [###...............................................]  6.48%
        25 iter, 0 epoch / 3 epochs
  0.080574 iters/sec. Estimated time to finish: 3:54:21.638332.
[4A[J     total [#.................................................]  2.25%
this epoch [###...............................................]  6.74%
        26 iter, 0 epoch / 3 epochs
  0.080331 iters/sec. Estimated time to finish: 3:54:51.687603.
[4A[J     total [#.................................................]  2.33%
this epoch [###...............................................]  6.99%
        27 iter, 0 epoch / 3 epochs
  0.080085 iters/sec. Estimated time to finish: 3:55:22.532946.
[4A[J     total [#.................................................]  2.42%
this epoch [###...............................................]  7.25%
        28 iter, 0 epoch / 3 epochs
  0.079644 iters/sec. Estimated time to finish: 3:56:28.155914.
[4A[J     total [#.................................................]  2.50%
this epoch [###...............................................]  7.51%
        29 iter, 0 epoch / 3 epochs
  0.078997 iters/sec. Estimated time to finish: 3:58:11.660608.
[4A[J     total [#.................................................]  2.59%
this epoch [###...............................................]  7.77%
        30 iter, 0 epoch / 3 epochs
  0.079241 iters/sec. Estimated time to finish: 3:57:15.086001.
[4A[J     total [#.................................................]  2.68%
this epoch [####..............................................]  8.03%
        31 iter, 0 epoch / 3 epochs
  0.079041 iters/sec. Estimated time to finish: 3:57:38.354055.
[4A[J     total [#.................................................]  2.76%
this epoch [####..............................................]  8.29%
        32 iter, 0 epoch / 3 epochs
  0.079159 iters/sec. Estimated time to finish: 3:57:04.518202.
[4A[J     total [#.................................................]  2.85%
this epoch [####..............................................]  8.55%
        33 iter, 0 epoch / 3 epochs
  0.079087 iters/sec. Estimated time to finish: 3:57:04.802940.
[4A[J     total [#.................................................]  2.94%
this epoch [####..............................................]  8.81%
        34 iter, 0 epoch / 3 epochs
  0.078626 iters/sec. Estimated time to finish: 3:58:15.593643.
[4A[J     total [#.................................................]  3.02%
this epoch [####..............................................]  9.07%
        35 iter, 0 epoch / 3 epochs
  0.078481 iters/sec. Estimated time to finish: 3:58:29.236459.
[4A[J     total [#.................................................]  3.11%
this epoch [####..............................................]  9.33%
        36 iter, 0 epoch / 3 epochs
  0.078385 iters/sec. Estimated time to finish: 3:58:34.025764.
[4A[J     total [#.................................................]  3.20%
this epoch [####..............................................]  9.59%
        37 iter, 0 epoch / 3 epochs
   0.07801 iters/sec. Estimated time to finish: 3:59:29.938126.
[4A[J     total [#.................................................]  3.28%
this epoch [####..............................................]  9.84%
        38 iter, 0 epoch / 3 epochs
  0.077604 iters/sec. Estimated time to finish: 4:00:32.256962.
[4A[J     total [#.................................................]  3.37%
this epoch [#####.............................................] 10.10%
        39 iter, 0 epoch / 3 epochs
  0.077426 iters/sec. Estimated time to finish: 4:00:52.508847.
[4A[J     total [#.................................................]  3.45%
this epoch [#####.............................................] 10.36%
        40 iter, 0 epoch / 3 epochs
  0.077238 iters/sec. Estimated time to finish: 4:01:14.831244.
[4A[J     total [#.................................................]  3.54%
this epoch [#####.............................................] 10.62%
        41 iter, 0 epoch / 3 epochs
  0.076899 iters/sec. Estimated time to finish: 4:02:05.511738.
[4A[J     total [#.................................................]  3.63%
this epoch [#####.............................................] 10.88%
        42 iter, 0 epoch / 3 epochs
  0.076474 iters/sec. Estimated time to finish: 4:03:13.111238.
[4A[J     total [#.................................................]  3.71%
this epoch [#####.............................................] 11.14%
        43 iter, 0 epoch / 3 epochs
  0.076052 iters/sec. Estimated time to finish: 4:04:21.022821.
[4A[J     total [#.................................................]  3.80%
this epoch [#####.............................................] 11.40%
        44 iter, 0 epoch / 3 epochs
  0.075788 iters/sec. Estimated time to finish: 4:04:58.971066.
[4A[J     total [#.................................................]  3.89%
this epoch [#####.............................................] 11.66%
        45 iter, 0 epoch / 3 epochs
   0.07554 iters/sec. Estimated time to finish: 4:05:33.952985.
[4A[J     total [#.................................................]  3.97%
this epoch [#####.............................................] 11.92%
        46 iter, 0 epoch / 3 epochs
  0.075293 iters/sec. Estimated time to finish: 4:06:08.936917.
[4A[J     total [##................................................]  4.06%
this epoch [######............................................] 12.18%
        47 iter, 0 epoch / 3 epochs
  0.075259 iters/sec. Estimated time to finish: 4:06:02.286172.
[4A[J     total [##................................................]  4.15%
this epoch [######............................................] 12.44%
        48 iter, 0 epoch / 3 epochs
  0.075149 iters/sec. Estimated time to finish: 4:06:10.722846.
[4A[J     total [##................................................]  4.23%
this epoch [######............................................] 12.69%
        49 iter, 0 epoch / 3 epochs
  0.074962 iters/sec. Estimated time to finish: 4:06:34.234270.
[4A[J     total [##................................................]  4.32%
this epoch [######............................................] 12.95%
        50 iter, 0 epoch / 3 epochs
  0.074748 iters/sec. Estimated time to finish: 4:07:03.088175.
[4A[J     total [##................................................]  4.40%
this epoch [######............................................] 13.21%
        51 iter, 0 epoch / 3 epochs
  0.074627 iters/sec. Estimated time to finish: 4:07:13.760548.
[4A[J     total [##................................................]  4.49%
this epoch [######............................................] 13.47%
        52 iter, 0 epoch / 3 epochs
  0.074396 iters/sec. Estimated time to finish: 4:07:46.486370.
[4A[J     total [##................................................]  4.58%
this epoch [######............................................] 13.73%
        53 iter, 0 epoch / 3 epochs
  0.074923 iters/sec. Estimated time to finish: 4:05:48.497740.
[4A[J     total [##................................................]  4.66%
this epoch [######............................................] 13.99%
        54 iter, 0 epoch / 3 epochs
   0.07459 iters/sec. Estimated time to finish: 4:06:40.874360.
[4A[J     total [##................................................]  4.75%
this epoch [#######...........................................] 14.25%
        55 iter, 0 epoch / 3 epochs
  0.074435 iters/sec. Estimated time to finish: 4:06:58.355365.
[4A[J     total [##................................................]  4.84%
this epoch [#######...........................................] 14.51%
        56 iter, 0 epoch / 3 epochs
  0.074195 iters/sec. Estimated time to finish: 4:07:32.784083.
[4A[J     total [##................................................]  4.92%
this epoch [#######...........................................] 14.77%
        57 iter, 0 epoch / 3 epochs
  0.073981 iters/sec. Estimated time to finish: 4:08:02.260939.
[4A[J     total [##................................................]  5.01%
this epoch [#######...........................................] 15.03%
        58 iter, 0 epoch / 3 epochs
  0.073742 iters/sec. Estimated time to finish: 4:08:36.828238.
[4A[J     total [##................................................]  5.09%
this epoch [#######...........................................] 15.28%
        59 iter, 0 epoch / 3 epochs
  0.073524 iters/sec. Estimated time to finish: 4:09:07.429714.
[4A[J     total [##................................................]  5.18%
this epoch [#######...........................................] 15.54%
        60 iter, 0 epoch / 3 epochs
   0.07327 iters/sec. Estimated time to finish: 4:09:45.684797.
[4A[J     total [##................................................]  5.27%
this epoch [#######...........................................] 15.80%
        61 iter, 0 epoch / 3 epochs
  0.073208 iters/sec. Estimated time to finish: 4:09:44.723393.
[4A[J     total [##................................................]  5.35%
this epoch [########..........................................] 16.06%
        62 iter, 0 epoch / 3 epochs
  0.072952 iters/sec. Estimated time to finish: 4:10:23.478520.
[4A[J     total [##................................................]  5.44%
this epoch [########..........................................] 16.32%
        63 iter, 0 epoch / 3 epochs
  0.072871 iters/sec. Estimated time to finish: 4:10:26.656181.
[4A[J     total [##................................................]  5.53%
this epoch [########..........................................] 16.58%
        64 iter, 0 epoch / 3 epochs
  0.072718 iters/sec. Estimated time to finish: 4:10:44.387465.
[4A[J     total [##................................................]  5.61%
this epoch [########..........................................] 16.84%
        65 iter, 0 epoch / 3 epochs
  0.072717 iters/sec. Estimated time to finish: 4:10:30.848556.
[4A[J     total [##................................................]  5.70%
this epoch [########..........................................] 17.10%
        66 iter, 0 epoch / 3 epochs
  0.072751 iters/sec. Estimated time to finish: 4:10:10.166605.
[4A[J     total [##................................................]  5.79%
this epoch [########..........................................] 17.36%
        67 iter, 0 epoch / 3 epochs
  0.072573 iters/sec. Estimated time to finish: 4:10:33.081304.
[4A[J     total [##................................................]  5.87%
this epoch [########..........................................] 17.62%
        68 iter, 0 epoch / 3 epochs
  0.072888 iters/sec. Estimated time to finish: 4:09:14.480643.
[4A[J     total [##................................................]  5.96%
this epoch [########..........................................] 17.88%
        69 iter, 0 epoch / 3 epochs
  0.072803 iters/sec. Estimated time to finish: 4:09:18.274108.
[4A[J     total [###...............................................]  6.04%
this epoch [#########.........................................] 18.13%
        70 iter, 0 epoch / 3 epochs
  0.072757 iters/sec. Estimated time to finish: 4:09:13.987159.
[4A[J     total [###...............................................]  6.13%
this epoch [#########.........................................] 18.39%
        71 iter, 0 epoch / 3 epochs
  0.072651 iters/sec. Estimated time to finish: 4:09:22.040879.
[4A[J     total [###...............................................]  6.22%
this epoch [#########.........................................] 18.65%
        72 iter, 0 epoch / 3 epochs
  0.072614 iters/sec. Estimated time to finish: 4:09:15.812200.
[4A[J     total [###...............................................]  6.30%
this epoch [#########.........................................] 18.91%
        73 iter, 0 epoch / 3 epochs
  0.072635 iters/sec. Estimated time to finish: 4:08:57.755453.
[4A[J     total [###...............................................]  6.39%
this epoch [#########.........................................] 19.17%
        74 iter, 0 epoch / 3 epochs
  0.072659 iters/sec. Estimated time to finish: 4:08:39.080662.
[4A[J     total [###...............................................]  6.48%
this epoch [#########.........................................] 19.43%
        75 iter, 0 epoch / 3 epochs
   0.07255 iters/sec. Estimated time to finish: 4:08:47.724555.
[4A[J     total [###...............................................]  6.56%
this epoch [#########.........................................] 19.69%
        76 iter, 0 epoch / 3 epochs
   0.07252 iters/sec. Estimated time to finish: 4:08:39.960495.
[4A[J     total [###...............................................]  6.65%
this epoch [#########.........................................] 19.95%
        77 iter, 0 epoch / 3 epochs
   0.07247 iters/sec. Estimated time to finish: 4:08:36.499657.
[4A[J     total [###...............................................]  6.74%
this epoch [##########........................................] 20.21%
        78 iter, 0 epoch / 3 epochs
   0.07239 iters/sec. Estimated time to finish: 4:08:39.234380.
[4A[J     total [###...............................................]  6.82%
this epoch [##########........................................] 20.47%
        79 iter, 0 epoch / 3 epochs
  0.072384 iters/sec. Estimated time to finish: 4:08:26.539454.
[4A[J     total [###...............................................]  6.91%
this epoch [##########........................................] 20.73%
        80 iter, 0 epoch / 3 epochs
  0.072314 iters/sec. Estimated time to finish: 4:08:27.194593.
[4A[J     total [###...............................................]  6.99%
this epoch [##########........................................] 20.98%
        81 iter, 0 epoch / 3 epochs
  0.072197 iters/sec. Estimated time to finish: 4:08:37.587964.
[4A[J     total [###...............................................]  7.08%
this epoch [##########........................................] 21.24%
        82 iter, 0 epoch / 3 epochs
  0.072162 iters/sec. Estimated time to finish: 4:08:30.875145.
[4A[J     total [###...............................................]  7.17%
this epoch [##########........................................] 21.50%
        83 iter, 0 epoch / 3 epochs
  0.072028 iters/sec. Estimated time to finish: 4:08:44.827663.
[4A[J     total [###...............................................]  7.25%
this epoch [##########........................................] 21.76%
        84 iter, 0 epoch / 3 epochs
  0.071974 iters/sec. Estimated time to finish: 4:08:42.023544.
[4A[J     total [###...............................................]  7.34%
this epoch [###########.......................................] 22.02%
        85 iter, 0 epoch / 3 epochs
  0.071971 iters/sec. Estimated time to finish: 4:08:28.783260.
[4A[J     total [###...............................................]  7.43%
this epoch [###########.......................................] 22.28%
        86 iter, 0 epoch / 3 epochs
  0.071963 iters/sec. Estimated time to finish: 4:08:16.557351.
[4A[J     total [###...............................................]  7.51%
this epoch [###########.......................................] 22.54%
        87 iter, 0 epoch / 3 epochs
  0.071823 iters/sec. Estimated time to finish: 4:08:31.704480.
[4A[J     total [###...............................................]  7.60%
this epoch [###########.......................................] 22.80%
        88 iter, 0 epoch / 3 epochs
  0.071793 iters/sec. Estimated time to finish: 4:08:23.894778.
[4A[J     total [###...............................................]  7.69%
this epoch [###########.......................................] 23.06%
        89 iter, 0 epoch / 3 epochs
  0.071711 iters/sec. Estimated time to finish: 4:08:27.075226.
[4A[J     total [###...............................................]  7.77%
this epoch [###########.......................................] 23.32%
        90 iter, 0 epoch / 3 epochs
  0.071661 iters/sec. Estimated time to finish: 4:08:23.447096.
[4A[J     total [###...............................................]  7.86%
this epoch [###########.......................................] 23.58%
        91 iter, 0 epoch / 3 epochs
  0.071587 iters/sec. Estimated time to finish: 4:08:25.010919.
[4A[J     total [###...............................................]  7.94%
this epoch [###########.......................................] 23.83%
        92 iter, 0 epoch / 3 epochs
  0.071489 iters/sec. Estimated time to finish: 4:08:31.376560.
[4A[J     total [####..............................................]  8.03%
this epoch [############......................................] 24.09%
        93 iter, 0 epoch / 3 epochs
  0.071479 iters/sec. Estimated time to finish: 4:08:19.490448.
[4A[J     total [####..............................................]  8.12%
this epoch [############......................................] 24.35%
        94 iter, 0 epoch / 3 epochs
  0.071429 iters/sec. Estimated time to finish: 4:08:15.940519.
[4A[J     total [####..............................................]  8.20%
this epoch [############......................................] 24.61%
        95 iter, 0 epoch / 3 epochs
  0.071375 iters/sec. Estimated time to finish: 4:08:13.133117.
[4A[J     total [####..............................................]  8.29%
this epoch [############......................................] 24.87%
        96 iter, 0 epoch / 3 epochs
  0.071303 iters/sec. Estimated time to finish: 4:08:14.102464.
[4A[J     total [####..............................................]  8.38%
this epoch [############......................................] 25.13%
        97 iter, 0 epoch / 3 epochs
  0.071195 iters/sec. Estimated time to finish: 4:08:22.818621.
[4A[J     total [####..............................................]  8.46%
this epoch [############......................................] 25.39%
        98 iter, 0 epoch / 3 epochs
  0.071173 iters/sec. Estimated time to finish: 4:08:13.390616.
[4A[J     total [####..............................................]  8.55%
this epoch [############......................................] 25.65%
        99 iter, 0 epoch / 3 epochs
  0.071081 iters/sec. Estimated time to finish: 4:08:18.423737.
[4A[J     total [####..............................................]  8.64%
this epoch [############......................................] 25.91%
       100 iter, 0 epoch / 3 epochs
  0.071329 iters/sec. Estimated time to finish: 4:07:12.602338.
[4A[J     total [####..............................................]  8.72%
this epoch [#############.....................................] 26.17%
       101 iter, 0 epoch / 3 epochs
  0.071196 iters/sec. Estimated time to finish: 4:07:26.294441.
[4A[J     total [####..............................................]  8.81%
this epoch [#############.....................................] 26.42%
       102 iter, 0 epoch / 3 epochs
  0.070975 iters/sec. Estimated time to finish: 4:07:58.557510.
[4A[J     total [####..............................................]  8.89%
this epoch [#############.....................................] 26.68%
       103 iter, 0 epoch / 3 epochs
   0.07092 iters/sec. Estimated time to finish: 4:07:56.020008.
[4A[J     total [####..............................................]  8.98%
this epoch [#############.....................................] 26.94%
       104 iter, 0 epoch / 3 epochs
  0.070861 iters/sec. Estimated time to finish: 4:07:54.218063.
[4A[J     total [####..............................................]  9.07%
this epoch [#############.....................................] 27.20%
       105 iter, 0 epoch / 3 epochs
  0.070347 iters/sec. Estimated time to finish: 4:09:28.654980.
[4A[J     total [####..............................................]  9.15%
this epoch [#############.....................................] 27.46%
       106 iter, 0 epoch / 3 epochs
  0.070232 iters/sec. Estimated time to finish: 4:09:38.914483.
[4A[J     total [####..............................................]  9.24%
this epoch [#############.....................................] 27.72%
       107 iter, 0 epoch / 3 epochs
   0.07018 iters/sec. Estimated time to finish: 4:09:35.730381.
[4A[J     total [####..............................................]  9.33%
this epoch [#############.....................................] 27.98%
       108 iter, 0 epoch / 3 epochs
  0.070163 iters/sec. Estimated time to finish: 4:09:25.201702.
[4A[J     total [####..............................................]  9.41%
this epoch [##############....................................] 28.24%
       109 iter, 0 epoch / 3 epochs
  0.070114 iters/sec. Estimated time to finish: 4:09:21.363225.
[4A[J     total [####..............................................]  9.50%
this epoch [##############....................................] 28.50%
       110 iter, 0 epoch / 3 epochs
  0.070052 iters/sec. Estimated time to finish: 4:09:20.303669.
[4A[J     total [####..............................................]  9.59%
this epoch [##############....................................] 28.76%
       111 iter, 0 epoch / 3 epochs
  0.069959 iters/sec. Estimated time to finish: 4:09:25.875300.
[4A[J     total [####..............................................]  9.67%
this epoch [##############....................................] 29.02%
       112 iter, 0 epoch / 3 epochs
  0.069842 iters/sec. Estimated time to finish: 4:09:36.582333.
[4A[J     total [####..............................................]  9.76%
this epoch [##############....................................] 29.27%
       113 iter, 0 epoch / 3 epochs
  0.069714 iters/sec. Estimated time to finish: 4:09:49.750941.
[4A[J     total [####..............................................]  9.84%
this epoch [##############....................................] 29.53%
       114 iter, 0 epoch / 3 epochs
  0.069625 iters/sec. Estimated time to finish: 4:09:54.573391.
[4A[J     total [####..............................................]  9.93%
this epoch [##############....................................] 29.79%
       115 iter, 0 epoch / 3 epochs
  0.069471 iters/sec. Estimated time to finish: 4:10:13.561821.
[4A[J     total [#####.............................................] 10.02%
this epoch [###############...................................] 30.05%
       116 iter, 0 epoch / 3 epochs
  0.069436 iters/sec. Estimated time to finish: 4:10:06.563363.
[4A[J     total [#####.............................................] 10.10%
this epoch [###############...................................] 30.31%
       117 iter, 0 epoch / 3 epochs
  0.069269 iters/sec. Estimated time to finish: 4:10:28.348082.
[4A[J     total [#####.............................................] 10.19%
this epoch [###############...................................] 30.57%
       118 iter, 0 epoch / 3 epochs
  0.069154 iters/sec. Estimated time to finish: 4:10:38.835038.
[4A[J     total [#####.............................................] 10.28%
this epoch [###############...................................] 30.83%
       119 iter, 0 epoch / 3 epochs
  0.068999 iters/sec. Estimated time to finish: 4:10:58.292489.
[4A[J     total [#####.............................................] 10.36%
this epoch [###############...................................] 31.09%
       120 iter, 0 epoch / 3 epochs
  0.068879 iters/sec. Estimated time to finish: 4:11:09.831573.
[4A[J     total [#####.............................................] 10.45%
this epoch [###############...................................] 31.35%
       121 iter, 0 epoch / 3 epochs
  0.068714 iters/sec. Estimated time to finish: 4:11:31.509554.
[4A[J     total [#####.............................................] 10.54%
this epoch [###############...................................] 31.61%
       122 iter, 0 epoch / 3 epochs
  0.068567 iters/sec. Estimated time to finish: 4:11:49.374957.
[4A[J     total [#####.............................................] 10.62%
this epoch [###############...................................] 31.87%
       123 iter, 0 epoch / 3 epochs
  0.068358 iters/sec. Estimated time to finish: 4:12:20.782374.
[4A[J     total [#####.............................................] 10.71%
this epoch [################..................................] 32.12%
       124 iter, 0 epoch / 3 epochs
  0.068224 iters/sec. Estimated time to finish: 4:12:35.879829.
[4A[J     total [#####.............................................] 10.79%
this epoch [################..................................] 32.38%
       125 iter, 0 epoch / 3 epochs
  0.068095 iters/sec. Estimated time to finish: 4:12:50.019110.
[4A[J     total [#####.............................................] 10.88%
this epoch [################..................................] 32.64%
       126 iter, 0 epoch / 3 epochs
  0.068019 iters/sec. Estimated time to finish: 4:12:52.233131.
[4A[J     total [#####.............................................] 10.97%
this epoch [################..................................] 32.90%
       127 iter, 0 epoch / 3 epochs
  0.068012 iters/sec. Estimated time to finish: 4:12:39.099133.
[4A[J     total [#####.............................................] 11.05%
this epoch [################..................................] 33.16%
       128 iter, 0 epoch / 3 epochs
  0.068074 iters/sec. Estimated time to finish: 4:12:10.673579.
[4A[J     total [#####.............................................] 11.14%
this epoch [################..................................] 33.42%
       129 iter, 0 epoch / 3 epochs
  0.067827 iters/sec. Estimated time to finish: 4:12:50.990595.
[4A[J     total [#####.............................................] 11.23%
this epoch [################..................................] 33.68%
       130 iter, 0 epoch / 3 epochs
  0.067768 iters/sec. Estimated time to finish: 4:12:49.437038.
[4A[J     total [#####.............................................] 11.31%
this epoch [################..................................] 33.94%
       131 iter, 0 epoch / 3 epochs
  0.067558 iters/sec. Estimated time to finish: 4:13:21.708175.
[4A[J     total [#####.............................................] 11.40%
this epoch [#################.................................] 34.20%
       132 iter, 0 epoch / 3 epochs
   0.06753 iters/sec. Estimated time to finish: 4:13:13.142333.
[4A[J     total [#####.............................................] 11.49%
this epoch [#################.................................] 34.46%
       133 iter, 0 epoch / 3 epochs
  0.067551 iters/sec. Estimated time to finish: 4:12:53.748921.
[4A[J     total [#####.............................................] 11.57%
this epoch [#################.................................] 34.72%
       134 iter, 0 epoch / 3 epochs
  0.067447 iters/sec. Estimated time to finish: 4:13:02.304083.
[4A[J     total [#####.............................................] 11.66%
this epoch [#################.................................] 34.97%
       135 iter, 0 epoch / 3 epochs
  0.067332 iters/sec. Estimated time to finish: 4:13:13.258349.
[4A[J     total [#####.............................................] 11.74%
this epoch [#################.................................] 35.23%
       136 iter, 0 epoch / 3 epochs
  0.067274 iters/sec. Estimated time to finish: 4:13:11.503494.
[4A[J     total [#####.............................................] 11.83%
this epoch [#################.................................] 35.49%
       137 iter, 0 epoch / 3 epochs
  0.067287 iters/sec. Estimated time to finish: 4:12:53.899734.
[4A[J     total [#####.............................................] 11.92%
this epoch [#################.................................] 35.75%
       138 iter, 0 epoch / 3 epochs
  0.067245 iters/sec. Estimated time to finish: 4:12:48.370975.
[4A[J     total [######............................................] 12.00%
this epoch [##################................................] 36.01%
       139 iter, 0 epoch / 3 epochs
  0.067174 iters/sec. Estimated time to finish: 4:12:49.655512.
[4A[J     total [######............................................] 12.09%
this epoch [##################................................] 36.27%
       140 iter, 0 epoch / 3 epochs
  0.067226 iters/sec. Estimated time to finish: 4:12:23.006979.
[4A[J     total [######............................................] 12.18%
this epoch [##################................................] 36.53%
       141 iter, 0 epoch / 3 epochs
  0.067304 iters/sec. Estimated time to finish: 4:11:50.544737.
[4A[J     total [######............................................] 12.26%
this epoch [##################................................] 36.79%
       142 iter, 0 epoch / 3 epochs
   0.06741 iters/sec. Estimated time to finish: 4:11:11.891440.
[4A[J     total [######............................................] 12.35%
this epoch [##################................................] 37.05%
       143 iter, 0 epoch / 3 epochs
  0.067366 iters/sec. Estimated time to finish: 4:11:06.919118.
[4A[J     total [######............................................] 12.44%
this epoch [##################................................] 37.31%
       144 iter, 0 epoch / 3 epochs
  0.067315 iters/sec. Estimated time to finish: 4:11:03.414768.
[4A[J     total [######............................................] 12.52%
this epoch [##################................................] 37.56%
       145 iter, 0 epoch / 3 epochs
  0.067339 iters/sec. Estimated time to finish: 4:10:43.355807.
[4A[J     total [######............................................] 12.61%
this epoch [##################................................] 37.82%
       146 iter, 0 epoch / 3 epochs
  0.067247 iters/sec. Estimated time to finish: 4:10:49.030437.
[4A[J     total [######............................................] 12.69%
this epoch [###################...............................] 38.08%
       147 iter, 0 epoch / 3 epochs
  0.067276 iters/sec. Estimated time to finish: 4:10:27.612284.
[4A[J     total [######............................................] 12.78%
this epoch [###################...............................] 38.34%
       148 iter, 0 epoch / 3 epochs
  0.067277 iters/sec. Estimated time to finish: 4:10:12.625481.
[4A[J     total [######............................................] 12.87%
this epoch [###################...............................] 38.60%
       149 iter, 0 epoch / 3 epochs
  0.067306 iters/sec. Estimated time to finish: 4:09:51.171663.
[4A[J     total [######............................................] 12.95%
this epoch [###################...............................] 38.86%
       150 iter, 0 epoch / 3 epochs
  0.067238 iters/sec. Estimated time to finish: 4:09:51.596301.
[4A[J     total [######............................................] 13.04%
this epoch [###################...............................] 39.12%
       151 iter, 0 epoch / 3 epochs
  0.067137 iters/sec. Estimated time to finish: 4:09:59.248492.
[4A[J     total [######............................................] 13.13%
this epoch [###################...............................] 39.38%
       152 iter, 0 epoch / 3 epochs
  0.066694 iters/sec. Estimated time to finish: 4:11:23.860348.
[4A[J     total [######............................................] 13.21%
this epoch [###################...............................] 39.64%
       153 iter, 0 epoch / 3 epochs
  0.066692 iters/sec. Estimated time to finish: 4:11:09.307364.
[4A[J     total [######............................................] 13.30%
this epoch [###################...............................] 39.90%
       154 iter, 0 epoch / 3 epochs
  0.066735 iters/sec. Estimated time to finish: 4:10:44.669087.
[4A[J     total [######............................................] 13.39%
this epoch [####################..............................] 40.16%
       155 iter, 0 epoch / 3 epochs
  0.066742 iters/sec. Estimated time to finish: 4:10:28.012488.
[4A--------------------------------------------------------------------------
mpiexec noticed that process rank 4 with PID 137782 on node g1068 exited on signal 9 (Killed).
--------------------------------------------------------------------------
