No Modulefiles Currently Loaded.
Currently Loaded Modulefiles:
  1) cuda/9.0/9.0.176.4   3) nccl/2.3/2.3.5-2
  2) cudnn/7.3/7.3.1      4) openmpi/2.1.6
Currently Loaded Modulefiles:
  1) cuda/9.0/9.0.176.4   3) nccl/2.3/2.3.5-2
  2) cudnn/7.3/7.3.1      4) openmpi/2.1.6
Currently Loaded Modulefiles:
  1) cuda/9.0/9.0.176.4   3) nccl/2.3/2.3.5-2
  2) cudnn/7.3/7.3.1      4) openmpi/2.1.6
Starting Training 
--------------------------------------------------------------------------
A process has executed an operation involving a call to the
"fork()" system call to create a child process.  Open MPI is currently
operating in a condition that could result in memory corruption or
other system errors; your job may hang, crash, or produce silent
data corruption.  The use of fork() (or system() or other calls that
create child processes) is strongly discouraged.

The process that invoked fork was:

  Local host:          [[6103,1],0] (PID 68483)

If you are *absolutely sure* that your application will successfully
and correctly survive a call to fork(), you may disable this warning
by setting the mpi_warn_on_fork MCA parameter to 0.
--------------------------------------------------------------------------
epoch       main/loss   validation/main/loss  main/accuracy  validation/main/accuracy  elapsed_time
[J     total [..................................................]  0.04%
this epoch [..................................................]  0.13%
         1 iter, 0 epoch / 3 epochs
       inf iters/sec. Estimated time to finish: 0:00:00.
[4A[J     total [..................................................]  0.09%
this epoch [..................................................]  0.26%
         2 iter, 0 epoch / 3 epochs
  0.072558 iters/sec. Estimated time to finish: 8:51:31.508428.
[4A[J     total [..................................................]  0.13%
this epoch [..................................................]  0.39%
         3 iter, 0 epoch / 3 epochs
  0.069929 iters/sec. Estimated time to finish: 9:11:16.563023.
[4A[J     total [..................................................]  0.17%
this epoch [..................................................]  0.52%
         4 iter, 0 epoch / 3 epochs
  0.054272 iters/sec. Estimated time to finish: 11:49:59.952777.
[4A[J     total [..................................................]  0.22%
this epoch [..................................................]  0.65%
         5 iter, 0 epoch / 3 epochs
  0.048686 iters/sec. Estimated time to finish: 13:11:07.499537.
[4A[J     total [..................................................]  0.26%
this epoch [..................................................]  0.78%
         6 iter, 0 epoch / 3 epochs
  0.046708 iters/sec. Estimated time to finish: 13:44:15.789421.
[4A[J     total [..................................................]  0.30%
this epoch [..................................................]  0.91%
         7 iter, 0 epoch / 3 epochs
  0.043452 iters/sec. Estimated time to finish: 14:45:39.414950.
[4A[J     total [..................................................]  0.35%
this epoch [..................................................]  1.04%
         8 iter, 0 epoch / 3 epochs
  0.045806 iters/sec. Estimated time to finish: 13:59:46.757104.
[4A[J     total [..................................................]  0.39%
this epoch [..................................................]  1.17%
         9 iter, 0 epoch / 3 epochs
  0.047827 iters/sec. Estimated time to finish: 13:23:56.457093.
[4A[J     total [..................................................]  0.43%
this epoch [..................................................]  1.30%
        10 iter, 0 epoch / 3 epochs
  0.049799 iters/sec. Estimated time to finish: 12:51:46.009899.
[4A[J     total [..................................................]  0.47%
this epoch [..................................................]  1.42%
        11 iter, 0 epoch / 3 epochs
  0.048764 iters/sec. Estimated time to finish: 13:07:48.497541.
[4A[J     total [..................................................]  0.52%
this epoch [..................................................]  1.55%
        12 iter, 0 epoch / 3 epochs
  0.047569 iters/sec. Estimated time to finish: 13:27:14.439081.
[4A[J     total [..................................................]  0.56%
this epoch [..................................................]  1.68%
        13 iter, 0 epoch / 3 epochs
  0.046512 iters/sec. Estimated time to finish: 13:45:14.380164.
[4A[J     total [..................................................]  0.60%
this epoch [..................................................]  1.81%
        14 iter, 0 epoch / 3 epochs
  0.046376 iters/sec. Estimated time to finish: 13:47:17.496371.
[4A[J     total [..................................................]  0.65%
this epoch [..................................................]  1.94%
        15 iter, 0 epoch / 3 epochs
  0.046498 iters/sec. Estimated time to finish: 13:44:45.754029.
[4A[J     total [..................................................]  0.69%
this epoch [#.................................................]  2.07%
        16 iter, 0 epoch / 3 epochs
  0.047491 iters/sec. Estimated time to finish: 13:27:10.574233.
[4A[J     total [..................................................]  0.73%
this epoch [#.................................................]  2.20%
        17 iter, 0 epoch / 3 epochs
   0.04853 iters/sec. Estimated time to finish: 13:09:32.431916.
[4A[J     total [..................................................]  0.78%
this epoch [#.................................................]  2.33%
        18 iter, 0 epoch / 3 epochs
  0.049481 iters/sec. Estimated time to finish: 12:54:01.936805.
[4A[J     total [..................................................]  0.82%
this epoch [#.................................................]  2.46%
        19 iter, 0 epoch / 3 epochs
  0.049622 iters/sec. Estimated time to finish: 12:51:30.212985.
[4A[J     total [..................................................]  0.86%
this epoch [#.................................................]  2.59%
        20 iter, 0 epoch / 3 epochs
  0.048782 iters/sec. Estimated time to finish: 13:04:26.902186.
[4A[J     total [..................................................]  0.91%
this epoch [#.................................................]  2.72%
        21 iter, 0 epoch / 3 epochs
  0.048264 iters/sec. Estimated time to finish: 13:12:31.228108.
[4A[J     total [..................................................]  0.95%
this epoch [#.................................................]  2.85%
        22 iter, 0 epoch / 3 epochs
  0.047713 iters/sec. Estimated time to finish: 13:21:18.971126.
[4A[J     total [..................................................]  0.99%
this epoch [#.................................................]  2.98%
        23 iter, 0 epoch / 3 epochs
  0.047231 iters/sec. Estimated time to finish: 13:29:08.563506.
[4A[J     total [..................................................]  1.04%
this epoch [#.................................................]  3.11%
        24 iter, 0 epoch / 3 epochs
  0.048108 iters/sec. Estimated time to finish: 13:14:02.351742.
[4A[J     total [..................................................]  1.08%
this epoch [#.................................................]  3.24%
        25 iter, 0 epoch / 3 epochs
  0.048795 iters/sec. Estimated time to finish: 13:02:31.057500.
[4A[J     total [..................................................]  1.12%
this epoch [#.................................................]  3.37%
        26 iter, 0 epoch / 3 epochs
  0.049614 iters/sec. Estimated time to finish: 12:49:16.568892.
[4A[J     total [..................................................]  1.17%
this epoch [#.................................................]  3.50%
        27 iter, 0 epoch / 3 epochs
  0.050244 iters/sec. Estimated time to finish: 12:39:18.106766.
[4A[J     total [..................................................]  1.21%
this epoch [#.................................................]  3.63%
        28 iter, 0 epoch / 3 epochs
  0.049887 iters/sec. Estimated time to finish: 12:44:23.704926.
[4A[J     total [..................................................]  1.25%
this epoch [#.................................................]  3.76%
        29 iter, 0 epoch / 3 epochs
  0.049304 iters/sec. Estimated time to finish: 12:53:05.574034.
[4A[J     total [..................................................]  1.30%
this epoch [#.................................................]  3.89%
        30 iter, 0 epoch / 3 epochs
  0.048812 iters/sec. Estimated time to finish: 13:00:32.591033.
[4A[J     total [..................................................]  1.34%
this epoch [##................................................]  4.02%
        31 iter, 0 epoch / 3 epochs
  0.048442 iters/sec. Estimated time to finish: 13:06:10.179227.
[4A[J     total [..................................................]  1.38%
this epoch [##................................................]  4.15%
        32 iter, 0 epoch / 3 epochs
  0.048443 iters/sec. Estimated time to finish: 13:05:48.445515.
[4A[J     total [..................................................]  1.42%
this epoch [##................................................]  4.27%
        33 iter, 0 epoch / 3 epochs
  0.048924 iters/sec. Estimated time to finish: 12:57:44.306761.
[4A[J     total [..................................................]  1.47%
this epoch [##................................................]  4.40%
        34 iter, 0 epoch / 3 epochs
  0.049387 iters/sec. Estimated time to finish: 12:50:06.179712.
[4A[J     total [..................................................]  1.51%
this epoch [##................................................]  4.53%
        35 iter, 0 epoch / 3 epochs
  0.049881 iters/sec. Estimated time to finish: 12:42:08.570456.
[4A[J     total [..................................................]  1.55%
this epoch [##................................................]  4.66%
        36 iter, 0 epoch / 3 epochs
  0.049646 iters/sec. Estimated time to finish: 12:45:25.000469.
[4A[J     total [..................................................]  1.60%
this epoch [##................................................]  4.79%
        37 iter, 0 epoch / 3 epochs
  0.049203 iters/sec. Estimated time to finish: 12:51:58.041055.
[4A[J     total [..................................................]  1.64%
this epoch [##................................................]  4.92%
        38 iter, 0 epoch / 3 epochs
  0.048716 iters/sec. Estimated time to finish: 12:59:20.364588.
[4A[J     total [..................................................]  1.68%
this epoch [##................................................]  5.05%
        39 iter, 0 epoch / 3 epochs
  0.048204 iters/sec. Estimated time to finish: 13:07:17.023680.
[4A[J     total [..................................................]  1.73%
this epoch [##................................................]  5.18%
        40 iter, 0 epoch / 3 epochs
  0.048255 iters/sec. Estimated time to finish: 13:06:06.522431.
[4A[J     total [..................................................]  1.77%
this epoch [##................................................]  5.31%
        41 iter, 0 epoch / 3 epochs
  0.048792 iters/sec. Estimated time to finish: 12:57:06.571720.
[4A[J     total [..................................................]  1.81%
this epoch [##................................................]  5.44%
        42 iter, 0 epoch / 3 epochs
   0.04918 iters/sec. Estimated time to finish: 12:50:38.129304.
[4A[J     total [..................................................]  1.86%
this epoch [##................................................]  5.57%
        43 iter, 0 epoch / 3 epochs
  0.049552 iters/sec. Estimated time to finish: 12:44:30.935835.
[4A[J     total [..................................................]  1.90%
this epoch [##................................................]  5.70%
        44 iter, 0 epoch / 3 epochs
  0.049873 iters/sec. Estimated time to finish: 12:39:15.859041.
[4A[J     total [..................................................]  1.94%
this epoch [##................................................]  5.83%
        45 iter, 0 epoch / 3 epochs
  0.049671 iters/sec. Estimated time to finish: 12:42:00.821024.
[4A[J     total [..................................................]  1.99%
this epoch [##................................................]  5.96%
        46 iter, 0 epoch / 3 epochs
  0.049268 iters/sec. Estimated time to finish: 12:47:54.567380.
[4A[J     total [#.................................................]  2.03%
this epoch [###...............................................]  6.09%
        47 iter, 0 epoch / 3 epochs
  0.048883 iters/sec. Estimated time to finish: 12:53:36.669962.
[4A[J     total [#.................................................]  2.07%
this epoch [###...............................................]  6.22%
        48 iter, 0 epoch / 3 epochs
  0.048546 iters/sec. Estimated time to finish: 12:58:38.133819.
[4A[J     total [#.................................................]  2.12%
this epoch [###...............................................]  6.35%
        49 iter, 0 epoch / 3 epochs
  0.048636 iters/sec. Estimated time to finish: 12:56:51.391604.
[4A[J     total [#.................................................]  2.16%
this epoch [###...............................................]  6.48%
        50 iter, 0 epoch / 3 epochs
  0.048947 iters/sec. Estimated time to finish: 12:51:35.071624.
[4A[J     total [#.................................................]  2.20%
this epoch [###...............................................]  6.61%
        51 iter, 0 epoch / 3 epochs
  0.049215 iters/sec. Estimated time to finish: 12:47:02.385774.
[4A[J     total [#.................................................]  2.25%
this epoch [###...............................................]  6.74%
        52 iter, 0 epoch / 3 epochs
  0.049487 iters/sec. Estimated time to finish: 12:42:29.660994.
[4A[J     total [#.................................................]  2.29%
this epoch [###...............................................]  6.87%
        53 iter, 0 epoch / 3 epochs
  0.049344 iters/sec. Estimated time to finish: 12:44:21.497087.
[4A[J     total [#.................................................]  2.33%
this epoch [###...............................................]  6.99%
        54 iter, 0 epoch / 3 epochs
  0.049028 iters/sec. Estimated time to finish: 12:48:56.741251.
[4A[J     total [#.................................................]  2.37%
this epoch [###...............................................]  7.12%
        55 iter, 0 epoch / 3 epochs
  0.048502 iters/sec. Estimated time to finish: 12:56:56.583230.
[4A[J     total [#.................................................]  2.42%
this epoch [###...............................................]  7.25%
        56 iter, 0 epoch / 3 epochs
  0.048152 iters/sec. Estimated time to finish: 13:02:15.071970.
[4A[J     total [#.................................................]  2.46%
this epoch [###...............................................]  7.38%
        57 iter, 0 epoch / 3 epochs
  0.048444 iters/sec. Estimated time to finish: 12:57:11.640882.
[4A[J     total [#.................................................]  2.50%
this epoch [###...............................................]  7.51%
        58 iter, 0 epoch / 3 epochs
  0.048726 iters/sec. Estimated time to finish: 12:52:20.846187.
[4A[J     total [#.................................................]  2.55%
this epoch [###...............................................]  7.64%
        59 iter, 0 epoch / 3 epochs
  0.048924 iters/sec. Estimated time to finish: 12:48:53.224788.
[4A[J     total [#.................................................]  2.59%
this epoch [###...............................................]  7.77%
        60 iter, 0 epoch / 3 epochs
  0.049156 iters/sec. Estimated time to finish: 12:44:54.814714.
[4A[J     total [#.................................................]  2.63%
this epoch [###...............................................]  7.90%
        61 iter, 0 epoch / 3 epochs
  0.048936 iters/sec. Estimated time to finish: 12:48:00.446448.
[4A[J     total [#.................................................]  2.68%
this epoch [####..............................................]  8.03%
        62 iter, 0 epoch / 3 epochs
  0.048628 iters/sec. Estimated time to finish: 12:52:31.488060.
[4A[J     total [#.................................................]  2.72%
this epoch [####..............................................]  8.16%
        63 iter, 0 epoch / 3 epochs
  0.048289 iters/sec. Estimated time to finish: 12:57:36.740372.
[4A[J     total [#.................................................]  2.76%
this epoch [####..............................................]  8.29%
        64 iter, 0 epoch / 3 epochs
  0.048008 iters/sec. Estimated time to finish: 13:01:48.951998.
[4A[J     total [#.................................................]  2.81%
this epoch [####..............................................]  8.42%
        65 iter, 0 epoch / 3 epochs
  0.048137 iters/sec. Estimated time to finish: 12:59:22.084896.
[4A[J     total [#.................................................]  2.85%
this epoch [####..............................................]  8.55%
        66 iter, 0 epoch / 3 epochs
  0.048333 iters/sec. Estimated time to finish: 12:55:52.386296.
[4A[J     total [#.................................................]  2.89%
this epoch [####..............................................]  8.68%
        67 iter, 0 epoch / 3 epochs
  0.048486 iters/sec. Estimated time to finish: 12:53:04.812798.
[4A[J     total [#.................................................]  2.94%
this epoch [####..............................................]  8.81%
        68 iter, 0 epoch / 3 epochs
  0.048554 iters/sec. Estimated time to finish: 12:51:39.015601.
[4A[J     total [#.................................................]  2.98%
this epoch [####..............................................]  8.94%
        69 iter, 0 epoch / 3 epochs
  0.048346 iters/sec. Estimated time to finish: 12:54:36.995013.
[4A[J     total [#.................................................]  3.02%
this epoch [####..............................................]  9.07%
        70 iter, 0 epoch / 3 epochs
  0.048229 iters/sec. Estimated time to finish: 12:56:09.331057.
[4A[J     total [#.................................................]  3.07%
this epoch [####..............................................]  9.20%
        71 iter, 0 epoch / 3 epochs
  0.048046 iters/sec. Estimated time to finish: 12:58:46.442427.
[4A[J     total [#.................................................]  3.11%
this epoch [####..............................................]  9.33%
        72 iter, 0 epoch / 3 epochs
  0.047854 iters/sec. Estimated time to finish: 13:01:32.248722.
[4A[J     total [#.................................................]  3.15%
this epoch [####..............................................]  9.46%
        73 iter, 0 epoch / 3 epochs
  0.048066 iters/sec. Estimated time to finish: 12:57:44.958805.
[4A[J     total [#.................................................]  3.20%
this epoch [####..............................................]  9.59%
        74 iter, 0 epoch / 3 epochs
  0.048268 iters/sec. Estimated time to finish: 12:54:09.450921.
[4A[J     total [#.................................................]  3.24%
this epoch [####..............................................]  9.72%
        75 iter, 0 epoch / 3 epochs
  0.048411 iters/sec. Estimated time to finish: 12:51:31.315218.
[4A[J     total [#.................................................]  3.28%
this epoch [####..............................................]  9.84%
        76 iter, 0 epoch / 3 epochs
  0.048444 iters/sec. Estimated time to finish: 12:50:39.111104.
[4A[J     total [#.................................................]  3.32%
this epoch [####..............................................]  9.97%
        77 iter, 0 epoch / 3 epochs
  0.048291 iters/sec. Estimated time to finish: 12:52:44.497113.
[4A[J     total [#.................................................]  3.37%
this epoch [#####.............................................] 10.10%
        78 iter, 0 epoch / 3 epochs
  0.048106 iters/sec. Estimated time to finish: 12:55:22.053899.
[4A[J     total [#.................................................]  3.41%
this epoch [#####.............................................] 10.23%
        79 iter, 0 epoch / 3 epochs
   0.04785 iters/sec. Estimated time to finish: 12:59:09.799949.
[4A[J     total [#.................................................]  3.45%
this epoch [#####.............................................] 10.36%
        80 iter, 0 epoch / 3 epochs
  0.047689 iters/sec. Estimated time to finish: 13:01:26.791839.
[4A[J     total [#.................................................]  3.50%
this epoch [#####.............................................] 10.49%
        81 iter, 0 epoch / 3 epochs
  0.047871 iters/sec. Estimated time to finish: 12:58:08.403650.
[4A[J     total [#.................................................]  3.54%
this epoch [#####.............................................] 10.62%
        82 iter, 0 epoch / 3 epochs
  0.048068 iters/sec. Estimated time to finish: 12:54:35.877954.
[4A[J     total [#.................................................]  3.58%
this epoch [#####.............................................] 10.75%
        83 iter, 0 epoch / 3 epochs
  0.048228 iters/sec. Estimated time to finish: 12:51:40.627904.
[4A[J     total [#.................................................]  3.63%
this epoch [#####.............................................] 10.88%
        84 iter, 0 epoch / 3 epochs
  0.048167 iters/sec. Estimated time to finish: 12:52:19.090007.
[4A[J     total [#.................................................]  3.67%
this epoch [#####.............................................] 11.01%
        85 iter, 0 epoch / 3 epochs
  0.047857 iters/sec. Estimated time to finish: 12:56:57.828475.
[4A[J     total [#.................................................]  3.71%
this epoch [#####.............................................] 11.14%
        86 iter, 0 epoch / 3 epochs
  0.047714 iters/sec. Estimated time to finish: 12:58:56.997169.
[4A[J     total [#.................................................]  3.76%
this epoch [#####.............................................] 11.27%
        87 iter, 0 epoch / 3 epochs
  0.047533 iters/sec. Estimated time to finish: 13:01:33.387122.
[4A[J     total [#.................................................]  3.80%
this epoch [#####.............................................] 11.40%
        88 iter, 0 epoch / 3 epochs
  0.047563 iters/sec. Estimated time to finish: 13:00:42.970416.
[4A[J     total [#.................................................]  3.84%
this epoch [#####.............................................] 11.53%
        89 iter, 0 epoch / 3 epochs
  0.047738 iters/sec. Estimated time to finish: 12:57:29.980137.
[4A[J     total [#.................................................]  3.89%
this epoch [#####.............................................] 11.66%
        90 iter, 0 epoch / 3 epochs
  0.047893 iters/sec. Estimated time to finish: 12:54:38.181780.
[4A[J     total [#.................................................]  3.93%
this epoch [#####.............................................] 11.79%
        91 iter, 0 epoch / 3 epochs
  0.048028 iters/sec. Estimated time to finish: 12:52:07.282886.
[4A[J     total [#.................................................]  3.97%
this epoch [#####.............................................] 11.92%
        92 iter, 0 epoch / 3 epochs
  0.047891 iters/sec. Estimated time to finish: 12:53:58.977020.
[4A[J     total [##................................................]  4.02%
this epoch [######............................................] 12.05%
        93 iter, 0 epoch / 3 epochs
  0.047734 iters/sec. Estimated time to finish: 12:56:10.246232.
[4A[J     total [##................................................]  4.06%
this epoch [######............................................] 12.18%
        94 iter, 0 epoch / 3 epochs
  0.047549 iters/sec. Estimated time to finish: 12:58:50.371388.
[4A[J     total [##................................................]  4.10%
this epoch [######............................................] 12.31%
        95 iter, 0 epoch / 3 epochs
  0.047394 iters/sec. Estimated time to finish: 13:01:02.489344.
[4A[J     total [##................................................]  4.15%
this epoch [######............................................] 12.44%
        96 iter, 0 epoch / 3 epochs
  0.047568 iters/sec. Estimated time to finish: 12:57:49.872814.
[4A[J     total [##................................................]  4.19%
this epoch [######............................................] 12.56%
        97 iter, 0 epoch / 3 epochs
  0.047703 iters/sec. Estimated time to finish: 12:55:17.117299.
[4A[J     total [##................................................]  4.23%
this epoch [######............................................] 12.69%
        98 iter, 0 epoch / 3 epochs
  0.047821 iters/sec. Estimated time to finish: 12:53:01.761619.
[4A[J     total [##................................................]  4.27%
this epoch [######............................................] 12.82%
        99 iter, 0 epoch / 3 epochs
  0.047921 iters/sec. Estimated time to finish: 12:51:03.263575.
[4A[J     total [##................................................]  4.32%
this epoch [######............................................] 12.95%
       100 iter, 0 epoch / 3 epochs
  0.047716 iters/sec. Estimated time to finish: 12:54:01.794475.
[4A[J     total [##................................................]  4.36%
this epoch [######............................................] 13.08%
       101 iter, 0 epoch / 3 epochs
  0.047378 iters/sec. Estimated time to finish: 12:59:11.660359.
[4A[J     total [##................................................]  4.40%
this epoch [######............................................] 13.21%
       102 iter, 0 epoch / 3 epochs
  0.047091 iters/sec. Estimated time to finish: 13:03:34.947624.
[4A[J     total [##................................................]  4.45%
this epoch [######............................................] 13.34%
       103 iter, 0 epoch / 3 epochs
  0.047106 iters/sec. Estimated time to finish: 13:02:58.960590.
[4A[J     total [##................................................]  4.49%
this epoch [######............................................] 13.47%
       104 iter, 0 epoch / 3 epochs
   0.04738 iters/sec. Estimated time to finish: 12:58:06.720833.
[4A[J     total [##................................................]  4.53%
this epoch [######............................................] 13.60%
       105 iter, 0 epoch / 3 epochs
  0.047594 iters/sec. Estimated time to finish: 12:54:15.246928.
[4A[J     total [##................................................]  4.58%
this epoch [######............................................] 13.73%
       106 iter, 0 epoch / 3 epochs
  0.047946 iters/sec. Estimated time to finish: 12:48:13.417073.
[4A[J     total [##................................................]  4.62%
this epoch [######............................................] 13.86%
       107 iter, 0 epoch / 3 epochs
  0.047824 iters/sec. Estimated time to finish: 12:49:50.551760.
[4A[J     total [##................................................]  4.66%
this epoch [######............................................] 13.99%
       108 iter, 0 epoch / 3 epochs
  0.047565 iters/sec. Estimated time to finish: 12:53:40.484107.
[4A[J     total [##................................................]  4.71%
this epoch [#######...........................................] 14.12%
       109 iter, 0 epoch / 3 epochs
  0.047255 iters/sec. Estimated time to finish: 12:58:24.543793.
[4A[J     total [##................................................]  4.75%
this epoch [#######...........................................] 14.25%
       110 iter, 0 epoch / 3 epochs
  0.047216 iters/sec. Estimated time to finish: 12:58:41.284098.
[4A[J     total [##................................................]  4.79%
this epoch [#######...........................................] 14.38%
       111 iter, 0 epoch / 3 epochs
   0.04721 iters/sec. Estimated time to finish: 12:58:26.516714.
[4A[J     total [##................................................]  4.84%
this epoch [#######...........................................] 14.51%
       112 iter, 0 epoch / 3 epochs
   0.04751 iters/sec. Estimated time to finish: 12:53:09.959565.
[4A[J     total [##................................................]  4.88%
this epoch [#######...........................................] 14.64%
       113 iter, 0 epoch / 3 epochs
   0.04767 iters/sec. Estimated time to finish: 12:50:13.963244.
[4A[J     total [##................................................]  4.92%
this epoch [#######...........................................] 14.77%
       114 iter, 0 epoch / 3 epochs
  0.047806 iters/sec. Estimated time to finish: 12:47:40.730344.
[4A[J     total [##................................................]  4.97%
this epoch [#######...........................................] 14.90%
       115 iter, 0 epoch / 3 epochs
  0.047602 iters/sec. Estimated time to finish: 12:50:37.720193.
[4A[J     total [##................................................]  5.01%
this epoch [#######...........................................] 15.03%
       116 iter, 0 epoch / 3 epochs
  0.047316 iters/sec. Estimated time to finish: 12:54:55.791658.
[4A[J     total [##................................................]  5.05%
this epoch [#######...........................................] 15.16%
       117 iter, 0 epoch / 3 epochs
  0.046966 iters/sec. Estimated time to finish: 13:00:21.222775.
[4A[J     total [##................................................]  5.09%
this epoch [#######...........................................] 15.28%
       118 iter, 0 epoch / 3 epochs
  0.046824 iters/sec. Estimated time to finish: 13:02:21.352693.
[4A[J     total [##................................................]  5.14%
this epoch [#######...........................................] 15.41%
       119 iter, 0 epoch / 3 epochs
  0.046929 iters/sec. Estimated time to finish: 13:00:15.139917.
[4A[J     total [##................................................]  5.18%
this epoch [#######...........................................] 15.54%
       120 iter, 0 epoch / 3 epochs
  0.047152 iters/sec. Estimated time to finish: 12:56:13.172279.
[4A[J     total [##................................................]  5.22%
this epoch [#######...........................................] 15.67%
       121 iter, 0 epoch / 3 epochs
  0.047414 iters/sec. Estimated time to finish: 12:51:34.655232.
[4A[J     total [##................................................]  5.27%
this epoch [#######...........................................] 15.80%
       122 iter, 0 epoch / 3 epochs
  0.047642 iters/sec. Estimated time to finish: 12:47:32.049353.
[4A[J     total [##................................................]  5.31%
this epoch [#######...........................................] 15.93%
       123 iter, 0 epoch / 3 epochs
  0.047329 iters/sec. Estimated time to finish: 12:52:15.012935.
[4A[J     total [##................................................]  5.35%
this epoch [########..........................................] 16.06%
       124 iter, 0 epoch / 3 epochs
  0.046905 iters/sec. Estimated time to finish: 12:58:52.956975.
[4A[J     total [##................................................]  5.40%
this epoch [########..........................................] 16.19%
       125 iter, 0 epoch / 3 epochs
  0.046489 iters/sec. Estimated time to finish: 13:05:29.433117.
[4A[J     total [##................................................]  5.44%
this epoch [########..........................................] 16.32%
       126 iter, 0 epoch / 3 epochs
  0.046297 iters/sec. Estimated time to finish: 13:08:23.490766.
[4A[J     total [##................................................]  5.48%
this epoch [########..........................................] 16.45%
       127 iter, 0 epoch / 3 epochs
   0.04649 iters/sec. Estimated time to finish: 13:04:45.627733.
[4A[J     total [##................................................]  5.53%
this epoch [########..........................................] 16.58%
       128 iter, 0 epoch / 3 epochs
  0.046714 iters/sec. Estimated time to finish: 13:00:37.707037.
[4A[J     total [##................................................]  5.57%
this epoch [########..........................................] 16.71%
       129 iter, 0 epoch / 3 epochs
  0.046976 iters/sec. Estimated time to finish: 12:55:56.032888.
[4A[J     total [##................................................]  5.61%
this epoch [########..........................................] 16.84%
       130 iter, 0 epoch / 3 epochs
  0.046953 iters/sec. Estimated time to finish: 12:55:57.572286.
[4A[J     total [##................................................]  5.66%
this epoch [########..........................................] 16.97%
       131 iter, 0 epoch / 3 epochs
  0.046809 iters/sec. Estimated time to finish: 12:57:58.720589.
[4A[J     total [##................................................]  5.70%
this epoch [########..........................................] 17.10%
       132 iter, 0 epoch / 3 epochs
  0.046502 iters/sec. Estimated time to finish: 13:02:45.804024.
[4A[J     total [##................................................]  5.74%
this epoch [########..........................................] 17.23%
       133 iter, 0 epoch / 3 epochs
  0.046202 iters/sec. Estimated time to finish: 13:07:29.427975.
[4A[J     total [##................................................]  5.79%
this epoch [########..........................................] 17.36%
       134 iter, 0 epoch / 3 epochs
   0.04622 iters/sec. Estimated time to finish: 13:06:48.888860.
[4A[J     total [##................................................]  5.83%
this epoch [########..........................................] 17.49%
       135 iter, 0 epoch / 3 epochs
  0.046404 iters/sec. Estimated time to finish: 13:03:20.529412.
[4A[J     total [##................................................]  5.87%
this epoch [########..........................................] 17.62%
       136 iter, 0 epoch / 3 epochs
  0.046671 iters/sec. Estimated time to finish: 12:58:30.072087.
[4A[J     total [##................................................]  5.92%
this epoch [########..........................................] 17.75%
       137 iter, 0 epoch / 3 epochs
   0.04684 iters/sec. Estimated time to finish: 12:55:20.091916.
[4A[J     total [##................................................]  5.96%
this epoch [########..........................................] 17.88%
       138 iter, 0 epoch / 3 epochs
  0.046997 iters/sec. Estimated time to finish: 12:52:23.313842.
[4A[J     total [###...............................................]  6.00%
this epoch [#########.........................................] 18.01%
       139 iter, 0 epoch / 3 epochs
  0.046845 iters/sec. Estimated time to finish: 12:54:32.156717.
[4A[J     total [###...............................................]  6.04%
this epoch [#########.........................................] 18.13%
       140 iter, 0 epoch / 3 epochs
  0.046568 iters/sec. Estimated time to finish: 12:58:47.003225.
[4A[J     total [###...............................................]  6.09%
this epoch [#########.........................................] 18.26%
       141 iter, 0 epoch / 3 epochs
  0.046397 iters/sec. Estimated time to finish: 13:01:18.122561.
[4A[J     total [###...............................................]  6.13%
this epoch [#########.........................................] 18.39%
       142 iter, 0 epoch / 3 epochs
  0.046375 iters/sec. Estimated time to finish: 13:01:19.080827.
[4A[J     total [###...............................................]  6.17%
this epoch [#########.........................................] 18.52%
       143 iter, 0 epoch / 3 epochs
  0.046388 iters/sec. Estimated time to finish: 13:00:44.480869.
[4A[J     total [###...............................................]  6.22%
this epoch [#########.........................................] 18.65%
       144 iter, 0 epoch / 3 epochs
   0.04642 iters/sec. Estimated time to finish: 12:59:49.801177.
[4A[J     total [###...............................................]  6.26%
this epoch [#########.........................................] 18.78%
       145 iter, 0 epoch / 3 epochs
  0.046483 iters/sec. Estimated time to finish: 12:58:24.932525.
[4A[J     total [###...............................................]  6.30%
this epoch [#########.........................................] 18.91%
       146 iter, 0 epoch / 3 epochs
  0.046484 iters/sec. Estimated time to finish: 12:58:03.169477.
[4A[J     total [###...............................................]  6.35%
this epoch [#########.........................................] 19.04%
       147 iter, 0 epoch / 3 epochs
  0.046556 iters/sec. Estimated time to finish: 12:56:29.516321.
[4A[J     total [###...............................................]  6.39%
this epoch [#########.........................................] 19.17%
       148 iter, 0 epoch / 3 epochs
  0.046687 iters/sec. Estimated time to finish: 12:53:56.532912.
[4A[J     total [###...............................................]  6.43%
this epoch [#########.........................................] 19.30%
       149 iter, 0 epoch / 3 epochs
  0.046669 iters/sec. Estimated time to finish: 12:53:53.506910.
[4A[J     total [###...............................................]  6.48%
this epoch [#########.........................................] 19.43%
       150 iter, 0 epoch / 3 epochs
  0.046465 iters/sec. Estimated time to finish: 12:56:55.739703.
[4A[J     total [###...............................................]  6.52%
this epoch [#########.........................................] 19.56%
       151 iter, 0 epoch / 3 epochs
  0.046225 iters/sec. Estimated time to finish: 13:00:35.973779.
[4A[J     total [###...............................................]  6.56%
this epoch [#########.........................................] 19.69%
       152 iter, 0 epoch / 3 epochs
  0.046136 iters/sec. Estimated time to finish: 13:01:45.219045.
[4A[J     total [###...............................................]  6.61%
this epoch [#########.........................................] 19.82%
       153 iter, 0 epoch / 3 epochs
  0.046175 iters/sec. Estimated time to finish: 13:00:43.944072.
[4A[J     total [###...............................................]  6.65%
this epoch [#########.........................................] 19.95%
       154 iter, 0 epoch / 3 epochs
  0.046576 iters/sec. Estimated time to finish: 12:53:38.994805.
[4A[J     total [###...............................................]  6.69%
this epoch [##########........................................] 20.08%
       155 iter, 0 epoch / 3 epochs
   0.04571 iters/sec. Estimated time to finish: 13:07:56.544217.
[4A--------------------------------------------------------------------------
mpiexec noticed that process rank 0 with PID 0 on node g0382 exited on signal 9 (Killed).
--------------------------------------------------------------------------
