No Modulefiles Currently Loaded.
Currently Loaded Modulefiles:
  1) cuda/9.0/9.0.176.4   3) nccl/2.3/2.3.5-2
  2) cudnn/7.3/7.3.1      4) openmpi/2.1.6
Currently Loaded Modulefiles:
  1) cuda/9.0/9.0.176.4   3) nccl/2.3/2.3.5-2
  2) cudnn/7.3/7.3.1      4) openmpi/2.1.6
Currently Loaded Modulefiles:
  1) cuda/9.0/9.0.176.4   3) nccl/2.3/2.3.5-2
  2) cudnn/7.3/7.3.1      4) openmpi/2.1.6
Starting Training 
--------------------------------------------------------------------------
A process has executed an operation involving a call to the
"fork()" system call to create a child process.  Open MPI is currently
operating in a condition that could result in memory corruption or
other system errors; your job may hang, crash, or produce silent
data corruption.  The use of fork() (or system() or other calls that
create child processes) is strongly discouraged.

The process that invoked fork was:

  Local host:          [[1236,1],0] (PID 194065)

If you are *absolutely sure* that your application will successfully
and correctly survive a call to fork(), you may disable this warning
by setting the mpi_warn_on_fork MCA parameter to 0.
--------------------------------------------------------------------------
epoch       main/loss   validation/main/loss  main/accuracy  validation/main/accuracy  elapsed_time
[J     total [..................................................]  0.09%
this epoch [..................................................]  0.26%
         1 iter, 0 epoch / 3 epochs
       inf iters/sec. Estimated time to finish: 0:00:00.
[4A[J     total [..................................................]  0.17%
this epoch [..................................................]  0.52%
         2 iter, 0 epoch / 3 epochs
  0.069694 iters/sec. Estimated time to finish: 4:36:26.894679.
[4A[J     total [..................................................]  0.26%
this epoch [..................................................]  0.78%
         3 iter, 0 epoch / 3 epochs
  0.073853 iters/sec. Estimated time to finish: 4:20:39.185026.
[4A[J     total [..................................................]  0.35%
this epoch [..................................................]  1.04%
         4 iter, 0 epoch / 3 epochs
  0.057002 iters/sec. Estimated time to finish: 5:37:24.789537.
[4A[J     total [..................................................]  0.43%
this epoch [..................................................]  1.30%
         5 iter, 0 epoch / 3 epochs
  0.051155 iters/sec. Estimated time to finish: 6:15:39.264704.
[4A[J     total [..................................................]  0.52%
this epoch [..................................................]  1.55%
         6 iter, 0 epoch / 3 epochs
  0.046246 iters/sec. Estimated time to finish: 6:55:10.008948.
[4A[J     total [..................................................]  0.60%
this epoch [..................................................]  1.81%
         7 iter, 0 epoch / 3 epochs
  0.045297 iters/sec. Estimated time to finish: 7:03:29.963432.
[4A[J     total [..................................................]  0.69%
this epoch [#.................................................]  2.07%
         8 iter, 0 epoch / 3 epochs
  0.047753 iters/sec. Estimated time to finish: 6:41:22.262945.
[4A[J     total [..................................................]  0.78%
this epoch [#.................................................]  2.33%
         9 iter, 0 epoch / 3 epochs
  0.049855 iters/sec. Estimated time to finish: 6:24:06.949807.
[4A[J     total [..................................................]  0.86%
this epoch [#.................................................]  2.59%
        10 iter, 0 epoch / 3 epochs
  0.051864 iters/sec. Estimated time to finish: 6:08:54.849028.
[4A[J     total [..................................................]  0.95%
this epoch [#.................................................]  2.85%
        11 iter, 0 epoch / 3 epochs
  0.053693 iters/sec. Estimated time to finish: 5:56:02.368951.
[4A[J     total [..................................................]  1.04%
this epoch [#.................................................]  3.11%
        12 iter, 0 epoch / 3 epochs
  0.052749 iters/sec. Estimated time to finish: 6:02:05.517733.
[4A[J     total [..................................................]  1.12%
this epoch [#.................................................]  3.37%
        13 iter, 0 epoch / 3 epochs
  0.050917 iters/sec. Estimated time to finish: 6:14:47.479130.
[4A[J     total [..................................................]  1.21%
this epoch [#.................................................]  3.63%
        14 iter, 0 epoch / 3 epochs
  0.049555 iters/sec. Estimated time to finish: 6:24:45.308023.
[4A[J     total [..................................................]  1.30%
this epoch [#.................................................]  3.89%
        15 iter, 0 epoch / 3 epochs
  0.048706 iters/sec. Estimated time to finish: 6:31:07.277048.
[4A[J     total [..................................................]  1.38%
this epoch [##................................................]  4.15%
        16 iter, 0 epoch / 3 epochs
  0.048748 iters/sec. Estimated time to finish: 6:30:26.755390.
[4A[J     total [..................................................]  1.47%
this epoch [##................................................]  4.40%
        17 iter, 0 epoch / 3 epochs
  0.049713 iters/sec. Estimated time to finish: 6:22:31.521476.
[4A[J     total [..................................................]  1.55%
this epoch [##................................................]  4.66%
        18 iter, 0 epoch / 3 epochs
  0.050764 iters/sec. Estimated time to finish: 6:14:16.880458.
[4A[J     total [..................................................]  1.64%
this epoch [##................................................]  4.92%
        19 iter, 0 epoch / 3 epochs
  0.051558 iters/sec. Estimated time to finish: 6:08:11.577810.
[4A[J     total [..................................................]  1.73%
this epoch [##................................................]  5.18%
        20 iter, 0 epoch / 3 epochs
  0.051628 iters/sec. Estimated time to finish: 6:07:22.116632.
[4A[J     total [..................................................]  1.81%
this epoch [##................................................]  5.44%
        21 iter, 0 epoch / 3 epochs
  0.050957 iters/sec. Estimated time to finish: 6:11:53.122658.
[4A[J     total [..................................................]  1.90%
this epoch [##................................................]  5.70%
        22 iter, 0 epoch / 3 epochs
  0.050358 iters/sec. Estimated time to finish: 6:15:58.410379.
[4A[J     total [..................................................]  1.99%
this epoch [##................................................]  5.96%
        23 iter, 0 epoch / 3 epochs
  0.049618 iters/sec. Estimated time to finish: 6:21:14.965107.
[4A[J     total [#.................................................]  2.07%
this epoch [###...............................................]  6.22%
        24 iter, 0 epoch / 3 epochs
  0.048908 iters/sec. Estimated time to finish: 6:26:26.232117.
[4A[J     total [#.................................................]  2.16%
this epoch [###...............................................]  6.48%
        25 iter, 0 epoch / 3 epochs
  0.049696 iters/sec. Estimated time to finish: 6:19:58.817096.
[4A[J     total [#.................................................]  2.25%
this epoch [###...............................................]  6.74%
        26 iter, 0 epoch / 3 epochs
  0.050429 iters/sec. Estimated time to finish: 6:14:07.563303.
[4A[J     total [#.................................................]  2.33%
this epoch [###...............................................]  6.99%
        27 iter, 0 epoch / 3 epochs
   0.05113 iters/sec. Estimated time to finish: 6:08:40.138723.
[4A[J     total [#.................................................]  2.42%
this epoch [###...............................................]  7.25%
        28 iter, 0 epoch / 3 epochs
  0.051623 iters/sec. Estimated time to finish: 6:04:49.447804.
[4A[J     total [#.................................................]  2.50%
this epoch [###...............................................]  7.51%
        29 iter, 0 epoch / 3 epochs
  0.051317 iters/sec. Estimated time to finish: 6:06:40.470234.
[4A[J     total [#.................................................]  2.59%
this epoch [###...............................................]  7.77%
        30 iter, 0 epoch / 3 epochs
   0.05062 iters/sec. Estimated time to finish: 6:11:23.538341.
[4A[J     total [#.................................................]  2.68%
this epoch [####..............................................]  8.03%
        31 iter, 0 epoch / 3 epochs
  0.049946 iters/sec. Estimated time to finish: 6:16:04.553268.
[4A[J     total [#.................................................]  2.76%
this epoch [####..............................................]  8.29%
        32 iter, 0 epoch / 3 epochs
  0.049422 iters/sec. Estimated time to finish: 6:19:43.346746.
[4A[J     total [#.................................................]  2.85%
this epoch [####..............................................]  8.55%
        33 iter, 0 epoch / 3 epochs
  0.049445 iters/sec. Estimated time to finish: 6:19:12.388928.
[4A[J     total [#.................................................]  2.94%
this epoch [####..............................................]  8.81%
        34 iter, 0 epoch / 3 epochs
  0.049894 iters/sec. Estimated time to finish: 6:15:27.744401.
[4A[J     total [#.................................................]  3.02%
this epoch [####..............................................]  9.07%
        35 iter, 0 epoch / 3 epochs
  0.050327 iters/sec. Estimated time to finish: 6:11:53.977230.
[4A[J     total [#.................................................]  3.11%
this epoch [####..............................................]  9.33%
        36 iter, 0 epoch / 3 epochs
   0.05078 iters/sec. Estimated time to finish: 6:08:15.395987.
[4A[J     total [#.................................................]  3.20%
this epoch [####..............................................]  9.59%
        37 iter, 0 epoch / 3 epochs
  0.050412 iters/sec. Estimated time to finish: 6:10:36.799185.
[4A[J     total [#.................................................]  3.28%
this epoch [####..............................................]  9.84%
        38 iter, 0 epoch / 3 epochs
   0.04991 iters/sec. Estimated time to finish: 6:14:00.425347.
[4A[J     total [#.................................................]  3.37%
this epoch [#####.............................................] 10.10%
        39 iter, 0 epoch / 3 epochs
   0.04953 iters/sec. Estimated time to finish: 6:16:32.203581.
[4A[J     total [#.................................................]  3.45%
this epoch [#####.............................................] 10.36%
        40 iter, 0 epoch / 3 epochs
   0.04905 iters/sec. Estimated time to finish: 6:19:53.259726.
[4A[J     total [#.................................................]  3.54%
this epoch [#####.............................................] 10.62%
        41 iter, 0 epoch / 3 epochs
  0.049045 iters/sec. Estimated time to finish: 6:19:35.211892.
[4A[J     total [#.................................................]  3.63%
this epoch [#####.............................................] 10.88%
        42 iter, 0 epoch / 3 epochs
   0.04949 iters/sec. Estimated time to finish: 6:15:49.847240.
[4A[J     total [#.................................................]  3.71%
this epoch [#####.............................................] 11.14%
        43 iter, 0 epoch / 3 epochs
   0.04981 iters/sec. Estimated time to finish: 6:13:05.264797.
[4A[J     total [#.................................................]  3.80%
this epoch [#####.............................................] 11.40%
        44 iter, 0 epoch / 3 epochs
  0.050139 iters/sec. Estimated time to finish: 6:10:18.190187.
[4A[J     total [#.................................................]  3.89%
this epoch [#####.............................................] 11.66%
        45 iter, 0 epoch / 3 epochs
  0.050131 iters/sec. Estimated time to finish: 6:10:01.739883.
[4A[J     total [#.................................................]  3.97%
this epoch [#####.............................................] 11.92%
        46 iter, 0 epoch / 3 epochs
  0.049742 iters/sec. Estimated time to finish: 6:12:35.562108.
[4A[J     total [##................................................]  4.06%
this epoch [######............................................] 12.18%
        47 iter, 0 epoch / 3 epochs
  0.049194 iters/sec. Estimated time to finish: 6:16:23.985703.
[4A[J     total [##................................................]  4.15%
this epoch [######............................................] 12.44%
        48 iter, 0 epoch / 3 epochs
  0.048895 iters/sec. Estimated time to finish: 6:18:21.557625.
[4A[J     total [##................................................]  4.23%
this epoch [######............................................] 12.69%
        49 iter, 0 epoch / 3 epochs
  0.048641 iters/sec. Estimated time to finish: 6:19:59.741680.
[4A[J     total [##................................................]  4.32%
this epoch [######............................................] 12.95%
        50 iter, 0 epoch / 3 epochs
  0.048972 iters/sec. Estimated time to finish: 6:17:05.167975.
[4A[J     total [##................................................]  4.40%
this epoch [######............................................] 13.21%
        51 iter, 0 epoch / 3 epochs
  0.049256 iters/sec. Estimated time to finish: 6:14:34.210063.
[4A[J     total [##................................................]  4.49%
this epoch [######............................................] 13.47%
        52 iter, 0 epoch / 3 epochs
  0.049561 iters/sec. Estimated time to finish: 6:11:55.742951.
[4A[J     total [##................................................]  4.58%
this epoch [######............................................] 13.73%
        53 iter, 0 epoch / 3 epochs
  0.049648 iters/sec. Estimated time to finish: 6:10:56.559731.
[4A[J     total [##................................................]  4.66%
this epoch [######............................................] 13.99%
        54 iter, 0 epoch / 3 epochs
  0.049389 iters/sec. Estimated time to finish: 6:12:33.321712.
[4A[J     total [##................................................]  4.75%
this epoch [#######...........................................] 14.25%
        55 iter, 0 epoch / 3 epochs
   0.04899 iters/sec. Estimated time to finish: 6:15:14.590730.
[4A[J     total [##................................................]  4.84%
this epoch [#######...........................................] 14.51%
        56 iter, 0 epoch / 3 epochs
  0.048613 iters/sec. Estimated time to finish: 6:17:48.641043.
[4A[J     total [##................................................]  4.92%
this epoch [#######...........................................] 14.77%
        57 iter, 0 epoch / 3 epochs
  0.048517 iters/sec. Estimated time to finish: 6:18:13.166798.
[4A[J     total [##................................................]  5.01%
this epoch [#######...........................................] 15.03%
        58 iter, 0 epoch / 3 epochs
  0.048885 iters/sec. Estimated time to finish: 6:15:01.750608.
[4A[J     total [##................................................]  5.09%
this epoch [#######...........................................] 15.28%
        59 iter, 0 epoch / 3 epochs
   0.04912 iters/sec. Estimated time to finish: 6:12:53.882142.
[4A[J     total [##................................................]  5.18%
this epoch [#######...........................................] 15.54%
        60 iter, 0 epoch / 3 epochs
  0.049381 iters/sec. Estimated time to finish: 6:10:35.410084.
[4A[J     total [##................................................]  5.27%
this epoch [#######...........................................] 15.80%
        61 iter, 0 epoch / 3 epochs
   0.04956 iters/sec. Estimated time to finish: 6:08:54.839508.
[4A[J     total [##................................................]  5.35%
this epoch [########..........................................] 16.06%
        62 iter, 0 epoch / 3 epochs
  0.049267 iters/sec. Estimated time to finish: 6:10:45.988317.
[4A[J     total [##................................................]  5.44%
this epoch [########..........................................] 16.32%
        63 iter, 0 epoch / 3 epochs
  0.048987 iters/sec. Estimated time to finish: 6:12:32.801530.
[4A[J     total [##................................................]  5.53%
this epoch [########..........................................] 16.58%
        64 iter, 0 epoch / 3 epochs
  0.048693 iters/sec. Estimated time to finish: 6:14:27.200462.
[4A[J     total [##................................................]  5.61%
this epoch [########..........................................] 16.84%
        65 iter, 0 epoch / 3 epochs
  0.048426 iters/sec. Estimated time to finish: 6:16:10.486481.
[4A[J     total [##................................................]  5.70%
this epoch [########..........................................] 17.10%
        66 iter, 0 epoch / 3 epochs
  0.048576 iters/sec. Estimated time to finish: 6:14:40.359193.
[4A[J     total [##................................................]  5.79%
this epoch [########..........................................] 17.36%
        67 iter, 0 epoch / 3 epochs
  0.048758 iters/sec. Estimated time to finish: 6:12:55.606669.
[4A[J     total [##................................................]  5.87%
this epoch [########..........................................] 17.62%
        68 iter, 0 epoch / 3 epochs
  0.048991 iters/sec. Estimated time to finish: 6:10:49.113390.
[4A[J     total [##................................................]  5.96%
this epoch [########..........................................] 17.88%
        69 iter, 0 epoch / 3 epochs
  0.048961 iters/sec. Estimated time to finish: 6:10:42.305863.
[4A[J     total [###...............................................]  6.04%
this epoch [#########.........................................] 18.13%
        70 iter, 0 epoch / 3 epochs
  0.048797 iters/sec. Estimated time to finish: 6:11:36.371548.
[4A[J     total [###...............................................]  6.13%
this epoch [#########.........................................] 18.39%
        71 iter, 0 epoch / 3 epochs
  0.048574 iters/sec. Estimated time to finish: 6:12:58.350229.
[4A[J     total [###...............................................]  6.22%
this epoch [#########.........................................] 18.65%
        72 iter, 0 epoch / 3 epochs
  0.048289 iters/sec. Estimated time to finish: 6:14:49.472514.
[4A[J     total [###...............................................]  6.30%
this epoch [#########.........................................] 18.91%
        73 iter, 0 epoch / 3 epochs
  0.048178 iters/sec. Estimated time to finish: 6:15:20.540560.
[4A[J     total [###...............................................]  6.39%
this epoch [#########.........................................] 19.17%
        74 iter, 0 epoch / 3 epochs
  0.048382 iters/sec. Estimated time to finish: 6:13:25.040626.
[4A[J     total [###...............................................]  6.48%
this epoch [#########.........................................] 19.43%
        75 iter, 0 epoch / 3 epochs
  0.048545 iters/sec. Estimated time to finish: 6:11:49.133404.
[4A[J     total [###...............................................]  6.56%
this epoch [#########.........................................] 19.69%
        76 iter, 0 epoch / 3 epochs
  0.048719 iters/sec. Estimated time to finish: 6:10:09.024558.
[4A[J     total [###...............................................]  6.65%
this epoch [#########.........................................] 19.95%
        77 iter, 0 epoch / 3 epochs
  0.048599 iters/sec. Estimated time to finish: 6:10:43.073768.
[4A[J     total [###...............................................]  6.74%
this epoch [##########........................................] 20.21%
        78 iter, 0 epoch / 3 epochs
  0.048402 iters/sec. Estimated time to finish: 6:11:53.062293.
[4A[J     total [###...............................................]  6.82%
this epoch [##########........................................] 20.47%
        79 iter, 0 epoch / 3 epochs
   0.04814 iters/sec. Estimated time to finish: 6:13:33.924335.
[4A[J     total [###...............................................]  6.91%
this epoch [##########........................................] 20.73%
        80 iter, 0 epoch / 3 epochs
  0.047882 iters/sec. Estimated time to finish: 6:15:13.726129.
[4A[J     total [###...............................................]  6.99%
this epoch [##########........................................] 20.98%
        81 iter, 0 epoch / 3 epochs
  0.047966 iters/sec. Estimated time to finish: 6:14:13.219033.
[4A[J     total [###...............................................]  7.08%
this epoch [##########........................................] 21.24%
        82 iter, 0 epoch / 3 epochs
  0.048167 iters/sec. Estimated time to finish: 6:12:18.967839.
[4A[J     total [###...............................................]  7.17%
this epoch [##########........................................] 21.50%
        83 iter, 0 epoch / 3 epochs
  0.048338 iters/sec. Estimated time to finish: 6:10:39.101083.
[4A[J     total [###...............................................]  7.25%
this epoch [##########........................................] 21.76%
        84 iter, 0 epoch / 3 epochs
   0.04851 iters/sec. Estimated time to finish: 6:08:59.628446.
[4A[J     total [###...............................................]  7.34%
this epoch [###########.......................................] 22.02%
        85 iter, 0 epoch / 3 epochs
  0.048333 iters/sec. Estimated time to finish: 6:10:00.125513.
[4A[J     total [###...............................................]  7.43%
this epoch [###########.......................................] 22.28%
        86 iter, 0 epoch / 3 epochs
  0.048075 iters/sec. Estimated time to finish: 6:11:38.498308.
[4A[J     total [###...............................................]  7.51%
this epoch [###########.......................................] 22.54%
        87 iter, 0 epoch / 3 epochs
  0.047869 iters/sec. Estimated time to finish: 6:12:53.522520.
[4A[J     total [###...............................................]  7.60%
this epoch [###########.......................................] 22.80%
        88 iter, 0 epoch / 3 epochs
  0.047667 iters/sec. Estimated time to finish: 6:14:07.190347.
[4A[J     total [###...............................................]  7.69%
this epoch [###########.......................................] 23.06%
        89 iter, 0 epoch / 3 epochs
  0.047812 iters/sec. Estimated time to finish: 6:12:38.358126.
[4A[J     total [###...............................................]  7.77%
this epoch [###########.......................................] 23.32%
        90 iter, 0 epoch / 3 epochs
  0.047985 iters/sec. Estimated time to finish: 6:10:56.890343.
[4A[J     total [###...............................................]  7.86%
this epoch [###########.......................................] 23.58%
        91 iter, 0 epoch / 3 epochs
  0.048139 iters/sec. Estimated time to finish: 6:09:25.051082.
[4A[J     total [###...............................................]  7.94%
this epoch [###########.......................................] 23.83%
        92 iter, 0 epoch / 3 epochs
  0.048191 iters/sec. Estimated time to finish: 6:08:40.261778.
[4A[J     total [####..............................................]  8.03%
this epoch [############......................................] 24.09%
        93 iter, 0 epoch / 3 epochs
  0.048021 iters/sec. Estimated time to finish: 6:09:37.714870.
[4A[J     total [####..............................................]  8.12%
this epoch [############......................................] 24.35%
        94 iter, 0 epoch / 3 epochs
   0.04785 iters/sec. Estimated time to finish: 6:10:35.963757.
[4A[J     total [####..............................................]  8.20%
this epoch [############......................................] 24.61%
        95 iter, 0 epoch / 3 epochs
  0.047635 iters/sec. Estimated time to finish: 6:11:55.294431.
[4A[J     total [####..............................................]  8.29%
this epoch [############......................................] 24.87%
        96 iter, 0 epoch / 3 epochs
  0.047523 iters/sec. Estimated time to finish: 6:12:27.223766.
[4A[J     total [####..............................................]  8.38%
this epoch [############......................................] 25.13%
        97 iter, 0 epoch / 3 epochs
  0.047628 iters/sec. Estimated time to finish: 6:11:16.736015.
[4A[J     total [####..............................................]  8.46%
this epoch [############......................................] 25.39%
        98 iter, 0 epoch / 3 epochs
  0.047782 iters/sec. Estimated time to finish: 6:09:44.063038.
[4A[J     total [####..............................................]  8.55%
this epoch [############......................................] 25.65%
        99 iter, 0 epoch / 3 epochs
  0.047912 iters/sec. Estimated time to finish: 6:08:23.205236.
[4A[J     total [####..............................................]  8.64%
this epoch [############......................................] 25.91%
       100 iter, 0 epoch / 3 epochs
  0.047821 iters/sec. Estimated time to finish: 6:08:44.035842.
[4A[J     total [####..............................................]  8.72%
this epoch [#############.....................................] 26.17%
       101 iter, 0 epoch / 3 epochs
  0.047485 iters/sec. Estimated time to finish: 6:10:59.726430.
[4A[J     total [####..............................................]  8.81%
this epoch [#############.....................................] 26.42%
       102 iter, 0 epoch / 3 epochs
  0.047119 iters/sec. Estimated time to finish: 6:13:31.255023.
[4A[J     total [####..............................................]  8.89%
this epoch [#############.....................................] 26.68%
       103 iter, 0 epoch / 3 epochs
  0.047057 iters/sec. Estimated time to finish: 6:13:39.791979.
[4A[J     total [####..............................................]  8.98%
this epoch [#############.....................................] 26.94%
       104 iter, 0 epoch / 3 epochs
  0.047314 iters/sec. Estimated time to finish: 6:11:16.864010.
[4A[J     total [####..............................................]  9.07%
this epoch [#############.....................................] 27.20%
       105 iter, 0 epoch / 3 epochs
  0.047622 iters/sec. Estimated time to finish: 6:08:31.650139.
[4A[J     total [####..............................................]  9.15%
this epoch [#############.....................................] 27.46%
       106 iter, 0 epoch / 3 epochs
  0.047847 iters/sec. Estimated time to finish: 6:06:26.690633.
[4A[J     total [####..............................................]  9.24%
this epoch [#############.....................................] 27.72%
       107 iter, 0 epoch / 3 epochs
  0.047748 iters/sec. Estimated time to finish: 6:06:51.330336.
[4A[J     total [####..............................................]  9.33%
this epoch [#############.....................................] 27.98%
       108 iter, 0 epoch / 3 epochs
  0.047498 iters/sec. Estimated time to finish: 6:08:25.972316.
[4A[J     total [####..............................................]  9.41%
this epoch [##############....................................] 28.24%
       109 iter, 0 epoch / 3 epochs
  0.047214 iters/sec. Estimated time to finish: 6:10:17.953834.
[4A[J     total [####..............................................]  9.50%
this epoch [##############....................................] 28.50%
       110 iter, 0 epoch / 3 epochs
  0.046918 iters/sec. Estimated time to finish: 6:12:16.836129.
[4A[J     total [####..............................................]  9.59%
this epoch [##############....................................] 28.76%
       111 iter, 0 epoch / 3 epochs
  0.046782 iters/sec. Estimated time to finish: 6:13:00.481743.
[4A[J     total [####..............................................]  9.67%
this epoch [##############....................................] 29.02%
       112 iter, 0 epoch / 3 epochs
  0.047025 iters/sec. Estimated time to finish: 6:10:43.426983.
[4A[J     total [####..............................................]  9.76%
this epoch [##############....................................] 29.27%
       113 iter, 0 epoch / 3 epochs
  0.047272 iters/sec. Estimated time to finish: 6:08:26.179349.
[4A[J     total [####..............................................]  9.84%
this epoch [##############....................................] 29.53%
       114 iter, 0 epoch / 3 epochs
  0.047482 iters/sec. Estimated time to finish: 6:06:27.348707.
[4A[J     total [####..............................................]  9.93%
this epoch [##############....................................] 29.79%
       115 iter, 0 epoch / 3 epochs
  0.047601 iters/sec. Estimated time to finish: 6:05:11.097819.
[4A[J     total [#####.............................................] 10.02%
this epoch [###############...................................] 30.05%
       116 iter, 0 epoch / 3 epochs
  0.047333 iters/sec. Estimated time to finish: 6:06:54.188358.
[4A[J     total [#####.............................................] 10.10%
this epoch [###############...................................] 30.31%
       117 iter, 0 epoch / 3 epochs
  0.047015 iters/sec. Estimated time to finish: 6:09:01.914648.
[4A[J     total [#####.............................................] 10.19%
this epoch [###############...................................] 30.57%
       118 iter, 0 epoch / 3 epochs
    0.0467 iters/sec. Estimated time to finish: 6:11:10.008891.
[4A[J     total [#####.............................................] 10.28%
this epoch [###############...................................] 30.83%
       119 iter, 0 epoch / 3 epochs
   0.04652 iters/sec. Estimated time to finish: 6:12:14.515886.
[4A[J     total [#####.............................................] 10.36%
this epoch [###############...................................] 31.09%
       120 iter, 0 epoch / 3 epochs
  0.046762 iters/sec. Estimated time to finish: 6:09:57.459970.
[4A[J     total [#####.............................................] 10.45%
this epoch [###############...................................] 31.35%
       121 iter, 0 epoch / 3 epochs
  0.046982 iters/sec. Estimated time to finish: 6:07:52.479438.
[4A[J     total [#####.............................................] 10.54%
this epoch [###############...................................] 31.61%
       122 iter, 0 epoch / 3 epochs
   0.04722 iters/sec. Estimated time to finish: 6:05:39.809238.
[4A[J     total [#####.............................................] 10.62%
this epoch [###############...................................] 31.87%
       123 iter, 0 epoch / 3 epochs
  0.047367 iters/sec. Estimated time to finish: 6:04:10.451484.
[4A[J     total [#####.............................................] 10.71%
this epoch [################..................................] 32.12%
       124 iter, 0 epoch / 3 epochs
   0.04706 iters/sec. Estimated time to finish: 6:06:12.005685.
[4A[J     total [#####.............................................] 10.79%
this epoch [################..................................] 32.38%
       125 iter, 0 epoch / 3 epochs
  0.046688 iters/sec. Estimated time to finish: 6:08:45.608956.
[4A[J     total [#####.............................................] 10.88%
this epoch [################..................................] 32.64%
       126 iter, 0 epoch / 3 epochs
  0.046353 iters/sec. Estimated time to finish: 6:11:03.819996.
[4A[J     total [#####.............................................] 10.97%
this epoch [################..................................] 32.90%
       127 iter, 0 epoch / 3 epochs
  0.046211 iters/sec. Estimated time to finish: 6:11:50.793365.
[4A[J     total [#####.............................................] 11.05%
this epoch [################..................................] 33.16%
       128 iter, 0 epoch / 3 epochs
   0.04638 iters/sec. Estimated time to finish: 6:10:07.624251.
[4A[J     total [#####.............................................] 11.14%
this epoch [################..................................] 33.42%
       129 iter, 0 epoch / 3 epochs
  0.046624 iters/sec. Estimated time to finish: 6:07:50.013369.
[4A[J     total [#####.............................................] 11.23%
this epoch [################..................................] 33.68%
       130 iter, 0 epoch / 3 epochs
  0.046812 iters/sec. Estimated time to finish: 6:06:00.005895.
[4A[J     total [#####.............................................] 11.31%
this epoch [################..................................] 33.94%
       131 iter, 0 epoch / 3 epochs
  0.046749 iters/sec. Estimated time to finish: 6:06:08.306548.
[4A[J     total [#####.............................................] 11.40%
this epoch [#################.................................] 34.20%
       132 iter, 0 epoch / 3 epochs
  0.046612 iters/sec. Estimated time to finish: 6:06:51.620807.
[4A[J     total [#####.............................................] 11.49%
this epoch [#################.................................] 34.46%
       133 iter, 0 epoch / 3 epochs
  0.046299 iters/sec. Estimated time to finish: 6:08:58.932539.
[4A[J     total [#####.............................................] 11.57%
this epoch [#################.................................] 34.72%
       134 iter, 0 epoch / 3 epochs
  0.046082 iters/sec. Estimated time to finish: 6:10:21.036809.
[4A[J     total [#####.............................................] 11.66%
this epoch [#################.................................] 34.97%
       135 iter, 0 epoch / 3 epochs
   0.04606 iters/sec. Estimated time to finish: 6:10:10.180245.
[4A[J     total [#####.............................................] 11.74%
this epoch [#################.................................] 35.23%
       136 iter, 0 epoch / 3 epochs
  0.046268 iters/sec. Estimated time to finish: 6:08:08.636998.
[4A[J     total [#####.............................................] 11.83%
this epoch [#################.................................] 35.49%
       137 iter, 0 epoch / 3 epochs
  0.046543 iters/sec. Estimated time to finish: 6:05:36.644328.
[4A[J     total [#####.............................................] 11.92%
this epoch [#################.................................] 35.75%
       138 iter, 0 epoch / 3 epochs
  0.046564 iters/sec. Estimated time to finish: 6:05:05.347370.
[4A[J     total [######............................................] 12.00%
this epoch [##################................................] 36.01%
       139 iter, 0 epoch / 3 epochs
   0.04658 iters/sec. Estimated time to finish: 6:04:36.186503.
[4A[J     total [######............................................] 12.09%
this epoch [##################................................] 36.27%
       140 iter, 0 epoch / 3 epochs
  0.046432 iters/sec. Estimated time to finish: 6:05:24.425770.
[4A[J     total [######............................................] 12.18%
this epoch [##################................................] 36.53%
       141 iter, 0 epoch / 3 epochs
  0.046247 iters/sec. Estimated time to finish: 6:06:30.567302.
[4A[J     total [######............................................] 12.26%
this epoch [##################................................] 36.79%
       142 iter, 0 epoch / 3 epochs
  0.046267 iters/sec. Estimated time to finish: 6:05:59.574642.
[4A[J     total [######............................................] 12.35%
this epoch [##################................................] 37.05%
       143 iter, 0 epoch / 3 epochs
  0.046314 iters/sec. Estimated time to finish: 6:05:15.748167.
[4A[J     total [######............................................] 12.44%
this epoch [##################................................] 37.31%
       144 iter, 0 epoch / 3 epochs
  0.046361 iters/sec. Estimated time to finish: 6:04:31.767060.
[4A[J     total [######............................................] 12.52%
this epoch [##################................................] 37.56%
       145 iter, 0 epoch / 3 epochs
  0.046416 iters/sec. Estimated time to finish: 6:03:44.462978.
[4A[J     total [######............................................] 12.61%
this epoch [##################................................] 37.82%
       146 iter, 0 epoch / 3 epochs
  0.046518 iters/sec. Estimated time to finish: 6:02:34.991304.
[4A[J     total [######............................................] 12.69%
this epoch [###################...............................] 38.08%
       147 iter, 0 epoch / 3 epochs
  0.046503 iters/sec. Estimated time to finish: 6:02:20.300496.
[4A[J     total [######............................................] 12.78%
this epoch [###################...............................] 38.34%
       148 iter, 0 epoch / 3 epochs
  0.046763 iters/sec. Estimated time to finish: 5:59:58.188152.
[4A[J     total [######............................................] 12.87%
this epoch [###################...............................] 38.60%
       149 iter, 0 epoch / 3 epochs
  0.046759 iters/sec. Estimated time to finish: 5:59:38.899495.
[4A[J     total [######............................................] 12.95%
this epoch [###################...............................] 38.86%
       150 iter, 0 epoch / 3 epochs
  0.046788 iters/sec. Estimated time to finish: 5:59:04.190547.
[4A[J     total [######............................................] 13.04%
this epoch [###################...............................] 39.12%
       151 iter, 0 epoch / 3 epochs
  0.046575 iters/sec. Estimated time to finish: 6:00:20.911703.
[4A[J     total [######............................................] 13.13%
this epoch [###################...............................] 39.38%
       152 iter, 0 epoch / 3 epochs
   0.04639 iters/sec. Estimated time to finish: 6:01:25.808822.
[4A[J     total [######............................................] 13.21%
this epoch [###################...............................] 39.64%
       153 iter, 0 epoch / 3 epochs
  0.046407 iters/sec. Estimated time to finish: 6:00:56.073921.
[4A[J     total [######............................................] 13.30%
this epoch [###################...............................] 39.90%
       154 iter, 0 epoch / 3 epochs
  0.046457 iters/sec. Estimated time to finish: 6:00:11.170771.
[4A[J     total [######............................................] 13.39%
this epoch [####################..............................] 40.16%
       155 iter, 0 epoch / 3 epochs
  0.046791 iters/sec. Estimated time to finish: 5:57:15.820465.
[4A[J     total [######............................................] 13.47%
this epoch [####################..............................] 40.41%
       156 iter, 0 epoch / 3 epochs
  0.046996 iters/sec. Estimated time to finish: 5:55:20.808866.
[4A[J     total [######............................................] 13.56%
this epoch [####################..............................] 40.67%
       157 iter, 0 epoch / 3 epochs
  0.046877 iters/sec. Estimated time to finish: 5:55:53.790325.
[4A[J     total [######............................................] 13.64%
this epoch [####################..............................] 40.93%
       158 iter, 0 epoch / 3 epochs
  0.046594 iters/sec. Estimated time to finish: 5:57:42.218432.
[4A[J     total [######............................................] 13.73%
this epoch [####################..............................] 41.19%
       159 iter, 0 epoch / 3 epochs
  0.045057 iters/sec. Estimated time to finish: 6:09:31.682176.
[4A--------------------------------------------------------------------------
mpiexec noticed that process rank 12 with PID 230985 on node g0434 exited on signal 9 (Killed).
--------------------------------------------------------------------------
