[
    {
        "main/loss": 0.3107697069644928,
        "lr": 0.00021792550972543013,
        "epoch": 1,
        "iteration": 49,
        "elapsed_time": 822.082628109958
    },
    {
        "main/loss": 0.31062543392181396,
        "lr": 0.00030412954258724243,
        "epoch": 2,
        "iteration": 98,
        "elapsed_time": 1510.053768119309
    },
    {
        "main/loss": 0.31062546372413635,
        "lr": 0.00036865360003823013,
        "epoch": 3,
        "iteration": 147,
        "elapsed_time": 2301.9628985803574
    }
]