[
    {
        "main/loss": 0.37965452671051025,
        "lr": 0.00015224129051350337,
        "epoch": 1,
        "iteration": 13,
        "elapsed_time": 236.944088161923
    },
    {
        "main/loss": 0.38014668226242065,
        "lr": 0.00016932545373490437,
        "epoch": 2,
        "iteration": 26,
        "elapsed_time": 440.8632986689918
    },
    {
        "main/loss": 0.38014671206474304,
        "lr": 0.0001967360013902123,
        "epoch": 3,
        "iteration": 39,
        "elapsed_time": 642.3590008150786
    },
    {
        "main/loss": 0.38014668226242065,
        "lr": 0.00022407652205256527,
        "epoch": 4,
        "iteration": 52,
        "elapsed_time": 852.9077246109955
    },
    {
        "main/loss": 0.38014671206474304,
        "lr": 0.0002493422398361141,
        "epoch": 5,
        "iteration": 65,
        "elapsed_time": 1058.7018606793135
    }
]