No Modulefiles Currently Loaded.
Currently Loaded Modulefiles:
  1) cuda/9.0/9.0.176.4   3) nccl/2.3/2.3.5-2
  2) cudnn/7.3/7.3.1      4) openmpi/2.1.6
Currently Loaded Modulefiles:
  1) cuda/9.0/9.0.176.4   3) nccl/2.3/2.3.5-2
  2) cudnn/7.3/7.3.1      4) openmpi/2.1.6
Currently Loaded Modulefiles:
  1) cuda/9.0/9.0.176.4   3) nccl/2.3/2.3.5-2
  2) cudnn/7.3/7.3.1      4) openmpi/2.1.6
==========================================
Num of GPUs : 128
Model :  resnet
Minibatch-size: 256
Epochs: 10
==========================================
Starting training .....
--------------------------------------------------------------------------
A process has executed an operation involving a call to the
"fork()" system call to create a child process.  Open MPI is currently
operating in a condition that could result in memory corruption or
other system errors; your job may hang, crash, or produce silent
data corruption.  The use of fork() (or system() or other calls that
create child processes) is strongly discouraged.

The process that invoked fork was:

  Local host:          [[15476,1],0] (PID 96427)

If you are *absolutely sure* that your application will successfully
and correctly survive a call to fork(), you may disable this warning
by setting the mpi_warn_on_fork MCA parameter to 0.
--------------------------------------------------------------------------
dot: graph is too large for cairo-renderer bitmaps. Scaling by 0.767539 to fit
epoch       main/loss   validation/main/loss  main/accuracy  validation/main/accuracy  elapsed_time
[J     total [..................................................]  0.64%
this epoch [###...............................................]  6.39%
        10 iter, 0 epoch / 10 epochs
       inf iters/sec. Estimated time to finish: 0:00:00.
[4A[J     total [..................................................]  1.28%
this epoch [######............................................] 12.79%
        20 iter, 0 epoch / 10 epochs
    1.0945 iters/sec. Estimated time to finish: 0:23:30.656758.
[4A[J     total [..................................................]  1.92%
this epoch [#########.........................................] 19.18%
        30 iter, 0 epoch / 10 epochs
    1.1055 iters/sec. Estimated time to finish: 0:23:07.517895.
[4A[J     total [#.................................................]  2.56%
this epoch [############......................................] 25.58%
        40 iter, 0 epoch / 10 epochs
    1.1107 iters/sec. Estimated time to finish: 0:22:52.050503.
[4A[J     total [#.................................................]  3.20%
this epoch [###############...................................] 31.97%
        50 iter, 0 epoch / 10 epochs
    1.1123 iters/sec. Estimated time to finish: 0:22:41.060200.
[4A[J     total [#.................................................]  3.84%
this epoch [###################...............................] 38.36%
        60 iter, 0 epoch / 10 epochs
    1.1163 iters/sec. Estimated time to finish: 0:22:27.300495.
[4A[J     total [##................................................]  4.48%
this epoch [######################............................] 44.76%
        70 iter, 0 epoch / 10 epochs
   0.99368 iters/sec. Estimated time to finish: 0:25:03.439584.
[4A[J     total [##................................................]  5.12%
this epoch [#########################.........................] 51.15%
        80 iter, 0 epoch / 10 epochs
   0.99555 iters/sec. Estimated time to finish: 0:24:50.580834.
[4A[J     total [##................................................]  5.75%
this epoch [############################......................] 57.55%
        90 iter, 0 epoch / 10 epochs
   0.97739 iters/sec. Estimated time to finish: 0:25:08.040188.
[4A[J     total [###...............................................]  6.39%
this epoch [###############################...................] 63.94%
       100 iter, 0 epoch / 10 epochs
   0.99113 iters/sec. Estimated time to finish: 0:24:37.047841.
[4A[J     total [###...............................................]  7.03%
this epoch [###################################...............] 70.33%
       110 iter, 0 epoch / 10 epochs
   0.98986 iters/sec. Estimated time to finish: 0:24:28.838859.
[4A[J     total [###...............................................]  7.67%
this epoch [######################################............] 76.73%
       120 iter, 0 epoch / 10 epochs
    0.9963 iters/sec. Estimated time to finish: 0:24:09.302204.
[4A[J     total [####..............................................]  8.31%
this epoch [#########################################.........] 83.12%
       130 iter, 0 epoch / 10 epochs
    1.0052 iters/sec. Estimated time to finish: 0:23:46.462902.
[4A[J     total [####..............................................]  8.95%
this epoch [############################################......] 89.52%
       140 iter, 0 epoch / 10 epochs
    1.0071 iters/sec. Estimated time to finish: 0:23:33.885480.
[4A[J     total [####..............................................]  9.59%
this epoch [###############################################...] 95.91%
       150 iter, 0 epoch / 10 epochs
    1.0119 iters/sec. Estimated time to finish: 0:23:17.271144.
[4A[J1           6.50085                           0.0133111                                163.612       
[J     total [#####.............................................] 10.23%
this epoch [#.................................................]  2.31%
       160 iter, 1 epoch / 10 epochs
    1.0153 iters/sec. Estimated time to finish: 0:23:02.724502.
[4A[J     total [#####.............................................] 10.87%
this epoch [####..............................................]  8.70%
       170 iter, 1 epoch / 10 epochs
    1.0161 iters/sec. Estimated time to finish: 0:22:51.822367.
[4A[J     total [#####.............................................] 11.51%
this epoch [#######...........................................] 15.09%
       180 iter, 1 epoch / 10 epochs
    1.0165 iters/sec. Estimated time to finish: 0:22:41.446570.
[4A[J     total [######............................................] 12.15%
this epoch [##########........................................] 21.49%
       190 iter, 1 epoch / 10 epochs
    1.0218 iters/sec. Estimated time to finish: 0:22:24.609799.
[4A[J     total [######............................................] 12.79%
this epoch [#############.....................................] 27.88%
       200 iter, 1 epoch / 10 epochs
    1.0206 iters/sec. Estimated time to finish: 0:22:16.470964.
[4A[J     total [######............................................] 13.43%
this epoch [#################.................................] 34.28%
       210 iter, 1 epoch / 10 epochs
    1.0212 iters/sec. Estimated time to finish: 0:22:05.773368.
[4A[J     total [#######...........................................] 14.07%
this epoch [####################..............................] 40.67%
       220 iter, 1 epoch / 10 epochs
    1.0259 iters/sec. Estimated time to finish: 0:21:50.022212.
[4A[J     total [#######...........................................] 14.71%
this epoch [#######################...........................] 47.06%
       230 iter, 1 epoch / 10 epochs
    1.0274 iters/sec. Estimated time to finish: 0:21:38.411140.
[4A[J     total [#######...........................................] 15.35%
this epoch [##########################........................] 53.46%
       240 iter, 1 epoch / 10 epochs
   0.95805 iters/sec. Estimated time to finish: 0:23:01.911708.
[4A[J     total [#######...........................................] 15.99%
this epoch [#############################.....................] 59.85%
       250 iter, 1 epoch / 10 epochs
   0.96424 iters/sec. Estimated time to finish: 0:22:42.672576.
[4A[J     total [########..........................................] 16.62%
this epoch [#################################.................] 66.25%
       260 iter, 1 epoch / 10 epochs
   0.96946 iters/sec. Estimated time to finish: 0:22:25.016347.
[4A[J     total [########..........................................] 17.26%
this epoch [####################################..............] 72.64%
       270 iter, 1 epoch / 10 epochs
   0.97442 iters/sec. Estimated time to finish: 0:22:07.907772.
[4A[J     total [########..........................................] 17.90%
this epoch [#######################################...........] 79.03%
       280 iter, 1 epoch / 10 epochs
   0.97947 iters/sec. Estimated time to finish: 0:21:50.858150.
[4A[J     total [#########.........................................] 18.54%
this epoch [##########################################........] 85.43%
       290 iter, 1 epoch / 10 epochs
   0.98372 iters/sec. Estimated time to finish: 0:21:35.031785.
[4A[J     total [#########.........................................] 19.18%
this epoch [#############################################.....] 91.82%
       300 iter, 1 epoch / 10 epochs
   0.98726 iters/sec. Estimated time to finish: 0:21:20.257121.
[4A[J     total [#########.........................................] 19.82%
this epoch [#################################################.] 98.22%
       310 iter, 1 epoch / 10 epochs
   0.99125 iters/sec. Estimated time to finish: 0:21:05.019271.
[4A[J2           4.92687                           0.101462                                 324.405       
[J     total [##########........................................] 20.46%
this epoch [##................................................]  4.61%
       320 iter, 2 epoch / 10 epochs
   0.99293 iters/sec. Estimated time to finish: 0:20:52.801161.
[4A[J     total [##########........................................] 21.10%
this epoch [#####.............................................] 11.00%
       330 iter, 2 epoch / 10 epochs
   0.99651 iters/sec. Estimated time to finish: 0:20:38.266934.
[4A[J     total [##########........................................] 21.74%
this epoch [########..........................................] 17.40%
       340 iter, 2 epoch / 10 epochs
   0.99958 iters/sec. Estimated time to finish: 0:20:24.464191.
[4A[J     total [###########.......................................] 22.38%
this epoch [###########.......................................] 23.79%
       350 iter, 2 epoch / 10 epochs
    1.0022 iters/sec. Estimated time to finish: 0:20:11.265743.
[4A[J     total [###########.......................................] 23.02%
this epoch [###############...................................] 30.19%
       360 iter, 2 epoch / 10 epochs
    1.0051 iters/sec. Estimated time to finish: 0:19:57.802075.
[4A[J     total [###########.......................................] 23.66%
this epoch [##################................................] 36.58%
       370 iter, 2 epoch / 10 epochs
    1.0077 iters/sec. Estimated time to finish: 0:19:44.859008.
[4A[J     total [############......................................] 24.30%
this epoch [#####################.............................] 42.98%
       380 iter, 2 epoch / 10 epochs
    1.0106 iters/sec. Estimated time to finish: 0:19:31.577999.
[4A[J     total [############......................................] 24.94%
this epoch [########################..........................] 49.37%
       390 iter, 2 epoch / 10 epochs
    1.0134 iters/sec. Estimated time to finish: 0:19:18.399798.
[4A[J     total [############......................................] 25.58%
this epoch [###########################.......................] 55.76%
       400 iter, 2 epoch / 10 epochs
    1.0138 iters/sec. Estimated time to finish: 0:19:08.052211.
[4A[J     total [#############.....................................] 26.22%
this epoch [###############################...................] 62.16%
       410 iter, 2 epoch / 10 epochs
    1.0146 iters/sec. Estimated time to finish: 0:18:57.361448.
[4A[J     total [#############.....................................] 26.86%
this epoch [##################################................] 68.55%
       420 iter, 2 epoch / 10 epochs
    1.0165 iters/sec. Estimated time to finish: 0:18:45.359826.
[4A[J     total [#############.....................................] 27.49%
this epoch [#####################################.............] 74.95%
       430 iter, 2 epoch / 10 epochs
    1.0187 iters/sec. Estimated time to finish: 0:18:33.148571.
[4A[J     total [##############....................................] 28.13%
this epoch [########################################..........] 81.34%
       440 iter, 2 epoch / 10 epochs
    1.0205 iters/sec. Estimated time to finish: 0:18:21.318045.
[4A[J     total [##############....................................] 28.77%
this epoch [###########################################.......] 87.73%
       450 iter, 2 epoch / 10 epochs
    1.0219 iters/sec. Estimated time to finish: 0:18:10.036205.
[4A[J     total [##############....................................] 29.41%
this epoch [###############################################...] 94.13%
       460 iter, 2 epoch / 10 epochs
    1.0239 iters/sec. Estimated time to finish: 0:17:58.156923.
[4A[J3           4.23833                           0.178742                                 467.948       
[J     total [###############...................................] 30.05%
this epoch [..................................................]  0.52%
       470 iter, 3 epoch / 10 epochs
    1.0236 iters/sec. Estimated time to finish: 0:17:48.734901.
[4A[J     total [###############...................................] 30.69%
this epoch [###...............................................]  6.92%
       480 iter, 3 epoch / 10 epochs
    1.0252 iters/sec. Estimated time to finish: 0:17:37.315308.
[4A[J     total [###############...................................] 31.33%
this epoch [######............................................] 13.31%
       490 iter, 3 epoch / 10 epochs
    1.0269 iters/sec. Estimated time to finish: 0:17:25.802993.
[4A[J     total [###############...................................] 31.97%
this epoch [#########.........................................] 19.70%
       500 iter, 3 epoch / 10 epochs
    1.0285 iters/sec. Estimated time to finish: 0:17:14.454311.
[4A[J     total [################..................................] 32.61%
this epoch [#############.....................................] 26.10%
       510 iter, 3 epoch / 10 epochs
    1.0303 iters/sec. Estimated time to finish: 0:17:02.956209.
[4A[J     total [################..................................] 33.25%
this epoch [################..................................] 32.49%
       520 iter, 3 epoch / 10 epochs
    1.0319 iters/sec. Estimated time to finish: 0:16:51.706795.
[4A[J     total [################..................................] 33.89%
this epoch [###################...............................] 38.89%
       530 iter, 3 epoch / 10 epochs
    1.0334 iters/sec. Estimated time to finish: 0:16:40.543956.
[4A[J     total [#################.................................] 34.53%
this epoch [######################............................] 45.28%
       540 iter, 3 epoch / 10 epochs
    1.0348 iters/sec. Estimated time to finish: 0:16:29.483938.
[4A[J     total [#################.................................] 35.17%
this epoch [#########################.........................] 51.67%
       550 iter, 3 epoch / 10 epochs
    1.0354 iters/sec. Estimated time to finish: 0:16:19.288569.
[4A[J     total [#################.................................] 35.81%
this epoch [#############################.....................] 58.07%
       560 iter, 3 epoch / 10 epochs
    1.0366 iters/sec. Estimated time to finish: 0:16:08.493856.
[4A[J     total [##################................................] 36.45%
this epoch [################################..................] 64.46%
       570 iter, 3 epoch / 10 epochs
    1.0363 iters/sec. Estimated time to finish: 0:15:59.147330.
[4A[J     total [##################................................] 37.09%
this epoch [###################################...............] 70.86%
       580 iter, 3 epoch / 10 epochs
    1.0365 iters/sec. Estimated time to finish: 0:15:49.305075.
[4A[J     total [##################................................] 37.73%
this epoch [######################################............] 77.25%
       590 iter, 3 epoch / 10 epochs
    1.0377 iters/sec. Estimated time to finish: 0:15:38.557295.
[4A[J     total [###################...............................] 38.36%
this epoch [#########################################.........] 83.65%
       600 iter, 3 epoch / 10 epochs
    1.0388 iters/sec. Estimated time to finish: 0:15:27.926436.
[4A[J     total [###################...............................] 39.00%
this epoch [#############################################.....] 90.04%
       610 iter, 3 epoch / 10 epochs
    1.0393 iters/sec. Estimated time to finish: 0:15:17.880127.
[4A[J     total [###################...............................] 39.64%
this epoch [################################################..] 96.43%
       620 iter, 3 epoch / 10 epochs
    1.0404 iters/sec. Estimated time to finish: 0:15:07.309839.
[4A[J4           3.91273                           0.222631                                 610.649       
[J     total [####################..............................] 40.28%
this epoch [#.................................................]  2.83%
       630 iter, 4 epoch / 10 epochs
    1.0409 iters/sec. Estimated time to finish: 0:14:57.249730.
[4A[J     total [####################..............................] 40.92%
this epoch [####..............................................]  9.22%
       640 iter, 4 epoch / 10 epochs
    1.0419 iters/sec. Estimated time to finish: 0:14:46.812858.
[4A[J     total [####################..............................] 41.56%
this epoch [#######...........................................] 15.62%
       650 iter, 4 epoch / 10 epochs
    1.0426 iters/sec. Estimated time to finish: 0:14:36.634995.
[4A[J     total [#####################.............................] 42.20%
this epoch [###########.......................................] 22.01%
       660 iter, 4 epoch / 10 epochs
    1.0437 iters/sec. Estimated time to finish: 0:14:26.087943.
[4A[J     total [#####################.............................] 42.84%
this epoch [##############....................................] 28.40%
       670 iter, 4 epoch / 10 epochs
    1.0447 iters/sec. Estimated time to finish: 0:14:15.695564.
[4A[J     total [#####################.............................] 43.48%
this epoch [#################.................................] 34.80%
       680 iter, 4 epoch / 10 epochs
    1.0458 iters/sec. Estimated time to finish: 0:14:05.197766.
[4A[J     total [######################............................] 44.12%
this epoch [####################..............................] 41.19%
       690 iter, 4 epoch / 10 epochs
    1.0468 iters/sec. Estimated time to finish: 0:13:54.860920.
[4A[J     total [######################............................] 44.76%
this epoch [#######################...........................] 47.59%
       700 iter, 4 epoch / 10 epochs
    1.0479 iters/sec. Estimated time to finish: 0:13:44.445616.
[4A[J     total [######################............................] 45.40%
this epoch [##########################........................] 53.98%
       710 iter, 4 epoch / 10 epochs
    1.0483 iters/sec. Estimated time to finish: 0:13:34.570845.
[4A[J     total [#######################...........................] 46.04%
this epoch [##############################....................] 60.37%
       720 iter, 4 epoch / 10 epochs
    1.0492 iters/sec. Estimated time to finish: 0:13:24.349324.
[4A[J     total [#######################...........................] 46.68%
this epoch [#################################.................] 66.77%
       730 iter, 4 epoch / 10 epochs
    1.0503 iters/sec. Estimated time to finish: 0:13:13.994093.
[4A[J     total [#######################...........................] 47.32%
this epoch [####################################..............] 73.16%
       740 iter, 4 epoch / 10 epochs
    1.0506 iters/sec. Estimated time to finish: 0:13:04.229246.
[4A[J     total [#######################...........................] 47.96%
this epoch [#######################################...........] 79.56%
       750 iter, 4 epoch / 10 epochs
    1.0513 iters/sec. Estimated time to finish: 0:12:54.213237.
[4A[J     total [########################..........................] 48.60%
this epoch [##########################################........] 85.95%
       760 iter, 4 epoch / 10 epochs
    1.0521 iters/sec. Estimated time to finish: 0:12:44.159092.
[4A[J     total [########################..........................] 49.23%
this epoch [##############################################....] 92.34%
       770 iter, 4 epoch / 10 epochs
    1.0529 iters/sec. Estimated time to finish: 0:12:34.046178.
[4A[J     total [########################..........................] 49.87%
this epoch [#################################################.] 98.74%
       780 iter, 4 epoch / 10 epochs
    1.0525 iters/sec. Estimated time to finish: 0:12:24.838899.
[4A[J5           3.64828                           0.260617                                 752.372       
[J     total [#########################.........................] 50.51%
this epoch [##................................................]  5.13%
       790 iter, 5 epoch / 10 epochs
    1.0526 iters/sec. Estimated time to finish: 0:12:15.269842.
[4A[J     total [#########################.........................] 51.15%
this epoch [#####.............................................] 11.53%
       800 iter, 5 epoch / 10 epochs
    1.0532 iters/sec. Estimated time to finish: 0:12:05.346079.
[4A[J     total [#########################.........................] 51.79%
this epoch [########..........................................] 17.92%
       810 iter, 5 epoch / 10 epochs
    1.0525 iters/sec. Estimated time to finish: 0:11:56.320335.
[4A[J     total [##########################........................] 52.43%
this epoch [############......................................] 24.32%
       820 iter, 5 epoch / 10 epochs
    1.0533 iters/sec. Estimated time to finish: 0:11:46.308539.
[4A[J     total [##########################........................] 53.07%
this epoch [###############...................................] 30.71%
       830 iter, 5 epoch / 10 epochs
     1.054 iters/sec. Estimated time to finish: 0:11:36.322163.
[4A[J     total [##########################........................] 53.71%
this epoch [##################................................] 37.10%
       840 iter, 5 epoch / 10 epochs
    1.0541 iters/sec. Estimated time to finish: 0:11:26.800036.
[4A[J     total [###########################.......................] 54.35%
this epoch [#####################.............................] 43.50%
       850 iter, 5 epoch / 10 epochs
    1.0547 iters/sec. Estimated time to finish: 0:11:16.906991.
[4A[J     total [###########################.......................] 54.99%
this epoch [########################..........................] 49.89%
       860 iter, 5 epoch / 10 epochs
    1.0555 iters/sec. Estimated time to finish: 0:11:06.947843.
[4A[J     total [###########################.......................] 55.63%
this epoch [############################......................] 56.29%
       870 iter, 5 epoch / 10 epochs
    1.0562 iters/sec. Estimated time to finish: 0:10:57.029001.
[4A[J     total [############################......................] 56.27%
this epoch [###############################...................] 62.68%
       880 iter, 5 epoch / 10 epochs
    1.0567 iters/sec. Estimated time to finish: 0:10:47.260942.
[4A[J     total [############################......................] 56.91%
this epoch [##################################................] 69.07%
       890 iter, 5 epoch / 10 epochs
    1.0575 iters/sec. Estimated time to finish: 0:10:37.307189.
[4A[J     total [############################......................] 57.55%
this epoch [#####################################.............] 75.47%
       900 iter, 5 epoch / 10 epochs
     1.058 iters/sec. Estimated time to finish: 0:10:27.539451.
[4A[J     total [#############################.....................] 58.19%
this epoch [########################################..........] 81.86%
       910 iter, 5 epoch / 10 epochs
    1.0585 iters/sec. Estimated time to finish: 0:10:17.778137.
[4A[J     total [#############################.....................] 58.83%
this epoch [############################################......] 88.26%
       920 iter, 5 epoch / 10 epochs
     1.059 iters/sec. Estimated time to finish: 0:10:08.093847.
[4A[J     total [#############################.....................] 59.46%
this epoch [###############################################...] 94.65%
       930 iter, 5 epoch / 10 epochs
    1.0595 iters/sec. Estimated time to finish: 0:09:58.358810.
[4A[J6           3.51953                           0.281275                                 895.489       
[J     total [##############################....................] 60.10%
this epoch [..................................................]  1.04%
       940 iter, 6 epoch / 10 epochs
    1.0593 iters/sec. Estimated time to finish: 0:09:49.041672.
[4A[J     total [##############################....................] 60.74%
this epoch [###...............................................]  7.44%
       950 iter, 6 epoch / 10 epochs
    1.0598 iters/sec. Estimated time to finish: 0:09:39.309936.
[4A[J     total [##############################....................] 61.38%
this epoch [######............................................] 13.83%
       960 iter, 6 epoch / 10 epochs
    1.0603 iters/sec. Estimated time to finish: 0:09:29.622832.
[4A[J     total [###############################...................] 62.02%
this epoch [##########........................................] 20.23%
       970 iter, 6 epoch / 10 epochs
    1.0608 iters/sec. Estimated time to finish: 0:09:19.922196.
[4A[J     total [###############################...................] 62.66%
this epoch [#############.....................................] 26.62%
       980 iter, 6 epoch / 10 epochs
    1.0613 iters/sec. Estimated time to finish: 0:09:10.194436.
[4A[J     total [###############################...................] 63.30%
this epoch [################..................................] 33.01%
       990 iter, 6 epoch / 10 epochs
    1.0617 iters/sec. Estimated time to finish: 0:09:00.592750.
[4A[J     total [###############################...................] 63.94%
this epoch [###################...............................] 39.41%
      1000 iter, 6 epoch / 10 epochs
    1.0619 iters/sec. Estimated time to finish: 0:08:51.091451.
[4A[J     total [################################..................] 64.58%
this epoch [######################............................] 45.80%
      1010 iter, 6 epoch / 10 epochs
     1.062 iters/sec. Estimated time to finish: 0:08:41.629908.
[4A[J     total [################################..................] 65.22%
this epoch [##########################........................] 52.20%
      1020 iter, 6 epoch / 10 epochs
    1.0621 iters/sec. Estimated time to finish: 0:08:32.160853.
[4A[J     total [################################..................] 65.86%
this epoch [#############################.....................] 58.59%
      1030 iter, 6 epoch / 10 epochs
    1.0621 iters/sec. Estimated time to finish: 0:08:22.735192.
[4A[J     total [#################################.................] 66.50%
this epoch [################################..................] 64.98%
      1040 iter, 6 epoch / 10 epochs
     1.062 iters/sec. Estimated time to finish: 0:08:13.366038.
[4A[J     total [#################################.................] 67.14%
this epoch [###################################...............] 71.38%
      1050 iter, 6 epoch / 10 epochs
    1.0616 iters/sec. Estimated time to finish: 0:08:04.140954.
[4A[J     total [#################################.................] 67.78%
this epoch [######################################............] 77.77%
      1060 iter, 6 epoch / 10 epochs
     1.069 iters/sec. Estimated time to finish: 0:07:51.406821.
[4A[J     total [##################################................] 68.42%
this epoch [##########################################........] 84.17%
      1070 iter, 6 epoch / 10 epochs
    1.0697 iters/sec. Estimated time to finish: 0:07:41.755347.
[4A[J     total [##################################................] 69.06%
this epoch [#############################################.....] 90.56%
      1080 iter, 6 epoch / 10 epochs
    1.0726 iters/sec. Estimated time to finish: 0:07:31.173638.
[4A[J     total [##################################................] 69.70%
this epoch [################################################..] 96.96%
      1090 iter, 6 epoch / 10 epochs
    1.0725 iters/sec. Estimated time to finish: 0:07:21.893666.
[4A[J7           3.3913                            0.301758                                 1037.83       
[J     total [###################################...............] 70.33%
this epoch [#.................................................]  3.35%
      1100 iter, 7 epoch / 10 epochs
    1.0723 iters/sec. Estimated time to finish: 0:07:12.656036.
[4A[J     total [###################################...............] 70.97%
this epoch [####..............................................]  9.74%
      1110 iter, 7 epoch / 10 epochs
    1.0727 iters/sec. Estimated time to finish: 0:07:03.177357.
[4A[J     total [###################################...............] 71.61%
this epoch [########..........................................] 16.14%
      1120 iter, 7 epoch / 10 epochs
    1.0701 iters/sec. Estimated time to finish: 0:06:54.864046.
[4A[J     total [####################################..............] 72.25%
this epoch [###########.......................................] 22.53%
      1130 iter, 7 epoch / 10 epochs
    1.0709 iters/sec. Estimated time to finish: 0:06:45.225339.
[4A[J     total [####################################..............] 72.89%
this epoch [##############....................................] 28.93%
      1140 iter, 7 epoch / 10 epochs
    1.0702 iters/sec. Estimated time to finish: 0:06:36.149827.
[4A[J     total [####################################..............] 73.53%
this epoch [#################.................................] 35.32%
      1150 iter, 7 epoch / 10 epochs
    1.0707 iters/sec. Estimated time to finish: 0:06:26.613258.
[4A[J     total [#####################################.............] 74.17%
this epoch [####################..............................] 41.71%
      1160 iter, 7 epoch / 10 epochs
    1.0717 iters/sec. Estimated time to finish: 0:06:16.934694.
[4A[J     total [#####################################.............] 74.81%
this epoch [########################..........................] 48.11%
      1170 iter, 7 epoch / 10 epochs
    1.0719 iters/sec. Estimated time to finish: 0:06:07.536835.
[4A[J     total [#####################################.............] 75.45%
this epoch [###########################.......................] 54.50%
      1180 iter, 7 epoch / 10 epochs
    1.0718 iters/sec. Estimated time to finish: 0:05:58.228629.
[4A[J     total [######################################............] 76.09%
this epoch [##############################....................] 60.90%
      1190 iter, 7 epoch / 10 epochs
     1.073 iters/sec. Estimated time to finish: 0:05:48.501079.
[4A[J     total [######################################............] 76.73%
this epoch [#################################.................] 67.29%
      1200 iter, 7 epoch / 10 epochs
    1.0726 iters/sec. Estimated time to finish: 0:05:39.309312.
[4A[J     total [######################################............] 77.37%
this epoch [####################################..............] 73.68%
      1210 iter, 7 epoch / 10 epochs
    1.0724 iters/sec. Estimated time to finish: 0:05:30.047141.
[4A[J     total [#######################################...........] 78.01%
this epoch [########################################..........] 80.08%
      1220 iter, 7 epoch / 10 epochs
     1.073 iters/sec. Estimated time to finish: 0:05:20.554679.
[4A[J     total [#######################################...........] 78.65%
this epoch [###########################################.......] 86.47%
      1230 iter, 7 epoch / 10 epochs
    1.0923 iters/sec. Estimated time to finish: 0:05:05.730698.
[4A[J     total [#######################################...........] 79.29%
this epoch [##############################################....] 92.87%
      1240 iter, 7 epoch / 10 epochs
     1.092 iters/sec. Estimated time to finish: 0:04:56.646791.
[4A[J     total [#######################################...........] 79.93%
this epoch [#################################################.] 99.26%
      1250 iter, 7 epoch / 10 epochs
    1.0921 iters/sec. Estimated time to finish: 0:04:47.480998.
[4A[J8           3.2562                            0.322925                                 1185.59       
[J     total [########################################..........] 80.57%
this epoch [##................................................]  5.65%
      1260 iter, 8 epoch / 10 epochs
    1.0908 iters/sec. Estimated time to finish: 0:04:38.640104.
[4A[J     total [########################################..........] 81.20%
this epoch [######............................................] 12.05%
      1270 iter, 8 epoch / 10 epochs
    1.0906 iters/sec. Estimated time to finish: 0:04:29.532052.
[4A[J     total [########################################..........] 81.84%
this epoch [#########.........................................] 18.44%
      1280 iter, 8 epoch / 10 epochs
    1.0905 iters/sec. Estimated time to finish: 0:04:20.389384.
[4A[J     total [#########################################.........] 82.48%
this epoch [############......................................] 24.84%
      1290 iter, 8 epoch / 10 epochs
    1.0905 iters/sec. Estimated time to finish: 0:04:11.204982.
[4A[J     total [#########################################.........] 83.12%
this epoch [###############...................................] 31.23%
      1300 iter, 8 epoch / 10 epochs
    1.0903 iters/sec. Estimated time to finish: 0:04:02.090965.
[4A[J     total [#########################################.........] 83.76%
this epoch [##################................................] 37.63%
      1310 iter, 8 epoch / 10 epochs
     1.091 iters/sec. Estimated time to finish: 0:03:52.759905.
[4A[J     total [##########################################........] 84.40%
this epoch [######################............................] 44.02%
      1320 iter, 8 epoch / 10 epochs
    1.0908 iters/sec. Estimated time to finish: 0:03:43.631660.
[4A[J     total [##########################################........] 85.04%
this epoch [#########################.........................] 50.41%
      1330 iter, 8 epoch / 10 epochs
    1.0905 iters/sec. Estimated time to finish: 0:03:34.529605.
[4A[J     total [##########################################........] 85.68%
this epoch [############################......................] 56.81%
      1340 iter, 8 epoch / 10 epochs
    1.0908 iters/sec. Estimated time to finish: 0:03:25.307810.
[4A[J     total [###########################################.......] 86.32%
this epoch [###############################...................] 63.20%
      1350 iter, 8 epoch / 10 epochs
    1.0905 iters/sec. Estimated time to finish: 0:03:16.183477.
[4A[J     total [###########################################.......] 86.96%
this epoch [##################################................] 69.60%
      1360 iter, 8 epoch / 10 epochs
    1.0903 iters/sec. Estimated time to finish: 0:03:07.058403.
[4A[J     total [###########################################.......] 87.60%
this epoch [#####################################.............] 75.99%
      1370 iter, 8 epoch / 10 epochs
    1.0897 iters/sec. Estimated time to finish: 0:02:57.977738.
[4A[J     total [############################################......] 88.24%
this epoch [#########################################.........] 82.38%
      1380 iter, 8 epoch / 10 epochs
    1.0896 iters/sec. Estimated time to finish: 0:02:48.815693.
[4A[J     total [############################################......] 88.88%
this epoch [############################################......] 88.78%
      1390 iter, 8 epoch / 10 epochs
    1.0901 iters/sec. Estimated time to finish: 0:02:39.569105.
[4A[J     total [############################################......] 89.52%
this epoch [###############################################...] 95.17%
      1400 iter, 8 epoch / 10 epochs
    1.0908 iters/sec. Estimated time to finish: 0:02:30.299831.
[4A[J9           3.21252                           0.330904                                 1328.15       
[J     total [#############################################.....] 90.16%
this epoch [..................................................]  1.57%
      1410 iter, 9 epoch / 10 epochs
    1.0903 iters/sec. Estimated time to finish: 0:02:21.201498.
[4A[J     total [#############################################.....] 90.80%
this epoch [###...............................................]  7.96%
      1420 iter, 9 epoch / 10 epochs
    1.0901 iters/sec. Estimated time to finish: 0:02:12.044235.
[4A[J     total [#############################################.....] 91.44%
this epoch [#######...........................................] 14.35%
      1430 iter, 9 epoch / 10 epochs
    1.0898 iters/sec. Estimated time to finish: 0:02:02.912316.
[4A[J     total [##############################################....] 92.07%
this epoch [##########........................................] 20.75%
      1440 iter, 9 epoch / 10 epochs
    1.0892 iters/sec. Estimated time to finish: 0:01:53.795483.
[4A[J     total [##############################################....] 92.71%
this epoch [#############.....................................] 27.14%
      1450 iter, 9 epoch / 10 epochs
    1.0891 iters/sec. Estimated time to finish: 0:01:44.620632.
[4A[J     total [##############################################....] 93.35%
this epoch [################..................................] 33.54%
      1460 iter, 9 epoch / 10 epochs
    1.0903 iters/sec. Estimated time to finish: 0:01:35.334952.
[4A[J     total [##############################################....] 93.99%
this epoch [###################...............................] 39.93%
      1470 iter, 9 epoch / 10 epochs
    1.0904 iters/sec. Estimated time to finish: 0:01:26.158921.
[4A[J     total [###############################################...] 94.63%
this epoch [#######################...........................] 46.32%
      1480 iter, 9 epoch / 10 epochs
    1.0904 iters/sec. Estimated time to finish: 0:01:16.988064.
[4A[J     total [###############################################...] 95.27%
this epoch [##########################........................] 52.72%
      1490 iter, 9 epoch / 10 epochs
    1.0905 iters/sec. Estimated time to finish: 0:01:07.810567.
[4A[J     total [###############################################...] 95.91%
this epoch [#############################.....................] 59.11%
      1500 iter, 9 epoch / 10 epochs
    1.0898 iters/sec. Estimated time to finish: 0:00:58.675774.
[4A[J     total [################################################..] 96.55%
this epoch [################################..................] 65.51%
      1510 iter, 9 epoch / 10 epochs
    1.0898 iters/sec. Estimated time to finish: 0:00:49.499315.
[4A[J     total [################################################..] 97.19%
this epoch [###################################...............] 71.90%
      1520 iter, 9 epoch / 10 epochs
    1.0897 iters/sec. Estimated time to finish: 0:00:40.327274.
[4A[J     total [################################################..] 97.83%
this epoch [#######################################...........] 78.30%
      1530 iter, 9 epoch / 10 epochs
    1.0897 iters/sec. Estimated time to finish: 0:00:31.152364.
[4A[J     total [#################################################.] 98.47%
this epoch [##########################################........] 84.69%
      1540 iter, 9 epoch / 10 epochs
    1.0897 iters/sec. Estimated time to finish: 0:00:21.973802.
[4A[J     total [#################################################.] 99.11%
this epoch [#############################################.....] 91.08%
      1550 iter, 9 epoch / 10 epochs
    1.0897 iters/sec. Estimated time to finish: 0:00:12.797143.
[4A[J     total [#################################################.] 99.75%
this epoch [################################################..] 97.48%
      1560 iter, 9 epoch / 10 epochs
    1.0909 iters/sec. Estimated time to finish: 0:00:03.616635.
[4A[J10          2.96809                           0.369491                                 1470.6        
[J