No Modulefiles Currently Loaded.
Currently Loaded Modulefiles:
  1) cuda/9.0/9.0.176.4   3) nccl/2.3/2.3.5-2
  2) cudnn/7.3/7.3.1      4) openmpi/2.1.6
Currently Loaded Modulefiles:
  1) cuda/9.0/9.0.176.4   3) nccl/2.3/2.3.5-2
  2) cudnn/7.3/7.3.1      4) openmpi/2.1.6
Currently Loaded Modulefiles:
  1) cuda/9.0/9.0.176.4   3) nccl/2.3/2.3.5-2
  2) cudnn/7.3/7.3.1      4) openmpi/2.1.6
==========================================
Num of GPUs : 256
Model :  resnet
Minibatch-size: 256
Epochs: 10
==========================================
Starting training .....
--------------------------------------------------------------------------
A process has executed an operation involving a call to the
"fork()" system call to create a child process.  Open MPI is currently
operating in a condition that could result in memory corruption or
other system errors; your job may hang, crash, or produce silent
data corruption.  The use of fork() (or system() or other calls that
create child processes) is strongly discouraged.

The process that invoked fork was:

  Local host:          [[49587,1],0] (PID 157574)

If you are *absolutely sure* that your application will successfully
and correctly survive a call to fork(), you may disable this warning
by setting the mpi_warn_on_fork MCA parameter to 0.
--------------------------------------------------------------------------
dot: graph is too large for cairo-renderer bitmaps. Scaling by 0.767539 to fit
epoch       main/loss   validation/main/loss  main/accuracy  validation/main/accuracy  elapsed_time
[J     total [..................................................]  1.28%
this epoch [######............................................] 12.79%
        10 iter, 0 epoch / 10 epochs
       inf iters/sec. Estimated time to finish: 0:00:00.
[4A[J     total [#.................................................]  2.56%
this epoch [############......................................] 25.58%
        20 iter, 0 epoch / 10 epochs
    1.1076 iters/sec. Estimated time to finish: 0:11:27.938746.
[4A[J     total [#.................................................]  3.84%
this epoch [###################...............................] 38.36%
        30 iter, 0 epoch / 10 epochs
    1.1174 iters/sec. Estimated time to finish: 0:11:12.981475.
[4A[J     total [##................................................]  5.12%
this epoch [#########################.........................] 51.15%
        40 iter, 0 epoch / 10 epochs
    1.1153 iters/sec. Estimated time to finish: 0:11:05.306903.
[4A[J     total [###...............................................]  6.39%
this epoch [###############################...................] 63.94%
        50 iter, 0 epoch / 10 epochs
    1.1153 iters/sec. Estimated time to finish: 0:10:56.323918.
[4A[J     total [###...............................................]  7.67%
this epoch [######################################............] 76.73%
        60 iter, 0 epoch / 10 epochs
    1.1179 iters/sec. Estimated time to finish: 0:10:45.850623.
[4A[J     total [####..............................................]  8.95%
this epoch [############################################......] 89.51%
        70 iter, 0 epoch / 10 epochs
    1.1152 iters/sec. Estimated time to finish: 0:10:38.443686.
[4A[J1           6.9224                            0.00410403                               82.0012       
[J     total [#####.............................................] 10.23%
this epoch [#.................................................]  2.30%
        80 iter, 1 epoch / 10 epochs
    1.0923 iters/sec. Estimated time to finish: 0:10:42.664406.
[4A[J     total [#####.............................................] 11.51%
this epoch [#######...........................................] 15.09%
        90 iter, 1 epoch / 10 epochs
     1.092 iters/sec. Estimated time to finish: 0:10:33.720538.
[4A[J     total [######............................................] 12.79%
this epoch [#############.....................................] 27.88%
       100 iter, 1 epoch / 10 epochs
    1.0921 iters/sec. Estimated time to finish: 0:10:24.504574.
[4A[J     total [#######...........................................] 14.07%
this epoch [####################..............................] 40.67%
       110 iter, 1 epoch / 10 epochs
    1.0857 iters/sec. Estimated time to finish: 0:10:18.959856.
[4A[J     total [#######...........................................] 15.35%
this epoch [##########################........................] 53.45%
       120 iter, 1 epoch / 10 epochs
    1.0861 iters/sec. Estimated time to finish: 0:10:09.533623.
[4A[J     total [########..........................................] 16.62%
this epoch [#################################.................] 66.24%
       130 iter, 1 epoch / 10 epochs
    1.0891 iters/sec. Estimated time to finish: 0:09:58.659396.
[4A[J     total [########..........................................] 17.90%
this epoch [#######################################...........] 79.03%
       140 iter, 1 epoch / 10 epochs
    1.0884 iters/sec. Estimated time to finish: 0:09:49.854645.
[4A[J     total [#########.........................................] 19.18%
this epoch [#############################################.....] 91.82%
       150 iter, 1 epoch / 10 epochs
    1.0662 iters/sec. Estimated time to finish: 0:09:52.748823.
[4A[J2           5.75467                           0.0365585                                157.047       
[J     total [##########........................................] 20.46%
this epoch [##................................................]  4.61%
       160 iter, 2 epoch / 10 epochs
     1.064 iters/sec. Estimated time to finish: 0:09:44.587559.
[4A[J     total [##########........................................] 21.74%
this epoch [########..........................................] 17.39%
       170 iter, 2 epoch / 10 epochs
    1.0563 iters/sec. Estimated time to finish: 0:09:39.360636.
[4A[J     total [###########.......................................] 23.02%
this epoch [###############...................................] 30.18%
       180 iter, 2 epoch / 10 epochs
    1.0538 iters/sec. Estimated time to finish: 0:09:31.273198.
[4A[J     total [############......................................] 24.30%
this epoch [#####################.............................] 42.97%
       190 iter, 2 epoch / 10 epochs
    1.0567 iters/sec. Estimated time to finish: 0:09:20.245503.
[4A[J     total [############......................................] 25.58%
this epoch [###########################.......................] 55.76%
       200 iter, 2 epoch / 10 epochs
    1.0571 iters/sec. Estimated time to finish: 0:09:10.575438.
[4A[J     total [#############.....................................] 26.85%
this epoch [##################################................] 68.54%
       210 iter, 2 epoch / 10 epochs
    1.0599 iters/sec. Estimated time to finish: 0:08:59.643191.
[4A[J     total [##############....................................] 28.13%
this epoch [########################################..........] 81.33%
       220 iter, 2 epoch / 10 epochs
    1.0629 iters/sec. Estimated time to finish: 0:08:48.743251.
[4A[J     total [##############....................................] 29.41%
this epoch [###############################################...] 94.12%
       230 iter, 2 epoch / 10 epochs
    1.0645 iters/sec. Estimated time to finish: 0:08:38.523028.
[4A[J3           4.95913                           0.0974059                                230.495       
[J     total [###############...................................] 30.69%
this epoch [###...............................................]  6.91%
       240 iter, 3 epoch / 10 epochs
     1.063 iters/sec. Estimated time to finish: 0:08:29.861008.
[4A[J     total [###############...................................] 31.97%
this epoch [#########.........................................] 19.70%
       250 iter, 3 epoch / 10 epochs
    1.0639 iters/sec. Estimated time to finish: 0:08:20.033303.
[4A[J     total [################..................................] 33.25%
this epoch [################..................................] 32.48%
       260 iter, 3 epoch / 10 epochs
     1.065 iters/sec. Estimated time to finish: 0:08:10.151283.
[4A[J     total [#################.................................] 34.53%
this epoch [######################............................] 45.27%
       270 iter, 3 epoch / 10 epochs
    1.0661 iters/sec. Estimated time to finish: 0:08:00.240332.
[4A[J     total [#################.................................] 35.81%
this epoch [#############################.....................] 58.06%
       280 iter, 3 epoch / 10 epochs
     1.068 iters/sec. Estimated time to finish: 0:07:50.038548.
[4A[J     total [##################................................] 37.08%
this epoch [###################################...............] 70.85%
       290 iter, 3 epoch / 10 epochs
    1.0689 iters/sec. Estimated time to finish: 0:07:40.299931.
[4A[J     total [###################...............................] 38.36%
this epoch [#########################################.........] 83.64%
       300 iter, 3 epoch / 10 epochs
    1.0706 iters/sec. Estimated time to finish: 0:07:30.192322.
[4A[J     total [###################...............................] 39.64%
this epoch [################################################..] 96.42%
       310 iter, 3 epoch / 10 epochs
    1.0723 iters/sec. Estimated time to finish: 0:07:20.176944.
[4A[J4           4.5034                            0.142829                                 301.557       
[J     total [####################..............................] 40.92%
this epoch [####..............................................]  9.21%
       320 iter, 4 epoch / 10 epochs
    1.0718 iters/sec. Estimated time to finish: 0:07:11.041635.
[4A[J     total [#####################.............................] 42.20%
this epoch [##########........................................] 22.00%
       330 iter, 4 epoch / 10 epochs
    1.0722 iters/sec. Estimated time to finish: 0:07:01.555216.
[4A[J     total [#####################.............................] 43.48%
this epoch [#################.................................] 34.79%
       340 iter, 4 epoch / 10 epochs
    1.0729 iters/sec. Estimated time to finish: 0:06:51.958162.
[4A[J     total [######################............................] 44.76%
this epoch [#######################...........................] 47.57%
       350 iter, 4 epoch / 10 epochs
    1.0735 iters/sec. Estimated time to finish: 0:06:42.425123.
[4A[J     total [#######################...........................] 46.04%
this epoch [##############################....................] 60.36%
       360 iter, 4 epoch / 10 epochs
    1.0748 iters/sec. Estimated time to finish: 0:06:32.621683.
[4A[J     total [#######################...........................] 47.32%
this epoch [####################################..............] 73.15%
       370 iter, 4 epoch / 10 epochs
    1.0762 iters/sec. Estimated time to finish: 0:06:22.834508.
[4A[J     total [########################..........................] 48.59%
this epoch [##########################################........] 85.94%
       380 iter, 4 epoch / 10 epochs
    1.0776 iters/sec. Estimated time to finish: 0:06:13.049523.
[4A[J     total [########################..........................] 49.87%
this epoch [#################################################.] 98.73%
       390 iter, 4 epoch / 10 epochs
    1.0786 iters/sec. Estimated time to finish: 0:06:03.438543.
[4A[J5           4.24274                           0.175381                                 372.661       
[J     total [#########################.........................] 51.15%
this epoch [#####.............................................] 11.51%
       400 iter, 5 epoch / 10 epochs
    1.0767 iters/sec. Estimated time to finish: 0:05:54.790727.
[4A[J     total [##########################........................] 52.43%
this epoch [############......................................] 24.30%
       410 iter, 5 epoch / 10 epochs
    1.0768 iters/sec. Estimated time to finish: 0:05:45.446313.
[4A[J     total [##########################........................] 53.71%
this epoch [##################................................] 37.09%
       420 iter, 5 epoch / 10 epochs
    1.0776 iters/sec. Estimated time to finish: 0:05:35.921854.
[4A[J     total [###########################.......................] 54.99%
this epoch [########################..........................] 49.88%
       430 iter, 5 epoch / 10 epochs
    1.0784 iters/sec. Estimated time to finish: 0:05:26.410185.
[4A[J     total [############################......................] 56.27%
this epoch [###############################...................] 62.67%
       440 iter, 5 epoch / 10 epochs
    1.0792 iters/sec. Estimated time to finish: 0:05:16.880267.
[4A[J     total [############################......................] 57.55%
this epoch [#####################################.............] 75.45%
       450 iter, 5 epoch / 10 epochs
    1.0801 iters/sec. Estimated time to finish: 0:05:07.368113.
[4A[J     total [#############################.....................] 58.82%
this epoch [############################################......] 88.24%
       460 iter, 5 epoch / 10 epochs
    1.0809 iters/sec. Estimated time to finish: 0:04:57.889714.
[4A[J6           3.99874                           0.209059                                 444.444       
[J     total [##############################....................] 60.10%
this epoch [..................................................]  1.03%
       470 iter, 6 epoch / 10 epochs
    1.0805 iters/sec. Estimated time to finish: 0:04:48.740513.
[4A[J     total [##############################....................] 61.38%
this epoch [######............................................] 13.82%
       480 iter, 6 epoch / 10 epochs
    1.0809 iters/sec. Estimated time to finish: 0:04:39.400181.
[4A[J     total [###############################...................] 62.66%
this epoch [#############.....................................] 26.60%
       490 iter, 6 epoch / 10 epochs
    1.0812 iters/sec. Estimated time to finish: 0:04:30.075269.
[4A[J     total [###############################...................] 63.94%
this epoch [###################...............................] 39.39%
       500 iter, 6 epoch / 10 epochs
    1.0811 iters/sec. Estimated time to finish: 0:04:20.828318.
[4A[J     total [################################..................] 65.22%
this epoch [##########################........................] 52.18%
       510 iter, 6 epoch / 10 epochs
    1.0819 iters/sec. Estimated time to finish: 0:04:11.406592.
[4A[J     total [#################################.................] 66.50%
this epoch [################################..................] 64.97%
       520 iter, 6 epoch / 10 epochs
    1.0827 iters/sec. Estimated time to finish: 0:04:01.985005.
[4A[J     total [#################################.................] 67.78%
this epoch [######################################............] 77.76%
       530 iter, 6 epoch / 10 epochs
    1.0833 iters/sec. Estimated time to finish: 0:03:52.607865.
[4A[J     total [##################################................] 69.05%
this epoch [#############################################.....] 90.54%
       540 iter, 6 epoch / 10 epochs
    1.0836 iters/sec. Estimated time to finish: 0:03:43.314456.
[4A[J7           3.82455                           0.234976                                 515.552       
[J     total [###################################...............] 70.33%
this epoch [#.................................................]  3.33%
       550 iter, 7 epoch / 10 epochs
     1.083 iters/sec. Estimated time to finish: 0:03:34.214480.
[4A[J     total [###################################...............] 71.61%
this epoch [########..........................................] 16.12%
       560 iter, 7 epoch / 10 epochs
    1.0827 iters/sec. Estimated time to finish: 0:03:25.035225.
[4A[J     total [####################################..............] 72.89%
this epoch [##############....................................] 28.91%
       570 iter, 7 epoch / 10 epochs
    1.0829 iters/sec. Estimated time to finish: 0:03:15.755913.
[4A[J     total [#####################################.............] 74.17%
this epoch [####################..............................] 41.70%
       580 iter, 7 epoch / 10 epochs
    1.0834 iters/sec. Estimated time to finish: 0:03:06.444781.
[4A[J     total [#####################################.............] 75.45%
this epoch [###########################.......................] 54.48%
       590 iter, 7 epoch / 10 epochs
     1.084 iters/sec. Estimated time to finish: 0:02:57.113708.
[4A[J     total [######################################............] 76.73%
this epoch [#################################.................] 67.27%
       600 iter, 7 epoch / 10 epochs
    1.0845 iters/sec. Estimated time to finish: 0:02:47.816518.
[4A[J     total [#######################################...........] 78.01%
this epoch [########################################..........] 80.06%
       610 iter, 7 epoch / 10 epochs
    1.0852 iters/sec. Estimated time to finish: 0:02:38.493938.
[4A[J     total [#######################################...........] 79.28%
this epoch [##############################################....] 92.85%
       620 iter, 7 epoch / 10 epochs
    1.0859 iters/sec. Estimated time to finish: 0:02:29.180205.
[4A[J8           3.62916                           0.265525                                 586.314       
[J     total [########################################..........] 80.56%
this epoch [##................................................]  5.63%
       630 iter, 8 epoch / 10 epochs
    1.0855 iters/sec. Estimated time to finish: 0:02:20.018387.
[4A[J     total [########################################..........] 81.84%
this epoch [#########.........................................] 18.42%
       640 iter, 8 epoch / 10 epochs
    1.0852 iters/sec. Estimated time to finish: 0:02:10.849642.
[4A[J     total [#########################################.........] 83.12%
this epoch [###############...................................] 31.21%
       650 iter, 8 epoch / 10 epochs
    1.0854 iters/sec. Estimated time to finish: 0:02:01.602472.
[4A[J     total [##########################################........] 84.40%
this epoch [#####################.............................] 44.00%
       660 iter, 8 epoch / 10 epochs
    1.0857 iters/sec. Estimated time to finish: 0:01:52.362107.
[4A[J     total [##########################################........] 85.68%
this epoch [############################......................] 56.79%
       670 iter, 8 epoch / 10 epochs
     1.086 iters/sec. Estimated time to finish: 0:01:43.119230.
[4A[J     total [###########################################.......] 86.96%
this epoch [##################################................] 69.57%
       680 iter, 8 epoch / 10 epochs
    1.0866 iters/sec. Estimated time to finish: 0:01:33.865568.
[4A[J     total [############################################......] 88.24%
this epoch [#########################################.........] 82.36%
       690 iter, 8 epoch / 10 epochs
     1.087 iters/sec. Estimated time to finish: 0:01:24.628650.
[4A[J     total [############################################......] 89.51%
this epoch [###############################################...] 95.15%
       700 iter, 8 epoch / 10 epochs
    1.0876 iters/sec. Estimated time to finish: 0:01:15.390297.
[4A[J9           3.54339                           0.276793                                 657.11        
[J     total [#############################################.....] 90.79%
this epoch [###...............................................]  7.94%
       710 iter, 9 epoch / 10 epochs
    1.0873 iters/sec. Estimated time to finish: 0:01:06.208943.
[4A[J     total [##############################################....] 92.07%
this epoch [##########........................................] 20.73%
       720 iter, 9 epoch / 10 epochs
    1.0874 iters/sec. Estimated time to finish: 0:00:57.011669.
[4A[J     total [##############################################....] 93.35%
this epoch [################..................................] 33.51%
       730 iter, 9 epoch / 10 epochs
    1.0875 iters/sec. Estimated time to finish: 0:00:47.810763.
[4A[J     total [###############################################...] 94.63%
this epoch [#######################...........................] 46.30%
       740 iter, 9 epoch / 10 epochs
    1.0877 iters/sec. Estimated time to finish: 0:00:38.605530.
[4A[J     total [###############################################...] 95.91%
this epoch [#############################.....................] 59.09%
       750 iter, 9 epoch / 10 epochs
    1.0878 iters/sec. Estimated time to finish: 0:00:29.410122.
[4A[J     total [################################################..] 97.19%
this epoch [###################################...............] 71.88%
       760 iter, 9 epoch / 10 epochs
    1.0881 iters/sec. Estimated time to finish: 0:00:20.211768.
[4A[J     total [#################################################.] 98.47%
this epoch [##########################################........] 84.66%
       770 iter, 9 epoch / 10 epochs
    1.0885 iters/sec. Estimated time to finish: 0:00:11.017541.
[4A[J     total [#################################################.] 99.75%
this epoch [################################################..] 97.45%
       780 iter, 9 epoch / 10 epochs
    1.0888 iters/sec. Estimated time to finish: 0:00:01.829630.
[4A[J10          3.39658                           0.298327                                 728.066       
[J