No Modulefiles Currently Loaded.
Currently Loaded Modulefiles:
  1) cuda/9.0/9.0.176.4   3) nccl/2.3/2.3.5-2
  2) cudnn/7.3/7.3.1      4) openmpi/2.1.6
Currently Loaded Modulefiles:
  1) cuda/9.0/9.0.176.4   3) nccl/2.3/2.3.5-2
  2) cudnn/7.3/7.3.1      4) openmpi/2.1.6
Currently Loaded Modulefiles:
  1) cuda/9.0/9.0.176.4   3) nccl/2.3/2.3.5-2
  2) cudnn/7.3/7.3.1      4) openmpi/2.1.6
==========================================
Num of GPUs : 64
Model :  resnet
Minibatch-size: 256
Epochs: 10
==========================================
Starting training .....
--------------------------------------------------------------------------
A process has executed an operation involving a call to the
"fork()" system call to create a child process.  Open MPI is currently
operating in a condition that could result in memory corruption or
other system errors; your job may hang, crash, or produce silent
data corruption.  The use of fork() (or system() or other calls that
create child processes) is strongly discouraged.

The process that invoked fork was:

  Local host:          [[57524,1],0] (PID 255859)

If you are *absolutely sure* that your application will successfully
and correctly survive a call to fork(), you may disable this warning
by setting the mpi_warn_on_fork MCA parameter to 0.
--------------------------------------------------------------------------
dot: graph is too large for cairo-renderer bitmaps. Scaling by 0.767539 to fit
epoch       main/loss   validation/main/loss  main/accuracy  validation/main/accuracy  elapsed_time
[J     total [..................................................]  0.32%
this epoch [#.................................................]  3.20%
        10 iter, 0 epoch / 10 epochs
       inf iters/sec. Estimated time to finish: 0:00:00.
[4A[J     total [..................................................]  0.64%
this epoch [###...............................................]  6.39%
        20 iter, 0 epoch / 10 epochs
    1.0873 iters/sec. Estimated time to finish: 0:47:38.305243.
[4A[J     total [..................................................]  0.96%
this epoch [####..............................................]  9.59%
        30 iter, 0 epoch / 10 epochs
    1.0988 iters/sec. Estimated time to finish: 0:46:59.279061.
[4A[J     total [..................................................]  1.28%
this epoch [######............................................] 12.79%
        40 iter, 0 epoch / 10 epochs
     1.102 iters/sec. Estimated time to finish: 0:46:41.944496.
[4A[J     total [..................................................]  1.60%
this epoch [#######...........................................] 15.99%
        50 iter, 0 epoch / 10 epochs
    1.1009 iters/sec. Estimated time to finish: 0:46:35.799002.
[4A[J     total [..................................................]  1.92%
this epoch [#########.........................................] 19.18%
        60 iter, 0 epoch / 10 epochs
    1.1048 iters/sec. Estimated time to finish: 0:46:16.917462.
[4A[J     total [#.................................................]  2.24%
this epoch [###########.......................................] 22.38%
        70 iter, 0 epoch / 10 epochs
     1.106 iters/sec. Estimated time to finish: 0:46:04.810043.
[4A[J     total [#.................................................]  2.56%
this epoch [############......................................] 25.58%
        80 iter, 0 epoch / 10 epochs
     1.104 iters/sec. Estimated time to finish: 0:46:00.795596.
[4A[J     total [#.................................................]  2.88%
this epoch [##############....................................] 28.77%
        90 iter, 0 epoch / 10 epochs
    1.1043 iters/sec. Estimated time to finish: 0:45:50.870251.
[4A[J     total [#.................................................]  3.20%
this epoch [###############...................................] 31.97%
       100 iter, 0 epoch / 10 epochs
    1.1043 iters/sec. Estimated time to finish: 0:45:41.883240.
[4A[J     total [#.................................................]  3.52%
this epoch [#################.................................] 35.17%
       110 iter, 0 epoch / 10 epochs
    1.0917 iters/sec. Estimated time to finish: 0:46:04.399200.
[4A[J     total [#.................................................]  3.84%
this epoch [###################...............................] 38.36%
       120 iter, 0 epoch / 10 epochs
    1.0931 iters/sec. Estimated time to finish: 0:45:51.545541.
[4A[J     total [##................................................]  4.16%
this epoch [####################..............................] 41.56%
       130 iter, 0 epoch / 10 epochs
    1.0952 iters/sec. Estimated time to finish: 0:45:37.333932.
[4A[J     total [##................................................]  4.48%
this epoch [######################............................] 44.76%
       140 iter, 0 epoch / 10 epochs
    1.0934 iters/sec. Estimated time to finish: 0:45:32.569993.
[4A[J     total [##................................................]  4.80%
this epoch [#######################...........................] 47.96%
       150 iter, 0 epoch / 10 epochs
    1.0948 iters/sec. Estimated time to finish: 0:45:19.958697.
[4A[J     total [##................................................]  5.12%
this epoch [#########################.........................] 51.15%
       160 iter, 0 epoch / 10 epochs
    1.0964 iters/sec. Estimated time to finish: 0:45:06.940032.
[4A[J     total [##................................................]  5.44%
this epoch [###########################.......................] 54.35%
       170 iter, 0 epoch / 10 epochs
    1.0976 iters/sec. Estimated time to finish: 0:44:54.937570.
[4A[J     total [##................................................]  5.75%
this epoch [############################......................] 57.55%
       180 iter, 0 epoch / 10 epochs
    1.0984 iters/sec. Estimated time to finish: 0:44:43.696824.
[4A[J     total [###...............................................]  6.07%
this epoch [##############################....................] 60.74%
       190 iter, 0 epoch / 10 epochs
    1.0995 iters/sec. Estimated time to finish: 0:44:31.903968.
[4A[J     total [###...............................................]  6.39%
this epoch [###############################...................] 63.94%
       200 iter, 0 epoch / 10 epochs
    1.1004 iters/sec. Estimated time to finish: 0:44:20.730781.
[4A[J     total [###...............................................]  6.71%
this epoch [#################################.................] 67.14%
       210 iter, 0 epoch / 10 epochs
    1.1013 iters/sec. Estimated time to finish: 0:44:09.489811.
[4A[J     total [###...............................................]  7.03%
this epoch [###################################...............] 70.34%
       220 iter, 0 epoch / 10 epochs
    1.1013 iters/sec. Estimated time to finish: 0:44:00.397855.
[4A[J     total [###...............................................]  7.35%
this epoch [####################################..............] 73.53%
       230 iter, 0 epoch / 10 epochs
    1.1022 iters/sec. Estimated time to finish: 0:43:49.166722.
[4A[J     total [###...............................................]  7.67%
this epoch [######################################............] 76.73%
       240 iter, 0 epoch / 10 epochs
    1.1027 iters/sec. Estimated time to finish: 0:43:38.901143.
[4A[J     total [###...............................................]  7.99%
this epoch [#######################################...........] 79.93%
       250 iter, 0 epoch / 10 epochs
    1.1026 iters/sec. Estimated time to finish: 0:43:30.017987.
[4A[J     total [####..............................................]  8.31%
this epoch [#########################################.........] 83.12%
       260 iter, 0 epoch / 10 epochs
    1.1031 iters/sec. Estimated time to finish: 0:43:19.901388.
[4A[J     total [####..............................................]  8.63%
this epoch [###########################################.......] 86.32%
       270 iter, 0 epoch / 10 epochs
    1.1035 iters/sec. Estimated time to finish: 0:43:09.835439.
[4A[J     total [####..............................................]  8.95%
this epoch [############################################......] 89.52%
       280 iter, 0 epoch / 10 epochs
    1.1037 iters/sec. Estimated time to finish: 0:43:00.168014.
[4A[J     total [####..............................................]  9.27%
this epoch [##############################################....] 92.72%
       290 iter, 0 epoch / 10 epochs
    1.1043 iters/sec. Estimated time to finish: 0:42:49.931892.
[4A[J     total [####..............................................]  9.59%
this epoch [###############################################...] 95.91%
       300 iter, 0 epoch / 10 epochs
    1.1048 iters/sec. Estimated time to finish: 0:42:39.579043.
[4A[J     total [####..............................................]  9.91%
this epoch [#################################################.] 99.11%
       310 iter, 0 epoch / 10 epochs
    1.1052 iters/sec. Estimated time to finish: 0:42:29.570403.
[4A[J1           5.99909                           0.0357428                                293.341       
[J     total [#####.............................................] 10.23%
this epoch [#.................................................]  2.31%
       320 iter, 1 epoch / 10 epochs
    1.1044 iters/sec. Estimated time to finish: 0:42:22.444282.
[4A[J     total [#####.............................................] 10.55%
this epoch [##................................................]  5.50%
       330 iter, 1 epoch / 10 epochs
    1.1049 iters/sec. Estimated time to finish: 0:42:12.210288.
[4A[J     total [#####.............................................] 10.87%
this epoch [####..............................................]  8.70%
       340 iter, 1 epoch / 10 epochs
     1.105 iters/sec. Estimated time to finish: 0:42:02.941453.
[4A[J     total [#####.............................................] 11.19%
this epoch [#####.............................................] 11.90%
       350 iter, 1 epoch / 10 epochs
    1.1054 iters/sec. Estimated time to finish: 0:41:53.047437.
[4A[J     total [#####.............................................] 11.51%
this epoch [#######...........................................] 15.09%
       360 iter, 1 epoch / 10 epochs
    1.1057 iters/sec. Estimated time to finish: 0:41:43.185578.
[4A[J     total [#####.............................................] 11.83%
this epoch [#########.........................................] 18.29%
       370 iter, 1 epoch / 10 epochs
     1.106 iters/sec. Estimated time to finish: 0:41:33.574510.
[4A[J     total [######............................................] 12.15%
this epoch [##########........................................] 21.49%
       380 iter, 1 epoch / 10 epochs
    1.1062 iters/sec. Estimated time to finish: 0:41:24.098382.
[4A[J     total [######............................................] 12.47%
this epoch [############......................................] 24.69%
       390 iter, 1 epoch / 10 epochs
    1.1065 iters/sec. Estimated time to finish: 0:41:14.416405.
[4A[J     total [######............................................] 12.79%
this epoch [#############.....................................] 27.88%
       400 iter, 1 epoch / 10 epochs
    1.1066 iters/sec. Estimated time to finish: 0:41:05.013733.
[4A[J     total [######............................................] 13.11%
this epoch [###############...................................] 31.08%
       410 iter, 1 epoch / 10 epochs
    1.1066 iters/sec. Estimated time to finish: 0:40:56.043662.
[4A[J     total [######............................................] 13.43%
this epoch [#################.................................] 34.28%
       420 iter, 1 epoch / 10 epochs
    1.1069 iters/sec. Estimated time to finish: 0:40:46.265366.
[4A[J     total [######............................................] 13.75%
this epoch [##################................................] 37.47%
       430 iter, 1 epoch / 10 epochs
    1.1072 iters/sec. Estimated time to finish: 0:40:36.662620.
[4A[J     total [#######...........................................] 14.07%
this epoch [####################..............................] 40.67%
       440 iter, 1 epoch / 10 epochs
    1.1073 iters/sec. Estimated time to finish: 0:40:27.288715.
[4A[J     total [#######...........................................] 14.39%
this epoch [#####################.............................] 43.87%
       450 iter, 1 epoch / 10 epochs
    1.1076 iters/sec. Estimated time to finish: 0:40:17.603599.
[4A[J     total [#######...........................................] 14.71%
this epoch [#######################...........................] 47.07%
       460 iter, 1 epoch / 10 epochs
    1.1078 iters/sec. Estimated time to finish: 0:40:08.136950.
[4A[J     total [#######...........................................] 15.03%
this epoch [#########################.........................] 50.26%
       470 iter, 1 epoch / 10 epochs
    1.1082 iters/sec. Estimated time to finish: 0:39:58.452859.
[4A[J     total [#######...........................................] 15.35%
this epoch [##########################........................] 53.46%
       480 iter, 1 epoch / 10 epochs
    1.1081 iters/sec. Estimated time to finish: 0:39:49.460067.
[4A[J     total [#######...........................................] 15.67%
this epoch [############################......................] 56.66%
       490 iter, 1 epoch / 10 epochs
    1.1083 iters/sec. Estimated time to finish: 0:39:40.188529.
[4A[J     total [#######...........................................] 15.99%
this epoch [#############################.....................] 59.85%
       500 iter, 1 epoch / 10 epochs
    1.1084 iters/sec. Estimated time to finish: 0:39:30.760892.
[4A[J     total [########..........................................] 16.31%
this epoch [###############################...................] 63.05%
       510 iter, 1 epoch / 10 epochs
    1.1085 iters/sec. Estimated time to finish: 0:39:21.646176.
[4A[J     total [########..........................................] 16.62%
this epoch [#################################.................] 66.25%
       520 iter, 1 epoch / 10 epochs
    1.1087 iters/sec. Estimated time to finish: 0:39:12.150729.
[4A[J     total [########..........................................] 16.94%
this epoch [##################################................] 69.45%
       530 iter, 1 epoch / 10 epochs
    1.1089 iters/sec. Estimated time to finish: 0:39:02.822302.
[4A[J     total [########..........................................] 17.26%
this epoch [####################################..............] 72.64%
       540 iter, 1 epoch / 10 epochs
    1.1089 iters/sec. Estimated time to finish: 0:38:53.798309.
[4A[J     total [########..........................................] 17.58%
this epoch [#####################################.............] 75.84%
       550 iter, 1 epoch / 10 epochs
     1.109 iters/sec. Estimated time to finish: 0:38:44.436945.
[4A[J     total [########..........................................] 17.90%
this epoch [#######################################...........] 79.04%
       560 iter, 1 epoch / 10 epochs
    1.1092 iters/sec. Estimated time to finish: 0:38:35.123446.
[4A[J     total [#########.........................................] 18.22%
this epoch [#########################################.........] 82.23%
       570 iter, 1 epoch / 10 epochs
    1.1094 iters/sec. Estimated time to finish: 0:38:25.665999.
[4A[J     total [#########.........................................] 18.54%
this epoch [##########################################........] 85.43%
       580 iter, 1 epoch / 10 epochs
    1.1094 iters/sec. Estimated time to finish: 0:38:16.683128.
[4A[J     total [#########.........................................] 18.86%
this epoch [############################################......] 88.63%
       590 iter, 1 epoch / 10 epochs
    1.1095 iters/sec. Estimated time to finish: 0:38:07.335047.
[4A[J     total [#########.........................................] 19.18%
this epoch [#############################################.....] 91.82%
       600 iter, 1 epoch / 10 epochs
    1.1097 iters/sec. Estimated time to finish: 0:37:57.922335.
[4A[J     total [#########.........................................] 19.50%
this epoch [###############################################...] 95.02%
       610 iter, 1 epoch / 10 epochs
    1.1098 iters/sec. Estimated time to finish: 0:37:48.800520.
[4A[J     total [#########.........................................] 19.82%
this epoch [#################################################.] 98.22%
       620 iter, 1 epoch / 10 epochs
    1.1099 iters/sec. Estimated time to finish: 0:37:39.490984.
[4A[J2           4.43022                           0.154128                                 574.144       
[J     total [##########........................................] 20.14%
this epoch [..................................................]  1.42%
       630 iter, 2 epoch / 10 epochs
    1.1095 iters/sec. Estimated time to finish: 0:37:31.343196.
[4A[J     total [##########........................................] 20.46%
this epoch [##................................................]  4.61%
       640 iter, 2 epoch / 10 epochs
    1.1094 iters/sec. Estimated time to finish: 0:37:22.523982.
[4A[J     total [##########........................................] 20.78%
this epoch [###...............................................]  7.81%
       650 iter, 2 epoch / 10 epochs
    1.1094 iters/sec. Estimated time to finish: 0:37:13.463590.
[4A[J     total [##########........................................] 21.10%
this epoch [#####.............................................] 11.01%
       660 iter, 2 epoch / 10 epochs
    1.1094 iters/sec. Estimated time to finish: 0:37:04.432594.
[4A[J     total [##########........................................] 21.42%
this epoch [#######...........................................] 14.20%
       670 iter, 2 epoch / 10 epochs
    1.1093 iters/sec. Estimated time to finish: 0:36:55.622759.
[4A[J     total [##########........................................] 21.74%
this epoch [########..........................................] 17.40%
       680 iter, 2 epoch / 10 epochs
    1.1093 iters/sec. Estimated time to finish: 0:36:46.630609.
[4A[J     total [###########.......................................] 22.06%
this epoch [##########........................................] 20.60%
       690 iter, 2 epoch / 10 epochs
    1.1093 iters/sec. Estimated time to finish: 0:36:37.653598.
[4A[J     total [###########.......................................] 22.38%
this epoch [###########.......................................] 23.80%
       700 iter, 2 epoch / 10 epochs
    1.1092 iters/sec. Estimated time to finish: 0:36:28.882183.
[4A[J     total [###########.......................................] 22.70%
this epoch [#############.....................................] 26.99%
       710 iter, 2 epoch / 10 epochs
    1.1092 iters/sec. Estimated time to finish: 0:36:19.736929.
[4A[J     total [###########.......................................] 23.02%
this epoch [###############...................................] 30.19%
       720 iter, 2 epoch / 10 epochs
    1.1093 iters/sec. Estimated time to finish: 0:36:10.640537.
[4A[J     total [###########.......................................] 23.34%
this epoch [################..................................] 33.39%
       730 iter, 2 epoch / 10 epochs
    1.1094 iters/sec. Estimated time to finish: 0:36:01.482278.
[4A[J     total [###########.......................................] 23.66%
this epoch [##################................................] 36.58%
       740 iter, 2 epoch / 10 epochs
    1.1093 iters/sec. Estimated time to finish: 0:35:52.539624.
[4A[J     total [###########.......................................] 23.98%
this epoch [###################...............................] 39.78%
       750 iter, 2 epoch / 10 epochs
    1.1093 iters/sec. Estimated time to finish: 0:35:43.516972.
[4A[J     total [############......................................] 24.30%
this epoch [#####################.............................] 42.98%
       760 iter, 2 epoch / 10 epochs
    1.1094 iters/sec. Estimated time to finish: 0:35:34.378666.
[4A[J     total [############......................................] 24.62%
this epoch [#######################...........................] 46.18%
       770 iter, 2 epoch / 10 epochs
    1.1093 iters/sec. Estimated time to finish: 0:35:25.451511.
[4A[J     total [############......................................] 24.94%
this epoch [########################..........................] 49.37%
       780 iter, 2 epoch / 10 epochs
    1.1094 iters/sec. Estimated time to finish: 0:35:16.234928.
[4A[J     total [############......................................] 25.26%
this epoch [##########################........................] 52.57%
       790 iter, 2 epoch / 10 epochs
    1.1096 iters/sec. Estimated time to finish: 0:35:06.977275.
[4A[J     total [############......................................] 25.58%
this epoch [###########################.......................] 55.77%
       800 iter, 2 epoch / 10 epochs
    1.1096 iters/sec. Estimated time to finish: 0:34:57.993974.
[4A[J     total [############......................................] 25.90%
this epoch [#############################.....................] 58.96%
       810 iter, 2 epoch / 10 epochs
    1.1097 iters/sec. Estimated time to finish: 0:34:48.761761.
[4A[J     total [#############.....................................] 26.22%
this epoch [###############################...................] 62.16%
       820 iter, 2 epoch / 10 epochs
    1.1098 iters/sec. Estimated time to finish: 0:34:39.534451.
[4A[J     total [#############.....................................] 26.54%
this epoch [################################..................] 65.36%
       830 iter, 2 epoch / 10 epochs
    1.1098 iters/sec. Estimated time to finish: 0:34:30.465742.
[4A[J     total [#############.....................................] 26.86%
this epoch [##################################................] 68.55%
       840 iter, 2 epoch / 10 epochs
    1.1099 iters/sec. Estimated time to finish: 0:34:21.277670.
[4A[J     total [#############.....................................] 27.18%
this epoch [###################################...............] 71.75%
       850 iter, 2 epoch / 10 epochs
      1.11 iters/sec. Estimated time to finish: 0:34:12.052233.
[4A[J     total [#############.....................................] 27.49%
this epoch [#####################################.............] 74.95%
       860 iter, 2 epoch / 10 epochs
    1.1101 iters/sec. Estimated time to finish: 0:34:02.851993.
[4A[J     total [#############.....................................] 27.81%
this epoch [#######################################...........] 78.15%
       870 iter, 2 epoch / 10 epochs
    1.1101 iters/sec. Estimated time to finish: 0:33:53.834301.
[4A[J     total [##############....................................] 28.13%
this epoch [########################################..........] 81.34%
       880 iter, 2 epoch / 10 epochs
    1.1102 iters/sec. Estimated time to finish: 0:33:44.641798.
[4A[J     total [##############....................................] 28.45%
this epoch [##########################################........] 84.54%
       890 iter, 2 epoch / 10 epochs
    1.1103 iters/sec. Estimated time to finish: 0:33:35.489776.
[4A[J     total [##############....................................] 28.77%
this epoch [###########################################.......] 87.74%
       900 iter, 2 epoch / 10 epochs
    1.1103 iters/sec. Estimated time to finish: 0:33:26.457390.
[4A[J     total [##############....................................] 29.09%
this epoch [#############################################.....] 90.93%
       910 iter, 2 epoch / 10 epochs
    1.1104 iters/sec. Estimated time to finish: 0:33:17.292407.
[4A[J     total [##############....................................] 29.41%
this epoch [###############################################...] 94.13%
       920 iter, 2 epoch / 10 epochs
    1.1105 iters/sec. Estimated time to finish: 0:33:08.085311.
[4A[J     total [##############....................................] 29.73%
this epoch [################################################..] 97.33%
       930 iter, 2 epoch / 10 epochs
    1.1105 iters/sec. Estimated time to finish: 0:32:59.159802.
[4A[J3           3.78744                           0.238019                                 855.681       
[J     total [###############...................................] 30.05%
this epoch [..................................................]  0.53%
       940 iter, 3 epoch / 10 epochs
    1.1102 iters/sec. Estimated time to finish: 0:32:50.606566.
[4A[J     total [###############...................................] 30.37%
this epoch [#.................................................]  3.72%
       950 iter, 3 epoch / 10 epochs
    1.1102 iters/sec. Estimated time to finish: 0:32:41.661035.
[4A[J     total [###############...................................] 30.69%
this epoch [###...............................................]  6.92%
       960 iter, 3 epoch / 10 epochs
    1.1102 iters/sec. Estimated time to finish: 0:32:32.728700.
[4A[J     total [###############...................................] 31.01%
this epoch [#####.............................................] 10.12%
       970 iter, 3 epoch / 10 epochs
    1.1102 iters/sec. Estimated time to finish: 0:32:23.591099.
[4A[J     total [###############...................................] 31.33%
this epoch [######............................................] 13.31%
       980 iter, 3 epoch / 10 epochs
    1.1103 iters/sec. Estimated time to finish: 0:32:14.508181.
[4A[J     total [###############...................................] 31.65%
this epoch [########..........................................] 16.51%
       990 iter, 3 epoch / 10 epochs
    1.1102 iters/sec. Estimated time to finish: 0:32:05.600460.
[4A[J     total [###############...................................] 31.97%
this epoch [#########.........................................] 19.71%
      1000 iter, 3 epoch / 10 epochs
    1.1103 iters/sec. Estimated time to finish: 0:31:56.456373.
[4A[J     total [################..................................] 32.29%
this epoch [###########.......................................] 22.91%
      1010 iter, 3 epoch / 10 epochs
    1.1106 iters/sec. Estimated time to finish: 0:31:46.990226.
[4A[J     total [################..................................] 32.61%
this epoch [#############.....................................] 26.10%
      1020 iter, 3 epoch / 10 epochs
    1.1106 iters/sec. Estimated time to finish: 0:31:37.883035.
[4A[J     total [################..................................] 32.93%
this epoch [##############....................................] 29.30%
      1030 iter, 3 epoch / 10 epochs
    1.1106 iters/sec. Estimated time to finish: 0:31:28.912585.
[4A[J     total [################..................................] 33.25%
this epoch [################..................................] 32.50%
      1040 iter, 3 epoch / 10 epochs
    1.1108 iters/sec. Estimated time to finish: 0:31:19.536892.
[4A[J     total [################..................................] 33.57%
this epoch [#################.................................] 35.69%
      1050 iter, 3 epoch / 10 epochs
    1.1108 iters/sec. Estimated time to finish: 0:31:10.585556.
[4A[J     total [################..................................] 33.89%
this epoch [###################...............................] 38.89%
      1060 iter, 3 epoch / 10 epochs
    1.1108 iters/sec. Estimated time to finish: 0:31:01.582119.
[4A[J     total [#################.................................] 34.21%
this epoch [#####################.............................] 42.09%
      1070 iter, 3 epoch / 10 epochs
    1.1111 iters/sec. Estimated time to finish: 0:30:52.142136.
[4A[J     total [#################.................................] 34.53%
this epoch [######################............................] 45.28%
      1080 iter, 3 epoch / 10 epochs
    1.1084 iters/sec. Estimated time to finish: 0:30:47.592470.
[4A[J     total [#################.................................] 34.85%
this epoch [########################..........................] 48.48%
      1090 iter, 3 epoch / 10 epochs
    1.1084 iters/sec. Estimated time to finish: 0:30:38.507887.
[4A[J     total [#################.................................] 35.17%
this epoch [#########################.........................] 51.68%
      1100 iter, 3 epoch / 10 epochs
    1.1099 iters/sec. Estimated time to finish: 0:30:27.113816.
[4A[J     total [#################.................................] 35.49%
this epoch [###########################.......................] 54.88%
      1110 iter, 3 epoch / 10 epochs
      1.11 iters/sec. Estimated time to finish: 0:30:17.912313.
[4A[J     total [#################.................................] 35.81%
this epoch [#############################.....................] 58.07%
      1120 iter, 3 epoch / 10 epochs
      1.11 iters/sec. Estimated time to finish: 0:30:08.817345.
[4A[J     total [##################................................] 36.13%
this epoch [##############################....................] 61.27%
      1130 iter, 3 epoch / 10 epochs
    1.1104 iters/sec. Estimated time to finish: 0:29:59.154284.
[4A[J     total [##################................................] 36.45%
this epoch [################################..................] 64.47%
      1140 iter, 3 epoch / 10 epochs
    1.1105 iters/sec. Estimated time to finish: 0:29:50.052386.
[4A[J     total [##################................................] 36.77%
this epoch [#################################.................] 67.66%
      1150 iter, 3 epoch / 10 epochs
    1.1105 iters/sec. Estimated time to finish: 0:29:41.060102.
[4A[J     total [##################................................] 37.09%
this epoch [###################################...............] 70.86%
      1160 iter, 3 epoch / 10 epochs
    1.1104 iters/sec. Estimated time to finish: 0:29:32.141163.
[4A[J     total [##################................................] 37.41%
this epoch [#####################################.............] 74.06%
      1170 iter, 3 epoch / 10 epochs
    1.1105 iters/sec. Estimated time to finish: 0:29:22.962367.
[4A[J     total [##################................................] 37.73%
this epoch [######################################............] 77.26%
      1180 iter, 3 epoch / 10 epochs
    1.1105 iters/sec. Estimated time to finish: 0:29:13.952452.
[4A[J     total [###################...............................] 38.05%
this epoch [########################################..........] 80.45%
      1190 iter, 3 epoch / 10 epochs
    1.1105 iters/sec. Estimated time to finish: 0:29:04.979456.
[4A[J     total [###################...............................] 38.36%
this epoch [#########################################.........] 83.65%
      1200 iter, 3 epoch / 10 epochs
    1.1106 iters/sec. Estimated time to finish: 0:28:55.922927.
[4A[J     total [###################...............................] 38.68%
this epoch [###########################################.......] 86.85%
      1210 iter, 3 epoch / 10 epochs
    1.1107 iters/sec. Estimated time to finish: 0:28:46.639418.
[4A[J     total [###################...............................] 39.00%
this epoch [#############################################.....] 90.04%
      1220 iter, 3 epoch / 10 epochs
    1.1107 iters/sec. Estimated time to finish: 0:28:37.648498.
[4A[J     total [###################...............................] 39.32%
this epoch [##############################################....] 93.24%
      1230 iter, 3 epoch / 10 epochs
    1.1107 iters/sec. Estimated time to finish: 0:28:28.692641.
[4A[J     total [###################...............................] 39.64%
this epoch [################################################..] 96.44%
      1240 iter, 3 epoch / 10 epochs
    1.1109 iters/sec. Estimated time to finish: 0:28:19.393619.
[4A[J     total [###################...............................] 39.96%
this epoch [#################################################.] 99.64%
      1250 iter, 3 epoch / 10 epochs
     1.111 iters/sec. Estimated time to finish: 0:28:10.301608.
[4A[J4           3.46023                           0.288164                                 1138.75       
[J     total [####################..............................] 40.28%
this epoch [#.................................................]  2.83%
      1260 iter, 4 epoch / 10 epochs
    1.1105 iters/sec. Estimated time to finish: 0:28:01.946667.
[4A[J     total [####################..............................] 40.60%
this epoch [###...............................................]  6.03%
      1270 iter, 4 epoch / 10 epochs
    1.1106 iters/sec. Estimated time to finish: 0:27:52.895960.
[4A[J     total [####################..............................] 40.92%
this epoch [####..............................................]  9.23%
      1280 iter, 4 epoch / 10 epochs
    1.1106 iters/sec. Estimated time to finish: 0:27:43.905252.
[4A[J     total [####################..............................] 41.24%
this epoch [######............................................] 12.42%
      1290 iter, 4 epoch / 10 epochs
    1.1104 iters/sec. Estimated time to finish: 0:27:35.148630.
[4A[J     total [####################..............................] 41.56%
this epoch [#######...........................................] 15.62%
      1300 iter, 4 epoch / 10 epochs
    1.1104 iters/sec. Estimated time to finish: 0:27:26.119145.
[4A[J     total [####################..............................] 41.88%
this epoch [#########.........................................] 18.82%
      1310 iter, 4 epoch / 10 epochs
    1.1108 iters/sec. Estimated time to finish: 0:27:16.522442.
[4A[J     total [#####################.............................] 42.20%
this epoch [###########.......................................] 22.01%
      1320 iter, 4 epoch / 10 epochs
    1.1107 iters/sec. Estimated time to finish: 0:27:07.698138.
[4A[J     total [#####################.............................] 42.52%
this epoch [############......................................] 25.21%
      1330 iter, 4 epoch / 10 epochs
    1.1108 iters/sec. Estimated time to finish: 0:26:58.506437.
[4A[J     total [#####################.............................] 42.84%
this epoch [##############....................................] 28.41%
      1340 iter, 4 epoch / 10 epochs
    1.1108 iters/sec. Estimated time to finish: 0:26:49.536440.
[4A[J     total [#####################.............................] 43.16%
this epoch [###############...................................] 31.61%
      1350 iter, 4 epoch / 10 epochs
    1.1107 iters/sec. Estimated time to finish: 0:26:40.647500.
[4A[J     total [#####################.............................] 43.48%
this epoch [#################.................................] 34.80%
      1360 iter, 4 epoch / 10 epochs
    1.1107 iters/sec. Estimated time to finish: 0:26:31.602383.
[4A[J     total [#####################.............................] 43.80%
this epoch [###################...............................] 38.00%
      1370 iter, 4 epoch / 10 epochs
    1.1108 iters/sec. Estimated time to finish: 0:26:22.511574.
[4A[J     total [######################............................] 44.12%
this epoch [####################..............................] 41.20%
      1380 iter, 4 epoch / 10 epochs
    1.1108 iters/sec. Estimated time to finish: 0:26:13.518504.
[4A[J     total [######################............................] 44.44%
this epoch [######################............................] 44.39%
      1390 iter, 4 epoch / 10 epochs
    1.1108 iters/sec. Estimated time to finish: 0:26:04.573921.
[4A[J     total [######################............................] 44.76%
this epoch [#######################...........................] 47.59%
      1400 iter, 4 epoch / 10 epochs
    1.1109 iters/sec. Estimated time to finish: 0:25:55.353853.
[4A[J     total [######################............................] 45.08%
this epoch [#########################.........................] 50.79%
      1410 iter, 4 epoch / 10 epochs
    1.1105 iters/sec. Estimated time to finish: 0:25:46.851581.
[4A[J     total [######################............................] 45.40%
this epoch [##########################........................] 53.99%
      1420 iter, 4 epoch / 10 epochs
    1.1105 iters/sec. Estimated time to finish: 0:25:37.877191.
[4A[J     total [######################............................] 45.72%
this epoch [############################......................] 57.18%
      1430 iter, 4 epoch / 10 epochs
    1.1106 iters/sec. Estimated time to finish: 0:25:28.820822.
[4A[J     total [#######################...........................] 46.04%
this epoch [##############################....................] 60.38%
      1440 iter, 4 epoch / 10 epochs
    1.1106 iters/sec. Estimated time to finish: 0:25:19.784484.
[4A[J     total [#######################...........................] 46.36%
this epoch [###############################...................] 63.58%
      1450 iter, 4 epoch / 10 epochs
    1.1105 iters/sec. Estimated time to finish: 0:25:10.872784.
[4A[J     total [#######################...........................] 46.68%
this epoch [#################################.................] 66.77%
      1460 iter, 4 epoch / 10 epochs
    1.1105 iters/sec. Estimated time to finish: 0:25:01.845636.
[4A[J     total [#######################...........................] 47.00%
this epoch [##################################................] 69.97%
      1470 iter, 4 epoch / 10 epochs
    1.1107 iters/sec. Estimated time to finish: 0:24:52.631171.
[4A[J     total [#######################...........................] 47.32%
this epoch [####################################..............] 73.17%
      1480 iter, 4 epoch / 10 epochs
    1.1107 iters/sec. Estimated time to finish: 0:24:43.627402.
[4A[J     total [#######################...........................] 47.64%
this epoch [######################################............] 76.37%
      1490 iter, 4 epoch / 10 epochs
    1.1108 iters/sec. Estimated time to finish: 0:24:34.507450.
[4A[J     total [#######################...........................] 47.96%
this epoch [#######################################...........] 79.56%
      1500 iter, 4 epoch / 10 epochs
    1.1109 iters/sec. Estimated time to finish: 0:24:25.353199.
[4A[J     total [########################..........................] 48.28%
this epoch [#########################################.........] 82.76%
      1510 iter, 4 epoch / 10 epochs
    1.1109 iters/sec. Estimated time to finish: 0:24:16.286390.
[4A[J     total [########################..........................] 48.60%
this epoch [##########################################........] 85.96%
      1520 iter, 4 epoch / 10 epochs
    1.1109 iters/sec. Estimated time to finish: 0:24:07.303872.
[4A[J     total [########################..........................] 48.92%
this epoch [############################################......] 89.15%
      1530 iter, 4 epoch / 10 epochs
    1.1111 iters/sec. Estimated time to finish: 0:23:58.128950.
[4A[J     total [########################..........................] 49.24%
this epoch [##############################################....] 92.35%
      1540 iter, 4 epoch / 10 epochs
    1.1111 iters/sec. Estimated time to finish: 0:23:49.097816.
[4A[J     total [########################..........................] 49.55%
this epoch [###############################################...] 95.55%
      1550 iter, 4 epoch / 10 epochs
    1.1111 iters/sec. Estimated time to finish: 0:23:40.143913.
[4A[J     total [########################..........................] 49.87%
this epoch [#################################################.] 98.74%
      1560 iter, 4 epoch / 10 epochs
    1.1111 iters/sec. Estimated time to finish: 0:23:31.108503.
[4A[J5           3.27357                           0.319061                                 1418.56       
[J     total [#########################.........................] 50.19%
this epoch [..................................................]  1.94%
      1570 iter, 5 epoch / 10 epochs
    1.1109 iters/sec. Estimated time to finish: 0:23:22.365472.
[4A[J     total [#########################.........................] 50.51%
this epoch [##................................................]  5.14%
      1580 iter, 5 epoch / 10 epochs
    1.1108 iters/sec. Estimated time to finish: 0:23:13.456954.
[4A[J     total [#########################.........................] 50.83%
this epoch [####..............................................]  8.34%
      1590 iter, 5 epoch / 10 epochs
    1.1108 iters/sec. Estimated time to finish: 0:23:04.509975.
[4A[J     total [#########################.........................] 51.15%
this epoch [#####.............................................] 11.53%
      1600 iter, 5 epoch / 10 epochs
    1.1108 iters/sec. Estimated time to finish: 0:22:55.396880.
[4A[J     total [#########################.........................] 51.47%
this epoch [#######...........................................] 14.73%
      1610 iter, 5 epoch / 10 epochs
    1.1107 iters/sec. Estimated time to finish: 0:22:46.570595.
[4A[J     total [#########################.........................] 51.79%
this epoch [########..........................................] 17.93%
      1620 iter, 5 epoch / 10 epochs
    1.1111 iters/sec. Estimated time to finish: 0:22:37.090082.
[4A[J     total [##########################........................] 52.11%
this epoch [##########........................................] 21.12%
      1630 iter, 5 epoch / 10 epochs
    1.1113 iters/sec. Estimated time to finish: 0:22:27.826973.
[4A[J     total [##########################........................] 52.43%
this epoch [############......................................] 24.32%
      1640 iter, 5 epoch / 10 epochs
    1.1113 iters/sec. Estimated time to finish: 0:22:18.828299.
[4A[J     total [##########################........................] 52.75%
this epoch [#############.....................................] 27.52%
      1650 iter, 5 epoch / 10 epochs
    1.1114 iters/sec. Estimated time to finish: 0:22:09.683737.
[4A[J     total [##########################........................] 53.07%
this epoch [###############...................................] 30.72%
      1660 iter, 5 epoch / 10 epochs
    1.1116 iters/sec. Estimated time to finish: 0:22:00.450653.
[4A[J     total [##########################........................] 53.39%
this epoch [################..................................] 33.91%
      1670 iter, 5 epoch / 10 epochs
    1.1117 iters/sec. Estimated time to finish: 0:21:51.348311.
[4A[J     total [##########################........................] 53.71%
this epoch [##################................................] 37.11%
      1680 iter, 5 epoch / 10 epochs
    1.1117 iters/sec. Estimated time to finish: 0:21:42.322635.
[4A[J     total [###########################.......................] 54.03%
this epoch [####################..............................] 40.31%
      1690 iter, 5 epoch / 10 epochs
     1.112 iters/sec. Estimated time to finish: 0:21:33.064454.
[4A[J     total [###########################.......................] 54.35%
this epoch [#####################.............................] 43.50%
      1700 iter, 5 epoch / 10 epochs
    1.1121 iters/sec. Estimated time to finish: 0:21:23.965618.
[4A[J     total [###########################.......................] 54.67%
this epoch [#######################...........................] 46.70%
      1710 iter, 5 epoch / 10 epochs
    1.1121 iters/sec. Estimated time to finish: 0:21:14.953428.
[4A[J     total [###########################.......................] 54.99%
this epoch [########################..........................] 49.90%
      1720 iter, 5 epoch / 10 epochs
    1.1122 iters/sec. Estimated time to finish: 0:21:05.850611.
[4A[J     total [###########################.......................] 55.31%
this epoch [##########################........................] 53.10%
      1730 iter, 5 epoch / 10 epochs
    1.1124 iters/sec. Estimated time to finish: 0:20:56.661810.
[4A[J     total [###########################.......................] 55.63%
this epoch [############################......................] 56.29%
      1740 iter, 5 epoch / 10 epochs
    1.1124 iters/sec. Estimated time to finish: 0:20:47.674047.
[4A[J     total [###########################.......................] 55.95%
this epoch [#############################.....................] 59.49%
      1750 iter, 5 epoch / 10 epochs
    1.1125 iters/sec. Estimated time to finish: 0:20:38.565140.
[4A[J     total [############################......................] 56.27%
this epoch [###############################...................] 62.69%
      1760 iter, 5 epoch / 10 epochs
    1.1126 iters/sec. Estimated time to finish: 0:20:29.392276.
[4A[J     total [############################......................] 56.59%
this epoch [################################..................] 65.88%
      1770 iter, 5 epoch / 10 epochs
    1.1127 iters/sec. Estimated time to finish: 0:20:20.332482.
[4A[J     total [############################......................] 56.91%
this epoch [##################################................] 69.08%
      1780 iter, 5 epoch / 10 epochs
    1.1126 iters/sec. Estimated time to finish: 0:20:11.406748.
[4A[J     total [############################......................] 57.23%
this epoch [####################################..............] 72.28%
      1790 iter, 5 epoch / 10 epochs
    1.1128 iters/sec. Estimated time to finish: 0:20:02.251897.
[4A[J     total [############################......................] 57.55%
this epoch [#####################################.............] 75.47%
      1800 iter, 5 epoch / 10 epochs
    1.1128 iters/sec. Estimated time to finish: 0:19:53.257163.
[4A[J     total [############################......................] 57.87%
this epoch [#######################################...........] 78.67%
      1810 iter, 5 epoch / 10 epochs
    1.1126 iters/sec. Estimated time to finish: 0:19:44.455352.
[4A[J     total [#############################.....................] 58.19%
this epoch [########################################..........] 81.87%
      1820 iter, 5 epoch / 10 epochs
    1.1127 iters/sec. Estimated time to finish: 0:19:35.365717.
[4A[J     total [#############################.....................] 58.51%
this epoch [##########################################........] 85.07%
      1830 iter, 5 epoch / 10 epochs
    1.1128 iters/sec. Estimated time to finish: 0:19:26.288222.
[4A[J     total [#############################.....................] 58.83%
this epoch [############################################......] 88.26%
      1840 iter, 5 epoch / 10 epochs
    1.1127 iters/sec. Estimated time to finish: 0:19:17.423152.
[4A[J     total [#############################.....................] 59.15%
this epoch [#############################################.....] 91.46%
      1850 iter, 5 epoch / 10 epochs
    1.1127 iters/sec. Estimated time to finish: 0:19:08.397001.
[4A[J     total [#############################.....................] 59.47%
this epoch [###############################################...] 94.66%
      1860 iter, 5 epoch / 10 epochs
    1.1128 iters/sec. Estimated time to finish: 0:18:59.299368.
[4A[J     total [#############################.....................] 59.79%
this epoch [################################################..] 97.85%
      1870 iter, 5 epoch / 10 epochs
    1.1128 iters/sec. Estimated time to finish: 0:18:50.388129.
[4A[J6           3.12647                           0.3437                                   1698.75       
[J     total [##############################....................] 60.11%
this epoch [..................................................]  1.05%
      1880 iter, 6 epoch / 10 epochs
    1.1125 iters/sec. Estimated time to finish: 0:18:41.701671.
[4A[J     total [##############################....................] 60.42%
this epoch [##................................................]  4.25%
      1890 iter, 6 epoch / 10 epochs
    1.1125 iters/sec. Estimated time to finish: 0:18:32.654739.
[4A[J     total [##############################....................] 60.74%
this epoch [###...............................................]  7.45%
      1900 iter, 6 epoch / 10 epochs
    1.1124 iters/sec. Estimated time to finish: 0:18:23.797055.
[4A[J     total [##############################....................] 61.06%
this epoch [#####.............................................] 10.64%
      1910 iter, 6 epoch / 10 epochs
    1.1123 iters/sec. Estimated time to finish: 0:18:14.859377.
[4A[J     total [##############################....................] 61.38%
this epoch [######............................................] 13.84%
      1920 iter, 6 epoch / 10 epochs
    1.1125 iters/sec. Estimated time to finish: 0:18:05.729263.
[4A[J     total [##############################....................] 61.70%
this epoch [########..........................................] 17.04%
      1930 iter, 6 epoch / 10 epochs
    1.1128 iters/sec. Estimated time to finish: 0:17:56.411441.
[4A[J     total [###############################...................] 62.02%
this epoch [##########........................................] 20.23%
      1940 iter, 6 epoch / 10 epochs
    1.1129 iters/sec. Estimated time to finish: 0:17:47.374224.
[4A[J     total [###############################...................] 62.34%
this epoch [###########.......................................] 23.43%
      1950 iter, 6 epoch / 10 epochs
    1.1131 iters/sec. Estimated time to finish: 0:17:38.212287.
[4A[J     total [###############################...................] 62.66%
this epoch [#############.....................................] 26.63%
      1960 iter, 6 epoch / 10 epochs
    1.1131 iters/sec. Estimated time to finish: 0:17:29.182896.
[4A[J     total [###############################...................] 62.98%
this epoch [##############....................................] 29.83%
      1970 iter, 6 epoch / 10 epochs
    1.1131 iters/sec. Estimated time to finish: 0:17:20.226795.
[4A[J     total [###############################...................] 63.30%
this epoch [################..................................] 33.02%
      1980 iter, 6 epoch / 10 epochs
    1.1132 iters/sec. Estimated time to finish: 0:17:11.123403.
[4A[J     total [###############################...................] 63.62%
this epoch [##################................................] 36.22%
      1990 iter, 6 epoch / 10 epochs
    1.1132 iters/sec. Estimated time to finish: 0:17:02.159513.
[4A[J     total [###############################...................] 63.94%
this epoch [###################...............................] 39.42%
      2000 iter, 6 epoch / 10 epochs
    1.1131 iters/sec. Estimated time to finish: 0:16:53.237901.
[4A[J     total [################################..................] 64.26%
this epoch [#####################.............................] 42.61%
      2010 iter, 6 epoch / 10 epochs
    1.1131 iters/sec. Estimated time to finish: 0:16:44.234322.
[4A[J     total [################################..................] 64.58%
this epoch [######################............................] 45.81%
      2020 iter, 6 epoch / 10 epochs
    1.1133 iters/sec. Estimated time to finish: 0:16:35.139196.
[4A[J     total [################################..................] 64.90%
this epoch [########################..........................] 49.01%
      2030 iter, 6 epoch / 10 epochs
    1.1132 iters/sec. Estimated time to finish: 0:16:26.199015.
[4A[J     total [################################..................] 65.22%
this epoch [##########################........................] 52.20%
      2040 iter, 6 epoch / 10 epochs
    1.1133 iters/sec. Estimated time to finish: 0:16:17.174982.
[4A[J     total [################################..................] 65.54%
this epoch [###########################.......................] 55.40%
      2050 iter, 6 epoch / 10 epochs
    1.1133 iters/sec. Estimated time to finish: 0:16:08.122079.
[4A[J     total [################################..................] 65.86%
this epoch [#############################.....................] 58.60%
      2060 iter, 6 epoch / 10 epochs
    1.1134 iters/sec. Estimated time to finish: 0:15:59.113712.
[4A[J     total [#################################.................] 66.18%
this epoch [##############################....................] 61.80%
      2070 iter, 6 epoch / 10 epochs
    1.1162 iters/sec. Estimated time to finish: 0:15:47.754071.
[4A[J     total [#################################.................] 66.50%
this epoch [################################..................] 64.99%
      2080 iter, 6 epoch / 10 epochs
    1.1163 iters/sec. Estimated time to finish: 0:15:38.691202.
[4A[J     total [#################################.................] 66.82%
this epoch [##################################................] 68.19%
      2090 iter, 6 epoch / 10 epochs
    1.1162 iters/sec. Estimated time to finish: 0:15:29.770474.
[4A[J     total [#################################.................] 67.14%
this epoch [###################################...............] 71.39%
      2100 iter, 6 epoch / 10 epochs
    1.1162 iters/sec. Estimated time to finish: 0:15:20.871036.
[4A[J     total [#################################.................] 67.46%
this epoch [#####################################.............] 74.58%
      2110 iter, 6 epoch / 10 epochs
    1.1161 iters/sec. Estimated time to finish: 0:15:11.945057.
[4A[J     total [#################################.................] 67.78%
this epoch [######################################............] 77.78%
      2120 iter, 6 epoch / 10 epochs
    1.1162 iters/sec. Estimated time to finish: 0:15:02.956426.
[4A[J     total [##################################................] 68.10%
this epoch [########################################..........] 80.98%
      2130 iter, 6 epoch / 10 epochs
    1.1161 iters/sec. Estimated time to finish: 0:14:54.086694.
[4A[J     total [##################################................] 68.42%
this epoch [##########################################........] 84.18%
      2140 iter, 6 epoch / 10 epochs
     1.116 iters/sec. Estimated time to finish: 0:14:45.206592.
[4A[J     total [##################################................] 68.74%
this epoch [###########################################.......] 87.37%
      2150 iter, 6 epoch / 10 epochs
     1.116 iters/sec. Estimated time to finish: 0:14:36.207449.
[4A[J     total [##################################................] 69.06%
this epoch [#############################################.....] 90.57%
      2160 iter, 6 epoch / 10 epochs
    1.1158 iters/sec. Estimated time to finish: 0:14:27.372729.
[4A[J     total [##################################................] 69.38%
this epoch [##############################################....] 93.77%
      2170 iter, 6 epoch / 10 epochs
    1.1157 iters/sec. Estimated time to finish: 0:14:18.510637.
[4A[J     total [##################################................] 69.70%
this epoch [################################################..] 96.96%
      2180 iter, 6 epoch / 10 epochs
    1.1157 iters/sec. Estimated time to finish: 0:14:09.540734.
[4A[J7           2.99209                           0.365752                                 1979.6        
[J     total [###################################...............] 70.02%
this epoch [..................................................]  0.16%
      2190 iter, 7 epoch / 10 epochs
    1.1154 iters/sec. Estimated time to finish: 0:14:00.854019.
[4A[J     total [###################################...............] 70.34%
this epoch [#.................................................]  3.36%
      2200 iter, 7 epoch / 10 epochs
    1.1152 iters/sec. Estimated time to finish: 0:13:52.035157.
[4A[J     total [###################################...............] 70.66%
this epoch [###...............................................]  6.56%
      2210 iter, 7 epoch / 10 epochs
     1.115 iters/sec. Estimated time to finish: 0:13:43.188412.
[4A[J     total [###################################...............] 70.98%
this epoch [####..............................................]  9.75%
      2220 iter, 7 epoch / 10 epochs
     1.115 iters/sec. Estimated time to finish: 0:13:34.234822.
[4A[J     total [###################################...............] 71.29%
this epoch [######............................................] 12.95%
      2230 iter, 7 epoch / 10 epochs
    1.1148 iters/sec. Estimated time to finish: 0:13:25.400435.
[4A[J     total [###################################...............] 71.61%
this epoch [########..........................................] 16.15%
      2240 iter, 7 epoch / 10 epochs
    1.1147 iters/sec. Estimated time to finish: 0:13:16.517860.
[4A[J     total [###################################...............] 71.93%
this epoch [#########.........................................] 19.34%
      2250 iter, 7 epoch / 10 epochs
    1.1151 iters/sec. Estimated time to finish: 0:13:07.234420.
[4A[J     total [####################################..............] 72.25%
this epoch [###########.......................................] 22.54%
      2260 iter, 7 epoch / 10 epochs
     1.115 iters/sec. Estimated time to finish: 0:12:58.347392.
[4A[J     total [####################################..............] 72.57%
this epoch [############......................................] 25.74%
      2270 iter, 7 epoch / 10 epochs
     1.115 iters/sec. Estimated time to finish: 0:12:49.369338.
[4A[J     total [####################################..............] 72.89%
this epoch [##############....................................] 28.93%
      2280 iter, 7 epoch / 10 epochs
    1.1152 iters/sec. Estimated time to finish: 0:12:40.294577.
[4A[J     total [####################################..............] 73.21%
this epoch [################..................................] 32.13%
      2290 iter, 7 epoch / 10 epochs
    1.1151 iters/sec. Estimated time to finish: 0:12:31.374067.
[4A[J     total [####################################..............] 73.53%
this epoch [#################.................................] 35.33%
      2300 iter, 7 epoch / 10 epochs
    1.1151 iters/sec. Estimated time to finish: 0:12:22.401269.
[4A[J     total [####################################..............] 73.85%
this epoch [###################...............................] 38.53%
      2310 iter, 7 epoch / 10 epochs
    1.1152 iters/sec. Estimated time to finish: 0:12:13.359899.
[4A[J     total [#####################################.............] 74.17%
this epoch [####################..............................] 41.72%
      2320 iter, 7 epoch / 10 epochs
    1.1152 iters/sec. Estimated time to finish: 0:12:04.425472.
[4A[J     total [#####################################.............] 74.49%
this epoch [######################............................] 44.92%
      2330 iter, 7 epoch / 10 epochs
    1.1151 iters/sec. Estimated time to finish: 0:11:55.528524.
[4A[J     total [#####################################.............] 74.81%
this epoch [########################..........................] 48.12%
      2340 iter, 7 epoch / 10 epochs
    1.1151 iters/sec. Estimated time to finish: 0:11:46.507356.
[4A[J     total [#####################################.............] 75.13%
this epoch [#########################.........................] 51.31%
      2350 iter, 7 epoch / 10 epochs
    1.1152 iters/sec. Estimated time to finish: 0:11:37.515316.
[4A[J     total [#####################################.............] 75.45%
this epoch [###########################.......................] 54.51%
      2360 iter, 7 epoch / 10 epochs
    1.1151 iters/sec. Estimated time to finish: 0:11:28.596873.
[4A[J     total [#####################################.............] 75.77%
this epoch [############################......................] 57.71%
      2370 iter, 7 epoch / 10 epochs
    1.1151 iters/sec. Estimated time to finish: 0:11:19.624881.
[4A[J     total [######################################............] 76.09%
this epoch [##############################....................] 60.91%
      2380 iter, 7 epoch / 10 epochs
    1.1152 iters/sec. Estimated time to finish: 0:11:10.578790.
[4A[J     total [######################################............] 76.41%
this epoch [################################..................] 64.10%
      2390 iter, 7 epoch / 10 epochs
    1.1151 iters/sec. Estimated time to finish: 0:11:01.696831.
[4A[J     total [######################################............] 76.73%
this epoch [#################################.................] 67.30%
      2400 iter, 7 epoch / 10 epochs
    1.1154 iters/sec. Estimated time to finish: 0:10:52.533925.
[4A[J     total [######################################............] 77.05%
this epoch [###################################...............] 70.50%
      2410 iter, 7 epoch / 10 epochs
    1.1155 iters/sec. Estimated time to finish: 0:10:43.541710.
[4A[J     total [######################################............] 77.37%
this epoch [####################################..............] 73.69%
      2420 iter, 7 epoch / 10 epochs
    1.1155 iters/sec. Estimated time to finish: 0:10:34.570016.
[4A[J     total [######################################............] 77.69%
this epoch [######################################............] 76.89%
      2430 iter, 7 epoch / 10 epochs
    1.1153 iters/sec. Estimated time to finish: 0:10:25.694543.
[4A[J     total [#######################################...........] 78.01%
this epoch [########################################..........] 80.09%
      2440 iter, 7 epoch / 10 epochs
    1.1154 iters/sec. Estimated time to finish: 0:10:16.672820.
[4A[J     total [#######################################...........] 78.33%
this epoch [#########################################.........] 83.29%
      2450 iter, 7 epoch / 10 epochs
    1.1154 iters/sec. Estimated time to finish: 0:10:07.728033.
[4A[J     total [#######################################...........] 78.65%
this epoch [###########################################.......] 86.48%
      2460 iter, 7 epoch / 10 epochs
    1.1152 iters/sec. Estimated time to finish: 0:09:58.842049.
[4A[J     total [#######################################...........] 78.97%
this epoch [############################################......] 89.68%
      2470 iter, 7 epoch / 10 epochs
    1.1153 iters/sec. Estimated time to finish: 0:09:49.867328.
[4A[J     total [#######################################...........] 79.29%
this epoch [##############################################....] 92.88%
      2480 iter, 7 epoch / 10 epochs
    1.1151 iters/sec. Estimated time to finish: 0:09:40.957752.
[4A[J     total [#######################################...........] 79.61%
this epoch [################################################..] 96.07%
      2490 iter, 7 epoch / 10 epochs
    1.1149 iters/sec. Estimated time to finish: 0:09:32.094397.
[4A[J     total [#######################################...........] 79.93%
this epoch [#################################################.] 99.27%
      2500 iter, 7 epoch / 10 epochs
    1.1149 iters/sec. Estimated time to finish: 0:09:23.153192.
[4A[J8           2.8747                            0.384884                                 2260.98       
[J     total [########################################..........] 80.25%
this epoch [#.................................................]  2.47%
      2510 iter, 8 epoch / 10 epochs
    1.1145 iters/sec. Estimated time to finish: 0:09:14.369594.
[4A[J     total [########################################..........] 80.57%
this epoch [##................................................]  5.66%
      2520 iter, 8 epoch / 10 epochs
    1.1144 iters/sec. Estimated time to finish: 0:09:05.449642.
[4A[J     total [########################################..........] 80.89%
this epoch [####..............................................]  8.86%
      2530 iter, 8 epoch / 10 epochs
    1.1143 iters/sec. Estimated time to finish: 0:08:56.517266.
[4A[J     total [########################################..........] 81.21%
this epoch [######............................................] 12.06%
      2540 iter, 8 epoch / 10 epochs
    1.1144 iters/sec. Estimated time to finish: 0:08:47.525124.
[4A[J     total [########################################..........] 81.53%
this epoch [#######...........................................] 15.26%
      2550 iter, 8 epoch / 10 epochs
    1.1141 iters/sec. Estimated time to finish: 0:08:38.649511.
[4A[J     total [########################################..........] 81.85%
this epoch [#########.........................................] 18.45%
      2560 iter, 8 epoch / 10 epochs
    1.1145 iters/sec. Estimated time to finish: 0:08:29.524000.
[4A[J     total [#########################################.........] 82.17%
this epoch [##########........................................] 21.65%
      2570 iter, 8 epoch / 10 epochs
    1.1145 iters/sec. Estimated time to finish: 0:08:20.534965.
[4A[J     total [#########################################.........] 82.48%
this epoch [############......................................] 24.85%
      2580 iter, 8 epoch / 10 epochs
    1.1145 iters/sec. Estimated time to finish: 0:08:11.583752.
[4A[J     total [#########################################.........] 82.80%
this epoch [##############....................................] 28.04%
      2590 iter, 8 epoch / 10 epochs
    1.1143 iters/sec. Estimated time to finish: 0:08:02.684895.
[4A[J     total [#########################################.........] 83.12%
this epoch [###############...................................] 31.24%
      2600 iter, 8 epoch / 10 epochs
    1.1144 iters/sec. Estimated time to finish: 0:07:53.685010.
[4A[J     total [#########################################.........] 83.44%
this epoch [#################.................................] 34.44%
      2610 iter, 8 epoch / 10 epochs
    1.1143 iters/sec. Estimated time to finish: 0:07:44.751032.
[4A[J     total [#########################################.........] 83.76%
this epoch [##################................................] 37.64%
      2620 iter, 8 epoch / 10 epochs
     1.114 iters/sec. Estimated time to finish: 0:07:35.874782.
[4A[J     total [##########################################........] 84.08%
this epoch [####################..............................] 40.83%
      2630 iter, 8 epoch / 10 epochs
     1.114 iters/sec. Estimated time to finish: 0:07:26.898992.
[4A[J     total [##########################################........] 84.40%
this epoch [######################............................] 44.03%
      2640 iter, 8 epoch / 10 epochs
    1.1139 iters/sec. Estimated time to finish: 0:07:17.974053.
[4A[J     total [##########################################........] 84.72%
this epoch [#######################...........................] 47.23%
      2650 iter, 8 epoch / 10 epochs
    1.1137 iters/sec. Estimated time to finish: 0:07:09.057749.
[4A[J     total [##########################################........] 85.04%
this epoch [#########################.........................] 50.42%
      2660 iter, 8 epoch / 10 epochs
    1.1137 iters/sec. Estimated time to finish: 0:07:00.097031.
[4A[J     total [##########################################........] 85.36%
this epoch [##########################........................] 53.62%
      2670 iter, 8 epoch / 10 epochs
    1.1137 iters/sec. Estimated time to finish: 0:06:51.100382.
[4A[J     total [##########################################........] 85.68%
this epoch [############################......................] 56.82%
      2680 iter, 8 epoch / 10 epochs
    1.1135 iters/sec. Estimated time to finish: 0:06:42.196658.
[4A[J     total [###########################################.......] 86.00%
this epoch [##############################....................] 60.02%
      2690 iter, 8 epoch / 10 epochs
    1.1134 iters/sec. Estimated time to finish: 0:06:33.242267.
[4A[J     total [###########################################.......] 86.32%
this epoch [###############################...................] 63.21%
      2700 iter, 8 epoch / 10 epochs
    1.1134 iters/sec. Estimated time to finish: 0:06:24.259638.
[4A[J     total [###########################################.......] 86.64%
this epoch [#################################.................] 66.41%
      2710 iter, 8 epoch / 10 epochs
    1.1134 iters/sec. Estimated time to finish: 0:06:15.294425.
[4A[J     total [###########################################.......] 86.96%
this epoch [##################################................] 69.61%
      2720 iter, 8 epoch / 10 epochs
    1.1132 iters/sec. Estimated time to finish: 0:06:06.392699.
[4A[J     total [###########################################.......] 87.28%
this epoch [####################################..............] 72.80%
      2730 iter, 8 epoch / 10 epochs
    1.1132 iters/sec. Estimated time to finish: 0:05:57.388231.
[4A[J     total [###########################################.......] 87.60%
this epoch [######################################............] 76.00%
      2740 iter, 8 epoch / 10 epochs
    1.1131 iters/sec. Estimated time to finish: 0:05:48.436259.
[4A[J     total [###########################################.......] 87.92%
this epoch [#######################################...........] 79.20%
      2750 iter, 8 epoch / 10 epochs
    1.1126 iters/sec. Estimated time to finish: 0:05:39.619193.
[4A[J     total [############################################......] 88.24%
this epoch [#########################################.........] 82.39%
      2760 iter, 8 epoch / 10 epochs
    1.1125 iters/sec. Estimated time to finish: 0:05:30.654089.
[4A[J     total [############################################......] 88.56%
this epoch [##########################################........] 85.59%
      2770 iter, 8 epoch / 10 epochs
    1.1126 iters/sec. Estimated time to finish: 0:05:21.640619.
[4A[J     total [############################################......] 88.88%
this epoch [############################################......] 88.79%
      2780 iter, 8 epoch / 10 epochs
    1.1124 iters/sec. Estimated time to finish: 0:05:12.690311.
[4A[J     total [############################################......] 89.20%
this epoch [#############################################.....] 91.99%
      2790 iter, 8 epoch / 10 epochs
    1.1125 iters/sec. Estimated time to finish: 0:05:03.691839.
[4A[J     total [############################################......] 89.52%
this epoch [###############################################...] 95.18%
      2800 iter, 8 epoch / 10 epochs
    1.1126 iters/sec. Estimated time to finish: 0:04:54.660167.
[4A[J     total [############################################......] 89.84%
this epoch [#################################################.] 98.38%
      2810 iter, 8 epoch / 10 epochs
    1.1127 iters/sec. Estimated time to finish: 0:04:45.667945.
[4A[J9           2.70819                           0.41234                                  2543.17       
[J     total [#############################################.....] 90.16%
this epoch [..................................................]  1.58%
      2820 iter, 9 epoch / 10 epochs
    1.1119 iters/sec. Estimated time to finish: 0:04:36.875128.
[4A[J     total [#############################################.....] 90.48%
this epoch [##................................................]  4.77%
      2830 iter, 9 epoch / 10 epochs
     1.112 iters/sec. Estimated time to finish: 0:04:27.852826.
[4A[J     total [#############################################.....] 90.80%
this epoch [###...............................................]  7.97%
      2840 iter, 9 epoch / 10 epochs
    1.1119 iters/sec. Estimated time to finish: 0:04:18.891643.
[4A[J     total [#############################################.....] 91.12%
this epoch [#####.............................................] 11.17%
      2850 iter, 9 epoch / 10 epochs
    1.1119 iters/sec. Estimated time to finish: 0:04:09.893215.
[4A[J     total [#############################################.....] 91.44%
this epoch [#######...........................................] 14.37%
      2860 iter, 9 epoch / 10 epochs
     1.112 iters/sec. Estimated time to finish: 0:04:00.882720.
[4A[J     total [#############################################.....] 91.76%
this epoch [########..........................................] 17.56%
      2870 iter, 9 epoch / 10 epochs
    1.1123 iters/sec. Estimated time to finish: 0:03:51.823764.
[4A[J     total [##############################################....] 92.08%
this epoch [##########........................................] 20.76%
      2880 iter, 9 epoch / 10 epochs
    1.1123 iters/sec. Estimated time to finish: 0:03:42.831216.
[4A[J     total [##############################################....] 92.40%
this epoch [###########.......................................] 23.96%
      2890 iter, 9 epoch / 10 epochs
    1.1124 iters/sec. Estimated time to finish: 0:03:33.811009.
[4A[J     total [##############################################....] 92.72%
this epoch [#############.....................................] 27.15%
      2900 iter, 9 epoch / 10 epochs
    1.1125 iters/sec. Estimated time to finish: 0:03:24.808647.
[4A[J     total [##############################################....] 93.04%
this epoch [###############...................................] 30.35%
      2910 iter, 9 epoch / 10 epochs
    1.1124 iters/sec. Estimated time to finish: 0:03:15.837660.
[4A[J     total [##############################################....] 93.35%
this epoch [################..................................] 33.55%
      2920 iter, 9 epoch / 10 epochs
    1.1124 iters/sec. Estimated time to finish: 0:03:06.842245.
[4A[J     total [##############################################....] 93.67%
this epoch [##################................................] 36.75%
      2930 iter, 9 epoch / 10 epochs
    1.1124 iters/sec. Estimated time to finish: 0:02:57.863553.
[4A[J     total [##############################################....] 93.99%
this epoch [###################...............................] 39.94%
      2940 iter, 9 epoch / 10 epochs
    1.1122 iters/sec. Estimated time to finish: 0:02:48.905745.
[4A[J     total [###############################################...] 94.31%
this epoch [#####################.............................] 43.14%
      2950 iter, 9 epoch / 10 epochs
    1.1121 iters/sec. Estimated time to finish: 0:02:39.930612.
[4A[J     total [###############################################...] 94.63%
this epoch [#######################...........................] 46.34%
      2960 iter, 9 epoch / 10 epochs
    1.1121 iters/sec. Estimated time to finish: 0:02:30.929767.
[4A[J     total [###############################################...] 94.95%
this epoch [########################..........................] 49.53%
      2970 iter, 9 epoch / 10 epochs
    1.1121 iters/sec. Estimated time to finish: 0:02:21.934387.
[4A[J     total [###############################################...] 95.27%
this epoch [##########################........................] 52.73%
      2980 iter, 9 epoch / 10 epochs
    1.1121 iters/sec. Estimated time to finish: 0:02:12.953293.
[4A[J     total [###############################################...] 95.59%
this epoch [###########################.......................] 55.93%
      2990 iter, 9 epoch / 10 epochs
    1.1121 iters/sec. Estimated time to finish: 0:02:03.951012.
[4A[J     total [###############################################...] 95.91%
this epoch [#############################.....................] 59.12%
      3000 iter, 9 epoch / 10 epochs
    1.1122 iters/sec. Estimated time to finish: 0:01:54.956897.
[4A[J     total [################################################..] 96.23%
this epoch [###############################...................] 62.32%
      3010 iter, 9 epoch / 10 epochs
    1.1121 iters/sec. Estimated time to finish: 0:01:45.976220.
[4A[J     total [################################################..] 96.55%
this epoch [################################..................] 65.52%
      3020 iter, 9 epoch / 10 epochs
    1.1121 iters/sec. Estimated time to finish: 0:01:36.977910.
[4A[J     total [################################################..] 96.87%
this epoch [##################################................] 68.72%
      3030 iter, 9 epoch / 10 epochs
    1.1121 iters/sec. Estimated time to finish: 0:01:27.988538.
[4A[J     total [################################################..] 97.19%
this epoch [###################################...............] 71.91%
      3040 iter, 9 epoch / 10 epochs
     1.112 iters/sec. Estimated time to finish: 0:01:19.004396.
[4A[J     total [################################################..] 97.51%
this epoch [#####################################.............] 75.11%
      3050 iter, 9 epoch / 10 epochs
     1.112 iters/sec. Estimated time to finish: 0:01:10.012741.
[4A[J     total [################################################..] 97.83%
this epoch [#######################################...........] 78.31%
      3060 iter, 9 epoch / 10 epochs
     1.112 iters/sec. Estimated time to finish: 0:01:01.016845.
[4A[J     total [#################################################.] 98.15%
this epoch [########################################..........] 81.50%
      3070 iter, 9 epoch / 10 epochs
     1.112 iters/sec. Estimated time to finish: 0:00:52.023543.
[4A[J     total [#################################################.] 98.47%
this epoch [##########################################........] 84.70%
      3080 iter, 9 epoch / 10 epochs
    1.1105 iters/sec. Estimated time to finish: 0:00:43.089207.
[4A[J     total [#################################################.] 98.79%
this epoch [###########################################.......] 87.90%
      3090 iter, 9 epoch / 10 epochs
    1.1105 iters/sec. Estimated time to finish: 0:00:34.084043.
[4A[J     total [#################################################.] 99.11%
this epoch [#############################################.....] 91.10%
      3100 iter, 9 epoch / 10 epochs
    1.1105 iters/sec. Estimated time to finish: 0:00:25.079945.
[4A[J     total [#################################################.] 99.43%
this epoch [###############################################...] 94.29%
      3110 iter, 9 epoch / 10 epochs
    1.1104 iters/sec. Estimated time to finish: 0:00:16.076330.
[4A[J     total [#################################################.] 99.75%
this epoch [################################################..] 97.49%
      3120 iter, 9 epoch / 10 epochs
    1.1105 iters/sec. Estimated time to finish: 0:00:07.070129.
[4A[J10          2.77706                           0.404522                                 2824.28       
[J