No Modulefiles Currently Loaded.
Currently Loaded Modulefiles:
  1) cuda/9.0/9.0.176.4   3) nccl/2.3/2.3.5-2
  2) cudnn/7.3/7.3.1      4) openmpi/2.1.6
Currently Loaded Modulefiles:
  1) cuda/9.0/9.0.176.4   3) nccl/2.3/2.3.5-2
  2) cudnn/7.3/7.3.1      4) openmpi/2.1.6
Currently Loaded Modulefiles:
  1) cuda/9.0/9.0.176.4   3) nccl/2.3/2.3.5-2
  2) cudnn/7.3/7.3.1      4) openmpi/2.1.6
==========================================
Num of GPUs : 32
Model :  alexnet
Minibatch-size: 2048
Epochs: 10
==========================================
Starting training .....
--------------------------------------------------------------------------
A process has executed an operation involving a call to the
"fork()" system call to create a child process.  Open MPI is currently
operating in a condition that could result in memory corruption or
other system errors; your job may hang, crash, or produce silent
data corruption.  The use of fork() (or system() or other calls that
create child processes) is strongly discouraged.

The process that invoked fork was:

  Local host:          [[33684,1],0] (PID 234739)

If you are *absolutely sure* that your application will successfully
and correctly survive a call to fork(), you may disable this warning
by setting the mpi_warn_on_fork MCA parameter to 0.
--------------------------------------------------------------------------
epoch       main/loss   validation/main/loss  main/accuracy  validation/main/accuracy  elapsed_time
[J     total [..................................................]  1.28%
this epoch [######............................................] 12.79%
        10 iter, 0 epoch / 10 epochs
       inf iters/sec. Estimated time to finish: 0:00:00.
[4A[J     total [#.................................................]  2.56%
this epoch [############......................................] 25.58%
        20 iter, 0 epoch / 10 epochs
    0.1441 iters/sec. Estimated time to finish: 1:28:07.686459.
[4A[J     total [#.................................................]  3.84%
this epoch [###################...............................] 38.36%
        30 iter, 0 epoch / 10 epochs
   0.13253 iters/sec. Estimated time to finish: 1:34:33.938872.
[4A[J     total [##................................................]  5.12%
this epoch [#########################.........................] 51.15%
        40 iter, 0 epoch / 10 epochs
   0.11848 iters/sec. Estimated time to finish: 1:44:22.336714.
[4A[J     total [###...............................................]  6.39%
this epoch [###############################...................] 63.94%
        50 iter, 0 epoch / 10 epochs
   0.11094 iters/sec. Estimated time to finish: 1:49:58.066465.
[4A[J     total [###...............................................]  7.67%
this epoch [######################################............] 76.73%
        60 iter, 0 epoch / 10 epochs
   0.10719 iters/sec. Estimated time to finish: 1:52:15.312350.
[4A[J     total [####..............................................]  8.95%
this epoch [############################################......] 89.52%
        70 iter, 0 epoch / 10 epochs
   0.10546 iters/sec. Estimated time to finish: 1:52:30.729423.
[4A[J1           6.84158                           0.00221272                               728.865       
[J     total [#####.............................................] 10.23%
this epoch [#.................................................]  2.31%
        80 iter, 1 epoch / 10 epochs
   0.10513 iters/sec. Estimated time to finish: 1:51:16.807667.
[4A[J     total [#####.............................................] 11.51%
this epoch [#######...........................................] 15.09%
        90 iter, 1 epoch / 10 epochs
   0.10321 iters/sec. Estimated time to finish: 1:51:44.563311.
[4A[J     total [######............................................] 12.79%
this epoch [#############.....................................] 27.88%
       100 iter, 1 epoch / 10 epochs
   0.10164 iters/sec. Estimated time to finish: 1:51:49.710682.
[4A[J     total [#######...........................................] 14.07%
this epoch [####################..............................] 40.67%
       110 iter, 1 epoch / 10 epochs
   0.10109 iters/sec. Estimated time to finish: 1:50:47.111634.
[4A[J     total [#######...........................................] 15.35%
this epoch [##########################........................] 53.46%
       120 iter, 1 epoch / 10 epochs
   0.10116 iters/sec. Estimated time to finish: 1:49:03.661127.
[4A[J     total [########..........................................] 16.62%
this epoch [#################################.................] 66.25%
       130 iter, 1 epoch / 10 epochs
   0.10044 iters/sec. Estimated time to finish: 1:48:11.041641.
[4A[J     total [########..........................................] 17.90%
this epoch [#######################################...........] 79.04%
       140 iter, 1 epoch / 10 epochs
  0.099633 iters/sec. Estimated time to finish: 1:47:23.277458.
[4A[J     total [#########.........................................] 19.18%
this epoch [#############################################.....] 91.82%
       150 iter, 1 epoch / 10 epochs
  0.099105 iters/sec. Estimated time to finish: 1:46:16.706029.
[4A[J2           6.40909                           0.011124                                 1561.85       
[J     total [##########........................................] 20.46%
this epoch [##................................................]  4.61%
       160 iter, 2 epoch / 10 epochs
  0.098597 iters/sec. Estimated time to finish: 1:45:08.105974.
[4A[J     total [##########........................................] 21.74%
this epoch [########..........................................] 17.40%
       170 iter, 2 epoch / 10 epochs
   0.09844 iters/sec. Estimated time to finish: 1:43:36.629608.
[4A[J     total [###########.......................................] 23.02%
this epoch [###############...................................] 30.19%
       180 iter, 2 epoch / 10 epochs
  0.098228 iters/sec. Estimated time to finish: 1:42:08.229509.
[4A[J     total [############......................................] 24.30%
this epoch [#####################.............................] 42.98%
       190 iter, 2 epoch / 10 epochs
  0.097842 iters/sec. Estimated time to finish: 1:40:50.183480.
[4A[J     total [############......................................] 25.58%
this epoch [###########################.......................] 55.77%
       200 iter, 2 epoch / 10 epochs
  0.097456 iters/sec. Estimated time to finish: 1:39:31.543158.
[4A[J     total [#############.....................................] 26.86%
this epoch [##################################................] 68.55%
       210 iter, 2 epoch / 10 epochs
  0.097479 iters/sec. Estimated time to finish: 1:37:47.557986.
[4A[J     total [##############....................................] 28.13%
this epoch [########################################..........] 81.34%
       220 iter, 2 epoch / 10 epochs
  0.097406 iters/sec. Estimated time to finish: 1:36:09.301192.
[4A[J     total [##############....................................] 29.41%
this epoch [###############################################...] 94.13%
       230 iter, 2 epoch / 10 epochs
  0.097159 iters/sec. Estimated time to finish: 1:34:41.002959.
[4A[J3           5.95006                           0.0294722                                2397.04       
[J     total [###############...................................] 30.69%
this epoch [###...............................................]  6.92%
       240 iter, 3 epoch / 10 epochs
   0.09666 iters/sec. Estimated time to finish: 1:33:26.875403.
[4A[J     total [###############...................................] 31.97%
this epoch [#########.........................................] 19.71%
       250 iter, 3 epoch / 10 epochs
  0.096651 iters/sec. Estimated time to finish: 1:31:43.956102.
[4A[J     total [################..................................] 33.25%
this epoch [################..................................] 32.50%
       260 iter, 3 epoch / 10 epochs
  0.096641 iters/sec. Estimated time to finish: 1:30:01.052476.
[4A[J     total [#################.................................] 34.53%
this epoch [######################............................] 45.28%
       270 iter, 3 epoch / 10 epochs
  0.096527 iters/sec. Estimated time to finish: 1:28:23.814699.
[4A[J     total [#################.................................] 35.81%
this epoch [#############################.....................] 58.07%
       280 iter, 3 epoch / 10 epochs
  0.096337 iters/sec. Estimated time to finish: 1:26:50.483307.
[4A[J     total [##################................................] 37.09%
this epoch [###################################...............] 70.86%
       290 iter, 3 epoch / 10 epochs
  0.096189 iters/sec. Estimated time to finish: 1:25:14.558411.
[4A[J     total [###################...............................] 38.36%
this epoch [#########################################.........] 83.65%
       300 iter, 3 epoch / 10 epochs
  0.095988 iters/sec. Estimated time to finish: 1:23:41.092654.
[4A--------------------------------------------------------------------------
mpiexec noticed that process rank 12 with PID 63507 on node g0385 exited on signal 9 (Killed).
--------------------------------------------------------------------------
