No Modulefiles Currently Loaded.
Currently Loaded Modulefiles:
  1) cuda/9.0/9.0.176.4   3) nccl/2.3/2.3.5-2
  2) cudnn/7.3/7.3.1      4) openmpi/2.1.6
Currently Loaded Modulefiles:
  1) cuda/9.0/9.0.176.4   3) nccl/2.3/2.3.5-2
  2) cudnn/7.3/7.3.1      4) openmpi/2.1.6
Currently Loaded Modulefiles:
  1) cuda/9.0/9.0.176.4   3) nccl/2.3/2.3.5-2
  2) cudnn/7.3/7.3.1      4) openmpi/2.1.6
==========================================
Num of GPUs : 256
Model :  resnet
Minibatch-size: 64
Epochs: 10
==========================================
Starting training .....
--------------------------------------------------------------------------
A process has executed an operation involving a call to the
"fork()" system call to create a child process.  Open MPI is currently
operating in a condition that could result in memory corruption or
other system errors; your job may hang, crash, or produce silent
data corruption.  The use of fork() (or system() or other calls that
create child processes) is strongly discouraged.

The process that invoked fork was:

  Local host:          [[43244,1],0] (PID 148809)

If you are *absolutely sure* that your application will successfully
and correctly survive a call to fork(), you may disable this warning
by setting the mpi_warn_on_fork MCA parameter to 0.
--------------------------------------------------------------------------
dot: graph is too large for cairo-renderer bitmaps. Scaling by 0.767539 to fit
epoch       main/loss   validation/main/loss  main/accuracy  validation/main/accuracy  elapsed_time
[J     total [..................................................]  0.32%
this epoch [#.................................................]  3.20%
        10 iter, 0 epoch / 10 epochs
       inf iters/sec. Estimated time to finish: 0:00:00.
[4A[J     total [..................................................]  0.64%
this epoch [###...............................................]  6.39%
        20 iter, 0 epoch / 10 epochs
    3.5703 iters/sec. Estimated time to finish: 0:14:30.503848.
[4A[J     total [..................................................]  0.96%
this epoch [####..............................................]  9.59%
        30 iter, 0 epoch / 10 epochs
    3.5616 iters/sec. Estimated time to finish: 0:14:29.824158.
[4A[J     total [..................................................]  1.28%
this epoch [######............................................] 12.79%
        40 iter, 0 epoch / 10 epochs
    3.4936 iters/sec. Estimated time to finish: 0:14:43.885860.
[4A[J     total [..................................................]  1.60%
this epoch [#######...........................................] 15.98%
        50 iter, 0 epoch / 10 epochs
    3.5348 iters/sec. Estimated time to finish: 0:14:30.752790.
[4A[J     total [..................................................]  1.92%
this epoch [#########.........................................] 19.18%
        60 iter, 0 epoch / 10 epochs
    3.5894 iters/sec. Estimated time to finish: 0:14:14.731651.
[4A[J     total [#.................................................]  2.24%
this epoch [###########.......................................] 22.38%
        70 iter, 0 epoch / 10 epochs
    3.5514 iters/sec. Estimated time to finish: 0:14:21.062558.
[4A[J     total [#.................................................]  2.56%
this epoch [############......................................] 25.58%
        80 iter, 0 epoch / 10 epochs
    3.6167 iters/sec. Estimated time to finish: 0:14:02.758647.
[4A[J     total [#.................................................]  2.88%
this epoch [##############....................................] 28.77%
        90 iter, 0 epoch / 10 epochs
    3.4984 iters/sec. Estimated time to finish: 0:14:28.383477.
[4A[J     total [#.................................................]  3.20%
this epoch [###############...................................] 31.97%
       100 iter, 0 epoch / 10 epochs
     3.523 iters/sec. Estimated time to finish: 0:14:19.492803.
[4A[J     total [#.................................................]  3.52%
this epoch [#################.................................] 35.17%
       110 iter, 0 epoch / 10 epochs
     3.531 iters/sec. Estimated time to finish: 0:14:14.696987.
[4A[J     total [#.................................................]  3.84%
this epoch [###################...............................] 38.36%
       120 iter, 0 epoch / 10 epochs
    3.5731 iters/sec. Estimated time to finish: 0:14:01.836820.
[4A[J     total [##................................................]  4.16%
this epoch [####################..............................] 41.56%
       130 iter, 0 epoch / 10 epochs
    3.6071 iters/sec. Estimated time to finish: 0:13:51.138428.
[4A[J     total [##................................................]  4.48%
this epoch [######################............................] 44.76%
       140 iter, 0 epoch / 10 epochs
    3.6018 iters/sec. Estimated time to finish: 0:13:49.580723.
[4A[J     total [##................................................]  4.80%
this epoch [#######################...........................] 47.95%
       150 iter, 0 epoch / 10 epochs
    3.5785 iters/sec. Estimated time to finish: 0:13:52.190571.
[4A[J     total [##................................................]  5.12%
this epoch [#########################.........................] 51.15%
       160 iter, 0 epoch / 10 epochs
     3.548 iters/sec. Estimated time to finish: 0:13:56.518750.
[4A[J     total [##................................................]  5.43%
this epoch [###########################.......................] 54.35%
       170 iter, 0 epoch / 10 epochs
    3.5476 iters/sec. Estimated time to finish: 0:13:53.785479.
[4A[J     total [##................................................]  5.75%
this epoch [############################......................] 57.55%
       180 iter, 0 epoch / 10 epochs
    3.4632 iters/sec. Estimated time to finish: 0:14:11.228244.
[4A[J     total [###...............................................]  6.07%
this epoch [##############################....................] 60.74%
       190 iter, 0 epoch / 10 epochs
    3.5001 iters/sec. Estimated time to finish: 0:13:59.395843.
[4A[J     total [###...............................................]  6.39%
this epoch [###############################...................] 63.94%
       200 iter, 0 epoch / 10 epochs
    3.5104 iters/sec. Estimated time to finish: 0:13:54.088421.
[4A[J     total [###...............................................]  6.71%
this epoch [#################################.................] 67.14%
       210 iter, 0 epoch / 10 epochs
    3.5283 iters/sec. Estimated time to finish: 0:13:47.018252.
[4A[J     total [###...............................................]  7.03%
this epoch [###################################...............] 70.33%
       220 iter, 0 epoch / 10 epochs
    3.5475 iters/sec. Estimated time to finish: 0:13:39.718537.
[4A[J     total [###...............................................]  7.35%
this epoch [####################################..............] 73.53%
       230 iter, 0 epoch / 10 epochs
    3.5692 iters/sec. Estimated time to finish: 0:13:31.926890.
[4A[J     total [###...............................................]  7.67%
this epoch [######################################............] 76.73%
       240 iter, 0 epoch / 10 epochs
    3.5757 iters/sec. Estimated time to finish: 0:13:27.667210.
[4A[J     total [###...............................................]  7.99%
this epoch [#######################################...........] 79.92%
       250 iter, 0 epoch / 10 epochs
    3.5911 iters/sec. Estimated time to finish: 0:13:21.414537.
[4A[J     total [####..............................................]  8.31%
this epoch [#########################################.........] 83.12%
       260 iter, 0 epoch / 10 epochs
    3.6094 iters/sec. Estimated time to finish: 0:13:14.583844.
[4A[J     total [####..............................................]  8.63%
this epoch [###########################################.......] 86.32%
       270 iter, 0 epoch / 10 epochs
     3.607 iters/sec. Estimated time to finish: 0:13:12.334907.
[4A[J     total [####..............................................]  8.95%
this epoch [############################################......] 89.51%
       280 iter, 0 epoch / 10 epochs
    3.6182 iters/sec. Estimated time to finish: 0:13:07.121018.
[4A[J     total [####..............................................]  9.27%
this epoch [##############################################....] 92.71%
       290 iter, 0 epoch / 10 epochs
    3.6312 iters/sec. Estimated time to finish: 0:13:01.542562.
[4A[J     total [####..............................................]  9.59%
this epoch [###############################################...] 95.91%
       300 iter, 0 epoch / 10 epochs
    3.6337 iters/sec. Estimated time to finish: 0:12:58.270411.
[4A[J     total [####..............................................]  9.91%
this epoch [#################################################.] 99.11%
       310 iter, 0 epoch / 10 epochs
    3.6438 iters/sec. Estimated time to finish: 0:12:53.363653.
[4A[J1           6.02648                           0.0320986                                96.9642       
[J     total [#####.............................................] 10.23%
this epoch [#.................................................]  2.30%
       320 iter, 1 epoch / 10 epochs
    3.6427 iters/sec. Estimated time to finish: 0:12:50.851931.
[4A[J     total [#####.............................................] 10.55%
this epoch [##................................................]  5.50%
       330 iter, 1 epoch / 10 epochs
    3.6452 iters/sec. Estimated time to finish: 0:12:47.571401.
[4A[J     total [#####.............................................] 10.87%
this epoch [####..............................................]  8.70%
       340 iter, 1 epoch / 10 epochs
    3.6453 iters/sec. Estimated time to finish: 0:12:44.808160.
[4A[J     total [#####.............................................] 11.19%
this epoch [#####.............................................] 11.89%
       350 iter, 1 epoch / 10 epochs
    3.6551 iters/sec. Estimated time to finish: 0:12:40.031815.
[4A[J     total [#####.............................................] 11.51%
this epoch [#######...........................................] 15.09%
       360 iter, 1 epoch / 10 epochs
    3.6598 iters/sec. Estimated time to finish: 0:12:36.325740.
[4A[J     total [#####.............................................] 11.83%
this epoch [#########.........................................] 18.29%
       370 iter, 1 epoch / 10 epochs
    3.6553 iters/sec. Estimated time to finish: 0:12:34.503025.
[4A[J     total [######............................................] 12.15%
this epoch [##########........................................] 21.48%
       380 iter, 1 epoch / 10 epochs
    3.6668 iters/sec. Estimated time to finish: 0:12:29.409485.
[4A[J     total [######............................................] 12.47%
this epoch [############......................................] 24.68%
       390 iter, 1 epoch / 10 epochs
    3.6719 iters/sec. Estimated time to finish: 0:12:25.657941.
[4A[J     total [######............................................] 12.79%
this epoch [#############.....................................] 27.88%
       400 iter, 1 epoch / 10 epochs
    3.6696 iters/sec. Estimated time to finish: 0:12:23.393789.
[4A[J     total [######............................................] 13.11%
this epoch [###############...................................] 31.08%
       410 iter, 1 epoch / 10 epochs
     3.677 iters/sec. Estimated time to finish: 0:12:19.173511.
[4A[J     total [######............................................] 13.43%
this epoch [#################.................................] 34.27%
       420 iter, 1 epoch / 10 epochs
    3.6839 iters/sec. Estimated time to finish: 0:12:15.083688.
[4A[J     total [######............................................] 13.75%
this epoch [##################................................] 37.47%
       430 iter, 1 epoch / 10 epochs
    3.6843 iters/sec. Estimated time to finish: 0:12:12.295841.
[4A[J     total [#######...........................................] 14.07%
this epoch [####################..............................] 40.67%
       440 iter, 1 epoch / 10 epochs
     3.685 iters/sec. Estimated time to finish: 0:12:09.440849.
[4A[J     total [#######...........................................] 14.39%
this epoch [#####################.............................] 43.86%
       450 iter, 1 epoch / 10 epochs
     3.695 iters/sec. Estimated time to finish: 0:12:04.764372.
[4A[J     total [#######...........................................] 14.71%
this epoch [#######################...........................] 47.06%
       460 iter, 1 epoch / 10 epochs
    3.6992 iters/sec. Estimated time to finish: 0:12:01.231770.
[4A[J     total [#######...........................................] 15.03%
this epoch [#########################.........................] 50.26%
       470 iter, 1 epoch / 10 epochs
    3.6944 iters/sec. Estimated time to finish: 0:11:59.451899.
[4A[J     total [#######...........................................] 15.35%
this epoch [##########################........................] 53.45%
       480 iter, 1 epoch / 10 epochs
    3.7045 iters/sec. Estimated time to finish: 0:11:54.803840.
[4A[J     total [#######...........................................] 15.67%
this epoch [############################......................] 56.65%
       490 iter, 1 epoch / 10 epochs
    3.7104 iters/sec. Estimated time to finish: 0:11:50.959653.
[4A[J     total [#######...........................................] 15.98%
this epoch [#############################.....................] 59.85%
       500 iter, 1 epoch / 10 epochs
    3.7085 iters/sec. Estimated time to finish: 0:11:48.637430.
[4A[J     total [########..........................................] 16.30%
this epoch [###############################...................] 63.05%
       510 iter, 1 epoch / 10 epochs
    3.7159 iters/sec. Estimated time to finish: 0:11:44.524132.
[4A[J     total [########..........................................] 16.62%
this epoch [#################################.................] 66.24%
       520 iter, 1 epoch / 10 epochs
    3.7215 iters/sec. Estimated time to finish: 0:11:40.782435.
[4A[J     total [########..........................................] 16.94%
this epoch [##################################................] 69.44%
       530 iter, 1 epoch / 10 epochs
    3.7201 iters/sec. Estimated time to finish: 0:11:38.352737.
[4A[J     total [########..........................................] 17.26%
this epoch [####################################..............] 72.64%
       540 iter, 1 epoch / 10 epochs
    3.7229 iters/sec. Estimated time to finish: 0:11:35.148859.
[4A[J     total [########..........................................] 17.58%
this epoch [#####################################.............] 75.83%
       550 iter, 1 epoch / 10 epochs
      3.73 iters/sec. Estimated time to finish: 0:11:31.136421.
[4A[J     total [########..........................................] 17.90%
this epoch [#######################################...........] 79.03%
       560 iter, 1 epoch / 10 epochs
    3.7326 iters/sec. Estimated time to finish: 0:11:27.985724.
[4A[J     total [#########.........................................] 18.22%
this epoch [#########################################.........] 82.23%
       570 iter, 1 epoch / 10 epochs
    3.7295 iters/sec. Estimated time to finish: 0:11:25.869821.
[4A[J     total [#########.........................................] 18.54%
this epoch [##########################################........] 85.42%
       580 iter, 1 epoch / 10 epochs
    3.7362 iters/sec. Estimated time to finish: 0:11:21.973319.
[4A[J     total [#########.........................................] 18.86%
this epoch [############################################......] 88.62%
       590 iter, 1 epoch / 10 epochs
    3.7411 iters/sec. Estimated time to finish: 0:11:18.400514.
[4A[J     total [#########.........................................] 19.18%
this epoch [#############################################.....] 91.82%
       600 iter, 1 epoch / 10 epochs
    3.7389 iters/sec. Estimated time to finish: 0:11:16.128562.
[4A[J     total [#########.........................................] 19.50%
this epoch [###############################################...] 95.01%
       610 iter, 1 epoch / 10 epochs
    3.7429 iters/sec. Estimated time to finish: 0:11:12.728488.
[4A[J     total [#########.........................................] 19.82%
this epoch [#################################################.] 98.21%
       620 iter, 1 epoch / 10 epochs
    3.7481 iters/sec. Estimated time to finish: 0:11:09.130313.
[4A[J2           4.43512                           0.155351                                 178.137       
[J     total [##########........................................] 20.14%
this epoch [..................................................]  1.41%
       630 iter, 2 epoch / 10 epochs
    3.7408 iters/sec. Estimated time to finish: 0:11:07.763383.
[4A[J     total [##########........................................] 20.46%
this epoch [##................................................]  4.61%
       640 iter, 2 epoch / 10 epochs
    3.7435 iters/sec. Estimated time to finish: 0:11:04.608679.
[4A[J     total [##########........................................] 20.78%
this epoch [###...............................................]  7.80%
       650 iter, 2 epoch / 10 epochs
    3.7479 iters/sec. Estimated time to finish: 0:11:01.153497.
[4A[J     total [##########........................................] 21.10%
this epoch [#####.............................................] 11.00%
       660 iter, 2 epoch / 10 epochs
    3.7482 iters/sec. Estimated time to finish: 0:10:58.436076.
[4A[J     total [##########........................................] 21.42%
this epoch [#######...........................................] 14.20%
       670 iter, 2 epoch / 10 epochs
    3.7473 iters/sec. Estimated time to finish: 0:10:55.932477.
[4A[J     total [##########........................................] 21.74%
this epoch [########..........................................] 17.39%
       680 iter, 2 epoch / 10 epochs
    3.7502 iters/sec. Estimated time to finish: 0:10:52.748998.
[4A[J     total [###########.......................................] 22.06%
this epoch [##########........................................] 20.59%
       690 iter, 2 epoch / 10 epochs
    3.7521 iters/sec. Estimated time to finish: 0:10:49.757067.
[4A[J     total [###########.......................................] 22.38%
this epoch [###########.......................................] 23.79%
       700 iter, 2 epoch / 10 epochs
    3.7499 iters/sec. Estimated time to finish: 0:10:47.481750.
[4A[J     total [###########.......................................] 22.70%
this epoch [#############.....................................] 26.98%
       710 iter, 2 epoch / 10 epochs
    3.7523 iters/sec. Estimated time to finish: 0:10:44.389079.
[4A[J     total [###########.......................................] 23.02%
this epoch [###############...................................] 30.18%
       720 iter, 2 epoch / 10 epochs
    3.7563 iters/sec. Estimated time to finish: 0:10:41.045420.
[4A[J     total [###########.......................................] 23.34%
this epoch [################..................................] 33.38%
       730 iter, 2 epoch / 10 epochs
     3.753 iters/sec. Estimated time to finish: 0:10:38.943760.
[4A[J     total [###########.......................................] 23.66%
this epoch [##################................................] 36.58%
       740 iter, 2 epoch / 10 epochs
    3.7557 iters/sec. Estimated time to finish: 0:10:35.818480.
[4A[J     total [###########.......................................] 23.98%
this epoch [###################...............................] 39.77%
       750 iter, 2 epoch / 10 epochs
    3.7581 iters/sec. Estimated time to finish: 0:10:32.759915.
[4A[J     total [############......................................] 24.30%
this epoch [#####################.............................] 42.97%
       760 iter, 2 epoch / 10 epochs
    3.7585 iters/sec. Estimated time to finish: 0:10:30.038572.
[4A[J     total [############......................................] 24.62%
this epoch [#######################...........................] 46.17%
       770 iter, 2 epoch / 10 epochs
    3.7596 iters/sec. Estimated time to finish: 0:10:27.178963.
[4A[J     total [############......................................] 24.94%
this epoch [########################..........................] 49.36%
       780 iter, 2 epoch / 10 epochs
    3.7621 iters/sec. Estimated time to finish: 0:10:24.116507.
[4A[J     total [############......................................] 25.26%
this epoch [##########################........................] 52.56%
       790 iter, 2 epoch / 10 epochs
    3.7644 iters/sec. Estimated time to finish: 0:10:21.069022.
[4A[J     total [############......................................] 25.58%
this epoch [###########################.......................] 55.76%
       800 iter, 2 epoch / 10 epochs
    3.7625 iters/sec. Estimated time to finish: 0:10:18.726649.
[4A[J     total [############......................................] 25.90%
this epoch [#############################.....................] 58.95%
       810 iter, 2 epoch / 10 epochs
    3.7666 iters/sec. Estimated time to finish: 0:10:15.394783.
[4A[J     total [#############.....................................] 26.22%
this epoch [###############################...................] 62.15%
       820 iter, 2 epoch / 10 epochs
    3.7686 iters/sec. Estimated time to finish: 0:10:12.425920.
[4A[J     total [#############.....................................] 26.53%
this epoch [################################..................] 65.35%
       830 iter, 2 epoch / 10 epochs
    3.7669 iters/sec. Estimated time to finish: 0:10:10.041481.
[4A[J     total [#############.....................................] 26.85%
this epoch [##################################................] 68.54%
       840 iter, 2 epoch / 10 epochs
    3.7701 iters/sec. Estimated time to finish: 0:10:06.870741.
[4A[J     total [#############.....................................] 27.17%
this epoch [###################################...............] 71.74%
       850 iter, 2 epoch / 10 epochs
    3.7738 iters/sec. Estimated time to finish: 0:10:03.620063.
[4A[J     total [#############.....................................] 27.49%
this epoch [#####################################.............] 74.94%
       860 iter, 2 epoch / 10 epochs
    3.7705 iters/sec. Estimated time to finish: 0:10:01.498382.
[4A[J     total [#############.....................................] 27.81%
this epoch [#######################################...........] 78.14%
       870 iter, 2 epoch / 10 epochs
    3.7724 iters/sec. Estimated time to finish: 0:09:58.544243.
[4A[J     total [##############....................................] 28.13%
this epoch [########################################..........] 81.33%
       880 iter, 2 epoch / 10 epochs
    3.7752 iters/sec. Estimated time to finish: 0:09:55.451099.
[4A[J     total [##############....................................] 28.45%
this epoch [##########################################........] 84.53%
       890 iter, 2 epoch / 10 epochs
    3.7767 iters/sec. Estimated time to finish: 0:09:52.565268.
[4A[J     total [##############....................................] 28.77%
this epoch [###########################################.......] 87.73%
       900 iter, 2 epoch / 10 epochs
    3.7756 iters/sec. Estimated time to finish: 0:09:50.096661.
[4A[J     total [##############....................................] 29.09%
this epoch [#############################################.....] 90.92%
       910 iter, 2 epoch / 10 epochs
    3.7779 iters/sec. Estimated time to finish: 0:09:47.088818.
[4A[J     total [##############....................................] 29.41%
this epoch [###############################################...] 94.12%
       920 iter, 2 epoch / 10 epochs
    3.7799 iters/sec. Estimated time to finish: 0:09:44.130344.
[4A[J     total [##############....................................] 29.73%
this epoch [################################################..] 97.32%
       930 iter, 2 epoch / 10 epochs
    3.7771 iters/sec. Estimated time to finish: 0:09:41.920257.
[4A[J3           3.87456                           0.226887                                 259.664       
[J     total [###############...................................] 30.05%
this epoch [..................................................]  0.51%
       940 iter, 3 epoch / 10 epochs
    3.7753 iters/sec. Estimated time to finish: 0:09:39.552301.
[4A[J     total [###############...................................] 30.37%
this epoch [#.................................................]  3.71%
       950 iter, 3 epoch / 10 epochs
    3.7781 iters/sec. Estimated time to finish: 0:09:36.470552.
[4A[J     total [###############...................................] 30.69%
this epoch [###...............................................]  6.91%
       960 iter, 3 epoch / 10 epochs
    3.7744 iters/sec. Estimated time to finish: 0:09:34.381653.
[4A[J     total [###############...................................] 31.01%
this epoch [#####.............................................] 10.11%
       970 iter, 3 epoch / 10 epochs
    3.7754 iters/sec. Estimated time to finish: 0:09:31.590394.
[4A[J     total [###############...................................] 31.33%
this epoch [######............................................] 13.30%
       980 iter, 3 epoch / 10 epochs
    3.7769 iters/sec. Estimated time to finish: 0:09:28.706172.
[4A[J     total [###############...................................] 31.65%
this epoch [########..........................................] 16.50%
       990 iter, 3 epoch / 10 epochs
    3.7767 iters/sec. Estimated time to finish: 0:09:26.096711.
[4A[J     total [###############...................................] 31.97%
this epoch [#########.........................................] 19.70%
      1000 iter, 3 epoch / 10 epochs
    3.7752 iters/sec. Estimated time to finish: 0:09:23.671376.
[4A[J     total [################..................................] 32.29%
this epoch [###########.......................................] 22.89%
      1010 iter, 3 epoch / 10 epochs
    3.7799 iters/sec. Estimated time to finish: 0:09:20.317795.
[4A[J     total [################..................................] 32.61%
this epoch [#############.....................................] 26.09%
      1020 iter, 3 epoch / 10 epochs
    3.7815 iters/sec. Estimated time to finish: 0:09:17.442998.
[4A[J     total [################..................................] 32.93%
this epoch [##############....................................] 29.29%
      1030 iter, 3 epoch / 10 epochs
    3.7841 iters/sec. Estimated time to finish: 0:09:14.414967.
[4A[J     total [################..................................] 33.25%
this epoch [################..................................] 32.48%
      1040 iter, 3 epoch / 10 epochs
    3.7877 iters/sec. Estimated time to finish: 0:09:11.243363.
[4A[J     total [################..................................] 33.57%
this epoch [#################.................................] 35.68%
      1050 iter, 3 epoch / 10 epochs
    3.7883 iters/sec. Estimated time to finish: 0:09:08.522981.
[4A[J     total [################..................................] 33.89%
this epoch [###################...............................] 38.88%
      1060 iter, 3 epoch / 10 epochs
    3.7893 iters/sec. Estimated time to finish: 0:09:05.732828.
[4A[J     total [#################.................................] 34.21%
this epoch [#####################.............................] 42.08%
      1070 iter, 3 epoch / 10 epochs
    3.7894 iters/sec. Estimated time to finish: 0:09:03.088678.
[4A[J     total [#################.................................] 34.53%
this epoch [######################............................] 45.27%
      1080 iter, 3 epoch / 10 epochs
    3.8035 iters/sec. Estimated time to finish: 0:08:58.447857.
[4A[J     total [#################.................................] 34.85%
this epoch [########################..........................] 48.47%
      1090 iter, 3 epoch / 10 epochs
     3.804 iters/sec. Estimated time to finish: 0:08:55.743855.
[4A[J     total [#################.................................] 35.17%
this epoch [#########################.........................] 51.67%
      1100 iter, 3 epoch / 10 epochs
    3.8062 iters/sec. Estimated time to finish: 0:08:52.808825.
[4A[J     total [#################.................................] 35.49%
this epoch [###########################.......................] 54.86%
      1110 iter, 3 epoch / 10 epochs
    3.8065 iters/sec. Estimated time to finish: 0:08:50.130688.
[4A[J     total [#################.................................] 35.81%
this epoch [#############################.....................] 58.06%
      1120 iter, 3 epoch / 10 epochs
    3.8042 iters/sec. Estimated time to finish: 0:08:47.826036.
[4A[J     total [##################................................] 36.13%
this epoch [##############################....................] 61.26%
      1130 iter, 3 epoch / 10 epochs
    3.8053 iters/sec. Estimated time to finish: 0:08:45.053730.
[4A[J     total [##################................................] 36.45%
this epoch [################################..................] 64.45%
      1140 iter, 3 epoch / 10 epochs
    3.8139 iters/sec. Estimated time to finish: 0:08:41.249655.
[4A[J     total [##################................................] 36.77%
this epoch [#################################.................] 67.65%
      1150 iter, 3 epoch / 10 epochs
    3.8234 iters/sec. Estimated time to finish: 0:08:37.327066.
[4A[J     total [##################................................] 37.08%
this epoch [###################################...............] 70.85%
      1160 iter, 3 epoch / 10 epochs
    3.8223 iters/sec. Estimated time to finish: 0:08:34.866589.
[4A[J     total [##################................................] 37.40%
this epoch [#####################################.............] 74.04%
      1170 iter, 3 epoch / 10 epochs
    3.8451 iters/sec. Estimated time to finish: 0:08:29.212968.
[4A[J     total [##################................................] 37.72%
this epoch [######################################............] 77.24%
      1180 iter, 3 epoch / 10 epochs
    3.8437 iters/sec. Estimated time to finish: 0:08:26.788941.
[4A[J     total [###################...............................] 38.04%
this epoch [########################################..........] 80.44%
      1190 iter, 3 epoch / 10 epochs
    3.8435 iters/sec. Estimated time to finish: 0:08:24.222813.
[4A[J     total [###################...............................] 38.36%
this epoch [#########################################.........] 83.64%
      1200 iter, 3 epoch / 10 epochs
    3.8429 iters/sec. Estimated time to finish: 0:08:21.696165.
[4A[J     total [###################...............................] 38.68%
this epoch [###########################################.......] 86.83%
      1210 iter, 3 epoch / 10 epochs
    3.8439 iters/sec. Estimated time to finish: 0:08:18.962342.
[4A[J     total [###################...............................] 39.00%
this epoch [#############################################.....] 90.03%
      1220 iter, 3 epoch / 10 epochs
     3.842 iters/sec. Estimated time to finish: 0:08:16.609697.
[4A[J     total [###################...............................] 39.32%
this epoch [##############################################....] 93.23%
      1230 iter, 3 epoch / 10 epochs
    3.8417 iters/sec. Estimated time to finish: 0:08:14.038249.
[4A[J     total [###################...............................] 39.64%
this epoch [################################################..] 96.42%
      1240 iter, 3 epoch / 10 epochs
    3.8427 iters/sec. Estimated time to finish: 0:08:11.317649.
[4A[J     total [###################...............................] 39.96%
this epoch [#################################################.] 99.62%
      1250 iter, 3 epoch / 10 epochs
    3.8422 iters/sec. Estimated time to finish: 0:08:08.780140.
[4A[J4           3.57585                           0.272963                                 341.348       
[J     total [####################..............................] 40.28%
this epoch [#.................................................]  2.82%
      1260 iter, 4 epoch / 10 epochs
    3.8397 iters/sec. Estimated time to finish: 0:08:06.488156.
[4A[J     total [####################..............................] 40.60%
this epoch [###...............................................]  6.01%
      1270 iter, 4 epoch / 10 epochs
    3.8402 iters/sec. Estimated time to finish: 0:08:03.817394.
[4A[J     total [####################..............................] 40.92%
this epoch [####..............................................]  9.21%
      1280 iter, 4 epoch / 10 epochs
    3.8383 iters/sec. Estimated time to finish: 0:08:01.458275.
[4A[J     total [####################..............................] 41.24%
this epoch [######............................................] 12.41%
      1290 iter, 4 epoch / 10 epochs
    3.8388 iters/sec. Estimated time to finish: 0:07:58.788767.
[4A[J     total [####################..............................] 41.56%
this epoch [#######...........................................] 15.61%
      1300 iter, 4 epoch / 10 epochs
    3.8376 iters/sec. Estimated time to finish: 0:07:56.327202.
[4A[J     total [####################..............................] 41.88%
this epoch [#########.........................................] 18.80%
      1310 iter, 4 epoch / 10 epochs
    3.8402 iters/sec. Estimated time to finish: 0:07:53.400566.
[4A[J     total [#####################.............................] 42.20%
this epoch [##########........................................] 22.00%
      1320 iter, 4 epoch / 10 epochs
    3.8406 iters/sec. Estimated time to finish: 0:07:50.748960.
[4A[J     total [#####################.............................] 42.52%
this epoch [############......................................] 25.20%
      1330 iter, 4 epoch / 10 epochs
    3.8414 iters/sec. Estimated time to finish: 0:07:48.052775.
[4A[J     total [#####################.............................] 42.84%
this epoch [##############....................................] 28.39%
      1340 iter, 4 epoch / 10 epochs
     3.841 iters/sec. Estimated time to finish: 0:07:45.497915.
[4A[J     total [#####################.............................] 43.16%
this epoch [###############...................................] 31.59%
      1350 iter, 4 epoch / 10 epochs
    3.8414 iters/sec. Estimated time to finish: 0:07:42.848120.
[4A[J     total [#####################.............................] 43.48%
this epoch [#################.................................] 34.79%
      1360 iter, 4 epoch / 10 epochs
     3.842 iters/sec. Estimated time to finish: 0:07:40.164556.
[4A[J     total [#####################.............................] 43.80%
this epoch [##################................................] 37.98%
      1370 iter, 4 epoch / 10 epochs
    3.8408 iters/sec. Estimated time to finish: 0:07:37.703631.
[4A[J     total [######################............................] 44.12%
this epoch [####################..............................] 41.18%
      1380 iter, 4 epoch / 10 epochs
    3.8419 iters/sec. Estimated time to finish: 0:07:34.970609.
[4A[J     total [######################............................] 44.44%
this epoch [######################............................] 44.38%
      1390 iter, 4 epoch / 10 epochs
    3.8416 iters/sec. Estimated time to finish: 0:07:32.408472.
[4A[J     total [######################............................] 44.76%
this epoch [#######################...........................] 47.57%
      1400 iter, 4 epoch / 10 epochs
    3.8421 iters/sec. Estimated time to finish: 0:07:29.749245.
[4A[J     total [######################............................] 45.08%
this epoch [#########################.........................] 50.77%
      1410 iter, 4 epoch / 10 epochs
     3.843 iters/sec. Estimated time to finish: 0:07:27.042510.
[4A[J     total [######################............................] 45.40%
this epoch [##########################........................] 53.97%
      1420 iter, 4 epoch / 10 epochs
    3.8432 iters/sec. Estimated time to finish: 0:07:24.415998.
[4A[J     total [######################............................] 45.72%
this epoch [############################......................] 57.17%
      1430 iter, 4 epoch / 10 epochs
    3.8435 iters/sec. Estimated time to finish: 0:07:21.775564.
[4A[J     total [#######################...........................] 46.04%
this epoch [##############################....................] 60.36%
      1440 iter, 4 epoch / 10 epochs
    3.8434 iters/sec. Estimated time to finish: 0:07:19.191912.
[4A[J     total [#######################...........................] 46.36%
this epoch [###############################...................] 63.56%
      1450 iter, 4 epoch / 10 epochs
    3.8439 iters/sec. Estimated time to finish: 0:07:16.528827.
[4A[J     total [#######################...........................] 46.68%
this epoch [#################################.................] 66.76%
      1460 iter, 4 epoch / 10 epochs
    3.8462 iters/sec. Estimated time to finish: 0:07:13.671454.
[4A[J     total [#######################...........................] 47.00%
this epoch [##################################................] 69.95%
      1470 iter, 4 epoch / 10 epochs
    3.8453 iters/sec. Estimated time to finish: 0:07:11.164702.
[4A[J     total [#######################...........................] 47.32%
this epoch [####################################..............] 73.15%
      1480 iter, 4 epoch / 10 epochs
    3.8444 iters/sec. Estimated time to finish: 0:07:08.665414.
[4A[J     total [#######################...........................] 47.63%
this epoch [######################################............] 76.35%
      1490 iter, 4 epoch / 10 epochs
    3.8444 iters/sec. Estimated time to finish: 0:07:06.066614.
[4A[J     total [#######################...........................] 47.95%
this epoch [#######################################...........] 79.54%
      1500 iter, 4 epoch / 10 epochs
    3.8441 iters/sec. Estimated time to finish: 0:07:03.492734.
[4A[J     total [########################..........................] 48.27%
this epoch [#########################################.........] 82.74%
      1510 iter, 4 epoch / 10 epochs
    3.8441 iters/sec. Estimated time to finish: 0:07:00.896851.
[4A[J     total [########################..........................] 48.59%
this epoch [##########################################........] 85.94%
      1520 iter, 4 epoch / 10 epochs
    3.8446 iters/sec. Estimated time to finish: 0:06:58.244256.
[4A[J     total [########################..........................] 48.91%
this epoch [############################################......] 89.14%
      1530 iter, 4 epoch / 10 epochs
    3.8449 iters/sec. Estimated time to finish: 0:06:55.605804.
[4A[J     total [########################..........................] 49.23%
this epoch [##############################################....] 92.33%
      1540 iter, 4 epoch / 10 epochs
    3.8439 iters/sec. Estimated time to finish: 0:06:53.111090.
[4A[J     total [########################..........................] 49.55%
this epoch [###############################################...] 95.53%
      1550 iter, 4 epoch / 10 epochs
    3.8442 iters/sec. Estimated time to finish: 0:06:50.481975.
[4A[J     total [########################..........................] 49.87%
this epoch [#################################################.] 98.73%
      1560 iter, 4 epoch / 10 epochs
    3.8462 iters/sec. Estimated time to finish: 0:06:47.665076.
[4A[J5           3.42721                           0.300331                                 422.384       
[J     total [#########################.........................] 50.19%
this epoch [..................................................]  1.92%
      1570 iter, 5 epoch / 10 epochs
    3.8411 iters/sec. Estimated time to finish: 0:06:45.603489.
[4A[J     total [#########################.........................] 50.51%
this epoch [##................................................]  5.12%
      1580 iter, 5 epoch / 10 epochs
    3.8402 iters/sec. Estimated time to finish: 0:06:43.101095.
[4A[J     total [#########################.........................] 50.83%
this epoch [####..............................................]  8.32%
      1590 iter, 5 epoch / 10 epochs
    3.8388 iters/sec. Estimated time to finish: 0:06:40.633864.
[4A[J     total [#########################.........................] 51.15%
this epoch [#####.............................................] 11.51%
      1600 iter, 5 epoch / 10 epochs
    3.8391 iters/sec. Estimated time to finish: 0:06:38.004612.
[4A[J     total [#########################.........................] 51.47%
this epoch [#######...........................................] 14.71%
      1610 iter, 5 epoch / 10 epochs
    3.8371 iters/sec. Estimated time to finish: 0:06:35.598407.
[4A[J     total [#########################.........................] 51.79%
this epoch [########..........................................] 17.91%
      1620 iter, 5 epoch / 10 epochs
    3.8408 iters/sec. Estimated time to finish: 0:06:32.620453.
[4A[J     total [##########################........................] 52.11%
this epoch [##########........................................] 21.10%
      1630 iter, 5 epoch / 10 epochs
    3.8409 iters/sec. Estimated time to finish: 0:06:30.002147.
[4A[J     total [##########################........................] 52.43%
this epoch [############......................................] 24.30%
      1640 iter, 5 epoch / 10 epochs
    3.8404 iters/sec. Estimated time to finish: 0:06:27.454035.
[4A[J     total [##########################........................] 52.75%
this epoch [#############.....................................] 27.50%
      1650 iter, 5 epoch / 10 epochs
    3.8413 iters/sec. Estimated time to finish: 0:06:24.761719.
[4A[J     total [##########################........................] 53.07%
this epoch [###############...................................] 30.70%
      1660 iter, 5 epoch / 10 epochs
    3.8412 iters/sec. Estimated time to finish: 0:06:22.159223.
[4A[J     total [##########################........................] 53.39%
this epoch [################..................................] 33.89%
      1670 iter, 5 epoch / 10 epochs
    3.8407 iters/sec. Estimated time to finish: 0:06:19.612257.
[4A[J     total [##########################........................] 53.71%
this epoch [##################................................] 37.09%
      1680 iter, 5 epoch / 10 epochs
    3.8424 iters/sec. Estimated time to finish: 0:06:16.843484.
[4A[J     total [###########################.......................] 54.03%
this epoch [####################..............................] 40.29%
      1690 iter, 5 epoch / 10 epochs
    3.8428 iters/sec. Estimated time to finish: 0:06:14.198722.
[4A[J     total [###########################.......................] 54.35%
this epoch [#####################.............................] 43.48%
      1700 iter, 5 epoch / 10 epochs
    3.8435 iters/sec. Estimated time to finish: 0:06:11.526902.
[4A[J     total [###########################.......................] 54.67%
this epoch [#######################...........................] 46.68%
      1710 iter, 5 epoch / 10 epochs
    3.8432 iters/sec. Estimated time to finish: 0:06:08.953830.
[4A[J     total [###########################.......................] 54.99%
this epoch [########################..........................] 49.88%
      1720 iter, 5 epoch / 10 epochs
    3.8433 iters/sec. Estimated time to finish: 0:06:06.345139.
[4A[J     total [###########################.......................] 55.31%
this epoch [##########################........................] 53.07%
      1730 iter, 5 epoch / 10 epochs
    3.8447 iters/sec. Estimated time to finish: 0:06:03.611405.
[4A[J     total [###########################.......................] 55.63%
this epoch [############################......................] 56.27%
      1740 iter, 5 epoch / 10 epochs
    3.8455 iters/sec. Estimated time to finish: 0:06:00.934234.
[4A[J     total [###########################.......................] 55.95%
this epoch [#############################.....................] 59.47%
      1750 iter, 5 epoch / 10 epochs
    3.8464 iters/sec. Estimated time to finish: 0:05:58.250219.
[4A[J     total [############################......................] 56.27%
this epoch [###############################...................] 62.67%
      1760 iter, 5 epoch / 10 epochs
    3.8467 iters/sec. Estimated time to finish: 0:05:55.622470.
[4A[J     total [############################......................] 56.59%
this epoch [################################..................] 65.86%
      1770 iter, 5 epoch / 10 epochs
     3.847 iters/sec. Estimated time to finish: 0:05:52.995485.
[4A[J     total [############################......................] 56.91%
this epoch [##################################................] 69.06%
      1780 iter, 5 epoch / 10 epochs
    3.8479 iters/sec. Estimated time to finish: 0:05:50.310590.
[4A[J     total [############################......................] 57.23%
this epoch [####################################..............] 72.26%
      1790 iter, 5 epoch / 10 epochs
    3.8482 iters/sec. Estimated time to finish: 0:05:47.691168.
[4A[J     total [############################......................] 57.55%
this epoch [#####################################.............] 75.45%
      1800 iter, 5 epoch / 10 epochs
     3.848 iters/sec. Estimated time to finish: 0:05:45.103621.
[4A[J     total [############################......................] 57.87%
this epoch [#######################################...........] 78.65%
      1810 iter, 5 epoch / 10 epochs
    3.8491 iters/sec. Estimated time to finish: 0:05:42.413922.
[4A[J     total [#############################.....................] 58.18%
this epoch [########################################..........] 81.85%
      1820 iter, 5 epoch / 10 epochs
    3.8495 iters/sec. Estimated time to finish: 0:05:39.776096.
[4A[J     total [#############################.....................] 58.50%
this epoch [##########################################........] 85.04%
      1830 iter, 5 epoch / 10 epochs
    3.8497 iters/sec. Estimated time to finish: 0:05:37.161283.
[4A[J     total [#############################.....................] 58.82%
this epoch [############################################......] 88.24%
      1840 iter, 5 epoch / 10 epochs
    3.8487 iters/sec. Estimated time to finish: 0:05:34.652882.
[4A[J     total [#############################.....................] 59.14%
this epoch [#############################################.....] 91.44%
      1850 iter, 5 epoch / 10 epochs
    3.8502 iters/sec. Estimated time to finish: 0:05:31.919679.
[4A[J     total [#############################.....................] 59.46%
this epoch [###############################################...] 94.64%
      1860 iter, 5 epoch / 10 epochs
    3.8494 iters/sec. Estimated time to finish: 0:05:29.394266.
[4A[J     total [#############################.....................] 59.78%
this epoch [################################################..] 97.83%
      1870 iter, 5 epoch / 10 epochs
    3.8483 iters/sec. Estimated time to finish: 0:05:26.891168.
[4A[J6           3.21849                           0.331619                                 503.291       
[J     total [##############################....................] 60.10%
this epoch [..................................................]  1.03%
      1880 iter, 6 epoch / 10 epochs
    3.8458 iters/sec. Estimated time to finish: 0:05:24.499255.
[4A[J     total [##############################....................] 60.42%
this epoch [##................................................]  4.23%
      1890 iter, 6 epoch / 10 epochs
    3.8462 iters/sec. Estimated time to finish: 0:05:21.867789.
[4A[J     total [##############################....................] 60.74%
this epoch [###...............................................]  7.42%
      1900 iter, 6 epoch / 10 epochs
    3.8449 iters/sec. Estimated time to finish: 0:05:19.372580.
[4A[J     total [##############################....................] 61.06%
this epoch [#####.............................................] 10.62%
      1910 iter, 6 epoch / 10 epochs
    3.8455 iters/sec. Estimated time to finish: 0:05:16.723244.
[4A[J     total [##############################....................] 61.38%
this epoch [######............................................] 13.82%
      1920 iter, 6 epoch / 10 epochs
    3.8448 iters/sec. Estimated time to finish: 0:05:14.184039.
[4A[J     total [##############################....................] 61.70%
this epoch [########..........................................] 17.01%
      1930 iter, 6 epoch / 10 epochs
    3.8482 iters/sec. Estimated time to finish: 0:05:11.303143.
[4A[J     total [###############################...................] 62.02%
this epoch [##########........................................] 20.21%
      1940 iter, 6 epoch / 10 epochs
    3.8475 iters/sec. Estimated time to finish: 0:05:08.766990.
[4A[J     total [###############################...................] 62.34%
this epoch [###########.......................................] 23.41%
      1950 iter, 6 epoch / 10 epochs
    3.8491 iters/sec. Estimated time to finish: 0:05:06.034126.
[4A[J     total [###############################...................] 62.66%
this epoch [#############.....................................] 26.60%
      1960 iter, 6 epoch / 10 epochs
    3.8497 iters/sec. Estimated time to finish: 0:05:03.389396.
[4A[J     total [###############################...................] 62.98%
this epoch [##############....................................] 29.80%
      1970 iter, 6 epoch / 10 epochs
      3.85 iters/sec. Estimated time to finish: 0:05:00.769502.
[4A[J     total [###############################...................] 63.30%
this epoch [################..................................] 33.00%
      1980 iter, 6 epoch / 10 epochs
    3.8507 iters/sec. Estimated time to finish: 0:04:58.119923.
[4A[J     total [###############################...................] 63.62%
this epoch [##################................................] 36.20%
      1990 iter, 6 epoch / 10 epochs
    3.8516 iters/sec. Estimated time to finish: 0:04:55.452805.
[4A[J     total [###############################...................] 63.94%
this epoch [###################...............................] 39.39%
      2000 iter, 6 epoch / 10 epochs
    3.8511 iters/sec. Estimated time to finish: 0:04:52.894361.
[4A[J     total [################################..................] 64.26%
this epoch [#####################.............................] 42.59%
      2010 iter, 6 epoch / 10 epochs
    3.8549 iters/sec. Estimated time to finish: 0:04:50.008680.
[4A[J     total [################################..................] 64.58%
this epoch [######################............................] 45.79%
      2020 iter, 6 epoch / 10 epochs
    3.8557 iters/sec. Estimated time to finish: 0:04:47.355884.
[4A[J     total [################################..................] 64.90%
this epoch [########################..........................] 48.98%
      2030 iter, 6 epoch / 10 epochs
    3.8557 iters/sec. Estimated time to finish: 0:04:44.763519.
[4A[J     total [################################..................] 65.22%
this epoch [##########################........................] 52.18%
      2040 iter, 6 epoch / 10 epochs
    3.8579 iters/sec. Estimated time to finish: 0:04:42.007518.
[4A[J     total [################################..................] 65.54%
this epoch [###########################.......................] 55.38%
      2050 iter, 6 epoch / 10 epochs
    3.8589 iters/sec. Estimated time to finish: 0:04:39.344627.
[4A[J     total [################################..................] 65.86%
this epoch [#############################.....................] 58.57%
      2060 iter, 6 epoch / 10 epochs
    3.8576 iters/sec. Estimated time to finish: 0:04:36.850075.
[4A[J     total [#################################.................] 66.18%
this epoch [##############################....................] 61.77%
      2070 iter, 6 epoch / 10 epochs
    3.8596 iters/sec. Estimated time to finish: 0:04:34.116842.
[4A[J     total [#################################.................] 66.50%
this epoch [################################..................] 64.97%
      2080 iter, 6 epoch / 10 epochs
    3.8595 iters/sec. Estimated time to finish: 0:04:31.531580.
[4A[J     total [#################################.................] 66.82%
this epoch [##################################................] 68.17%
      2090 iter, 6 epoch / 10 epochs
    3.8603 iters/sec. Estimated time to finish: 0:04:28.884965.
[4A[J     total [#################################.................] 67.14%
this epoch [###################################...............] 71.36%
      2100 iter, 6 epoch / 10 epochs
    3.8587 iters/sec. Estimated time to finish: 0:04:26.401608.
[4A[J     total [#################################.................] 67.46%
this epoch [#####################################.............] 74.56%
      2110 iter, 6 epoch / 10 epochs
    3.8608 iters/sec. Estimated time to finish: 0:04:23.669779.
[4A[J     total [#################################.................] 67.78%
this epoch [######################################............] 77.76%
      2120 iter, 6 epoch / 10 epochs
    3.8609 iters/sec. Estimated time to finish: 0:04:21.070278.
[4A[J     total [##################################................] 68.10%
this epoch [########################################..........] 80.95%
      2130 iter, 6 epoch / 10 epochs
    3.8605 iters/sec. Estimated time to finish: 0:04:18.506532.
[4A[J     total [##################################................] 68.42%
this epoch [##########################################........] 84.15%
      2140 iter, 6 epoch / 10 epochs
    3.8612 iters/sec. Estimated time to finish: 0:04:15.868482.
[4A[J     total [##################################................] 68.73%
this epoch [###########################################.......] 87.35%
      2150 iter, 6 epoch / 10 epochs
     3.862 iters/sec. Estimated time to finish: 0:04:13.225669.
[4A[J     total [##################################................] 69.05%
this epoch [#############################################.....] 90.54%
      2160 iter, 6 epoch / 10 epochs
    3.8615 iters/sec. Estimated time to finish: 0:04:10.669222.
[4A[J     total [##################################................] 69.37%
this epoch [##############################################....] 93.74%
      2170 iter, 6 epoch / 10 epochs
    3.8617 iters/sec. Estimated time to finish: 0:04:08.070450.
[4A[J     total [##################################................] 69.69%
this epoch [################################################..] 96.94%
      2180 iter, 6 epoch / 10 epochs
    3.8607 iters/sec. Estimated time to finish: 0:04:05.543689.
[4A[J7           3.03406                           0.359525                                 584.514       
[J     total [###################################...............] 70.01%
this epoch [..................................................]  0.13%
      2190 iter, 7 epoch / 10 epochs
    3.8564 iters/sec. Estimated time to finish: 0:04:03.224242.
[4A[J     total [###################################...............] 70.33%
this epoch [#.................................................]  3.33%
      2200 iter, 7 epoch / 10 epochs
    3.8559 iters/sec. Estimated time to finish: 0:04:00.659755.
[4A[J     total [###################################...............] 70.65%
this epoch [###...............................................]  6.53%
      2210 iter, 7 epoch / 10 epochs
    3.8563 iters/sec. Estimated time to finish: 0:03:58.043753.
[4A[J     total [###################################...............] 70.97%
this epoch [####..............................................]  9.73%
      2220 iter, 7 epoch / 10 epochs
    3.8547 iters/sec. Estimated time to finish: 0:03:55.547096.
[4A[J     total [###################################...............] 71.29%
this epoch [######............................................] 12.92%
      2230 iter, 7 epoch / 10 epochs
    3.8543 iters/sec. Estimated time to finish: 0:03:52.976051.
[4A[J     total [###################################...............] 71.61%
this epoch [########..........................................] 16.12%
      2240 iter, 7 epoch / 10 epochs
    3.8536 iters/sec. Estimated time to finish: 0:03:50.427022.
[4A[J     total [###################################...............] 71.93%
this epoch [#########.........................................] 19.32%
      2250 iter, 7 epoch / 10 epochs
    3.8556 iters/sec. Estimated time to finish: 0:03:47.712543.
[4A[J     total [####################################..............] 72.25%
this epoch [###########.......................................] 22.51%
      2260 iter, 7 epoch / 10 epochs
    3.8547 iters/sec. Estimated time to finish: 0:03:45.173233.
[4A[J     total [####################################..............] 72.57%
this epoch [############......................................] 25.71%
      2270 iter, 7 epoch / 10 epochs
    3.8569 iters/sec. Estimated time to finish: 0:03:42.450887.
[4A[J     total [####################################..............] 72.89%
this epoch [##############....................................] 28.91%
      2280 iter, 7 epoch / 10 epochs
     3.855 iters/sec. Estimated time to finish: 0:03:39.967675.
[4A[J     total [####################################..............] 73.21%
this epoch [################..................................] 32.10%
      2290 iter, 7 epoch / 10 epochs
    3.8553 iters/sec. Estimated time to finish: 0:03:37.352556.
[4A[J     total [####################################..............] 73.53%
this epoch [#################.................................] 35.30%
      2300 iter, 7 epoch / 10 epochs
    3.8566 iters/sec. Estimated time to finish: 0:03:34.687130.
[4A[J     total [####################################..............] 73.85%
this epoch [###################...............................] 38.50%
      2310 iter, 7 epoch / 10 epochs
    3.8575 iters/sec. Estimated time to finish: 0:03:32.046867.
[4A[J     total [#####################################.............] 74.17%
this epoch [####################..............................] 41.70%
      2320 iter, 7 epoch / 10 epochs
     3.857 iters/sec. Estimated time to finish: 0:03:29.481701.
[4A[J     total [#####################################.............] 74.49%
this epoch [######################............................] 44.89%
      2330 iter, 7 epoch / 10 epochs
    3.8582 iters/sec. Estimated time to finish: 0:03:26.826293.
[4A[J     total [#####################################.............] 74.81%
this epoch [########################..........................] 48.09%
      2340 iter, 7 epoch / 10 epochs
    3.8588 iters/sec. Estimated time to finish: 0:03:24.202661.
[4A[J     total [#####################################.............] 75.13%
this epoch [#########################.........................] 51.29%
      2350 iter, 7 epoch / 10 epochs
    3.8584 iters/sec. Estimated time to finish: 0:03:21.630087.
[4A[J     total [#####################################.............] 75.45%
this epoch [###########################.......................] 54.48%
      2360 iter, 7 epoch / 10 epochs
    3.8586 iters/sec. Estimated time to finish: 0:03:19.028562.
[4A[J     total [#####################################.............] 75.77%
this epoch [############################......................] 57.68%
      2370 iter, 7 epoch / 10 epochs
    3.8597 iters/sec. Estimated time to finish: 0:03:16.381188.
[4A[J     total [######################################............] 76.09%
this epoch [##############################....................] 60.88%
      2380 iter, 7 epoch / 10 epochs
    3.8588 iters/sec. Estimated time to finish: 0:03:13.836979.
[4A[J     total [######################################............] 76.41%
this epoch [################################..................] 64.07%
      2390 iter, 7 epoch / 10 epochs
     3.858 iters/sec. Estimated time to finish: 0:03:11.280751.
[4A[J     total [######################################............] 76.73%
this epoch [#################################.................] 67.27%
      2400 iter, 7 epoch / 10 epochs
    3.8567 iters/sec. Estimated time to finish: 0:03:08.752761.
[4A[J     total [######################################............] 77.05%
this epoch [###################################...............] 70.47%
      2410 iter, 7 epoch / 10 epochs
     3.858 iters/sec. Estimated time to finish: 0:03:06.100819.
[4A[J     total [######################################............] 77.37%
this epoch [####################################..............] 73.67%
      2420 iter, 7 epoch / 10 epochs
    3.8577 iters/sec. Estimated time to finish: 0:03:03.519002.
[4A[J     total [######################################............] 77.69%
this epoch [######################################............] 76.86%
      2430 iter, 7 epoch / 10 epochs
    3.8583 iters/sec. Estimated time to finish: 0:03:00.902873.
[4A[J     total [#######################################...........] 78.01%
this epoch [########################################..........] 80.06%
      2440 iter, 7 epoch / 10 epochs
    3.8588 iters/sec. Estimated time to finish: 0:02:58.283658.
[4A[J     total [#######################################...........] 78.33%
this epoch [#########################################.........] 83.26%
      2450 iter, 7 epoch / 10 epochs
     3.859 iters/sec. Estimated time to finish: 0:02:55.684007.
[4A[J     total [#######################################...........] 78.65%
this epoch [###########################################.......] 86.45%
      2460 iter, 7 epoch / 10 epochs
    3.8577 iters/sec. Estimated time to finish: 0:02:53.151824.
[4A[J     total [#######################################...........] 78.96%
this epoch [############################################......] 89.65%
      2470 iter, 7 epoch / 10 epochs
    3.8589 iters/sec. Estimated time to finish: 0:02:50.507102.
[4A[J     total [#######################################...........] 79.28%
this epoch [##############################################....] 92.85%
      2480 iter, 7 epoch / 10 epochs
    3.8589 iters/sec. Estimated time to finish: 0:02:47.913282.
[4A[J     total [#######################################...........] 79.60%
this epoch [################################################..] 96.04%
      2490 iter, 7 epoch / 10 epochs
    3.8587 iters/sec. Estimated time to finish: 0:02:45.331325.
[4A[J     total [#######################################...........] 79.92%
this epoch [#################################################.] 99.24%
      2500 iter, 7 epoch / 10 epochs
    3.8592 iters/sec. Estimated time to finish: 0:02:42.721106.
[4A[J8           2.87972                           0.382139                                 665.743       
[J     total [########################################..........] 80.24%
this epoch [#.................................................]  2.44%
      2510 iter, 8 epoch / 10 epochs
    3.8563 iters/sec. Estimated time to finish: 0:02:40.247521.
[4A[J     total [########################################..........] 80.56%
this epoch [##................................................]  5.63%
      2520 iter, 8 epoch / 10 epochs
    3.8547 iters/sec. Estimated time to finish: 0:02:37.719437.
[4A[J     total [########################################..........] 80.88%
this epoch [####..............................................]  8.83%
      2530 iter, 8 epoch / 10 epochs
    3.8543 iters/sec. Estimated time to finish: 0:02:35.143076.
[4A[J     total [########################################..........] 81.20%
this epoch [######............................................] 12.03%
      2540 iter, 8 epoch / 10 epochs
    3.8524 iters/sec. Estimated time to finish: 0:02:32.624672.
[4A[J     total [########################################..........] 81.52%
this epoch [#######...........................................] 15.23%
      2550 iter, 8 epoch / 10 epochs
    3.8501 iters/sec. Estimated time to finish: 0:02:30.118127.
[4A[J     total [########################################..........] 81.84%
this epoch [#########.........................................] 18.42%
      2560 iter, 8 epoch / 10 epochs
    3.8538 iters/sec. Estimated time to finish: 0:02:27.379511.
[4A[J     total [#########################################.........] 82.16%
this epoch [##########........................................] 21.62%
      2570 iter, 8 epoch / 10 epochs
    3.8534 iters/sec. Estimated time to finish: 0:02:24.798874.
[4A[J     total [#########################################.........] 82.48%
this epoch [############......................................] 24.82%
      2580 iter, 8 epoch / 10 epochs
    3.8541 iters/sec. Estimated time to finish: 0:02:22.177729.
[4A[J     total [#########################################.........] 82.80%
this epoch [##############....................................] 28.01%
      2590 iter, 8 epoch / 10 epochs
     3.853 iters/sec. Estimated time to finish: 0:02:19.624482.
[4A[J     total [#########################################.........] 83.12%
this epoch [###############...................................] 31.21%
      2600 iter, 8 epoch / 10 epochs
    3.8552 iters/sec. Estimated time to finish: 0:02:16.949920.
[4A[J     total [#########################################.........] 83.44%
this epoch [#################.................................] 34.41%
      2610 iter, 8 epoch / 10 epochs
    3.8548 iters/sec. Estimated time to finish: 0:02:14.370081.
[4A[J     total [#########################################.........] 83.76%
this epoch [##################................................] 37.60%
      2620 iter, 8 epoch / 10 epochs
     3.854 iters/sec. Estimated time to finish: 0:02:11.801505.
[4A[J     total [##########################################........] 84.08%
this epoch [####################..............................] 40.80%
      2630 iter, 8 epoch / 10 epochs
    3.8552 iters/sec. Estimated time to finish: 0:02:09.167041.
[4A[J     total [##########################################........] 84.40%
this epoch [#####################.............................] 44.00%
      2640 iter, 8 epoch / 10 epochs
    3.8549 iters/sec. Estimated time to finish: 0:02:06.585383.
[4A[J     total [##########################################........] 84.72%
this epoch [#######################...........................] 47.20%
      2650 iter, 8 epoch / 10 epochs
    3.8539 iters/sec. Estimated time to finish: 0:02:04.022198.
[4A[J     total [##########################################........] 85.04%
this epoch [#########################.........................] 50.39%
      2660 iter, 8 epoch / 10 epochs
    3.8558 iters/sec. Estimated time to finish: 0:02:01.367541.
[4A[J     total [##########################################........] 85.36%
this epoch [##########################........................] 53.59%
      2670 iter, 8 epoch / 10 epochs
    3.8553 iters/sec. Estimated time to finish: 0:01:58.790520.
[4A[J     total [##########################################........] 85.68%
this epoch [############################......................] 56.79%
      2680 iter, 8 epoch / 10 epochs
    3.8543 iters/sec. Estimated time to finish: 0:01:56.224801.
[4A[J     total [##########################################........] 86.00%
this epoch [#############################.....................] 59.98%
      2690 iter, 8 epoch / 10 epochs
    3.8546 iters/sec. Estimated time to finish: 0:01:53.623114.
[4A[J     total [###########################################.......] 86.32%
this epoch [###############################...................] 63.18%
      2700 iter, 8 epoch / 10 epochs
    3.8557 iters/sec. Estimated time to finish: 0:01:50.996153.
[4A[J     total [###########################################.......] 86.64%
this epoch [#################################.................] 66.38%
      2710 iter, 8 epoch / 10 epochs
    3.8553 iters/sec. Estimated time to finish: 0:01:48.413137.
[4A[J     total [###########################################.......] 86.96%
this epoch [##################################................] 69.57%
      2720 iter, 8 epoch / 10 epochs
    3.8565 iters/sec. Estimated time to finish: 0:01:45.788185.
[4A[J     total [###########################################.......] 87.28%
this epoch [####################################..............] 72.77%
      2730 iter, 8 epoch / 10 epochs
    3.8574 iters/sec. Estimated time to finish: 0:01:43.169794.
[4A[J     total [###########################################.......] 87.60%
this epoch [#####################################.............] 75.97%
      2740 iter, 8 epoch / 10 epochs
    3.8552 iters/sec. Estimated time to finish: 0:01:40.634270.
[4A[J     total [###########################################.......] 87.92%
this epoch [#######################################...........] 79.16%
      2750 iter, 8 epoch / 10 epochs
     3.855 iters/sec. Estimated time to finish: 0:01:38.046725.
[4A[J     total [############################################......] 88.24%
this epoch [#########################################.........] 82.36%
      2760 iter, 8 epoch / 10 epochs
    3.8555 iters/sec. Estimated time to finish: 0:01:35.441139.
[4A[J     total [############################################......] 88.56%
this epoch [##########################################........] 85.56%
      2770 iter, 8 epoch / 10 epochs
    3.8543 iters/sec. Estimated time to finish: 0:01:32.874081.
[4A[J     total [############################################......] 88.88%
this epoch [############################################......] 88.76%
      2780 iter, 8 epoch / 10 epochs
    3.8541 iters/sec. Estimated time to finish: 0:01:30.285125.
[4A[J     total [############################################......] 89.20%
this epoch [#############################################.....] 91.95%
      2790 iter, 8 epoch / 10 epochs
     3.855 iters/sec. Estimated time to finish: 0:01:27.669543.
[4A[J     total [############################################......] 89.51%
this epoch [###############################################...] 95.15%
      2800 iter, 8 epoch / 10 epochs
    3.8553 iters/sec. Estimated time to finish: 0:01:25.069608.
[4A[J     total [############################################......] 89.83%
this epoch [#################################################.] 98.35%
      2810 iter, 8 epoch / 10 epochs
    3.8528 iters/sec. Estimated time to finish: 0:01:22.528352.
[4A[J9           2.79125                           0.399411                                 747.127       
[J     total [#############################################.....] 90.15%
this epoch [..................................................]  1.54%
      2820 iter, 9 epoch / 10 epochs
    3.8468 iters/sec. Estimated time to finish: 0:01:20.058052.
[4A[J     total [#############################################.....] 90.47%
this epoch [##................................................]  4.74%
      2830 iter, 9 epoch / 10 epochs
    3.8472 iters/sec. Estimated time to finish: 0:01:17.451449.
[4A[J     total [#############################################.....] 90.79%
this epoch [###...............................................]  7.94%
      2840 iter, 9 epoch / 10 epochs
     3.847 iters/sec. Estimated time to finish: 0:01:14.855346.
[4A[J     total [#############################################.....] 91.11%
this epoch [#####.............................................] 11.13%
      2850 iter, 9 epoch / 10 epochs
    3.8469 iters/sec. Estimated time to finish: 0:01:12.258132.
[4A[J     total [#############################################.....] 91.43%
this epoch [#######...........................................] 14.33%
      2860 iter, 9 epoch / 10 epochs
    3.8472 iters/sec. Estimated time to finish: 0:01:09.652070.
[4A[J     total [#############################################.....] 91.75%
this epoch [########..........................................] 17.53%
      2870 iter, 9 epoch / 10 epochs
    3.8482 iters/sec. Estimated time to finish: 0:01:07.036944.
[4A[J     total [##############################################....] 92.07%
this epoch [##########........................................] 20.73%
      2880 iter, 9 epoch / 10 epochs
    3.8484 iters/sec. Estimated time to finish: 0:01:04.434148.
[4A[J     total [##############################################....] 92.39%
this epoch [###########.......................................] 23.92%
      2890 iter, 9 epoch / 10 epochs
    3.8488 iters/sec. Estimated time to finish: 0:01:01.828742.
[4A[J     total [##############################################....] 92.71%
this epoch [#############.....................................] 27.12%
      2900 iter, 9 epoch / 10 epochs
    3.8476 iters/sec. Estimated time to finish: 0:00:59.249412.
[4A[J     total [##############################################....] 93.03%
this epoch [###############...................................] 30.32%
      2910 iter, 9 epoch / 10 epochs
    3.8497 iters/sec. Estimated time to finish: 0:00:56.619593.
[4A[J     total [##############################################....] 93.35%
this epoch [################..................................] 33.51%
      2920 iter, 9 epoch / 10 epochs
    3.8506 iters/sec. Estimated time to finish: 0:00:54.009755.
[4A[J     total [##############################################....] 93.67%
this epoch [##################................................] 36.71%
      2930 iter, 9 epoch / 10 epochs
     3.851 iters/sec. Estimated time to finish: 0:00:51.406934.
[4A[J     total [##############################################....] 93.99%
this epoch [###################...............................] 39.91%
      2940 iter, 9 epoch / 10 epochs
    3.8509 iters/sec. Estimated time to finish: 0:00:48.811227.
[4A[J     total [###############################################...] 94.31%
this epoch [#####################.............................] 43.10%
      2950 iter, 9 epoch / 10 epochs
    3.8501 iters/sec. Estimated time to finish: 0:00:46.223976.
[4A[J     total [###############################################...] 94.63%
this epoch [#######################...........................] 46.30%
      2960 iter, 9 epoch / 10 epochs
    3.8505 iters/sec. Estimated time to finish: 0:00:43.622335.
[4A[J     total [###############################################...] 94.95%
this epoch [########################..........................] 49.50%
      2970 iter, 9 epoch / 10 epochs
    3.8504 iters/sec. Estimated time to finish: 0:00:41.026489.
[4A[J     total [###############################################...] 95.27%
this epoch [##########################........................] 52.69%
      2980 iter, 9 epoch / 10 epochs
    3.8508 iters/sec. Estimated time to finish: 0:00:38.425327.
[4A[J     total [###############################################...] 95.59%
this epoch [###########################.......................] 55.89%
      2990 iter, 9 epoch / 10 epochs
    3.8516 iters/sec. Estimated time to finish: 0:00:35.820714.
[4A[J     total [###############################################...] 95.91%
this epoch [#############################.....................] 59.09%
      3000 iter, 9 epoch / 10 epochs
    3.8499 iters/sec. Estimated time to finish: 0:00:33.239109.
[4A[J     total [################################################..] 96.23%
this epoch [###############################...................] 62.29%
      3010 iter, 9 epoch / 10 epochs
    3.8491 iters/sec. Estimated time to finish: 0:00:30.648104.
[4A[J     total [################################################..] 96.55%
this epoch [################################..................] 65.48%
      3020 iter, 9 epoch / 10 epochs
    3.8499 iters/sec. Estimated time to finish: 0:00:28.044679.
[4A[J     total [################################################..] 96.87%
this epoch [##################################................] 68.68%
      3030 iter, 9 epoch / 10 epochs
    3.8485 iters/sec. Estimated time to finish: 0:00:25.456139.
[4A[J     total [################################################..] 97.19%
this epoch [###################################...............] 71.88%
      3040 iter, 9 epoch / 10 epochs
     3.848 iters/sec. Estimated time to finish: 0:00:22.860614.
[4A[J     total [################################################..] 97.51%
this epoch [#####################################.............] 75.07%
      3050 iter, 9 epoch / 10 epochs
    3.8488 iters/sec. Estimated time to finish: 0:00:20.258167.
[4A[J     total [################################################..] 97.83%
this epoch [#######################################...........] 78.27%
      3060 iter, 9 epoch / 10 epochs
    3.8473 iters/sec. Estimated time to finish: 0:00:17.666432.
[4A[J     total [#################################################.] 98.15%
this epoch [########################################..........] 81.47%
      3070 iter, 9 epoch / 10 epochs
    3.8466 iters/sec. Estimated time to finish: 0:00:15.070070.
[4A[J     total [#################################################.] 98.47%
this epoch [##########################################........] 84.66%
      3080 iter, 9 epoch / 10 epochs
    3.8465 iters/sec. Estimated time to finish: 0:00:12.470789.
[4A[J     total [#################################################.] 98.79%
this epoch [###########################################.......] 87.86%
      3090 iter, 9 epoch / 10 epochs
    3.8474 iters/sec. Estimated time to finish: 0:00:09.868728.
[4A[J     total [#################################################.] 99.11%
this epoch [#############################################.....] 91.06%
      3100 iter, 9 epoch / 10 epochs
    3.8477 iters/sec. Estimated time to finish: 0:00:07.268962.
[4A[J     total [#################################################.] 99.43%
this epoch [###############################################...] 94.26%
      3110 iter, 9 epoch / 10 epochs
    3.8464 iters/sec. Estimated time to finish: 0:00:04.671538.
[4A[J     total [#################################################.] 99.75%
this epoch [################################################..] 97.45%
      3120 iter, 9 epoch / 10 epochs
     3.847 iters/sec. Estimated time to finish: 0:00:02.071429.
[4A[J10          2.70149                           0.41867                                  828.322       
[J