No Modulefiles Currently Loaded.
Currently Loaded Modulefiles:
  1) cuda/9.0/9.0.176.4   3) nccl/2.3/2.3.5-2
  2) cudnn/7.3/7.3.1      4) openmpi/2.1.6
Currently Loaded Modulefiles:
  1) cuda/9.0/9.0.176.4   3) nccl/2.3/2.3.5-2
  2) cudnn/7.3/7.3.1      4) openmpi/2.1.6
Currently Loaded Modulefiles:
  1) cuda/9.0/9.0.176.4   3) nccl/2.3/2.3.5-2
  2) cudnn/7.3/7.3.1      4) openmpi/2.1.6
==========================================
Num of GPUs : 256
Model :  vgg
Minibatch-size: 32
Epochs: 10
==========================================
Starting training .....
--------------------------------------------------------------------------
A process has executed an operation involving a call to the
"fork()" system call to create a child process.  Open MPI is currently
operating in a condition that could result in memory corruption or
other system errors; your job may hang, crash, or produce silent
data corruption.  The use of fork() (or system() or other calls that
create child processes) is strongly discouraged.

The process that invoked fork was:

  Local host:          [[3282,1],0] (PID 232015)

If you are *absolutely sure* that your application will successfully
and correctly survive a call to fork(), you may disable this warning
by setting the mpi_warn_on_fork MCA parameter to 0.
--------------------------------------------------------------------------
epoch       main/loss   validation/main/loss  main/accuracy  validation/main/accuracy  elapsed_time
[J     total [..................................................]  0.16%
this epoch [..................................................]  1.60%
        10 iter, 0 epoch / 10 epochs
       inf iters/sec. Estimated time to finish: 0:00:00.
[4A[J     total [..................................................]  0.32%
this epoch [#.................................................]  3.20%
        20 iter, 0 epoch / 10 epochs
   0.33632 iters/sec. Estimated time to finish: 5:09:01.915133.
[4A[J     total [..................................................]  0.48%
this epoch [##................................................]  4.80%
        30 iter, 0 epoch / 10 epochs
   0.34496 iters/sec. Estimated time to finish: 5:00:48.377543.
[4A[J     total [..................................................]  0.64%
this epoch [###...............................................]  6.39%
        40 iter, 0 epoch / 10 epochs
   0.32831 iters/sec. Estimated time to finish: 5:15:33.220084.
[4A[J     total [..................................................]  0.80%
this epoch [###...............................................]  7.99%
        50 iter, 0 epoch / 10 epochs
   0.32191 iters/sec. Estimated time to finish: 5:21:18.235819.
[4A[J     total [..................................................]  0.96%
this epoch [####..............................................]  9.59%
        60 iter, 0 epoch / 10 epochs
    0.3135 iters/sec. Estimated time to finish: 5:29:23.813345.
[4A[J     total [..................................................]  1.12%
this epoch [#####.............................................] 11.19%
        70 iter, 0 epoch / 10 epochs
   0.31059 iters/sec. Estimated time to finish: 5:31:56.429972.
[4A[J     total [..................................................]  1.28%
this epoch [######............................................] 12.79%
        80 iter, 0 epoch / 10 epochs
     0.311 iters/sec. Estimated time to finish: 5:30:58.294511.
[4A[J     total [..................................................]  1.44%
this epoch [#######...........................................] 14.39%
        90 iter, 0 epoch / 10 epochs
   0.30277 iters/sec. Estimated time to finish: 5:39:25.100329.
[4A[J     total [..................................................]  1.60%
this epoch [#######...........................................] 15.98%
       100 iter, 0 epoch / 10 epochs
       0.3 iters/sec. Estimated time to finish: 5:41:59.666734.
[4A[J     total [..................................................]  1.76%
this epoch [########..........................................] 17.58%
       110 iter, 0 epoch / 10 epochs
   0.29337 iters/sec. Estimated time to finish: 5:49:09.405029.
[4A[J     total [..................................................]  1.92%
this epoch [#########.........................................] 19.18%
       120 iter, 0 epoch / 10 epochs
   0.29433 iters/sec. Estimated time to finish: 5:47:27.115206.
[4A[J     total [#.................................................]  2.08%
this epoch [##########........................................] 20.78%
       130 iter, 0 epoch / 10 epochs
   0.29006 iters/sec. Estimated time to finish: 5:51:59.762828.
[4A[J     total [#.................................................]  2.24%
this epoch [###########.......................................] 22.38%
       140 iter, 0 epoch / 10 epochs
   0.29037 iters/sec. Estimated time to finish: 5:51:02.359392.
[4A[J     total [#.................................................]  2.40%
this epoch [###########.......................................] 23.98%
       150 iter, 0 epoch / 10 epochs
   0.28945 iters/sec. Estimated time to finish: 5:51:35.077776.
[4A[J     total [#.................................................]  2.56%
this epoch [############......................................] 25.58%
       160 iter, 0 epoch / 10 epochs
   0.28712 iters/sec. Estimated time to finish: 5:53:51.670891.
[4A[J     total [#.................................................]  2.72%
this epoch [#############.....................................] 27.17%
       170 iter, 0 epoch / 10 epochs
   0.28572 iters/sec. Estimated time to finish: 5:55:00.259216.
[4A[J     total [#.................................................]  2.88%
this epoch [##############....................................] 28.77%
       180 iter, 0 epoch / 10 epochs
   0.28324 iters/sec. Estimated time to finish: 5:57:31.499060.
[4A[J     total [#.................................................]  3.04%
this epoch [###############...................................] 30.37%
       190 iter, 0 epoch / 10 epochs
   0.28229 iters/sec. Estimated time to finish: 5:58:07.956551.
[4A[J     total [#.................................................]  3.20%
this epoch [###############...................................] 31.97%
       200 iter, 0 epoch / 10 epochs
   0.27918 iters/sec. Estimated time to finish: 6:01:32.142958.
[4A[J     total [#.................................................]  3.36%
this epoch [################..................................] 33.57%
       210 iter, 0 epoch / 10 epochs
    0.2785 iters/sec. Estimated time to finish: 6:01:48.810828.
[4A[J     total [#.................................................]  3.52%
this epoch [#################.................................] 35.17%
       220 iter, 0 epoch / 10 epochs
   0.27639 iters/sec. Estimated time to finish: 6:03:58.657687.
[4A[J     total [#.................................................]  3.68%
this epoch [##################................................] 36.77%
       230 iter, 0 epoch / 10 epochs
   0.27372 iters/sec. Estimated time to finish: 6:06:54.708729.
[4A[J     total [#.................................................]  3.84%
this epoch [###################...............................] 38.36%
       240 iter, 0 epoch / 10 epochs
   0.27149 iters/sec. Estimated time to finish: 6:09:18.906675.
[4A[J     total [#.................................................]  4.00%
this epoch [###################...............................] 39.96%
       250 iter, 0 epoch / 10 epochs
   0.26893 iters/sec. Estimated time to finish: 6:12:12.699284.
[4A[J     total [##................................................]  4.16%
this epoch [####################..............................] 41.56%
       260 iter, 0 epoch / 10 epochs
   0.26687 iters/sec. Estimated time to finish: 6:14:27.900696.
[4A[J     total [##................................................]  4.32%
this epoch [#####################.............................] 43.16%
       270 iter, 0 epoch / 10 epochs
   0.26459 iters/sec. Estimated time to finish: 6:17:03.354187.
[4A[J     total [##................................................]  4.48%
this epoch [######################............................] 44.76%
       280 iter, 0 epoch / 10 epochs
   0.26225 iters/sec. Estimated time to finish: 6:19:46.877401.
[4A[J     total [##................................................]  4.64%
this epoch [#######################...........................] 46.36%
       290 iter, 0 epoch / 10 epochs
   0.26052 iters/sec. Estimated time to finish: 6:21:40.241375.
[4A[J     total [##................................................]  4.80%
this epoch [#######################...........................] 47.95%
       300 iter, 0 epoch / 10 epochs
    0.2595 iters/sec. Estimated time to finish: 6:22:31.400752.
[4A[J     total [##................................................]  4.96%
this epoch [########################..........................] 49.55%
       310 iter, 0 epoch / 10 epochs
   0.25811 iters/sec. Estimated time to finish: 6:23:56.060208.
[4A[J     total [##................................................]  5.12%
this epoch [#########################.........................] 51.15%
       320 iter, 0 epoch / 10 epochs
   0.25722 iters/sec. Estimated time to finish: 6:24:37.461694.
[4A[J     total [##................................................]  5.27%
this epoch [##########################........................] 52.75%
       330 iter, 0 epoch / 10 epochs
    0.2561 iters/sec. Estimated time to finish: 6:25:39.395335.
[4A[J     total [##................................................]  5.43%
this epoch [###########################.......................] 54.35%
       340 iter, 0 epoch / 10 epochs
   0.25516 iters/sec. Estimated time to finish: 6:26:24.997671.
[4A[J     total [##................................................]  5.59%
this epoch [###########################.......................] 55.95%
       350 iter, 0 epoch / 10 epochs
   0.25404 iters/sec. Estimated time to finish: 6:27:28.363412.
[4A[J     total [##................................................]  5.75%
this epoch [############################......................] 57.55%
       360 iter, 0 epoch / 10 epochs
   0.25357 iters/sec. Estimated time to finish: 6:27:32.081330.
[4A[J     total [##................................................]  5.91%
this epoch [#############################.....................] 59.14%
       370 iter, 0 epoch / 10 epochs
    0.2532 iters/sec. Estimated time to finish: 6:27:26.635510.
[4A[J     total [###...............................................]  6.07%
this epoch [##############################....................] 60.74%
       380 iter, 0 epoch / 10 epochs
    0.2523 iters/sec. Estimated time to finish: 6:28:09.373709.
[4A[J     total [###...............................................]  6.23%
this epoch [###############################...................] 62.34%
       390 iter, 0 epoch / 10 epochs
    0.2516 iters/sec. Estimated time to finish: 6:28:34.688511.
[4A[J     total [###...............................................]  6.39%
this epoch [###############################...................] 63.94%
       400 iter, 0 epoch / 10 epochs
   0.25069 iters/sec. Estimated time to finish: 6:29:19.245666.
[4A[J     total [###...............................................]  6.55%
this epoch [################################..................] 65.54%
       410 iter, 0 epoch / 10 epochs
   0.25052 iters/sec. Estimated time to finish: 6:28:55.081596.
[4A[J     total [###...............................................]  6.71%
this epoch [#################################.................] 67.14%
       420 iter, 0 epoch / 10 epochs
   0.24973 iters/sec. Estimated time to finish: 6:29:29.205724.
[4A[J     total [###...............................................]  6.87%
this epoch [##################################................] 68.73%
       430 iter, 0 epoch / 10 epochs
   0.24945 iters/sec. Estimated time to finish: 6:29:14.959562.
[4A[J     total [###...............................................]  7.03%
this epoch [###################################...............] 70.33%
       440 iter, 0 epoch / 10 epochs
   0.24894 iters/sec. Estimated time to finish: 6:29:23.227631.
[4A[J     total [###...............................................]  7.19%
this epoch [###################################...............] 71.93%
       450 iter, 0 epoch / 10 epochs
   0.24873 iters/sec. Estimated time to finish: 6:29:02.006547.
[4A[J     total [###...............................................]  7.35%
this epoch [####################################..............] 73.53%
       460 iter, 0 epoch / 10 epochs
   0.24829 iters/sec. Estimated time to finish: 6:29:03.771612.
[4A[J     total [###...............................................]  7.51%
this epoch [#####################################.............] 75.13%
       470 iter, 0 epoch / 10 epochs
   0.24796 iters/sec. Estimated time to finish: 6:28:53.870531.
[4A[J     total [###...............................................]  7.67%
this epoch [######################################............] 76.73%
       480 iter, 0 epoch / 10 epochs
    0.2475 iters/sec. Estimated time to finish: 6:28:56.773408.
[4A[J     total [###...............................................]  7.83%
this epoch [#######################################...........] 78.33%
       490 iter, 0 epoch / 10 epochs
   0.24709 iters/sec. Estimated time to finish: 6:28:55.664508.
[4A[J     total [###...............................................]  7.99%
this epoch [#######################################...........] 79.92%
       500 iter, 0 epoch / 10 epochs
   0.24703 iters/sec. Estimated time to finish: 6:28:20.449618.
[4A[J     total [####..............................................]  8.15%
this epoch [########################################..........] 81.52%
       510 iter, 0 epoch / 10 epochs
   0.24653 iters/sec. Estimated time to finish: 6:28:27.027300.
[4A[J     total [####..............................................]  8.31%
this epoch [#########################################.........] 83.12%
       520 iter, 0 epoch / 10 epochs
   0.24611 iters/sec. Estimated time to finish: 6:28:26.215342.
[4A[J     total [####..............................................]  8.47%
this epoch [##########################################........] 84.72%
       530 iter, 0 epoch / 10 epochs
    0.2456 iters/sec. Estimated time to finish: 6:28:33.941468.
[4A[J     total [####..............................................]  8.63%
this epoch [###########################################.......] 86.32%
       540 iter, 0 epoch / 10 epochs
   0.24527 iters/sec. Estimated time to finish: 6:28:24.250562.
[4A[J     total [####..............................................]  8.79%
this epoch [###########################################.......] 87.92%
       550 iter, 0 epoch / 10 epochs
   0.24492 iters/sec. Estimated time to finish: 6:28:17.507123.
[4A[J     total [####..............................................]  8.95%
this epoch [############################################......] 89.51%
       560 iter, 0 epoch / 10 epochs
   0.24462 iters/sec. Estimated time to finish: 6:28:04.730737.
[4A[J     total [####..............................................]  9.11%
this epoch [#############################################.....] 91.11%
       570 iter, 0 epoch / 10 epochs
   0.24433 iters/sec. Estimated time to finish: 6:27:51.630838.
[4A[J     total [####..............................................]  9.27%
this epoch [##############################################....] 92.71%
       580 iter, 0 epoch / 10 epochs
   0.24387 iters/sec. Estimated time to finish: 6:27:54.328117.
[4A[J     total [####..............................................]  9.43%
this epoch [###############################################...] 94.31%
       590 iter, 0 epoch / 10 epochs
   0.24375 iters/sec. Estimated time to finish: 6:27:25.256151.
[4A[J     total [####..............................................]  9.59%
this epoch [###############################################...] 95.91%
       600 iter, 0 epoch / 10 epochs
   0.24328 iters/sec. Estimated time to finish: 6:27:28.820479.
[4A[J     total [####..............................................]  9.75%
this epoch [################################################..] 97.51%
       610 iter, 0 epoch / 10 epochs
   0.24312 iters/sec. Estimated time to finish: 6:27:03.308489.
[4A[J     total [####..............................................]  9.91%
this epoch [#################################################.] 99.11%
       620 iter, 0 epoch / 10 epochs
   0.24273 iters/sec. Estimated time to finish: 6:26:58.946142.
[4A[J1           6.95252                           0.000798722                              2563.72       
[J     total [#####.............................................] 10.07%
this epoch [..................................................]  0.70%
       630 iter, 1 epoch / 10 epochs
   0.24229 iters/sec. Estimated time to finish: 6:26:59.525974.
[4A[J     total [#####.............................................] 10.23%
this epoch [#.................................................]  2.30%
       640 iter, 1 epoch / 10 epochs
   0.24187 iters/sec. Estimated time to finish: 6:26:58.395083.
[4A[J     total [#####.............................................] 10.39%
this epoch [#.................................................]  3.90%
       650 iter, 1 epoch / 10 epochs
   0.24145 iters/sec. Estimated time to finish: 6:26:57.910229.
[4A[J     total [#####.............................................] 10.55%
this epoch [##................................................]  5.50%
       660 iter, 1 epoch / 10 epochs
   0.24104 iters/sec. Estimated time to finish: 6:26:55.661190.
[4A[J     total [#####.............................................] 10.71%
this epoch [###...............................................]  7.10%
       670 iter, 1 epoch / 10 epochs
   0.24052 iters/sec. Estimated time to finish: 6:27:04.306443.
[4A[J     total [#####.............................................] 10.87%
this epoch [####..............................................]  8.70%
       680 iter, 1 epoch / 10 epochs
   0.23999 iters/sec. Estimated time to finish: 6:27:14.197050.
[4A[J     total [#####.............................................] 11.03%
this epoch [#####.............................................] 10.30%
       690 iter, 1 epoch / 10 epochs
   0.23947 iters/sec. Estimated time to finish: 6:27:23.194448.
[4A[J     total [#####.............................................] 11.19%
this epoch [#####.............................................] 11.89%
       700 iter, 1 epoch / 10 epochs
   0.23896 iters/sec. Estimated time to finish: 6:27:30.315679.
[4A[J     total [#####.............................................] 11.35%
this epoch [######............................................] 13.49%
       710 iter, 1 epoch / 10 epochs
   0.23851 iters/sec. Estimated time to finish: 6:27:32.557348.
[4A[J     total [#####.............................................] 11.51%
this epoch [#######...........................................] 15.09%
       720 iter, 1 epoch / 10 epochs
   0.23808 iters/sec. Estimated time to finish: 6:27:32.419229.
[4A[J     total [#####.............................................] 11.67%
this epoch [########..........................................] 16.69%
       730 iter, 1 epoch / 10 epochs
   0.23762 iters/sec. Estimated time to finish: 6:27:35.824741.
[4A[J     total [#####.............................................] 11.83%
this epoch [#########.........................................] 18.29%
       740 iter, 1 epoch / 10 epochs
   0.23722 iters/sec. Estimated time to finish: 6:27:32.668414.
[4A[J     total [#####.............................................] 11.99%
this epoch [#########.........................................] 19.89%
       750 iter, 1 epoch / 10 epochs
   0.23679 iters/sec. Estimated time to finish: 6:27:32.013929.
[4A[J     total [######............................................] 12.15%
this epoch [##########........................................] 21.48%
       760 iter, 1 epoch / 10 epochs
   0.23648 iters/sec. Estimated time to finish: 6:27:20.975039.
[4A[J     total [######............................................] 12.31%
this epoch [###########.......................................] 23.08%
       770 iter, 1 epoch / 10 epochs
   0.23619 iters/sec. Estimated time to finish: 6:27:06.775263.
[4A[J     total [######............................................] 12.47%
this epoch [############......................................] 24.68%
       780 iter, 1 epoch / 10 epochs
   0.23587 iters/sec. Estimated time to finish: 6:26:55.562630.
[4A[J     total [######............................................] 12.63%
this epoch [#############.....................................] 26.28%
       790 iter, 1 epoch / 10 epochs
    0.2355 iters/sec. Estimated time to finish: 6:26:49.567287.
[4A[J     total [######............................................] 12.79%
this epoch [#############.....................................] 27.88%
       800 iter, 1 epoch / 10 epochs
   0.23511 iters/sec. Estimated time to finish: 6:26:46.024847.
[4A[J     total [######............................................] 12.95%
this epoch [##############....................................] 29.48%
       810 iter, 1 epoch / 10 epochs
   0.23473 iters/sec. Estimated time to finish: 6:26:40.378806.
[4A[J     total [######............................................] 13.11%
this epoch [###############...................................] 31.08%
       820 iter, 1 epoch / 10 epochs
   0.23437 iters/sec. Estimated time to finish: 6:26:33.875785.
[4A[J     total [######............................................] 13.27%
this epoch [################..................................] 32.67%
       830 iter, 1 epoch / 10 epochs
   0.23408 iters/sec. Estimated time to finish: 6:26:20.180477.
[4A[J     total [######............................................] 13.43%
this epoch [#################.................................] 34.27%
       840 iter, 1 epoch / 10 epochs
   0.23387 iters/sec. Estimated time to finish: 6:25:58.245068.
[4A[J     total [######............................................] 13.59%
this epoch [#################.................................] 35.87%
       850 iter, 1 epoch / 10 epochs
    0.2335 iters/sec. Estimated time to finish: 6:25:52.206238.
[4A[J     total [######............................................] 13.75%
this epoch [##################................................] 37.47%
       860 iter, 1 epoch / 10 epochs
   0.23316 iters/sec. Estimated time to finish: 6:25:42.339995.
[4A[J     total [######............................................] 13.91%
this epoch [###################...............................] 39.07%
       870 iter, 1 epoch / 10 epochs
   0.23292 iters/sec. Estimated time to finish: 6:25:23.564235.
[4A[J     total [#######...........................................] 14.07%
this epoch [####################..............................] 40.67%
       880 iter, 1 epoch / 10 epochs
   0.23267 iters/sec. Estimated time to finish: 6:25:05.299875.
[4A[J     total [#######...........................................] 14.23%
this epoch [#####################.............................] 42.26%
       890 iter, 1 epoch / 10 epochs
   0.23254 iters/sec. Estimated time to finish: 6:24:34.997306.
[4A[J     total [#######...........................................] 14.39%
this epoch [#####################.............................] 43.86%
       900 iter, 1 epoch / 10 epochs
   0.23228 iters/sec. Estimated time to finish: 6:24:18.479220.
[4A[J     total [#######...........................................] 14.55%
this epoch [######################............................] 45.46%
       910 iter, 1 epoch / 10 epochs
   0.23209 iters/sec. Estimated time to finish: 6:23:53.987336.
[4A[J     total [#######...........................................] 14.71%
this epoch [#######################...........................] 47.06%
       920 iter, 1 epoch / 10 epochs
   0.23191 iters/sec. Estimated time to finish: 6:23:28.511353.
[4A[J     total [#######...........................................] 14.87%
this epoch [########################..........................] 48.66%
       930 iter, 1 epoch / 10 epochs
   0.23177 iters/sec. Estimated time to finish: 6:22:59.226952.
[4A[J     total [#######...........................................] 15.03%
this epoch [#########################.........................] 50.26%
       940 iter, 1 epoch / 10 epochs
   0.23168 iters/sec. Estimated time to finish: 6:22:24.955233.
[4A[J     total [#######...........................................] 15.19%
this epoch [#########################.........................] 51.86%
       950 iter, 1 epoch / 10 epochs
   0.23159 iters/sec. Estimated time to finish: 6:21:50.509826.
[4A[J     total [#######...........................................] 15.35%
this epoch [##########################........................] 53.45%
       960 iter, 1 epoch / 10 epochs
   0.23153 iters/sec. Estimated time to finish: 6:21:13.248697.
[4A[J     total [#######...........................................] 15.51%
this epoch [###########################.......................] 55.05%
       970 iter, 1 epoch / 10 epochs
   0.23139 iters/sec. Estimated time to finish: 6:20:44.617668.
[4A[J     total [#######...........................................] 15.67%
this epoch [############################......................] 56.65%
       980 iter, 1 epoch / 10 epochs
   0.23131 iters/sec. Estimated time to finish: 6:20:08.705334.
[4A[J     total [#######...........................................] 15.82%
this epoch [#############################.....................] 58.25%
       990 iter, 1 epoch / 10 epochs
   0.23116 iters/sec. Estimated time to finish: 6:19:40.089648.
[4A[J     total [#######...........................................] 15.98%
this epoch [#############################.....................] 59.85%
      1000 iter, 1 epoch / 10 epochs
   0.23116 iters/sec. Estimated time to finish: 6:18:57.525806.
[4A[J     total [########..........................................] 16.14%
this epoch [##############################....................] 61.45%
      1010 iter, 1 epoch / 10 epochs
   0.23026 iters/sec. Estimated time to finish: 6:19:42.994450.
[4A[J     total [########..........................................] 16.30%
this epoch [###############################...................] 63.05%
      1020 iter, 1 epoch / 10 epochs
   0.22931 iters/sec. Estimated time to finish: 6:20:33.207878.
[4A[J     total [########..........................................] 16.46%
this epoch [################################..................] 64.64%
      1030 iter, 1 epoch / 10 epochs
   0.22868 iters/sec. Estimated time to finish: 6:20:52.918308.
[4A[J     total [########..........................................] 16.62%
this epoch [#################################.................] 66.24%
      1040 iter, 1 epoch / 10 epochs
   0.22797 iters/sec. Estimated time to finish: 6:21:19.770900.
[4A[J     total [########..........................................] 16.78%
this epoch [#################################.................] 67.84%
      1050 iter, 1 epoch / 10 epochs
    0.2274 iters/sec. Estimated time to finish: 6:21:33.665975.
[4A[J     total [########..........................................] 16.94%
this epoch [##################################................] 69.44%
      1060 iter, 1 epoch / 10 epochs
   0.22676 iters/sec. Estimated time to finish: 6:21:54.025660.
[4A[J     total [########..........................................] 17.10%
this epoch [###################################...............] 71.04%
      1070 iter, 1 epoch / 10 epochs
   0.22605 iters/sec. Estimated time to finish: 6:22:21.613335.
[4A[J     total [########..........................................] 17.26%
this epoch [####################################..............] 72.64%
      1080 iter, 1 epoch / 10 epochs
   0.22565 iters/sec. Estimated time to finish: 6:22:18.392568.
[4A[J     total [########..........................................] 17.42%
this epoch [#####################################.............] 74.23%
      1090 iter, 1 epoch / 10 epochs
   0.22511 iters/sec. Estimated time to finish: 6:22:28.483796.
[4A[J     total [########..........................................] 17.58%
this epoch [#####################################.............] 75.83%
      1100 iter, 1 epoch / 10 epochs
    0.2248 iters/sec. Estimated time to finish: 6:22:15.337996.
[4A[J     total [########..........................................] 17.74%
this epoch [######################################............] 77.43%
      1110 iter, 1 epoch / 10 epochs
   0.22401 iters/sec. Estimated time to finish: 6:22:51.421760.
[4A[J     total [########..........................................] 17.90%
this epoch [#######################################...........] 79.03%
      1120 iter, 1 epoch / 10 epochs
   0.22364 iters/sec. Estimated time to finish: 6:22:45.265795.
[4A[J     total [#########.........................................] 18.06%
this epoch [########################################..........] 80.63%
      1130 iter, 1 epoch / 10 epochs
   0.22294 iters/sec. Estimated time to finish: 6:23:12.027109.
[4A[J     total [#########.........................................] 18.22%
this epoch [#########################################.........] 82.23%
      1140 iter, 1 epoch / 10 epochs
   0.22235 iters/sec. Estimated time to finish: 6:23:28.837631.
[4A[J     total [#########.........................................] 18.38%
this epoch [#########################################.........] 83.83%
      1150 iter, 1 epoch / 10 epochs
   0.22187 iters/sec. Estimated time to finish: 6:23:33.668832.
[4A[J     total [#########.........................................] 18.54%
this epoch [##########################################........] 85.42%
      1160 iter, 1 epoch / 10 epochs
   0.22131 iters/sec. Estimated time to finish: 6:23:45.886898.
[4A[J     total [#########.........................................] 18.70%
this epoch [###########################################.......] 87.02%
      1170 iter, 1 epoch / 10 epochs
   0.22097 iters/sec. Estimated time to finish: 6:23:35.904020.
[4A[J     total [#########.........................................] 18.86%
this epoch [############################################......] 88.62%
      1180 iter, 1 epoch / 10 epochs
   0.22046 iters/sec. Estimated time to finish: 6:23:44.311389.
[4A[J     total [#########.........................................] 19.02%
this epoch [#############################################.....] 90.22%
      1190 iter, 1 epoch / 10 epochs
   0.22013 iters/sec. Estimated time to finish: 6:23:33.695280.
[4A[J     total [#########.........................................] 19.18%
this epoch [#############################################.....] 91.82%
      1200 iter, 1 epoch / 10 epochs
   0.21963 iters/sec. Estimated time to finish: 6:23:39.922260.
[4A[J     total [#########.........................................] 19.34%
this epoch [##############################################....] 93.42%
      1210 iter, 1 epoch / 10 epochs
   0.21935 iters/sec. Estimated time to finish: 6:23:23.952001.
[4A[J     total [#########.........................................] 19.50%
this epoch [###############################################...] 95.01%
      1220 iter, 1 epoch / 10 epochs
   0.21912 iters/sec. Estimated time to finish: 6:23:02.863644.
[4A[J     total [#########.........................................] 19.66%
this epoch [################################################..] 96.61%
      1230 iter, 1 epoch / 10 epochs
   0.21887 iters/sec. Estimated time to finish: 6:22:42.636848.
[4A[J     total [#########.........................................] 19.82%
this epoch [#################################################.] 98.21%
      1240 iter, 1 epoch / 10 epochs
   0.21878 iters/sec. Estimated time to finish: 6:22:06.562102.
[4A[J     total [#########.........................................] 19.98%
this epoch [#################################################.] 99.81%
      1250 iter, 1 epoch / 10 epochs
   0.21863 iters/sec. Estimated time to finish: 6:21:37.236547.
[4A[J2           6.90632                           0.001248                                 5497.23       
[J     total [##########........................................] 20.14%
this epoch [..................................................]  1.41%
      1260 iter, 2 epoch / 10 epochs
   0.21855 iters/sec. Estimated time to finish: 6:20:58.962519.
[4A[J     total [##########........................................] 20.30%
this epoch [#.................................................]  3.01%
      1270 iter, 2 epoch / 10 epochs
    0.2185 iters/sec. Estimated time to finish: 6:20:19.395915.
[4A[J     total [##########........................................] 20.46%
this epoch [##................................................]  4.61%
      1280 iter, 2 epoch / 10 epochs
   0.21837 iters/sec. Estimated time to finish: 6:19:46.629105.
[4A[J     total [##########........................................] 20.62%
this epoch [###...............................................]  6.20%
      1290 iter, 2 epoch / 10 epochs
   0.21823 iters/sec. Estimated time to finish: 6:19:15.734243.
[4A[J     total [##########........................................] 20.78%
this epoch [###...............................................]  7.80%
      1300 iter, 2 epoch / 10 epochs
   0.21818 iters/sec. Estimated time to finish: 6:18:35.179486.
[4A[J     total [##########........................................] 20.94%
this epoch [####..............................................]  9.40%
      1310 iter, 2 epoch / 10 epochs
     0.218 iters/sec. Estimated time to finish: 6:18:07.595225.
[4A[J     total [##########........................................] 21.10%
this epoch [#####.............................................] 11.00%
      1320 iter, 2 epoch / 10 epochs
   0.21781 iters/sec. Estimated time to finish: 6:17:41.930382.
[4A[J     total [##########........................................] 21.26%
this epoch [######............................................] 12.60%
      1330 iter, 2 epoch / 10 epochs
    0.2177 iters/sec. Estimated time to finish: 6:17:06.678895.
[4A[J     total [##########........................................] 21.42%
this epoch [#######...........................................] 14.20%
      1340 iter, 2 epoch / 10 epochs
   0.21762 iters/sec. Estimated time to finish: 6:16:29.548818.
[4A[J     total [##########........................................] 21.58%
this epoch [#######...........................................] 15.79%
      1350 iter, 2 epoch / 10 epochs
   0.21747 iters/sec. Estimated time to finish: 6:15:58.805835.
[4A[J     total [##########........................................] 21.74%
this epoch [########..........................................] 17.39%
      1360 iter, 2 epoch / 10 epochs
   0.21732 iters/sec. Estimated time to finish: 6:15:28.877695.
[4A[J     total [##########........................................] 21.90%
this epoch [#########.........................................] 18.99%
      1370 iter, 2 epoch / 10 epochs
   0.21722 iters/sec. Estimated time to finish: 6:14:53.178543.
[4A[J     total [###########.......................................] 22.06%
this epoch [##########........................................] 20.59%
      1380 iter, 2 epoch / 10 epochs
   0.21712 iters/sec. Estimated time to finish: 6:14:17.595009.
[4A[J     total [###########.......................................] 22.22%
this epoch [###########.......................................] 22.19%
      1390 iter, 2 epoch / 10 epochs
   0.21713 iters/sec. Estimated time to finish: 6:13:30.435381.
[4A[J     total [###########.......................................] 22.38%
this epoch [###########.......................................] 23.79%
      1400 iter, 2 epoch / 10 epochs
   0.21681 iters/sec. Estimated time to finish: 6:13:16.887729.
[4A[J     total [###########.......................................] 22.54%
this epoch [############......................................] 25.39%
      1410 iter, 2 epoch / 10 epochs
   0.21684 iters/sec. Estimated time to finish: 6:12:28.025441.
[4A[J     total [###########.......................................] 22.70%
this epoch [#############.....................................] 26.98%
      1420 iter, 2 epoch / 10 epochs
   0.21667 iters/sec. Estimated time to finish: 6:11:59.860482.
[4A[J     total [###########.......................................] 22.86%
this epoch [##############....................................] 28.58%
      1430 iter, 2 epoch / 10 epochs
   0.21648 iters/sec. Estimated time to finish: 6:11:32.735944.
[4A[J     total [###########.......................................] 23.02%
this epoch [###############...................................] 30.18%
      1440 iter, 2 epoch / 10 epochs
   0.21627 iters/sec. Estimated time to finish: 6:11:08.221053.
[4A[J     total [###########.......................................] 23.18%
this epoch [###############...................................] 31.78%
      1450 iter, 2 epoch / 10 epochs
   0.21615 iters/sec. Estimated time to finish: 6:10:34.596229.
[4A[J     total [###########.......................................] 23.34%
this epoch [################..................................] 33.38%
      1460 iter, 2 epoch / 10 epochs
   0.21591 iters/sec. Estimated time to finish: 6:10:12.648020.
[4A[J     total [###########.......................................] 23.50%
this epoch [#################.................................] 34.98%
      1470 iter, 2 epoch / 10 epochs
   0.21581 iters/sec. Estimated time to finish: 6:09:36.594136.
[4A[J     total [###########.......................................] 23.66%
this epoch [##################................................] 36.58%
      1480 iter, 2 epoch / 10 epochs
    0.2156 iters/sec. Estimated time to finish: 6:09:12.139538.
[4A[J     total [###########.......................................] 23.82%
this epoch [###################...............................] 38.17%
      1490 iter, 2 epoch / 10 epochs
   0.21526 iters/sec. Estimated time to finish: 6:09:00.863694.
[4A[J     total [###########.......................................] 23.98%
this epoch [###################...............................] 39.77%
      1500 iter, 2 epoch / 10 epochs
   0.21503 iters/sec. Estimated time to finish: 6:08:37.757481.
[4A[J     total [############......................................] 24.14%
this epoch [####################..............................] 41.37%
      1510 iter, 2 epoch / 10 epochs
   0.21492 iters/sec. Estimated time to finish: 6:08:02.037224.
[4A[J     total [############......................................] 24.30%
this epoch [#####################.............................] 42.97%
      1520 iter, 2 epoch / 10 epochs
   0.21474 iters/sec. Estimated time to finish: 6:07:34.049208.
[4A[J     total [############......................................] 24.46%
this epoch [######################............................] 44.57%
      1530 iter, 2 epoch / 10 epochs
   0.21456 iters/sec. Estimated time to finish: 6:07:05.796231.
[4A[J     total [############......................................] 24.62%
this epoch [#######################...........................] 46.17%
      1540 iter, 2 epoch / 10 epochs
   0.21438 iters/sec. Estimated time to finish: 6:06:38.377064.
[4A[J     total [############......................................] 24.78%
this epoch [#######################...........................] 47.76%
      1550 iter, 2 epoch / 10 epochs
   0.21417 iters/sec. Estimated time to finish: 6:06:13.184495.
[4A[J     total [############......................................] 24.94%
this epoch [########################..........................] 49.36%
      1560 iter, 2 epoch / 10 epochs
   0.21399 iters/sec. Estimated time to finish: 6:05:44.411908.
[4A[J     total [############......................................] 25.10%
this epoch [#########################.........................] 50.96%
      1570 iter, 2 epoch / 10 epochs
    0.2139 iters/sec. Estimated time to finish: 6:05:07.652283.
[4A[J     total [############......................................] 25.26%
this epoch [##########################........................] 52.56%
      1580 iter, 2 epoch / 10 epochs
   0.21364 iters/sec. Estimated time to finish: 6:04:47.196779.
[4A[J     total [############......................................] 25.42%
this epoch [###########################.......................] 54.16%
      1590 iter, 2 epoch / 10 epochs
   0.21364 iters/sec. Estimated time to finish: 6:03:59.804266.
[4A[J     total [############......................................] 25.58%
this epoch [###########################.......................] 55.76%
      1600 iter, 2 epoch / 10 epochs
   0.21338 iters/sec. Estimated time to finish: 6:03:40.084482.
[4Aqrsh_starter: cannot open file /tmp/2071967.1.gpu/qrsh_exit_code.1.g0543: No such file or directory
qrsh_starter: cannot open file /tmp/2071967.1.gpu/qrsh_error: No such file or directory
qrsh_starter: cannot open file /tmp/2071967.1.gpu/qrsh_exit_code.1.g0540: No such file or directory
qrsh_starter: cannot open file /tmp/2071967.1.gpu/qrsh_error: No such file or directory
qrsh_starter: cannot open file /tmp/2071967.1.gpu/qrsh_exit_code.1.g0579: No such file or directory
qrsh_starter: cannot open file /tmp/2071967.1.gpu/qrsh_error: No such file or directory
qrsh_starter: cannot open file /tmp/2071967.1.gpu/qrsh_exit_code.1.g0449: No such file or directory
qrsh_starter: cannot open file /tmp/2071967.1.gpu/qrsh_error: No such file or directory
qrsh_starter: cannot open file /tmp/2071967.1.gpu/qrsh_exit_code.1.g0432: No such file or directory
qrsh_starter: cannot open file /tmp/2071967.1.gpu/qrsh_error: No such file or directory
qrsh_starter: cannot open file /tmp/2071967.1.gpu/qrsh_exit_code.1.g0456: No such file or directory
qrsh_starter: cannot open file /tmp/2071967.1.gpu/qrsh_error: No such file or directory
qrsh_starter: cannot open file /tmp/2071967.1.gpu/qrsh_exit_code.1.g0591: No such file or directory
qrsh_starter: cannot open file /tmp/2071967.1.gpu/qrsh_error: No such file or directory
qrsh_starter: cannot open file /tmp/2071967.1.gpu/qrsh_exit_code.1.g0416: No such file or directory
qrsh_starter: cannot open file /tmp/2071967.1.gpu/qrsh_error: No such file or directory
qrsh_starter: cannot open file /tmp/2071967.1.gpu/qrsh_exit_code.1.g0538: No such file or directory
qrsh_starter: cannot open file /tmp/2071967.1.gpu/qrsh_error: No such file or directory
qrsh_starter: cannot open file /tmp/2071967.1.gpu/qrsh_exit_code.1.g0550: No such file or directory
qrsh_starter: cannot open file /tmp/2071967.1.gpu/qrsh_error: No such file or directory
qrsh_starter: cannot open file /tmp/2071967.1.gpu/qrsh_exit_code.1.g0466: No such file or directory
qrsh_starter: cannot open file /tmp/2071967.1.gpu/qrsh_error: No such file or directory
qrsh_starter: cannot open file /tmp/2071967.1.gpu/qrsh_exit_code.1.g0519: No such file or directory
qrsh_starter: cannot open file /tmp/2071967.1.gpu/qrsh_error: No such file or directory
qrsh_starter: cannot open file /tmp/2071967.1.gpu/qrsh_exit_code.1.g0468: No such file or directory
qrsh_starter: cannot open file /tmp/2071967.1.gpu/qrsh_error: No such file or directory
qrsh_starter: cannot open file /tmp/2071967.1.gpu/qrsh_exit_code.1.g0563: No such file or directory
qrsh_starter: cannot open file /tmp/2071967.1.gpu/qrsh_error: No such file or directory
qrsh_starter: cannot open file /tmp/2071967.1.gpu/qrsh_exit_code.1.g0537: No such file or directory
qrsh_starter: cannot open file /tmp/2071967.1.gpu/qrsh_error: No such file or directory
qrsh_starter: cannot open file /tmp/2071967.1.gpu/qrsh_exit_code.1.g0458: No such file or directory
qrsh_starter: cannot open file /tmp/2071967.1.gpu/qrsh_error: No such file or directory
qrsh_starter: cannot open file /tmp/2071967.1.gpu/qrsh_exit_code.1.g0559: No such file or directory
qrsh_starter: cannot open file /tmp/2071967.1.gpu/qrsh_error: No such file or directory
qrsh_starter: cannot open file /tmp/2071967.1.gpu/qrsh_exit_code.1.g0533: No such file or directory
qrsh_starter: cannot open file /tmp/2071967.1.gpu/qrsh_error: No such file or directory
qrsh_starter: cannot open file /tmp/2071967.1.gpu/qrsh_exit_code.1.g0586: No such file or directory
qrsh_starter: cannot open file /tmp/2071967.1.gpu/qrsh_error: No such file or directory
qrsh_starter: cannot open file /tmp/2071967.1.gpu/qrsh_exit_code.1.g0457: No such file or directory
qrsh_starter: cannot open file /tmp/2071967.1.gpu/qrsh_error: No such file or directory
qrsh_starter: cannot open file /tmp/2071967.1.gpu/qrsh_exit_code.1.g0453: No such file or directory
qrsh_starter: cannot open file /tmp/2071967.1.gpu/qrsh_error: No such file or directory
qrsh_starter: cannot open file /tmp/2071967.1.gpu/qrsh_exit_code.1.g0459: No such file or directory
qrsh_starter: cannot open file /tmp/2071967.1.gpu/qrsh_error: No such file or directory
qrsh_starter: cannot open file /tmp/2071967.1.gpu/qrsh_exit_code.1.g0562: No such file or directory
qrsh_starter: cannot open file /tmp/2071967.1.gpu/qrsh_error: No such file or directory
qrsh_starter: cannot open file /tmp/2071967.1.gpu/qrsh_exit_code.1.g0581: No such file or directory
qrsh_starter: cannot open file /tmp/2071967.1.gpu/qrsh_error: No such file or directory
qrsh_starter: cannot open file /tmp/2071967.1.gpu/qrsh_exit_code.1.g0577: No such file or directory
qrsh_starter: cannot open file /tmp/2071967.1.gpu/qrsh_error: No such file or directory
qrsh_starter: cannot open file /tmp/2071967.1.gpu/qrsh_exit_code.1.g0572: No such file or directory
qrsh_starter: cannot open file /tmp/2071967.1.gpu/qrsh_error: No such file or directory
qrsh_starter: cannot open file /tmp/2071967.1.gpu/qrsh_exit_code.1.g0546: No such file or directory
qrsh_starter: cannot open file /tmp/2071967.1.gpu/qrsh_error: No such file or directory
qrsh_starter: cannot open file /tmp/2071967.1.gpu/qrsh_exit_code.1.g0435: No such file or directory
qrsh_starter: cannot open file /tmp/2071967.1.gpu/qrsh_error: No such file or directory
qrsh_starter: cannot open file /tmp/2071967.1.gpu/qrsh_exit_code.1.g0417: No such file or directory
qrsh_starter: cannot open file /tmp/2071967.1.gpu/qrsh_error: No such file or directory
qrsh_starter: cannot open file /tmp/2071967.1.gpu/qrsh_exit_code.1.g0542: No such file or directory
qrsh_starter: cannot open file /tmp/2071967.1.gpu/qrsh_error: No such file or directory
qrsh_starter: cannot open file /tmp/2071967.1.gpu/qrsh_exit_code.1.g0573: No such file or directory
qrsh_starter: cannot open file /tmp/2071967.1.gpu/qrsh_error: No such file or directory
qrsh_starter: cannot open file /tmp/2071967.1.gpu/qrsh_exit_code.1.g0638: No such file or directory
qrsh_starter: cannot open file /tmp/2071967.1.gpu/qrsh_error: No such file or directory
qrsh_starter: cannot open file /tmp/2071967.1.gpu/qrsh_exit_code.1.g0565: No such file or directory
qrsh_starter: cannot open file /tmp/2071967.1.gpu/qrsh_error: No such file or directory
qrsh_starter: cannot open file /tmp/2071967.1.gpu/qrsh_exit_code.1.g0545: No such file or directory
qrsh_starter: cannot open file /tmp/2071967.1.gpu/qrsh_error: No such file or directory
qrsh_starter: cannot open file /tmp/2071967.1.gpu/qrsh_exit_code.1.g0529: No such file or directory
qrsh_starter: cannot open file /tmp/2071967.1.gpu/qrsh_error: No such file or directory
qrsh_starter: cannot open file /tmp/2071967.1.gpu/qrsh_exit_code.1.g0547: No such file or directory
qrsh_starter: cannot open file /tmp/2071967.1.gpu/qrsh_error: No such file or directory
qrsh_starter: cannot open file /tmp/2071967.1.gpu/qrsh_exit_code.1.g0566: No such file or directory
qrsh_starter: cannot open file /tmp/2071967.1.gpu/qrsh_error: No such file or directory
qrsh_starter: cannot open file /tmp/2071967.1.gpu/qrsh_exit_code.1.g0567: No such file or directory
qrsh_starter: cannot open file /tmp/2071967.1.gpu/qrsh_error: No such file or directory
qrsh_starter: cannot open file /tmp/2071967.1.gpu/qrsh_exit_code.1.g0575: No such file or directory
qrsh_starter: cannot open file /tmp/2071967.1.gpu/qrsh_error: No such file or directory
qrsh_starter: cannot open file /tmp/2071967.1.gpu/qrsh_exit_code.1.g0462: No such file or directory
qrsh_starter: cannot open file /tmp/2071967.1.gpu/qrsh_error: No such file or directory
qrsh_starter: cannot open file /tmp/2071967.1.gpu/qrsh_exit_code.1.g0422: No such file or directory
qrsh_starter: cannot open file /tmp/2071967.1.gpu/qrsh_error: No such file or directory
qrsh_starter: cannot open file /tmp/2071967.1.gpu/qrsh_exit_code.1.g0420: No such file or directory
qrsh_starter: cannot open file /tmp/2071967.1.gpu/qrsh_error: No such file or directory
qrsh_starter: cannot open file /tmp/2071967.1.gpu/qrsh_exit_code.1.g0544: No such file or directory
qrsh_starter: cannot open file /tmp/2071967.1.gpu/qrsh_error: No such file or directory
qrsh_starter: cannot open file /tmp/2071967.1.gpu/qrsh_exit_code.1.g0576: No such file or directory
qrsh_starter: cannot open file /tmp/2071967.1.gpu/qrsh_error: No such file or directory
qrsh_starter: cannot open file /tmp/2071967.1.gpu/qrsh_exit_code.1.g0463: No such file or directory
qrsh_starter: cannot open file /tmp/2071967.1.gpu/qrsh_error: No such file or directory
qrsh_starter: cannot open file /tmp/2071967.1.gpu/qrsh_exit_code.1.g0569: No such file or directory
qrsh_starter: cannot open file /tmp/2071967.1.gpu/qrsh_error: No such file or directory
qrsh_starter: cannot open file /tmp/2071967.1.gpu/qrsh_exit_code.1.g0587: No such file or directory
qrsh_starter: cannot open file /tmp/2071967.1.gpu/qrsh_error: No such file or directory
qrsh_starter: cannot open file /tmp/2071967.1.gpu/qrsh_exit_code.1.g0434: No such file or directory
qrsh_starter: cannot open file /tmp/2071967.1.gpu/qrsh_error: No such file or directory
qrsh_starter: cannot open file /tmp/2071967.1.gpu/qrsh_exit_code.1.g0423: No such file or directory
qrsh_starter: cannot open file /tmp/2071967.1.gpu/qrsh_error: No such file or directory
qrsh_starter: cannot open file /tmp/2071967.1.gpu/qrsh_exit_code.1.g0568: No such file or directory
qrsh_starter: cannot open file /tmp/2071967.1.gpu/qrsh_error: No such file or directory
qrsh_starter: cannot open file /tmp/2071967.1.gpu/qrsh_exit_code.1.g0570: No such file or directory
qrsh_starter: cannot open file /tmp/2071967.1.gpu/qrsh_error: No such file or directory
qrsh_starter: cannot open file /tmp/2071967.1.gpu/qrsh_exit_code.1.g0574: No such file or directory
qrsh_starter: cannot open file /tmp/2071967.1.gpu/qrsh_error: No such file or directory
qrsh_starter: cannot open file /tmp/2071967.1.gpu/qrsh_exit_code.1.g0598: No such file or directory
qrsh_starter: cannot open file /tmp/2071967.1.gpu/qrsh_error: No such file or directory
qrsh_starter: cannot open file /tmp/2071967.1.gpu/qrsh_exit_code.1.g0516: No such file or directory
qrsh_starter: cannot open file /tmp/2071967.1.gpu/qrsh_error: No such file or directory
qrsh_starter: cannot open file /tmp/2071967.1.gpu/qrsh_exit_code.1.g0548: No such file or directory
qrsh_starter: cannot open file /tmp/2071967.1.gpu/qrsh_error: No such file or directory
qrsh_starter: cannot open file /tmp/2071967.1.gpu/qrsh_exit_code.1.g0637: No such file or directory
qrsh_starter: cannot open file /tmp/2071967.1.gpu/qrsh_error: No such file or directory
qrsh_starter: cannot open file /tmp/2071967.1.gpu/qrsh_exit_code.1.g0571: No such file or directory
qrsh_starter: cannot open file /tmp/2071967.1.gpu/qrsh_error: No such file or directory
qrsh_starter: cannot open file /tmp/2071967.1.gpu/qrsh_exit_code.1.g0676: No such file or directory
qrsh_starter: cannot open file /tmp/2071967.1.gpu/qrsh_error: No such file or directory
qrsh_starter: cannot open file /tmp/2071967.1.gpu/qrsh_exit_code.1.g0677: No such file or directory
qrsh_starter: cannot open file /tmp/2071967.1.gpu/qrsh_error: No such file or directory
qrsh_starter: cannot open file /tmp/2071967.1.gpu/qrsh_exit_code.1.g0515: No such file or directory
qrsh_starter: cannot open file /tmp/2071967.1.gpu/qrsh_error: No such file or directory
qrsh_starter: cannot open file /tmp/2071967.1.gpu/qrsh_exit_code.1.g0588: No such file or directory
qrsh_starter: cannot open file /tmp/2071967.1.gpu/qrsh_error: No such file or directory
qrsh_starter: cannot open file /tmp/2071967.1.gpu/qrsh_exit_code.1.g0444: No such file or directory
qrsh_starter: cannot open file /tmp/2071967.1.gpu/qrsh_error: No such file or directory
qrsh_starter: cannot open file /tmp/2071967.1.gpu/qrsh_exit_code.1.g0564: No such file or directory
qrsh_starter: cannot open file /tmp/2071967.1.gpu/qrsh_error: No such file or directory
