No Modulefiles Currently Loaded.
Currently Loaded Modulefiles:
  1) cuda/9.0/9.0.176.4   3) nccl/2.3/2.3.5-2
  2) cudnn/7.3/7.3.1      4) openmpi/2.1.6
Currently Loaded Modulefiles:
  1) cuda/9.0/9.0.176.4   3) nccl/2.3/2.3.5-2
  2) cudnn/7.3/7.3.1      4) openmpi/2.1.6
Currently Loaded Modulefiles:
  1) cuda/9.0/9.0.176.4   3) nccl/2.3/2.3.5-2
  2) cudnn/7.3/7.3.1      4) openmpi/2.1.6
==========================================
Num of GPUs : 32
Model :  alexnet
Minibatch-size: 512
Epochs: 10
==========================================
Starting training .....
--------------------------------------------------------------------------
A process has executed an operation involving a call to the
"fork()" system call to create a child process.  Open MPI is currently
operating in a condition that could result in memory corruption or
other system errors; your job may hang, crash, or produce silent
data corruption.  The use of fork() (or system() or other calls that
create child processes) is strongly discouraged.

The process that invoked fork was:

  Local host:          [[43494,1],0] (PID 38198)

If you are *absolutely sure* that your application will successfully
and correctly survive a call to fork(), you may disable this warning
by setting the mpi_warn_on_fork MCA parameter to 0.
--------------------------------------------------------------------------
epoch       main/loss   validation/main/loss  main/accuracy  validation/main/accuracy  elapsed_time
[J     total [..................................................]  0.32%
this epoch [#.................................................]  3.20%
        10 iter, 0 epoch / 10 epochs
       inf iters/sec. Estimated time to finish: 0:00:00.
[4A[J     total [..................................................]  0.64%
this epoch [###...............................................]  6.39%
        20 iter, 0 epoch / 10 epochs
     0.836 iters/sec. Estimated time to finish: 1:01:57.521978.
[4A[J     total [..................................................]  0.96%
this epoch [####..............................................]  9.59%
        30 iter, 0 epoch / 10 epochs
    0.7622 iters/sec. Estimated time to finish: 1:07:44.339595.
[4A[J     total [..................................................]  1.28%
this epoch [######............................................] 12.79%
        40 iter, 0 epoch / 10 epochs
   0.70408 iters/sec. Estimated time to finish: 1:13:05.630957.
[4A[J     total [..................................................]  1.60%
this epoch [#######...........................................] 15.99%
        50 iter, 0 epoch / 10 epochs
   0.71033 iters/sec. Estimated time to finish: 1:12:12.975492.
[4A[J     total [..................................................]  1.92%
this epoch [#########.........................................] 19.18%
        60 iter, 0 epoch / 10 epochs
   0.71659 iters/sec. Estimated time to finish: 1:11:21.188470.
[4A[J     total [#.................................................]  2.24%
this epoch [###########.......................................] 22.38%
        70 iter, 0 epoch / 10 epochs
   0.72102 iters/sec. Estimated time to finish: 1:10:41.007710.
[4A[J     total [#.................................................]  2.56%
this epoch [############......................................] 25.58%
        80 iter, 0 epoch / 10 epochs
   0.71754 iters/sec. Estimated time to finish: 1:10:47.626923.
[4A[J     total [#.................................................]  2.88%
this epoch [##############....................................] 28.77%
        90 iter, 0 epoch / 10 epochs
    0.6944 iters/sec. Estimated time to finish: 1:12:54.758238.
[4A[J     total [#.................................................]  3.20%
this epoch [###############...................................] 31.97%
       100 iter, 0 epoch / 10 epochs
   0.69457 iters/sec. Estimated time to finish: 1:12:39.291627.
[4A[J     total [#.................................................]  3.52%
this epoch [#################.................................] 35.17%
       110 iter, 0 epoch / 10 epochs
    0.6943 iters/sec. Estimated time to finish: 1:12:26.613706.
[4A[J     total [#.................................................]  3.84%
this epoch [###################...............................] 38.36%
       120 iter, 0 epoch / 10 epochs
   0.69717 iters/sec. Estimated time to finish: 1:11:54.399667.
[4A[J     total [##................................................]  4.16%
this epoch [####################..............................] 41.56%
       130 iter, 0 epoch / 10 epochs
   0.69829 iters/sec. Estimated time to finish: 1:11:33.103050.
[4A[J     total [##................................................]  4.48%
this epoch [######################............................] 44.76%
       140 iter, 0 epoch / 10 epochs
   0.68949 iters/sec. Estimated time to finish: 1:12:13.431956.
[4A[J     total [##................................................]  4.80%
this epoch [#######################...........................] 47.96%
       150 iter, 0 epoch / 10 epochs
   0.69015 iters/sec. Estimated time to finish: 1:11:54.803316.
[4A[J     total [##................................................]  5.12%
this epoch [#########################.........................] 51.15%
       160 iter, 0 epoch / 10 epochs
   0.69524 iters/sec. Estimated time to finish: 1:11:08.804206.
[4A[J     total [##................................................]  5.44%
this epoch [###########################.......................] 54.35%
       170 iter, 0 epoch / 10 epochs
   0.69897 iters/sec. Estimated time to finish: 1:10:31.750403.
[4A[J     total [##................................................]  5.75%
this epoch [############################......................] 57.55%
       180 iter, 0 epoch / 10 epochs
    0.6984 iters/sec. Estimated time to finish: 1:10:20.868477.
[4A[J     total [###...............................................]  6.07%
this epoch [##############################....................] 60.74%
       190 iter, 0 epoch / 10 epochs
   0.68474 iters/sec. Estimated time to finish: 1:11:30.466486.
[4A[J     total [###...............................................]  6.39%
this epoch [###############################...................] 63.94%
       200 iter, 0 epoch / 10 epochs
   0.67319 iters/sec. Estimated time to finish: 1:12:29.200255.
[4A[J     total [###...............................................]  6.71%
this epoch [#################################.................] 67.14%
       210 iter, 0 epoch / 10 epochs
    0.6663 iters/sec. Estimated time to finish: 1:12:59.163155.
[4A[J     total [###...............................................]  7.03%
this epoch [###################################...............] 70.34%
       220 iter, 0 epoch / 10 epochs
   0.65984 iters/sec. Estimated time to finish: 1:13:26.906452.
[4A[J     total [###...............................................]  7.35%
this epoch [####################################..............] 73.53%
       230 iter, 0 epoch / 10 epochs
   0.65168 iters/sec. Estimated time to finish: 1:14:06.745819.
[4A[J     total [###...............................................]  7.67%
this epoch [######################################............] 76.73%
       240 iter, 0 epoch / 10 epochs
   0.64635 iters/sec. Estimated time to finish: 1:14:27.913831.
[4A[J     total [###...............................................]  7.99%
this epoch [#######################################...........] 79.93%
       250 iter, 0 epoch / 10 epochs
   0.64186 iters/sec. Estimated time to finish: 1:14:43.598586.
[4A[J     total [####..............................................]  8.31%
this epoch [#########################################.........] 83.12%
       260 iter, 0 epoch / 10 epochs
   0.64041 iters/sec. Estimated time to finish: 1:14:38.118962.
[4A[J     total [####..............................................]  8.63%
this epoch [###########################################.......] 86.32%
       270 iter, 0 epoch / 10 epochs
    0.6399 iters/sec. Estimated time to finish: 1:14:26.081386.
[4A[J     total [####..............................................]  8.95%
this epoch [############################################......] 89.52%
       280 iter, 0 epoch / 10 epochs
   0.63661 iters/sec. Estimated time to finish: 1:14:33.451912.
[4A[J     total [####..............................................]  9.27%
this epoch [##############################################....] 92.72%
       290 iter, 0 epoch / 10 epochs
   0.63602 iters/sec. Estimated time to finish: 1:14:21.868939.
[4A[J     total [####..............................................]  9.59%
this epoch [###############################################...] 95.91%
       300 iter, 0 epoch / 10 epochs
   0.63727 iters/sec. Estimated time to finish: 1:13:57.433168.
[4A[J     total [####..............................................]  9.91%
this epoch [#################################################.] 99.11%
       310 iter, 0 epoch / 10 epochs
   0.63863 iters/sec. Estimated time to finish: 1:13:32.311099.
[4A[J1           6.49441                           0.00981554                               492.417       
[J     total [#####.............................................] 10.23%
this epoch [#.................................................]  2.31%
       320 iter, 1 epoch / 10 epochs
   0.63891 iters/sec. Estimated time to finish: 1:13:14.723707.
[4A[J     total [#####.............................................] 10.55%
this epoch [##................................................]  5.50%
       330 iter, 1 epoch / 10 epochs
   0.63375 iters/sec. Estimated time to finish: 1:13:34.726401.
[4A[J     total [#####.............................................] 10.87%
this epoch [####..............................................]  8.70%
       340 iter, 1 epoch / 10 epochs
    0.6294 iters/sec. Estimated time to finish: 1:13:49.359453.
[4A[J     total [#####.............................................] 11.19%
this epoch [#####.............................................] 11.90%
       350 iter, 1 epoch / 10 epochs
   0.62684 iters/sec. Estimated time to finish: 1:13:51.548047.
[4A[J     total [#####.............................................] 11.51%
this epoch [#######...........................................] 15.09%
       360 iter, 1 epoch / 10 epochs
    0.6249 iters/sec. Estimated time to finish: 1:13:49.274591.
[4A[J     total [#####.............................................] 11.83%
this epoch [#########.........................................] 18.29%
       370 iter, 1 epoch / 10 epochs
    0.6216 iters/sec. Estimated time to finish: 1:13:56.731725.
[4A[J     total [######............................................] 12.15%
this epoch [##########........................................] 21.49%
       380 iter, 1 epoch / 10 epochs
   0.61817 iters/sec. Estimated time to finish: 1:14:05.144724.
[4A[J     total [######............................................] 12.47%
this epoch [############......................................] 24.69%
       390 iter, 1 epoch / 10 epochs
   0.61626 iters/sec. Estimated time to finish: 1:14:02.693193.
[4A[J     total [######............................................] 12.79%
this epoch [#############.....................................] 27.88%
       400 iter, 1 epoch / 10 epochs
   0.61695 iters/sec. Estimated time to finish: 1:13:41.490028.
[4A[J     total [######............................................] 13.11%
this epoch [###############...................................] 31.08%
       410 iter, 1 epoch / 10 epochs
   0.61779 iters/sec. Estimated time to finish: 1:13:19.330972.
[4A[J     total [######............................................] 13.43%
this epoch [#################.................................] 34.28%
       420 iter, 1 epoch / 10 epochs
    0.6169 iters/sec. Estimated time to finish: 1:13:09.434084.
[4A[J     total [######............................................] 13.75%
this epoch [##################................................] 37.47%
       430 iter, 1 epoch / 10 epochs
     0.616 iters/sec. Estimated time to finish: 1:12:59.636114.
[4A[J     total [#######...........................................] 14.07%
this epoch [####################..............................] 40.67%
       440 iter, 1 epoch / 10 epochs
   0.61734 iters/sec. Estimated time to finish: 1:12:33.932469.
[4A[J     total [#######...........................................] 14.39%
this epoch [#####################.............................] 43.87%
       450 iter, 1 epoch / 10 epochs
   0.61886 iters/sec. Estimated time to finish: 1:12:07.037770.
[4A[J     total [#######...........................................] 14.71%
this epoch [#######################...........................] 47.07%
       460 iter, 1 epoch / 10 epochs
   0.61952 iters/sec. Estimated time to finish: 1:11:46.306873.
[4A[J     total [#######...........................................] 15.03%
this epoch [#########################.........................] 50.26%
       470 iter, 1 epoch / 10 epochs
   0.61721 iters/sec. Estimated time to finish: 1:11:46.234640.
[4A[J     total [#######...........................................] 15.35%
this epoch [##########################........................] 53.46%
       480 iter, 1 epoch / 10 epochs
   0.61517 iters/sec. Estimated time to finish: 1:11:44.261155.
[4A[J     total [#######...........................................] 15.67%
this epoch [############################......................] 56.66%
       490 iter, 1 epoch / 10 epochs
   0.61397 iters/sec. Estimated time to finish: 1:11:36.367392.
[4A[J     total [#######...........................................] 15.99%
this epoch [#############################.....................] 59.85%
       500 iter, 1 epoch / 10 epochs
   0.61401 iters/sec. Estimated time to finish: 1:11:19.787308.
[4A[J     total [########..........................................] 16.31%
this epoch [###############################...................] 63.05%
       510 iter, 1 epoch / 10 epochs
   0.61193 iters/sec. Estimated time to finish: 1:11:17.995172.
[4A[J     total [########..........................................] 16.62%
this epoch [#################################.................] 66.25%
       520 iter, 1 epoch / 10 epochs
   0.60905 iters/sec. Estimated time to finish: 1:11:21.855595.
[4A[J     total [########..........................................] 16.94%
this epoch [##################################................] 69.45%
       530 iter, 1 epoch / 10 epochs
   0.60788 iters/sec. Estimated time to finish: 1:11:13.608303.
[4A[J     total [########..........................................] 17.26%
this epoch [####################################..............] 72.64%
       540 iter, 1 epoch / 10 epochs
   0.60679 iters/sec. Estimated time to finish: 1:11:04.793662.
[4A[J     total [########..........................................] 17.58%
this epoch [#####################################.............] 75.84%
       550 iter, 1 epoch / 10 epochs
   0.60542 iters/sec. Estimated time to finish: 1:10:57.983708.
[4A[J     total [########..........................................] 17.90%
this epoch [#######################################...........] 79.04%
       560 iter, 1 epoch / 10 epochs
    0.6042 iters/sec. Estimated time to finish: 1:10:50.025940.
[4A[J     total [#########.........................................] 18.22%
this epoch [#########################################.........] 82.23%
       570 iter, 1 epoch / 10 epochs
   0.60262 iters/sec. Estimated time to finish: 1:10:44.543430.
[4A[J     total [#########.........................................] 18.54%
this epoch [##########################################........] 85.43%
       580 iter, 1 epoch / 10 epochs
   0.60301 iters/sec. Estimated time to finish: 1:10:25.209032.
[4A[J     total [#########.........................................] 18.86%
this epoch [############################################......] 88.63%
       590 iter, 1 epoch / 10 epochs
    0.6039 iters/sec. Estimated time to finish: 1:10:02.441775.
[4A[J     total [#########.........................................] 19.18%
this epoch [#############################################.....] 91.82%
       600 iter, 1 epoch / 10 epochs
   0.60346 iters/sec. Estimated time to finish: 1:09:48.905184.
[4A[J     total [#########.........................................] 19.50%
this epoch [###############################################...] 95.02%
       610 iter, 1 epoch / 10 epochs
   0.60203 iters/sec. Estimated time to finish: 1:09:42.280951.
[4A[J     total [#########.........................................] 19.82%
this epoch [#################################################.] 98.22%
       620 iter, 1 epoch / 10 epochs
   0.60058 iters/sec. Estimated time to finish: 1:09:35.709134.
[4A[J2           5.38113                           0.0607403                                1044.2        
[J     total [##########........................................] 20.14%
this epoch [..................................................]  1.42%
       630 iter, 2 epoch / 10 epochs
   0.60035 iters/sec. Estimated time to finish: 1:09:20.668431.
[4A[J     total [##########........................................] 20.46%
this epoch [##................................................]  4.61%
       640 iter, 2 epoch / 10 epochs
   0.60077 iters/sec. Estimated time to finish: 1:09:01.125682.
[4A[J     total [##########........................................] 20.78%
this epoch [###...............................................]  7.81%
       650 iter, 2 epoch / 10 epochs
   0.60006 iters/sec. Estimated time to finish: 1:08:49.321539.
[4A[J     total [##########........................................] 21.10%
this epoch [#####.............................................] 11.01%
       660 iter, 2 epoch / 10 epochs
   0.59818 iters/sec. Estimated time to finish: 1:08:45.603237.
[4A[J     total [##########........................................] 21.42%
this epoch [#######...........................................] 14.20%
       670 iter, 2 epoch / 10 epochs
   0.59618 iters/sec. Estimated time to finish: 1:08:42.640369.
[4A[J     total [##########........................................] 21.74%
this epoch [########..........................................] 17.40%
       680 iter, 2 epoch / 10 epochs
   0.59468 iters/sec. Estimated time to finish: 1:08:36.263286.
[4A[J     total [###########.......................................] 22.06%
this epoch [##########........................................] 20.60%
       690 iter, 2 epoch / 10 epochs
   0.59333 iters/sec. Estimated time to finish: 1:08:28.793009.
[4A[J     total [###########.......................................] 22.38%
this epoch [###########.......................................] 23.80%
       700 iter, 2 epoch / 10 epochs
   0.59184 iters/sec. Estimated time to finish: 1:08:22.211000.
[4A[J     total [###########.......................................] 22.70%
this epoch [#############.....................................] 26.99%
       710 iter, 2 epoch / 10 epochs
   0.59029 iters/sec. Estimated time to finish: 1:08:16.022978.
[4A[J     total [###########.......................................] 23.02%
this epoch [###############...................................] 30.19%
       720 iter, 2 epoch / 10 epochs
   0.58914 iters/sec. Estimated time to finish: 1:08:07.030762.
[4A[J     total [###########.......................................] 23.34%
this epoch [################..................................] 33.39%
       730 iter, 2 epoch / 10 epochs
   0.58849 iters/sec. Estimated time to finish: 1:07:54.603859.
[4A[J     total [###########.......................................] 23.66%
this epoch [##################................................] 36.58%
       740 iter, 2 epoch / 10 epochs
   0.58696 iters/sec. Estimated time to finish: 1:07:48.189812.
[4A[J     total [###########.......................................] 23.98%
this epoch [###################...............................] 39.78%
       750 iter, 2 epoch / 10 epochs
   0.58561 iters/sec. Estimated time to finish: 1:07:40.477676.
[4A[J     total [############......................................] 24.30%
this epoch [#####################.............................] 42.98%
       760 iter, 2 epoch / 10 epochs
   0.58398 iters/sec. Estimated time to finish: 1:07:34.658642.
[4A[J     total [############......................................] 24.62%
this epoch [#######################...........................] 46.18%
       770 iter, 2 epoch / 10 epochs
   0.58315 iters/sec. Estimated time to finish: 1:07:23.320886.
[4A[J     total [############......................................] 24.94%
this epoch [########################..........................] 49.37%
       780 iter, 2 epoch / 10 epochs
   0.58311 iters/sec. Estimated time to finish: 1:07:06.420925.
[4A[J     total [############......................................] 25.26%
this epoch [##########################........................] 52.57%
       790 iter, 2 epoch / 10 epochs
   0.58208 iters/sec. Estimated time to finish: 1:06:56.369568.
[4A[J     total [############......................................] 25.58%
this epoch [###########################.......................] 55.77%
       800 iter, 2 epoch / 10 epochs
   0.58141 iters/sec. Estimated time to finish: 1:06:43.806665.
[4A[J     total [############......................................] 25.90%
this epoch [#############################.....................] 58.96%
       810 iter, 2 epoch / 10 epochs
   0.57956 iters/sec. Estimated time to finish: 1:06:39.342864.
[4A[J     total [#############.....................................] 26.22%
this epoch [###############################...................] 62.16%
       820 iter, 2 epoch / 10 epochs
   0.57764 iters/sec. Estimated time to finish: 1:06:35.318863.
[4A[J     total [#############.....................................] 26.54%
this epoch [################################..................] 65.36%
       830 iter, 2 epoch / 10 epochs
   0.57646 iters/sec. Estimated time to finish: 1:06:26.172463.
[4A[J     total [#############.....................................] 26.86%
this epoch [##################################................] 68.55%
       840 iter, 2 epoch / 10 epochs
   0.57469 iters/sec. Estimated time to finish: 1:06:21.012842.
[4A[J     total [#############.....................................] 27.18%
this epoch [###################################...............] 71.75%
       850 iter, 2 epoch / 10 epochs
   0.57242 iters/sec. Estimated time to finish: 1:06:19.328480.
[4A[J     total [#############.....................................] 27.49%
this epoch [#####################################.............] 74.95%
       860 iter, 2 epoch / 10 epochs
   0.57025 iters/sec. Estimated time to finish: 1:06:16.910787.
[4A[J     total [#############.....................................] 27.81%
this epoch [#######################################...........] 78.15%
       870 iter, 2 epoch / 10 epochs
   0.56871 iters/sec. Estimated time to finish: 1:06:10.145826.
[4A[J     total [##############....................................] 28.13%
this epoch [########################################..........] 81.34%
       880 iter, 2 epoch / 10 epochs
   0.56771 iters/sec. Estimated time to finish: 1:05:59.476683.
[4A[J     total [##############....................................] 28.45%
this epoch [##########################################........] 84.54%
       890 iter, 2 epoch / 10 epochs
   0.56636 iters/sec. Estimated time to finish: 1:05:51.318798.
[4A[J     total [##############....................................] 28.77%
this epoch [###########################################.......] 87.74%
       900 iter, 2 epoch / 10 epochs
   0.56418 iters/sec. Estimated time to finish: 1:05:48.851078.
[4A[J     total [##############....................................] 29.09%
this epoch [#############################################.....] 90.93%
       910 iter, 2 epoch / 10 epochs
   0.56294 iters/sec. Estimated time to finish: 1:05:39.787012.
[4A[J     total [##############....................................] 29.41%
this epoch [###############################################...] 94.13%
       920 iter, 2 epoch / 10 epochs
   0.56233 iters/sec. Estimated time to finish: 1:05:26.266279.
[4A[J     total [##############....................................] 29.73%
this epoch [################################################..] 97.33%
       930 iter, 2 epoch / 10 epochs
   0.56154 iters/sec. Estimated time to finish: 1:05:13.961524.
[4A[J3           4.76635                           0.112314                                 1675.65       
[J     total [###############...................................] 30.05%
this epoch [..................................................]  0.53%
       940 iter, 3 epoch / 10 epochs
   0.56026 iters/sec. Estimated time to finish: 1:05:05.064886.
[4A[J     total [###############...................................] 30.37%
this epoch [#.................................................]  3.72%
       950 iter, 3 epoch / 10 epochs
   0.55885 iters/sec. Estimated time to finish: 1:04:57.056200.
[4A[J     total [###############...................................] 30.69%
this epoch [###...............................................]  6.92%
       960 iter, 3 epoch / 10 epochs
   0.55823 iters/sec. Estimated time to finish: 1:04:43.425133.
[4A[J     total [###############...................................] 31.01%
this epoch [#####.............................................] 10.12%
       970 iter, 3 epoch / 10 epochs
   0.55761 iters/sec. Estimated time to finish: 1:04:29.798098.
[4A[J     total [###############...................................] 31.33%
this epoch [######............................................] 13.31%
       980 iter, 3 epoch / 10 epochs
   0.55683 iters/sec. Estimated time to finish: 1:04:17.287463.
[4A[J     total [###############...................................] 31.65%
this epoch [########..........................................] 16.51%
       990 iter, 3 epoch / 10 epochs
   0.55575 iters/sec. Estimated time to finish: 1:04:06.802666.
[4A[J     total [###############...................................] 31.97%
this epoch [#########.........................................] 19.71%
      1000 iter, 3 epoch / 10 epochs
   0.55417 iters/sec. Estimated time to finish: 1:03:59.741997.
[4A[J     total [################..................................] 32.29%
this epoch [###########.......................................] 22.91%
      1010 iter, 3 epoch / 10 epochs
   0.55156 iters/sec. Estimated time to finish: 1:03:59.721644.
[4A[J     total [################..................................] 32.61%
this epoch [#############.....................................] 26.10%
      1020 iter, 3 epoch / 10 epochs
   0.55012 iters/sec. Estimated time to finish: 1:03:51.644383.
[4A[J     total [################..................................] 32.93%
this epoch [##############....................................] 29.30%
      1030 iter, 3 epoch / 10 epochs
   0.54897 iters/sec. Estimated time to finish: 1:03:41.435805.
[4A[J     total [################..................................] 33.25%
this epoch [################..................................] 32.50%
      1040 iter, 3 epoch / 10 epochs
   0.54632 iters/sec. Estimated time to finish: 1:03:41.654753.
[4A[J     total [################..................................] 33.57%
this epoch [#################.................................] 35.69%
      1050 iter, 3 epoch / 10 epochs
   0.54431 iters/sec. Estimated time to finish: 1:03:37.429968.
[4A[J     total [################..................................] 33.89%
this epoch [###################...............................] 38.89%
      1060 iter, 3 epoch / 10 epochs
   0.54297 iters/sec. Estimated time to finish: 1:03:28.425393.
[4A[J     total [#################.................................] 34.21%
this epoch [#####################.............................] 42.09%
      1070 iter, 3 epoch / 10 epochs
   0.54166 iters/sec. Estimated time to finish: 1:03:19.164879.
[4A[J     total [#################.................................] 34.53%
this epoch [######################............................] 45.28%
      1080 iter, 3 epoch / 10 epochs
   0.54121 iters/sec. Estimated time to finish: 1:03:03.864690.
[4A[J     total [#################.................................] 34.85%
this epoch [########################..........................] 48.48%
      1090 iter, 3 epoch / 10 epochs
   0.53892 iters/sec. Estimated time to finish: 1:03:01.386028.
[4A[J     total [#################.................................] 35.17%
this epoch [#########################.........................] 51.68%
      1100 iter, 3 epoch / 10 epochs
   0.53729 iters/sec. Estimated time to finish: 1:02:54.223427.
[4A[J     total [#################.................................] 35.49%
this epoch [###########################.......................] 54.88%
      1110 iter, 3 epoch / 10 epochs
   0.53631 iters/sec. Estimated time to finish: 1:02:42.441487.
[4A[J     total [#################.................................] 35.81%
this epoch [#############################.....................] 58.07%
      1120 iter, 3 epoch / 10 epochs
   0.53503 iters/sec. Estimated time to finish: 1:02:32.763302.
[4A[J     total [##################................................] 36.13%
this epoch [##############################....................] 61.27%
      1130 iter, 3 epoch / 10 epochs
   0.53378 iters/sec. Estimated time to finish: 1:02:22.840113.
[4A[J     total [##################................................] 36.45%
this epoch [################################..................] 64.47%
      1140 iter, 3 epoch / 10 epochs
   0.53145 iters/sec. Estimated time to finish: 1:02:20.428193.
[4A[J     total [##################................................] 36.77%
this epoch [#################################.................] 67.66%
      1150 iter, 3 epoch / 10 epochs
   0.52907 iters/sec. Estimated time to finish: 1:02:18.380046.
[4A[J     total [##################................................] 37.09%
this epoch [###################################...............] 70.86%
      1160 iter, 3 epoch / 10 epochs
   0.52722 iters/sec. Estimated time to finish: 1:02:12.513620.
[4A[J     total [##################................................] 37.41%
this epoch [#####################################.............] 74.06%
      1170 iter, 3 epoch / 10 epochs
   0.52255 iters/sec. Estimated time to finish: 1:02:26.700202.
[4A[J     total [##################................................] 37.73%
this epoch [######################################............] 77.26%
      1180 iter, 3 epoch / 10 epochs
   0.52204 iters/sec. Estimated time to finish: 1:02:11.206831.
[4A[J     total [###################...............................] 38.05%
this epoch [########################################..........] 80.45%
      1190 iter, 3 epoch / 10 epochs
   0.52165 iters/sec. Estimated time to finish: 1:01:54.834879.
[4A[J     total [###################...............................] 38.36%
this epoch [#########################################.........] 83.65%
      1200 iter, 3 epoch / 10 epochs
   0.52055 iters/sec. Estimated time to finish: 1:01:43.471299.
[4A[J     total [###################...............................] 38.68%
this epoch [###########################################.......] 86.85%
      1210 iter, 3 epoch / 10 epochs
   0.52073 iters/sec. Estimated time to finish: 1:01:22.981449.
[4A[J     total [###################...............................] 39.00%
this epoch [#############################################.....] 90.04%
      1220 iter, 3 epoch / 10 epochs
   0.52099 iters/sec. Estimated time to finish: 1:01:01.969432.
[4A[J     total [###################...............................] 39.32%
this epoch [##############################################....] 93.24%
      1230 iter, 3 epoch / 10 epochs
    0.5204 iters/sec. Estimated time to finish: 1:00:46.881986.
[4A[J     total [###################...............................] 39.64%
this epoch [################################################..] 96.44%
      1240 iter, 3 epoch / 10 epochs
   0.52006 iters/sec. Estimated time to finish: 1:00:30.089493.
[4A[J     total [###################...............................] 39.96%
this epoch [#################################################.] 99.64%
      1250 iter, 3 epoch / 10 epochs
   0.51842 iters/sec. Estimated time to finish: 1:00:22.255663.
[4A[J4           4.39252                           0.15459                                  2321.98       
[J     total [####################..............................] 40.28%
this epoch [#.................................................]  2.83%
      1260 iter, 4 epoch / 10 epochs
   0.51751 iters/sec. Estimated time to finish: 1:00:09.276755.
[4A[J     total [####################..............................] 40.60%
this epoch [###...............................................]  6.03%
      1270 iter, 4 epoch / 10 epochs
   0.51663 iters/sec. Estimated time to finish: 0:59:56.089469.
[4A[J     total [####################..............................] 40.92%
this epoch [####..............................................]  9.23%
      1280 iter, 4 epoch / 10 epochs
   0.51465 iters/sec. Estimated time to finish: 0:59:50.498780.
[4A[J     total [####################..............................] 41.24%
this epoch [######............................................] 12.42%
      1290 iter, 4 epoch / 10 epochs
   0.51288 iters/sec. Estimated time to finish: 0:59:43.376239.
[4A[J     total [####################..............................] 41.56%
this epoch [#######...........................................] 15.62%
      1300 iter, 4 epoch / 10 epochs
   0.51106 iters/sec. Estimated time to finish: 0:59:36.554340.
[4A[J     total [####################..............................] 41.88%
this epoch [#########.........................................] 18.82%
      1310 iter, 4 epoch / 10 epochs
   0.50973 iters/sec. Estimated time to finish: 0:59:26.297082.
[4A[J     total [#####################.............................] 42.20%
this epoch [###########.......................................] 22.01%
      1320 iter, 4 epoch / 10 epochs
   0.50998 iters/sec. Estimated time to finish: 0:59:04.918937.
[4A[J     total [#####################.............................] 42.52%
this epoch [############......................................] 25.21%
      1330 iter, 4 epoch / 10 epochs
   0.50939 iters/sec. Estimated time to finish: 0:58:49.387616.
[4A[J     total [#####################.............................] 42.84%
this epoch [##############....................................] 28.41%
      1340 iter, 4 epoch / 10 epochs
   0.50893 iters/sec. Estimated time to finish: 0:58:32.961268.
[4A[J     total [#####################.............................] 43.16%
this epoch [###############...................................] 31.61%
      1350 iter, 4 epoch / 10 epochs
   0.50871 iters/sec. Estimated time to finish: 0:58:14.800982.
[4A[J     total [#####################.............................] 43.48%
this epoch [#################.................................] 34.80%
      1360 iter, 4 epoch / 10 epochs
   0.50874 iters/sec. Estimated time to finish: 0:57:54.959384.
[4A[J     total [#####################.............................] 43.80%
this epoch [###################...............................] 38.00%
      1370 iter, 4 epoch / 10 epochs
   0.50887 iters/sec. Estimated time to finish: 0:57:34.418027.
[4A[J     total [######################............................] 44.12%
this epoch [####################..............................] 41.20%
      1380 iter, 4 epoch / 10 epochs
   0.50838 iters/sec. Estimated time to finish: 0:57:18.108267.
[4A[J     total [######################............................] 44.44%
this epoch [######################............................] 44.39%
      1390 iter, 4 epoch / 10 epochs
   0.50736 iters/sec. Estimated time to finish: 0:57:05.312848.
[4A[J     total [######################............................] 44.76%
this epoch [#######################...........................] 47.59%
      1400 iter, 4 epoch / 10 epochs
   0.50634 iters/sec. Estimated time to finish: 0:56:52.432447.
[4A[J     total [######################............................] 45.08%
this epoch [#########################.........................] 50.79%
      1410 iter, 4 epoch / 10 epochs
   0.50568 iters/sec. Estimated time to finish: 0:56:37.113706.
[4A[J     total [######################............................] 45.40%
this epoch [##########################........................] 53.99%
      1420 iter, 4 epoch / 10 epochs
   0.50498 iters/sec. Estimated time to finish: 0:56:21.994637.
[4A[J     total [######################............................] 45.72%
this epoch [############################......................] 57.18%
      1430 iter, 4 epoch / 10 epochs
   0.50367 iters/sec. Estimated time to finish: 0:56:10.938454.
[4A[J     total [#######################...........................] 46.04%
this epoch [##############################....................] 60.38%
      1440 iter, 4 epoch / 10 epochs
   0.50253 iters/sec. Estimated time to finish: 0:55:58.678150.
[4A[J     total [#######################...........................] 46.36%
this epoch [###############################...................] 63.58%
      1450 iter, 4 epoch / 10 epochs
   0.50156 iters/sec. Estimated time to finish: 0:55:45.272813.
[4A[J     total [#######################...........................] 46.68%
this epoch [#################################.................] 66.77%
      1460 iter, 4 epoch / 10 epochs
   0.50199 iters/sec. Estimated time to finish: 0:55:22.481454.
[4A[J     total [#######################...........................] 47.00%
this epoch [##################################................] 69.97%
      1470 iter, 4 epoch / 10 epochs
   0.50212 iters/sec. Estimated time to finish: 0:55:01.701767.
[4A[J     total [#######################...........................] 47.32%
this epoch [####################################..............] 73.17%
      1480 iter, 4 epoch / 10 epochs
   0.50133 iters/sec. Estimated time to finish: 0:54:46.979255.
[4A[J     total [#######################...........................] 47.64%
this epoch [######################################............] 76.37%
      1490 iter, 4 epoch / 10 epochs
   0.50053 iters/sec. Estimated time to finish: 0:54:32.206882.
[4A[J     total [#######################...........................] 47.96%
this epoch [#######################################...........] 79.56%
      1500 iter, 4 epoch / 10 epochs
   0.50073 iters/sec. Estimated time to finish: 0:54:10.945900.
[4A[J     total [########################..........................] 48.28%
this epoch [#########################################.........] 82.76%
      1510 iter, 4 epoch / 10 epochs
   0.50126 iters/sec. Estimated time to finish: 0:53:47.589313.
[4A[J     total [########################..........................] 48.60%
this epoch [##########################################........] 85.96%
      1520 iter, 4 epoch / 10 epochs
   0.50075 iters/sec. Estimated time to finish: 0:53:30.895661.
[4A[J     total [########################..........................] 48.92%
this epoch [############################################......] 89.15%
      1530 iter, 4 epoch / 10 epochs
   0.50038 iters/sec. Estimated time to finish: 0:53:13.268384.
[4A[J     total [########################..........................] 49.24%
this epoch [##############################################....] 92.35%
      1540 iter, 4 epoch / 10 epochs
   0.49984 iters/sec. Estimated time to finish: 0:52:56.702538.
[4A[J     total [########################..........................] 49.55%
this epoch [###############################################...] 95.55%
      1550 iter, 4 epoch / 10 epochs
   0.49983 iters/sec. Estimated time to finish: 0:52:36.775039.
[4A[J     total [########################..........................] 49.87%
this epoch [#################################################.] 98.74%
      1560 iter, 4 epoch / 10 epochs
   0.50027 iters/sec. Estimated time to finish: 0:52:14.039625.
[4A[J5           4.14018                           0.183012                                 2935.37       
[J     total [#########################.........................] 50.19%
this epoch [..................................................]  1.94%
      1570 iter, 5 epoch / 10 epochs
   0.49911 iters/sec. Estimated time to finish: 0:52:01.274613.
[4A[J     total [#########################.........................] 50.51%
this epoch [##................................................]  5.14%
      1580 iter, 5 epoch / 10 epochs
   0.49835 iters/sec. Estimated time to finish: 0:51:45.922051.
[4A[J     total [#########################.........................] 50.83%
this epoch [####..............................................]  8.34%
      1590 iter, 5 epoch / 10 epochs
   0.49845 iters/sec. Estimated time to finish: 0:51:25.273708.
[4A[J     total [#########################.........................] 51.15%
this epoch [#####.............................................] 11.53%
      1600 iter, 5 epoch / 10 epochs
    0.4992 iters/sec. Estimated time to finish: 0:51:00.608595.
[4A[J     total [#########################.........................] 51.47%
this epoch [#######...........................................] 14.73%
      1610 iter, 5 epoch / 10 epochs
   0.49966 iters/sec. Estimated time to finish: 0:50:37.789768.
[4A[J     total [#########################.........................] 51.79%
this epoch [########..........................................] 17.93%
      1620 iter, 5 epoch / 10 epochs
   0.49894 iters/sec. Estimated time to finish: 0:50:22.097920.
[4A[J     total [##########################........................] 52.11%
this epoch [##########........................................] 21.12%
      1630 iter, 5 epoch / 10 epochs
   0.49821 iters/sec. Estimated time to finish: 0:50:06.460807.
[4A[J     total [##########################........................] 52.43%
this epoch [############......................................] 24.32%
      1640 iter, 5 epoch / 10 epochs
   0.49799 iters/sec. Estimated time to finish: 0:49:47.695222.
[4A[J     total [##########################........................] 52.75%
this epoch [#############.....................................] 27.52%
      1650 iter, 5 epoch / 10 epochs
   0.49841 iters/sec. Estimated time to finish: 0:49:25.103875.
[4A[J     total [##########################........................] 53.07%
this epoch [###############...................................] 30.72%
      1660 iter, 5 epoch / 10 epochs
   0.49867 iters/sec. Estimated time to finish: 0:49:03.533399.
[4A[J     total [##########################........................] 53.39%
this epoch [################..................................] 33.91%
      1670 iter, 5 epoch / 10 epochs
   0.49844 iters/sec. Estimated time to finish: 0:48:44.837978.
[4A[J     total [##########################........................] 53.71%
this epoch [##################................................] 37.11%
      1680 iter, 5 epoch / 10 epochs
   0.49851 iters/sec. Estimated time to finish: 0:48:24.349563.
[4A[J     total [###########################.......................] 54.03%
this epoch [####################..............................] 40.31%
      1690 iter, 5 epoch / 10 epochs
   0.49899 iters/sec. Estimated time to finish: 0:48:01.538733.
[4A[J     total [###########################.......................] 54.35%
this epoch [#####################.............................] 43.50%
      1700 iter, 5 epoch / 10 epochs
   0.49971 iters/sec. Estimated time to finish: 0:47:37.367324.
[4A[J     total [###########################.......................] 54.67%
this epoch [#######################...........................] 46.70%
      1710 iter, 5 epoch / 10 epochs
   0.49962 iters/sec. Estimated time to finish: 0:47:17.843675.
[4A[J     total [###########################.......................] 54.99%
this epoch [########################..........................] 49.90%
      1720 iter, 5 epoch / 10 epochs
    0.4999 iters/sec. Estimated time to finish: 0:46:56.287965.
[4A[J     total [###########################.......................] 55.31%
this epoch [##########################........................] 53.10%
      1730 iter, 5 epoch / 10 epochs
   0.50063 iters/sec. Estimated time to finish: 0:46:32.210660.
[4A[J     total [###########################.......................] 55.63%
this epoch [############################......................] 56.29%
      1740 iter, 5 epoch / 10 epochs
   0.50144 iters/sec. Estimated time to finish: 0:46:07.757222.
[4A[J     total [###########################.......................] 55.95%
this epoch [#############################.....................] 59.49%
      1750 iter, 5 epoch / 10 epochs
    0.5025 iters/sec. Estimated time to finish: 0:45:42.019672.
[4A[J     total [############################......................] 56.27%
this epoch [###############################...................] 62.69%
      1760 iter, 5 epoch / 10 epochs
   0.50251 iters/sec. Estimated time to finish: 0:45:22.058602.
[4A[J     total [############################......................] 56.59%
this epoch [################################..................] 65.88%
      1770 iter, 5 epoch / 10 epochs
   0.50264 iters/sec. Estimated time to finish: 0:45:01.413254.
[4A[J     total [############################......................] 56.91%
this epoch [##################################................] 69.08%
      1780 iter, 5 epoch / 10 epochs
   0.50339 iters/sec. Estimated time to finish: 0:44:37.575612.
[4A[J     total [############################......................] 57.23%
this epoch [####################################..............] 72.28%
      1790 iter, 5 epoch / 10 epochs
   0.50349 iters/sec. Estimated time to finish: 0:44:17.150279.
[4A[J     total [############################......................] 57.55%
this epoch [#####################################.............] 75.47%
      1800 iter, 5 epoch / 10 epochs
   0.50362 iters/sec. Estimated time to finish: 0:43:56.629443.
[4A[J     total [############################......................] 57.87%
this epoch [#######################################...........] 78.67%
      1810 iter, 5 epoch / 10 epochs
    0.5034 iters/sec. Estimated time to finish: 0:43:37.888878.
[4A[J     total [#############################.....................] 58.19%
this epoch [########################################..........] 81.87%
      1820 iter, 5 epoch / 10 epochs
   0.50339 iters/sec. Estimated time to finish: 0:43:18.080872.
[4A[J     total [#############################.....................] 58.51%
this epoch [##########################################........] 85.07%
      1830 iter, 5 epoch / 10 epochs
   0.50377 iters/sec. Estimated time to finish: 0:42:56.291315.
[4A[J     total [#############################.....................] 58.83%
this epoch [############################################......] 88.26%
      1840 iter, 5 epoch / 10 epochs
   0.50453 iters/sec. Estimated time to finish: 0:42:32.560491.
[4A[J     total [#############################.....................] 59.15%
this epoch [#############################################.....] 91.46%
      1850 iter, 5 epoch / 10 epochs
    0.5052 iters/sec. Estimated time to finish: 0:42:09.400271.
[4A[J     total [#############################.....................] 59.47%
this epoch [###############################################...] 94.66%
      1860 iter, 5 epoch / 10 epochs
   0.50529 iters/sec. Estimated time to finish: 0:41:49.154564.
[4A[J     total [#############################.....................] 59.79%
this epoch [################################################..] 97.85%
      1870 iter, 5 epoch / 10 epochs
   0.50557 iters/sec. Estimated time to finish: 0:41:27.974189.
[4A[J6           3.95759                           0.206969                                 3522.61       
[J     total [##############################....................] 60.11%
this epoch [..................................................]  1.05%
      1880 iter, 6 epoch / 10 epochs
   0.50594 iters/sec. Estimated time to finish: 0:41:06.403585.
[4A[J     total [##############################....................] 60.42%
this epoch [##................................................]  4.25%
      1890 iter, 6 epoch / 10 epochs
   0.50731 iters/sec. Estimated time to finish: 0:40:40.013108.
[4A[J     total [##############################....................] 60.74%
this epoch [###...............................................]  7.45%
      1900 iter, 6 epoch / 10 epochs
   0.50774 iters/sec. Estimated time to finish: 0:40:18.278908.
[4A[J     total [##############################....................] 61.06%
this epoch [#####.............................................] 10.64%
      1910 iter, 6 epoch / 10 epochs
   0.50778 iters/sec. Estimated time to finish: 0:39:58.402152.
[4A[J     total [##############################....................] 61.38%
this epoch [######............................................] 13.84%
      1920 iter, 6 epoch / 10 epochs
   0.50785 iters/sec. Estimated time to finish: 0:39:38.354758.
[4A[J     total [##############################....................] 61.70%
this epoch [########..........................................] 17.04%
      1930 iter, 6 epoch / 10 epochs
   0.50839 iters/sec. Estimated time to finish: 0:39:16.177132.
[4A[J     total [###############################...................] 62.02%
this epoch [##########........................................] 20.23%
      1940 iter, 6 epoch / 10 epochs
   0.50851 iters/sec. Estimated time to finish: 0:38:55.942510.
[4A[J     total [###############################...................] 62.34%
this epoch [###########.......................................] 23.43%
      1950 iter, 6 epoch / 10 epochs
   0.50789 iters/sec. Estimated time to finish: 0:38:39.088123.
[4A[J     total [###############################...................] 62.66%
this epoch [#############.....................................] 26.63%
      1960 iter, 6 epoch / 10 epochs
   0.50764 iters/sec. Estimated time to finish: 0:38:20.561270.
[4A[J     total [###############################...................] 62.98%
this epoch [##############....................................] 29.83%
      1970 iter, 6 epoch / 10 epochs
   0.50753 iters/sec. Estimated time to finish: 0:38:01.345743.
[4A[J     total [###############################...................] 63.30%
this epoch [################..................................] 33.02%
      1980 iter, 6 epoch / 10 epochs
    0.5078 iters/sec. Estimated time to finish: 0:37:40.443241.
[4A[J     total [###############################...................] 63.62%
this epoch [##################................................] 36.22%
      1990 iter, 6 epoch / 10 epochs
   0.50867 iters/sec. Estimated time to finish: 0:37:16.934565.
[4A[J     total [###############################...................] 63.94%
this epoch [###################...............................] 39.42%
      2000 iter, 6 epoch / 10 epochs
   0.50847 iters/sec. Estimated time to finish: 0:36:58.140589.
[4A[J     total [################################..................] 64.26%
this epoch [#####################.............................] 42.61%
      2010 iter, 6 epoch / 10 epochs
   0.50831 iters/sec. Estimated time to finish: 0:36:39.166474.
[4A[J     total [################################..................] 64.58%
this epoch [######################............................] 45.81%
      2020 iter, 6 epoch / 10 epochs
   0.50868 iters/sec. Estimated time to finish: 0:36:17.874294.
[4A[J     total [################################..................] 64.90%
this epoch [########################..........................] 49.01%
      2030 iter, 6 epoch / 10 epochs
   0.50946 iters/sec. Estimated time to finish: 0:35:54.920645.
[4A[J     total [################################..................] 65.22%
this epoch [##########################........................] 52.20%
      2040 iter, 6 epoch / 10 epochs
   0.50985 iters/sec. Estimated time to finish: 0:35:33.688191.
[4A[J     total [################################..................] 65.54%
this epoch [###########################.......................] 55.40%
      2050 iter, 6 epoch / 10 epochs
   0.50907 iters/sec. Estimated time to finish: 0:35:17.306087.
[4A[J     total [################################..................] 65.86%
this epoch [#############################.....................] 58.60%
      2060 iter, 6 epoch / 10 epochs
    0.5086 iters/sec. Estimated time to finish: 0:34:59.592531.
[4A[J     total [#################################.................] 66.18%
this epoch [##############################....................] 61.80%
      2070 iter, 6 epoch / 10 epochs
   0.50821 iters/sec. Estimated time to finish: 0:34:41.530550.
[4A[J     total [#################################.................] 66.50%
this epoch [################################..................] 64.99%
      2080 iter, 6 epoch / 10 epochs
   0.50896 iters/sec. Estimated time to finish: 0:34:18.810602.
[4A[J     total [#################################.................] 66.82%
this epoch [##################################................] 68.19%
      2090 iter, 6 epoch / 10 epochs
   0.50872 iters/sec. Estimated time to finish: 0:34:00.112527.
[4A[J     total [#################################.................] 67.14%
this epoch [###################################...............] 71.39%
      2100 iter, 6 epoch / 10 epochs
   0.50685 iters/sec. Estimated time to finish: 0:33:47.929635.
[4A[J     total [#################################.................] 67.46%
this epoch [#####################################.............] 74.58%
      2110 iter, 6 epoch / 10 epochs
   0.50545 iters/sec. Estimated time to finish: 0:33:33.771572.
[4A[J     total [#################################.................] 67.78%
this epoch [######################################............] 77.78%
      2120 iter, 6 epoch / 10 epochs
   0.50476 iters/sec. Estimated time to finish: 0:33:16.678730.
[4A[J     total [##################################................] 68.10%
this epoch [########################################..........] 80.98%
      2130 iter, 6 epoch / 10 epochs
   0.50425 iters/sec. Estimated time to finish: 0:32:58.894441.
[4A[J     total [##################################................] 68.42%
this epoch [##########################################........] 84.18%
      2140 iter, 6 epoch / 10 epochs
   0.50346 iters/sec. Estimated time to finish: 0:32:42.122513.
[4A[J     total [##################################................] 68.74%
this epoch [###########################################.......] 87.37%
      2150 iter, 6 epoch / 10 epochs
   0.50232 iters/sec. Estimated time to finish: 0:32:26.687578.
[4A[J     total [##################################................] 69.06%
this epoch [#############################################.....] 90.57%
      2160 iter, 6 epoch / 10 epochs
    0.5042 iters/sec. Estimated time to finish: 0:31:59.597280.
[4A[J     total [##################################................] 69.38%
this epoch [##############################################....] 93.77%
      2170 iter, 6 epoch / 10 epochs
   0.50354 iters/sec. Estimated time to finish: 0:31:42.247772.
[4A[J     total [##################################................] 69.70%
this epoch [################################################..] 96.96%
      2180 iter, 6 epoch / 10 epochs
    0.5028 iters/sec. Estimated time to finish: 0:31:25.143959.
[4A[J7           3.81397                           0.225608                                 4191.92       
[J     total [###################################...............] 70.02%
this epoch [..................................................]  0.16%
      2190 iter, 7 epoch / 10 epochs
   0.50197 iters/sec. Estimated time to finish: 0:31:08.324006.
[4A[J     total [###################################...............] 70.34%
this epoch [#.................................................]  3.36%
      2200 iter, 7 epoch / 10 epochs
   0.50018 iters/sec. Estimated time to finish: 0:30:55.043365.
[4A[J     total [###################################...............] 70.66%
this epoch [###...............................................]  6.56%
      2210 iter, 7 epoch / 10 epochs
    0.4989 iters/sec. Estimated time to finish: 0:30:39.750511.
[4A[J     total [###################################...............] 70.98%
this epoch [####..............................................]  9.75%
      2220 iter, 7 epoch / 10 epochs
   0.49848 iters/sec. Estimated time to finish: 0:30:21.242899.
[4A[J     total [###################################...............] 71.29%
this epoch [######............................................] 12.95%
      2230 iter, 7 epoch / 10 epochs
    0.4974 iters/sec. Estimated time to finish: 0:30:05.083252.
[4A[J     total [###################################...............] 71.61%
this epoch [########..........................................] 16.15%
      2240 iter, 7 epoch / 10 epochs
     0.497 iters/sec. Estimated time to finish: 0:29:46.437272.
[4A[J     total [###################################...............] 71.93%
this epoch [#########.........................................] 19.34%
      2250 iter, 7 epoch / 10 epochs
   0.49595 iters/sec. Estimated time to finish: 0:29:30.045763.
[4A[J     total [####################################..............] 72.25%
this epoch [###########.......................................] 22.54%
      2260 iter, 7 epoch / 10 epochs
   0.49536 iters/sec. Estimated time to finish: 0:29:11.944255.
[4A[J     total [####################################..............] 72.57%
this epoch [############......................................] 25.74%
      2270 iter, 7 epoch / 10 epochs
   0.49555 iters/sec. Estimated time to finish: 0:28:51.124571.
[4A[J     total [####################################..............] 72.89%
this epoch [##############....................................] 28.93%
      2280 iter, 7 epoch / 10 epochs
   0.49477 iters/sec. Estimated time to finish: 0:28:33.620753.
[4A[J     total [####################################..............] 73.21%
this epoch [################..................................] 32.13%
      2290 iter, 7 epoch / 10 epochs
    0.4941 iters/sec. Estimated time to finish: 0:28:15.698789.
[4A[J     total [####################################..............] 73.53%
this epoch [#################.................................] 35.33%
      2300 iter, 7 epoch / 10 epochs
   0.49312 iters/sec. Estimated time to finish: 0:27:58.794056.
[4A[J     total [####################################..............] 73.85%
this epoch [###################...............................] 38.53%
      2310 iter, 7 epoch / 10 epochs
   0.49224 iters/sec. Estimated time to finish: 0:27:41.499479.
[4A[J     total [#####################################.............] 74.17%
this epoch [####################..............................] 41.72%
      2320 iter, 7 epoch / 10 epochs
   0.49205 iters/sec. Estimated time to finish: 0:27:21.792725.
[4A[J     total [#####################################.............] 74.49%
this epoch [######################............................] 44.92%
      2330 iter, 7 epoch / 10 epochs
   0.49079 iters/sec. Estimated time to finish: 0:27:05.635900.
[4A[J     total [#####################################.............] 74.81%
this epoch [########################..........................] 48.12%
      2340 iter, 7 epoch / 10 epochs
   0.48952 iters/sec. Estimated time to finish: 0:26:49.430007.
[4A[J     total [#####################################.............] 75.13%
this epoch [#########################.........................] 51.31%
      2350 iter, 7 epoch / 10 epochs
   0.48864 iters/sec. Estimated time to finish: 0:26:31.875723.
[4A[J     total [#####################################.............] 75.45%
this epoch [###########################.......................] 54.51%
      2360 iter, 7 epoch / 10 epochs
   0.48787 iters/sec. Estimated time to finish: 0:26:13.880633.
[4A[J     total [#####################################.............] 75.77%
this epoch [############################......................] 57.71%
      2370 iter, 7 epoch / 10 epochs
   0.48721 iters/sec. Estimated time to finish: 0:25:55.481042.
[4A[J     total [######################################............] 76.09%
this epoch [##############################....................] 60.91%
      2380 iter, 7 epoch / 10 epochs
   0.48608 iters/sec. Estimated time to finish: 0:25:38.534966.
[4A[J     total [######################################............] 76.41%
this epoch [################################..................] 64.10%
      2390 iter, 7 epoch / 10 epochs
   0.48531 iters/sec. Estimated time to finish: 0:25:20.386755.
[4A[J     total [######################################............] 76.73%
this epoch [#################################.................] 67.30%
      2400 iter, 7 epoch / 10 epochs
   0.48493 iters/sec. Estimated time to finish: 0:25:00.928528.
[4A[J     total [######################################............] 77.05%
this epoch [###################################...............] 70.50%
      2410 iter, 7 epoch / 10 epochs
   0.48434 iters/sec. Estimated time to finish: 0:24:42.113284.
[4A[J     total [######################################............] 77.37%
this epoch [####################################..............] 73.69%
      2420 iter, 7 epoch / 10 epochs
   0.48372 iters/sec. Estimated time to finish: 0:24:23.349117.
[4A[J     total [######################################............] 77.69%
this epoch [######################################............] 76.89%
      2430 iter, 7 epoch / 10 epochs
   0.48277 iters/sec. Estimated time to finish: 0:24:05.516562.
[4A[J     total [#######################################...........] 78.01%
this epoch [########################################..........] 80.09%
      2440 iter, 7 epoch / 10 epochs
   0.48204 iters/sec. Estimated time to finish: 0:23:46.960577.
[4A[J     total [#######################################...........] 78.33%
this epoch [#########################################.........] 83.29%
      2450 iter, 7 epoch / 10 epochs
   0.48065 iters/sec. Estimated time to finish: 0:23:30.282385.
[4A[J     total [#######################################...........] 78.65%
this epoch [###########################################.......] 86.48%
      2460 iter, 7 epoch / 10 epochs
   0.47964 iters/sec. Estimated time to finish: 0:23:12.389517.
[4A[J     total [#######################################...........] 78.97%
this epoch [############################################......] 89.68%
      2470 iter, 7 epoch / 10 epochs
   0.47908 iters/sec. Estimated time to finish: 0:22:53.168334.
[4A[J     total [#######################################...........] 79.29%
this epoch [##############################################....] 92.88%
      2480 iter, 7 epoch / 10 epochs
   0.47798 iters/sec. Estimated time to finish: 0:22:35.383070.
[4A[J     total [#######################################...........] 79.61%
this epoch [################################################..] 96.07%
      2490 iter, 7 epoch / 10 epochs
   0.47706 iters/sec. Estimated time to finish: 0:22:17.040831.
[4A[J     total [#######################################...........] 79.93%
this epoch [#################################################.] 99.27%
      2500 iter, 7 epoch / 10 epochs
   0.47612 iters/sec. Estimated time to finish: 0:21:58.695095.
[4A[J8           3.69359                           0.241763                                 4916.8        
[J     total [########################################..........] 80.25%
this epoch [#.................................................]  2.47%
      2510 iter, 8 epoch / 10 epochs
   0.47535 iters/sec. Estimated time to finish: 0:21:39.773338.
[4A[J     total [########################################..........] 80.57%
this epoch [##................................................]  5.66%
      2520 iter, 8 epoch / 10 epochs
   0.47452 iters/sec. Estimated time to finish: 0:21:20.977764.
[4A[J     total [########################################..........] 80.89%
this epoch [####..............................................]  8.86%
      2530 iter, 8 epoch / 10 epochs
   0.47427 iters/sec. Estimated time to finish: 0:21:00.575035.
[4A[J     total [########################################..........] 81.21%
this epoch [######............................................] 12.06%
      2540 iter, 8 epoch / 10 epochs
   0.47373 iters/sec. Estimated time to finish: 0:20:40.893275.
[4A[J     total [########################################..........] 81.53%
this epoch [#######...........................................] 15.26%
      2550 iter, 8 epoch / 10 epochs
   0.47291 iters/sec. Estimated time to finish: 0:20:21.893300.
[4A[J     total [########################################..........] 81.85%
this epoch [#########.........................................] 18.45%
      2560 iter, 8 epoch / 10 epochs
   0.47268 iters/sec. Estimated time to finish: 0:20:01.339766.
[4A[J     total [#########################################.........] 82.17%
this epoch [##########........................................] 21.65%
      2570 iter, 8 epoch / 10 epochs
   0.47165 iters/sec. Estimated time to finish: 0:19:42.769972.
[4A[J     total [#########################################.........] 82.48%
this epoch [############......................................] 24.85%
      2580 iter, 8 epoch / 10 epochs
   0.47047 iters/sec. Estimated time to finish: 0:19:24.479637.
[4A[J     total [#########################################.........] 82.80%
this epoch [##############....................................] 28.04%
      2590 iter, 8 epoch / 10 epochs
   0.46892 iters/sec. Estimated time to finish: 0:19:07.008003.
[4A[J     total [#########################################.........] 83.12%
this epoch [###############...................................] 31.24%
      2600 iter, 8 epoch / 10 epochs
   0.46808 iters/sec. Estimated time to finish: 0:18:47.701064.
[4A[J     total [#########################################.........] 83.44%
this epoch [#################.................................] 34.44%
      2610 iter, 8 epoch / 10 epochs
   0.46736 iters/sec. Estimated time to finish: 0:18:28.023981.
[4A[J     total [#########################################.........] 83.76%
this epoch [##################................................] 37.64%
      2620 iter, 8 epoch / 10 epochs
   0.46636 iters/sec. Estimated time to finish: 0:18:08.977817.
[4A[J     total [##########################################........] 84.08%
this epoch [####################..............................] 40.83%
      2630 iter, 8 epoch / 10 epochs
   0.46546 iters/sec. Estimated time to finish: 0:17:49.586211.
[4A[J     total [##########################################........] 84.40%
this epoch [######################............................] 44.03%
      2640 iter, 8 epoch / 10 epochs
   0.46484 iters/sec. Estimated time to finish: 0:17:29.502041.
[4A[J     total [##########################################........] 84.72%
this epoch [#######################...........................] 47.23%
      2650 iter, 8 epoch / 10 epochs
   0.46442 iters/sec. Estimated time to finish: 0:17:08.927352.
[4A[J     total [##########################################........] 85.04%
this epoch [#########################.........................] 50.42%
      2660 iter, 8 epoch / 10 epochs
   0.46394 iters/sec. Estimated time to finish: 0:16:48.423133.
[4A[J     total [##########################################........] 85.36%
this epoch [##########################........................] 53.62%
      2670 iter, 8 epoch / 10 epochs
   0.46344 iters/sec. Estimated time to finish: 0:16:27.932927.
[4A[J     total [##########################################........] 85.68%
this epoch [############################......................] 56.82%
      2680 iter, 8 epoch / 10 epochs
    0.4628 iters/sec. Estimated time to finish: 0:16:07.705037.
[4A[J     total [###########################################.......] 86.00%
this epoch [##############################....................] 60.02%
      2690 iter, 8 epoch / 10 epochs
    0.4621 iters/sec. Estimated time to finish: 0:15:47.533285.
[4A[J     total [###########################################.......] 86.32%
this epoch [###############################...................] 63.21%
      2700 iter, 8 epoch / 10 epochs
   0.46184 iters/sec. Estimated time to finish: 0:15:26.415067.
[4A[J     total [###########################################.......] 86.64%
this epoch [#################################.................] 66.41%
      2710 iter, 8 epoch / 10 epochs
   0.46062 iters/sec. Estimated time to finish: 0:15:07.144463.
[4A[J     total [###########################################.......] 86.96%
this epoch [##################################................] 69.61%
      2720 iter, 8 epoch / 10 epochs
    0.4597 iters/sec. Estimated time to finish: 0:14:47.206564.
[4A[J     total [###########################################.......] 87.28%
this epoch [####################################..............] 72.80%
      2730 iter, 8 epoch / 10 epochs
   0.45868 iters/sec. Estimated time to finish: 0:14:27.384115.
[4A[J     total [###########################################.......] 87.60%
this epoch [######################################............] 76.00%
      2740 iter, 8 epoch / 10 epochs
   0.45787 iters/sec. Estimated time to finish: 0:14:07.073189.
[4A[J     total [###########################################.......] 87.92%
this epoch [#######################################...........] 79.20%
      2750 iter, 8 epoch / 10 epochs
   0.45748 iters/sec. Estimated time to finish: 0:13:45.932713.
[4A[J     total [############################################......] 88.24%
this epoch [#########################################.........] 82.39%
      2760 iter, 8 epoch / 10 epochs
     0.456 iters/sec. Estimated time to finish: 0:13:26.695512.
[4A[J     total [############################################......] 88.56%
this epoch [##########################################........] 85.59%
      2770 iter, 8 epoch / 10 epochs
   0.45484 iters/sec. Estimated time to finish: 0:13:06.760421.
[4A[J     total [############################################......] 88.88%
this epoch [############################################......] 88.79%
      2780 iter, 8 epoch / 10 epochs
   0.45414 iters/sec. Estimated time to finish: 0:12:45.954223.
[4A[J     total [############################################......] 89.20%
this epoch [#############################################.....] 91.99%
      2790 iter, 8 epoch / 10 epochs
    0.4542 iters/sec. Estimated time to finish: 0:12:23.846711.
[4A[J     total [############################################......] 89.52%
this epoch [###############################################...] 95.18%
      2800 iter, 8 epoch / 10 epochs
   0.45425 iters/sec. Estimated time to finish: 0:12:01.748687.
[4A[J     total [############################################......] 89.84%
this epoch [#################################################.] 98.38%
      2810 iter, 8 epoch / 10 epochs
   0.45371 iters/sec. Estimated time to finish: 0:11:40.562302.
[4A[J9           3.59161                           0.255316                                 5601.91       
[J     total [#############################################.....] 90.16%
this epoch [..................................................]  1.58%
      2820 iter, 9 epoch / 10 epochs
   0.45342 iters/sec. Estimated time to finish: 0:11:18.961797.
[4A[J     total [#############################################.....] 90.48%
this epoch [##................................................]  4.77%
      2830 iter, 9 epoch / 10 epochs
   0.45358 iters/sec. Estimated time to finish: 0:10:56.663078.
[4A[J     total [#############################################.....] 90.80%
this epoch [###...............................................]  7.97%
      2840 iter, 9 epoch / 10 epochs
   0.45367 iters/sec. Estimated time to finish: 0:10:34.488938.
[4A[J     total [#############################################.....] 91.12%
this epoch [#####.............................................] 11.17%
      2850 iter, 9 epoch / 10 epochs
   0.45354 iters/sec. Estimated time to finish: 0:10:12.628396.
[4A[J     total [#############################################.....] 91.44%
this epoch [#######...........................................] 14.37%
      2860 iter, 9 epoch / 10 epochs
   0.45291 iters/sec. Estimated time to finish: 0:09:51.398388.
[4A[J     total [#############################################.....] 91.76%
this epoch [########..........................................] 17.56%
      2870 iter, 9 epoch / 10 epochs
   0.45279 iters/sec. Estimated time to finish: 0:09:29.466478.
[4A[J     total [##############################################....] 92.08%
this epoch [##########........................................] 20.76%
      2880 iter, 9 epoch / 10 epochs
   0.45249 iters/sec. Estimated time to finish: 0:09:07.752675.
[4A[J     total [##############################################....] 92.40%
this epoch [###########.......................................] 23.96%
      2890 iter, 9 epoch / 10 epochs
   0.45228 iters/sec. Estimated time to finish: 0:08:45.898365.
[4A[J     total [##############################################....] 92.72%
this epoch [#############.....................................] 27.15%
      2900 iter, 9 epoch / 10 epochs
   0.45137 iters/sec. Estimated time to finish: 0:08:24.801098.
[4A[J     total [##############################################....] 93.04%
this epoch [###############...................................] 30.35%
      2910 iter, 9 epoch / 10 epochs
   0.45069 iters/sec. Estimated time to finish: 0:08:03.374148.
[4A[J     total [##############################################....] 93.35%
this epoch [################..................................] 33.55%
      2920 iter, 9 epoch / 10 epochs
   0.45019 iters/sec. Estimated time to finish: 0:07:41.700746.
[4A[J     total [##############################################....] 93.67%
this epoch [##################................................] 36.75%
      2930 iter, 9 epoch / 10 epochs
   0.45032 iters/sec. Estimated time to finish: 0:07:19.358699.
[4A[J     total [##############################################....] 93.99%
this epoch [###################...............................] 39.94%
      2940 iter, 9 epoch / 10 epochs
   0.45059 iters/sec. Estimated time to finish: 0:06:56.899281.
[4A[J     total [###############################################...] 94.31%
this epoch [#####################.............................] 43.14%
      2950 iter, 9 epoch / 10 epochs
   0.45014 iters/sec. Estimated time to finish: 0:06:35.102070.
[4A[J     total [###############################################...] 94.63%
this epoch [#######################...........................] 46.34%
      2960 iter, 9 epoch / 10 epochs
   0.44993 iters/sec. Estimated time to finish: 0:06:13.059941.
[4A[J     total [###############################################...] 94.95%
this epoch [########################..........................] 49.53%
      2970 iter, 9 epoch / 10 epochs
   0.44994 iters/sec. Estimated time to finish: 0:05:50.825042.
[4A[J     total [###############################################...] 95.27%
this epoch [##########################........................] 52.73%
      2980 iter, 9 epoch / 10 epochs
   0.44983 iters/sec. Estimated time to finish: 0:05:28.681237.
[4A[J     total [###############################################...] 95.59%
this epoch [###########################.......................] 55.93%
      2990 iter, 9 epoch / 10 epochs
   0.45004 iters/sec. Estimated time to finish: 0:05:06.308554.
[4A[J     total [###############################################...] 95.91%
this epoch [#############################.....................] 59.12%
      3000 iter, 9 epoch / 10 epochs
   0.44937 iters/sec. Estimated time to finish: 0:04:44.513118.
[4A[J     total [################################################..] 96.23%
this epoch [###############################...................] 62.32%
      3010 iter, 9 epoch / 10 epochs
   0.44888 iters/sec. Estimated time to finish: 0:04:22.543150.
[4A[J     total [################################################..] 96.55%
this epoch [################################..................] 65.52%
      3020 iter, 9 epoch / 10 epochs
   0.44891 iters/sec. Estimated time to finish: 0:04:00.252552.
[4A[J     total [################################################..] 96.87%
this epoch [##################################................] 68.72%
      3030 iter, 9 epoch / 10 epochs
   0.44866 iters/sec. Estimated time to finish: 0:03:38.095688.
[4A[J     total [################################################..] 97.19%
this epoch [###################################...............] 71.91%
      3040 iter, 9 epoch / 10 epochs
   0.44891 iters/sec. Estimated time to finish: 0:03:15.699612.
[4A[J     total [################################################..] 97.51%
this epoch [#####################################.............] 75.11%
      3050 iter, 9 epoch / 10 epochs
   0.44865 iters/sec. Estimated time to finish: 0:02:53.523369.
[4A[J     total [################################################..] 97.83%
this epoch [#######################################...........] 78.31%
      3060 iter, 9 epoch / 10 epochs
   0.44877 iters/sec. Estimated time to finish: 0:02:31.193735.
[4A[J     total [#################################################.] 98.15%
this epoch [########################################..........] 81.50%
      3070 iter, 9 epoch / 10 epochs
   0.44857 iters/sec. Estimated time to finish: 0:02:08.967573.
[4A[J     total [#################################################.] 98.47%
this epoch [##########################################........] 84.70%
      3080 iter, 9 epoch / 10 epochs
   0.44839 iters/sec. Estimated time to finish: 0:01:46.718334.
[4A[J     total [#################################################.] 98.79%
this epoch [###########################################.......] 87.90%
      3090 iter, 9 epoch / 10 epochs
   0.44858 iters/sec. Estimated time to finish: 0:01:24.380959.
[4A[J     total [#################################################.] 99.11%
this epoch [#############################################.....] 91.10%
      3100 iter, 9 epoch / 10 epochs
   0.44884 iters/sec. Estimated time to finish: 0:01:02.052850.
[4A[J     total [#################################################.] 99.43%
this epoch [###############################################...] 94.29%
      3110 iter, 9 epoch / 10 epochs
   0.44929 iters/sec. Estimated time to finish: 0:00:39.732837.
[4A[J     total [#################################################.] 99.75%
this epoch [################################################..] 97.49%
      3120 iter, 9 epoch / 10 epochs
   0.44991 iters/sec. Estimated time to finish: 0:00:17.451491.
[4A[J10          3.50996                           0.265825                                 6265.31       
[J