No Modulefiles Currently Loaded.
Currently Loaded Modulefiles:
  1) cuda/9.0/9.0.176.4   3) nccl/2.3/2.3.5-2
  2) cudnn/7.3/7.3.1      4) openmpi/2.1.6
Currently Loaded Modulefiles:
  1) cuda/9.0/9.0.176.4   3) nccl/2.3/2.3.5-2
  2) cudnn/7.3/7.3.1      4) openmpi/2.1.6
Currently Loaded Modulefiles:
  1) cuda/9.0/9.0.176.4   3) nccl/2.3/2.3.5-2
  2) cudnn/7.3/7.3.1      4) openmpi/2.1.6
==========================================
Num of GPUs : 512
Model :  vgg
Minibatch-size: 32
Epochs: 10
==========================================
Starting training .....
--------------------------------------------------------------------------
A process has executed an operation involving a call to the
"fork()" system call to create a child process.  Open MPI is currently
operating in a condition that could result in memory corruption or
other system errors; your job may hang, crash, or produce silent
data corruption.  The use of fork() (or system() or other calls that
create child processes) is strongly discouraged.

The process that invoked fork was:

  Local host:          [[53542,1],0] (PID 133075)

If you are *absolutely sure* that your application will successfully
and correctly survive a call to fork(), you may disable this warning
by setting the mpi_warn_on_fork MCA parameter to 0.
--------------------------------------------------------------------------
epoch       main/loss   validation/main/loss  main/accuracy  validation/main/accuracy  elapsed_time
[J     total [..................................................]  0.32%
this epoch [#.................................................]  3.20%
        10 iter, 0 epoch / 10 epochs
       inf iters/sec. Estimated time to finish: 0:00:00.
[4A[J     total [..................................................]  0.64%
this epoch [###...............................................]  6.39%
        20 iter, 0 epoch / 10 epochs
   0.33894 iters/sec. Estimated time to finish: 2:32:50.141882.
[4A[J     total [..................................................]  0.96%
this epoch [####..............................................]  9.59%
        30 iter, 0 epoch / 10 epochs
   0.34261 iters/sec. Estimated time to finish: 2:30:42.781681.
[4A[J     total [..................................................]  1.28%
this epoch [######............................................] 12.79%
        40 iter, 0 epoch / 10 epochs
   0.32121 iters/sec. Estimated time to finish: 2:40:13.937880.
[4A[J     total [..................................................]  1.60%
this epoch [#######...........................................] 15.98%
        50 iter, 0 epoch / 10 epochs
    0.3166 iters/sec. Estimated time to finish: 2:42:02.291638.
[4A[J     total [..................................................]  1.92%
this epoch [#########.........................................] 19.18%
        60 iter, 0 epoch / 10 epochs
   0.30808 iters/sec. Estimated time to finish: 2:45:58.859611.
[4A[J     total [#.................................................]  2.24%
this epoch [###########.......................................] 22.38%
        70 iter, 0 epoch / 10 epochs
   0.30212 iters/sec. Estimated time to finish: 2:48:42.146770.
[4A[J     total [#.................................................]  2.56%
this epoch [############......................................] 25.57%
        80 iter, 0 epoch / 10 epochs
   0.30316 iters/sec. Estimated time to finish: 2:47:34.627223.
[4A[J     total [#.................................................]  2.88%
this epoch [##############....................................] 28.77%
        90 iter, 0 epoch / 10 epochs
   0.29498 iters/sec. Estimated time to finish: 2:51:39.317191.
[4A[J     total [#.................................................]  3.20%
this epoch [###############...................................] 31.97%
       100 iter, 0 epoch / 10 epochs
   0.29401 iters/sec. Estimated time to finish: 2:51:39.261078.
[4A[J     total [#.................................................]  3.52%
this epoch [#################.................................] 35.16%
       110 iter, 0 epoch / 10 epochs
   0.28717 iters/sec. Estimated time to finish: 2:55:09.808306.
[4A[J     total [#.................................................]  3.84%
this epoch [###################...............................] 38.36%
       120 iter, 0 epoch / 10 epochs
   0.28683 iters/sec. Estimated time to finish: 2:54:47.571360.
[4A[J     total [##................................................]  4.16%
this epoch [####################..............................] 41.56%
       130 iter, 0 epoch / 10 epochs
   0.28354 iters/sec. Estimated time to finish: 2:56:14.007014.
[4A[J     total [##................................................]  4.48%
this epoch [######################............................] 44.76%
       140 iter, 0 epoch / 10 epochs
   0.28318 iters/sec. Estimated time to finish: 2:55:51.912907.
[4A[J     total [##................................................]  4.80%
this epoch [#######################...........................] 47.95%
       150 iter, 0 epoch / 10 epochs
   0.28206 iters/sec. Estimated time to finish: 2:55:58.607984.
[4A[J     total [##................................................]  5.11%
this epoch [#########################.........................] 51.15%
       160 iter, 0 epoch / 10 epochs
   0.27968 iters/sec. Estimated time to finish: 2:56:52.699186.
[4A[J     total [##................................................]  5.43%
this epoch [###########################.......................] 54.35%
       170 iter, 0 epoch / 10 epochs
   0.27904 iters/sec. Estimated time to finish: 2:56:40.904145.
[4A[J     total [##................................................]  5.75%
this epoch [############################......................] 57.54%
       180 iter, 0 epoch / 10 epochs
   0.27669 iters/sec. Estimated time to finish: 2:57:35.101794.
[4A[J     total [###...............................................]  6.07%
this epoch [##############################....................] 60.74%
       190 iter, 0 epoch / 10 epochs
   0.27634 iters/sec. Estimated time to finish: 2:57:12.182577.
[4A[J     total [###...............................................]  6.39%
this epoch [###############################...................] 63.94%
       200 iter, 0 epoch / 10 epochs
   0.27281 iters/sec. Estimated time to finish: 2:58:53.106836.
[4A[J     total [###...............................................]  6.71%
this epoch [#################################.................] 67.13%
       210 iter, 0 epoch / 10 epochs
    0.2722 iters/sec. Estimated time to finish: 2:58:40.347305.
[4A[J     total [###...............................................]  7.03%
this epoch [###################################...............] 70.33%
       220 iter, 0 epoch / 10 epochs
   0.26972 iters/sec. Estimated time to finish: 2:59:41.888695.
[4A[J     total [###...............................................]  7.35%
this epoch [####################################..............] 73.53%
       230 iter, 0 epoch / 10 epochs
   0.26782 iters/sec. Estimated time to finish: 3:00:21.100453.
[4A[J     total [###...............................................]  7.67%
this epoch [######################################............] 76.72%
       240 iter, 0 epoch / 10 epochs
    0.2652 iters/sec. Estimated time to finish: 3:01:30.317052.
[4A[J     total [###...............................................]  7.99%
this epoch [#######################################...........] 79.92%
       250 iter, 0 epoch / 10 epochs
   0.26298 iters/sec. Estimated time to finish: 3:02:24.433962.
[4A[J     total [####..............................................]  8.31%
this epoch [#########################################.........] 83.12%
       260 iter, 0 epoch / 10 epochs
   0.26077 iters/sec. Estimated time to finish: 3:03:18.674719.
[4A[J     total [####..............................................]  8.63%
this epoch [###########################################.......] 86.31%
       270 iter, 0 epoch / 10 epochs
   0.25859 iters/sec. Estimated time to finish: 3:04:12.800850.
[4A[J     total [####..............................................]  8.95%
this epoch [############################################......] 89.51%
       280 iter, 0 epoch / 10 epochs
   0.25644 iters/sec. Estimated time to finish: 3:05:06.515648.
[4A[J     total [####..............................................]  9.27%
this epoch [##############################################....] 92.71%
       290 iter, 0 epoch / 10 epochs
   0.25469 iters/sec. Estimated time to finish: 3:05:43.396668.
[4A[J     total [####..............................................]  9.59%
this epoch [###############################################...] 95.90%
       300 iter, 0 epoch / 10 epochs
   0.25328 iters/sec. Estimated time to finish: 3:06:06.014015.
[4A[J     total [####..............................................]  9.91%
this epoch [#################################################.] 99.10%
       310 iter, 0 epoch / 10 epochs
   0.25167 iters/sec. Estimated time to finish: 3:06:37.545843.
[4A[J1           6.96112                           0.00119808                               1229.7        
[J     total [#####.............................................] 10.23%
this epoch [#.................................................]  2.30%
       320 iter, 1 epoch / 10 epochs
   0.25098 iters/sec. Estimated time to finish: 3:06:28.733827.
[4A[J     total [#####.............................................] 10.55%
this epoch [##................................................]  5.49%
       330 iter, 1 epoch / 10 epochs
   0.24972 iters/sec. Estimated time to finish: 3:06:45.041451.
[4A[J     total [#####.............................................] 10.87%
this epoch [####..............................................]  8.69%
       340 iter, 1 epoch / 10 epochs
   0.24889 iters/sec. Estimated time to finish: 3:06:42.119073.
[4A[J     total [#####.............................................] 11.19%
this epoch [#####.............................................] 11.89%
       350 iter, 1 epoch / 10 epochs
   0.24829 iters/sec. Estimated time to finish: 3:06:29.024115.
[4A[J     total [#####.............................................] 11.51%
this epoch [#######...........................................] 15.08%
       360 iter, 1 epoch / 10 epochs
   0.24777 iters/sec. Estimated time to finish: 3:06:12.180755.
[4A[J     total [#####.............................................] 11.83%
this epoch [#########.........................................] 18.28%
       370 iter, 1 epoch / 10 epochs
    0.2473 iters/sec. Estimated time to finish: 3:05:52.946767.
[4A[J     total [######............................................] 12.15%
this epoch [##########........................................] 21.48%
       380 iter, 1 epoch / 10 epochs
   0.24633 iters/sec. Estimated time to finish: 3:05:56.202126.
[4A[J     total [######............................................] 12.47%
this epoch [############......................................] 24.68%
       390 iter, 1 epoch / 10 epochs
   0.24597 iters/sec. Estimated time to finish: 3:05:32.127537.
[4A[J     total [######............................................] 12.79%
this epoch [#############.....................................] 27.87%
       400 iter, 1 epoch / 10 epochs
   0.24523 iters/sec. Estimated time to finish: 3:05:24.740588.
[4A[J     total [######............................................] 13.11%
this epoch [###############...................................] 31.07%
       410 iter, 1 epoch / 10 epochs
   0.24489 iters/sec. Estimated time to finish: 3:04:59.486036.
[4A[J     total [######............................................] 13.43%
this epoch [#################.................................] 34.27%
       420 iter, 1 epoch / 10 epochs
   0.24431 iters/sec. Estimated time to finish: 3:04:44.988575.
[4A[J     total [######............................................] 13.75%
this epoch [##################................................] 37.46%
       430 iter, 1 epoch / 10 epochs
    0.2441 iters/sec. Estimated time to finish: 3:04:13.470406.
[4A[J     total [#######...........................................] 14.07%
this epoch [####################..............................] 40.66%
       440 iter, 1 epoch / 10 epochs
   0.24365 iters/sec. Estimated time to finish: 3:03:52.769859.
[4A[J     total [#######...........................................] 14.39%
this epoch [#####################.............................] 43.86%
       450 iter, 1 epoch / 10 epochs
   0.24172 iters/sec. Estimated time to finish: 3:04:39.253347.
[4A[J     total [#######...........................................] 14.71%
this epoch [#######################...........................] 47.05%
       460 iter, 1 epoch / 10 epochs
   0.24139 iters/sec. Estimated time to finish: 3:04:13.373903.
[4A[J     total [#######...........................................] 15.02%
this epoch [#########################.........................] 50.25%
       470 iter, 1 epoch / 10 epochs
    0.2413 iters/sec. Estimated time to finish: 3:03:35.739055.
[4A[J     total [#######...........................................] 15.34%
this epoch [##########################........................] 53.45%
       480 iter, 1 epoch / 10 epochs
   0.24094 iters/sec. Estimated time to finish: 3:03:10.855750.
[4A[J     total [#######...........................................] 15.66%
this epoch [############################......................] 56.64%
       490 iter, 1 epoch / 10 epochs
   0.24054 iters/sec. Estimated time to finish: 3:02:47.643240.
[4A[J     total [#######...........................................] 15.98%
this epoch [#############################.....................] 59.84%
       500 iter, 1 epoch / 10 epochs
   0.24043 iters/sec. Estimated time to finish: 3:02:10.840061.
[4A[J     total [########..........................................] 16.30%
this epoch [###############################...................] 63.04%
       510 iter, 1 epoch / 10 epochs
   0.23813 iters/sec. Estimated time to finish: 3:03:14.723757.
[4A[J     total [########..........................................] 16.62%
this epoch [#################################.................] 66.23%
       520 iter, 1 epoch / 10 epochs
   0.21835 iters/sec. Estimated time to finish: 3:19:04.884734.
[4A[J     total [########..........................................] 16.94%
this epoch [##################################................] 69.43%
       530 iter, 1 epoch / 10 epochs
   0.21847 iters/sec. Estimated time to finish: 3:18:12.614010.
[4A[J     total [########..........................................] 17.26%
this epoch [####################################..............] 72.63%
       540 iter, 1 epoch / 10 epochs
   0.21862 iters/sec. Estimated time to finish: 3:17:18.494593.
[4A[J     total [########..........................................] 17.58%
this epoch [#####################################.............] 75.82%
       550 iter, 1 epoch / 10 epochs
   0.21869 iters/sec. Estimated time to finish: 3:16:28.989899.
[4A[J     total [########..........................................] 17.90%
this epoch [#######################################...........] 79.02%
       560 iter, 1 epoch / 10 epochs
   0.21865 iters/sec. Estimated time to finish: 3:15:45.614187.
[4A[J     total [#########.........................................] 18.22%
this epoch [#########################################.........] 82.22%
       570 iter, 1 epoch / 10 epochs
    0.2187 iters/sec. Estimated time to finish: 3:14:56.793797.
[4A[J     total [#########.........................................] 18.54%
this epoch [##########################################........] 85.41%
       580 iter, 1 epoch / 10 epochs
   0.21872 iters/sec. Estimated time to finish: 3:14:09.947839.
[4A[J     total [#########.........................................] 18.86%
this epoch [############################################......] 88.61%
       590 iter, 1 epoch / 10 epochs
   0.21908 iters/sec. Estimated time to finish: 3:13:05.440126.
[4A[J     total [#########.........................................] 19.18%
this epoch [#############################################.....] 91.81%
       600 iter, 1 epoch / 10 epochs
     0.219 iters/sec. Estimated time to finish: 3:12:24.076776.
[4A[J     total [#########.........................................] 19.50%
this epoch [###############################################...] 95.00%
       610 iter, 1 epoch / 10 epochs
   0.21918 iters/sec. Estimated time to finish: 3:11:28.962668.
[4A[J     total [#########.........................................] 19.82%
this epoch [#################################################.] 98.20%
       620 iter, 1 epoch / 10 epochs
   0.21909 iters/sec. Estimated time to finish: 3:10:48.008983.
[4A[J2           6.90656                           0.000698882                              2836.82       
[J     total [##########........................................] 20.14%
this epoch [..................................................]  1.40%
       630 iter, 2 epoch / 10 epochs
   0.21908 iters/sec. Estimated time to finish: 3:10:02.937142.
[4A[J     total [##########........................................] 20.46%
this epoch [##................................................]  4.60%
       640 iter, 2 epoch / 10 epochs
   0.21899 iters/sec. Estimated time to finish: 3:09:21.576765.
[4A[J     total [##########........................................] 20.78%
this epoch [###...............................................]  7.79%
       650 iter, 2 epoch / 10 epochs
   0.21897 iters/sec. Estimated time to finish: 3:08:37.225606.
[4A[J     total [##########........................................] 21.10%
this epoch [#####.............................................] 10.99%
       660 iter, 2 epoch / 10 epochs
    0.2188 iters/sec. Estimated time to finish: 3:08:00.468878.
[4A[J     total [##########........................................] 21.42%
this epoch [#######...........................................] 14.19%
       670 iter, 2 epoch / 10 epochs
   0.21871 iters/sec. Estimated time to finish: 3:07:19.029641.
[4A[J     total [##########........................................] 21.74%
this epoch [########..........................................] 17.38%
       680 iter, 2 epoch / 10 epochs
   0.21854 iters/sec. Estimated time to finish: 3:06:42.398100.
[4A[J     total [###########.......................................] 22.06%
this epoch [##########........................................] 20.58%
       690 iter, 2 epoch / 10 epochs
   0.21833 iters/sec. Estimated time to finish: 3:06:07.337256.
[4A[J     total [###########.......................................] 22.38%
this epoch [###########.......................................] 23.78%
       700 iter, 2 epoch / 10 epochs
   0.21816 iters/sec. Estimated time to finish: 3:05:29.942179.
[4A[J     total [###########.......................................] 22.70%
this epoch [#############.....................................] 26.97%
       710 iter, 2 epoch / 10 epochs
   0.21798 iters/sec. Estimated time to finish: 3:04:53.082025.
[4A[J     total [###########.......................................] 23.02%
this epoch [###############...................................] 30.17%
       720 iter, 2 epoch / 10 epochs
   0.21796 iters/sec. Estimated time to finish: 3:04:08.721713.
[4A[J     total [###########.......................................] 23.34%
this epoch [################..................................] 33.37%
       730 iter, 2 epoch / 10 epochs
   0.21767 iters/sec. Estimated time to finish: 3:03:37.102591.
[4A[J     total [###########.......................................] 23.66%
this epoch [##################................................] 36.56%
       740 iter, 2 epoch / 10 epochs
   0.21764 iters/sec. Estimated time to finish: 3:02:53.068243.
[4A[J     total [###########.......................................] 23.98%
this epoch [###################...............................] 39.76%
       750 iter, 2 epoch / 10 epochs
   0.21752 iters/sec. Estimated time to finish: 3:02:12.741079.
[4A[J     total [############......................................] 24.30%
this epoch [#####################.............................] 42.96%
       760 iter, 2 epoch / 10 epochs
   0.21744 iters/sec. Estimated time to finish: 3:01:30.835018.
[4A[J     total [############......................................] 24.62%
this epoch [#######################...........................] 46.15%
       770 iter, 2 epoch / 10 epochs
   0.21727 iters/sec. Estimated time to finish: 3:00:53.665737.
[4A[J     total [############......................................] 24.94%
this epoch [########################..........................] 49.35%
       780 iter, 2 epoch / 10 epochs
   0.21712 iters/sec. Estimated time to finish: 3:00:14.915696.
[4A[J     total [############......................................] 25.25%
this epoch [##########################........................] 52.55%
       790 iter, 2 epoch / 10 epochs
   0.21717 iters/sec. Estimated time to finish: 2:59:26.395223.
[4A[J     total [############......................................] 25.57%
this epoch [###########################.......................] 55.74%
       800 iter, 2 epoch / 10 epochs
   0.21694 iters/sec. Estimated time to finish: 2:58:51.878381.
[4A[J     total [############......................................] 25.89%
this epoch [#############################.....................] 58.94%
       810 iter, 2 epoch / 10 epochs
   0.21687 iters/sec. Estimated time to finish: 2:58:09.214802.
[4A[J     total [#############.....................................] 26.21%
this epoch [###############################...................] 62.14%
       820 iter, 2 epoch / 10 epochs
   0.21669 iters/sec. Estimated time to finish: 2:57:31.823073.
[4A[J     total [#############.....................................] 26.53%
this epoch [################################..................] 65.33%
       830 iter, 2 epoch / 10 epochs
   0.21661 iters/sec. Estimated time to finish: 2:56:49.733462.
[4A[J     total [#############.....................................] 26.85%
this epoch [##################################................] 68.53%
       840 iter, 2 epoch / 10 epochs
   0.21648 iters/sec. Estimated time to finish: 2:56:09.486912.
[4A[J     total [#############.....................................] 27.17%
this epoch [###################################...............] 71.73%
       850 iter, 2 epoch / 10 epochs
   0.21638 iters/sec. Estimated time to finish: 2:55:28.276507.
[4A[J     total [#############.....................................] 27.49%
this epoch [#####################################.............] 74.93%
       860 iter, 2 epoch / 10 epochs
   0.21625 iters/sec. Estimated time to finish: 2:54:48.345458.
[4A[J     total [#############.....................................] 27.81%
this epoch [#######################################...........] 78.12%
       870 iter, 2 epoch / 10 epochs
   0.21614 iters/sec. Estimated time to finish: 2:54:07.406808.
[4A[J     total [##############....................................] 28.13%
this epoch [########################################..........] 81.32%
       880 iter, 2 epoch / 10 epochs
   0.21607 iters/sec. Estimated time to finish: 2:53:24.829036.
[4A[J     total [##############....................................] 28.45%
this epoch [##########################################........] 84.52%
       890 iter, 2 epoch / 10 epochs
   0.21602 iters/sec. Estimated time to finish: 2:52:40.827972.
[4A[J     total [##############....................................] 28.77%
this epoch [###########################################.......] 87.71%
       900 iter, 2 epoch / 10 epochs
   0.21601 iters/sec. Estimated time to finish: 2:51:54.967360.
[4A[J     total [##############....................................] 29.09%
this epoch [#############################################.....] 90.91%
       910 iter, 2 epoch / 10 epochs
   0.21591 iters/sec. Estimated time to finish: 2:51:13.173596.
[4A[J     total [##############....................................] 29.41%
this epoch [###############################################...] 94.11%
       920 iter, 2 epoch / 10 epochs
    0.2159 iters/sec. Estimated time to finish: 2:50:27.518799.
[4A[J     total [##############....................................] 29.73%
this epoch [################################################..] 97.30%
       930 iter, 2 epoch / 10 epochs
   0.21588 iters/sec. Estimated time to finish: 2:49:42.269553.
[4A[J3           6.90643                           0.00119808                               4327.85       
[J     total [###############...................................] 30.05%
this epoch [..................................................]  0.50%
       940 iter, 3 epoch / 10 epochs
    0.2159 iters/sec. Estimated time to finish: 2:48:55.124631.
[4A[J     total [###############...................................] 30.37%
this epoch [#.................................................]  3.70%
       950 iter, 3 epoch / 10 epochs
   0.21594 iters/sec. Estimated time to finish: 2:48:06.930416.
[4A[J     total [###############...................................] 30.69%
this epoch [###...............................................]  6.89%
       960 iter, 3 epoch / 10 epochs
   0.21597 iters/sec. Estimated time to finish: 2:47:18.870565.
[4A[J     total [###############...................................] 31.01%
this epoch [#####.............................................] 10.09%
       970 iter, 3 epoch / 10 epochs
   0.21595 iters/sec. Estimated time to finish: 2:46:33.853663.
[4A[J     total [###############...................................] 31.33%
this epoch [######............................................] 13.29%
       980 iter, 3 epoch / 10 epochs
   0.21599 iters/sec. Estimated time to finish: 2:45:45.590815.
[4A[J     total [###############...................................] 31.65%
this epoch [########..........................................] 16.48%
       990 iter, 3 epoch / 10 epochs
   0.21604 iters/sec. Estimated time to finish: 2:44:56.902265.
[4A[J     total [###############...................................] 31.97%
this epoch [#########.........................................] 19.68%
      1000 iter, 3 epoch / 10 epochs
   0.21605 iters/sec. Estimated time to finish: 2:44:10.338523.
[4A[J     total [################..................................] 32.29%
this epoch [###########.......................................] 22.88%
      1010 iter, 3 epoch / 10 epochs
   0.21531 iters/sec. Estimated time to finish: 2:43:57.473777.
[4A[J     total [################..................................] 32.61%
this epoch [#############.....................................] 26.07%
      1020 iter, 3 epoch / 10 epochs
   0.21446 iters/sec. Estimated time to finish: 2:43:49.848438.
[4A[J     total [################..................................] 32.93%
this epoch [##############....................................] 29.27%
      1030 iter, 3 epoch / 10 epochs
   0.21398 iters/sec. Estimated time to finish: 2:43:25.324569.
[4A[J     total [################..................................] 33.25%
this epoch [################..................................] 32.47%
      1040 iter, 3 epoch / 10 epochs
   0.21338 iters/sec. Estimated time to finish: 2:43:05.887227.
[4A[J     total [################..................................] 33.57%
this epoch [#################.................................] 35.66%
      1050 iter, 3 epoch / 10 epochs
   0.21295 iters/sec. Estimated time to finish: 2:42:38.587725.
[4A[J     total [################..................................] 33.89%
this epoch [###################...............................] 38.86%
      1060 iter, 3 epoch / 10 epochs
   0.21237 iters/sec. Estimated time to finish: 2:42:18.324264.
[4A[J     total [#################.................................] 34.21%
this epoch [#####################.............................] 42.06%
      1070 iter, 3 epoch / 10 epochs
   0.21176 iters/sec. Estimated time to finish: 2:41:58.999604.
[4A[J     total [#################.................................] 34.53%
this epoch [######################............................] 45.25%
      1080 iter, 3 epoch / 10 epochs
   0.21141 iters/sec. Estimated time to finish: 2:41:27.754945.
[4A[J     total [#################.................................] 34.85%
this epoch [########################..........................] 48.45%
      1090 iter, 3 epoch / 10 epochs
   0.21089 iters/sec. Estimated time to finish: 2:41:04.339898.
[4A[J     total [#################.................................] 35.16%
this epoch [#########################.........................] 51.65%
      1100 iter, 3 epoch / 10 epochs
   0.21055 iters/sec. Estimated time to finish: 2:40:32.316951.
[4A[J     total [#################.................................] 35.48%
this epoch [###########################.......................] 54.85%
      1110 iter, 3 epoch / 10 epochs
   0.20996 iters/sec. Estimated time to finish: 2:40:12.045221.
[4A[J     total [#################.................................] 35.80%
this epoch [#############################.....................] 58.04%
      1120 iter, 3 epoch / 10 epochs
   0.20961 iters/sec. Estimated time to finish: 2:39:40.509538.
[4A[J     total [##################................................] 36.12%
this epoch [##############################....................] 61.24%
      1130 iter, 3 epoch / 10 epochs
   0.20902 iters/sec. Estimated time to finish: 2:39:19.337898.
[4A[J     total [##################................................] 36.44%
this epoch [################################..................] 64.44%
      1140 iter, 3 epoch / 10 epochs
   0.20858 iters/sec. Estimated time to finish: 2:38:51.491557.
[4A[J     total [##################................................] 36.76%
this epoch [#################################.................] 67.63%
      1150 iter, 3 epoch / 10 epochs
   0.20816 iters/sec. Estimated time to finish: 2:38:23.076975.
[4A[J     total [##################................................] 37.08%
this epoch [###################################...............] 70.83%
      1160 iter, 3 epoch / 10 epochs
   0.20765 iters/sec. Estimated time to finish: 2:37:58.093766.
[4A[J     total [##################................................] 37.40%
this epoch [#####################################.............] 74.03%
      1170 iter, 3 epoch / 10 epochs
   0.20726 iters/sec. Estimated time to finish: 2:37:27.754019.
[4A[J     total [##################................................] 37.72%
this epoch [######################################............] 77.22%
      1180 iter, 3 epoch / 10 epochs
   0.20673 iters/sec. Estimated time to finish: 2:37:03.442070.
[4A[J     total [###################...............................] 38.04%
this epoch [########################################..........] 80.42%
      1190 iter, 3 epoch / 10 epochs
   0.20658 iters/sec. Estimated time to finish: 2:36:21.780563.
[4A[J     total [###################...............................] 38.36%
this epoch [#########################################.........] 83.62%
      1200 iter, 3 epoch / 10 epochs
   0.20609 iters/sec. Estimated time to finish: 2:35:55.703348.
[4A[J     total [###################...............................] 38.68%
this epoch [###########################################.......] 86.81%
      1210 iter, 3 epoch / 10 epochs
   0.20593 iters/sec. Estimated time to finish: 2:35:14.505323.
[4A[J     total [###################...............................] 39.00%
this epoch [#############################################.....] 90.01%
      1220 iter, 3 epoch / 10 epochs
   0.20565 iters/sec. Estimated time to finish: 2:34:38.423059.
[4A[J     total [###################...............................] 39.32%
this epoch [##############################################....] 93.21%
      1230 iter, 3 epoch / 10 epochs
   0.20552 iters/sec. Estimated time to finish: 2:33:55.816026.
[4A[J     total [###################...............................] 39.64%
this epoch [################################################..] 96.40%
      1240 iter, 3 epoch / 10 epochs
   0.20541 iters/sec. Estimated time to finish: 2:33:11.821155.
[4A[J     total [###################...............................] 39.96%
this epoch [#################################################.] 99.60%
      1250 iter, 3 epoch / 10 epochs
   0.20535 iters/sec. Estimated time to finish: 2:32:25.760590.
[4A[J4           6.90628                           0.000698882                              5816.09       
[J     total [####################..............................] 40.28%
this epoch [#.................................................]  2.80%
      1260 iter, 4 epoch / 10 epochs
   0.20531 iters/sec. Estimated time to finish: 2:31:39.226131.
[4A[J     total [####################..............................] 40.60%
this epoch [##................................................]  5.99%
      1270 iter, 4 epoch / 10 epochs
   0.20532 iters/sec. Estimated time to finish: 2:30:49.774364.
[4A[J     total [####################..............................] 40.92%
this epoch [####..............................................]  9.19%
      1280 iter, 4 epoch / 10 epochs
   0.20524 iters/sec. Estimated time to finish: 2:30:04.611747.
[4A[J     total [####################..............................] 41.24%
this epoch [######............................................] 12.39%
      1290 iter, 4 epoch / 10 epochs
   0.20517 iters/sec. Estimated time to finish: 2:29:19.132844.
[4A[J     total [####################..............................] 41.56%
this epoch [#######...........................................] 15.58%
      1300 iter, 4 epoch / 10 epochs
   0.20518 iters/sec. Estimated time to finish: 2:28:29.958043.
[4A[J     total [####################..............................] 41.88%
this epoch [#########.........................................] 18.78%
      1310 iter, 4 epoch / 10 epochs
   0.20511 iters/sec. Estimated time to finish: 2:27:44.024225.
[4A[J     total [#####################.............................] 42.20%
this epoch [##########........................................] 21.98%
      1320 iter, 4 epoch / 10 epochs
   0.20499 iters/sec. Estimated time to finish: 2:27:00.443793.
[4A[J     total [#####################.............................] 42.52%
this epoch [############......................................] 25.17%
      1330 iter, 4 epoch / 10 epochs
   0.20484 iters/sec. Estimated time to finish: 2:26:18.004595.
[4A[J     total [#####################.............................] 42.84%
this epoch [##############....................................] 28.37%
      1340 iter, 4 epoch / 10 epochs
   0.20469 iters/sec. Estimated time to finish: 2:25:35.735216.
[4A[J     total [#####################.............................] 43.16%
this epoch [###############...................................] 31.57%
      1350 iter, 4 epoch / 10 epochs
   0.20456 iters/sec. Estimated time to finish: 2:24:52.349610.
[4A[J     total [#####################.............................] 43.48%
this epoch [#################.................................] 34.77%
      1360 iter, 4 epoch / 10 epochs
   0.20442 iters/sec. Estimated time to finish: 2:24:09.594977.
[4A[J     total [#####################.............................] 43.80%
this epoch [##################................................] 37.96%
      1370 iter, 4 epoch / 10 epochs
   0.20443 iters/sec. Estimated time to finish: 2:23:20.158949.
[4A[J     total [######################............................] 44.12%
this epoch [####################..............................] 41.16%
      1380 iter, 4 epoch / 10 epochs
   0.20426 iters/sec. Estimated time to finish: 2:22:38.386475.
[4A[J     total [######################............................] 44.44%
this epoch [######################............................] 44.36%
      1390 iter, 4 epoch / 10 epochs
   0.20423 iters/sec. Estimated time to finish: 2:21:50.530803.
[4A[J     total [######################............................] 44.76%
this epoch [#######################...........................] 47.55%
      1400 iter, 4 epoch / 10 epochs
     0.204 iters/sec. Estimated time to finish: 2:21:11.258730.
[4A[J     total [######################............................] 45.07%
this epoch [#########################.........................] 50.75%
      1410 iter, 4 epoch / 10 epochs
   0.20398 iters/sec. Estimated time to finish: 2:20:23.034602.
[4A[J     total [######################............................] 45.39%
this epoch [##########################........................] 53.95%
      1420 iter, 4 epoch / 10 epochs
   0.20383 iters/sec. Estimated time to finish: 2:19:40.139530.
[4A[J     total [######################............................] 45.71%
this epoch [############################......................] 57.14%
      1430 iter, 4 epoch / 10 epochs
   0.20366 iters/sec. Estimated time to finish: 2:18:57.835800.
[4A[J     total [#######################...........................] 46.03%
this epoch [##############################....................] 60.34%
      1440 iter, 4 epoch / 10 epochs
   0.20399 iters/sec. Estimated time to finish: 2:17:55.719548.
[4A[J     total [#######################...........................] 46.35%
this epoch [###############################...................] 63.54%
      1450 iter, 4 epoch / 10 epochs
   0.20384 iters/sec. Estimated time to finish: 2:17:12.367517.
[4A[J     total [#######################...........................] 46.67%
this epoch [#################################.................] 66.73%
      1460 iter, 4 epoch / 10 epochs
   0.20362 iters/sec. Estimated time to finish: 2:16:32.373341.
[4A[J     total [#######################...........................] 46.99%
this epoch [##################################................] 69.93%
      1470 iter, 4 epoch / 10 epochs
    0.2035 iters/sec. Estimated time to finish: 2:15:48.205166.
[4A[J     total [#######################...........................] 47.31%
this epoch [####################################..............] 73.13%
      1480 iter, 4 epoch / 10 epochs
   0.20339 iters/sec. Estimated time to finish: 2:15:03.459557.
[4A[J     total [#######################...........................] 47.63%
this epoch [######################################............] 76.32%
      1490 iter, 4 epoch / 10 epochs
   0.20319 iters/sec. Estimated time to finish: 2:14:22.078489.
[4A[J     total [#######################...........................] 47.95%
this epoch [#######################################...........] 79.52%
      1500 iter, 4 epoch / 10 epochs
   0.20376 iters/sec. Estimated time to finish: 2:13:10.238990.
[4A[J     total [########################..........................] 48.27%
this epoch [#########################################.........] 82.72%
      1510 iter, 4 epoch / 10 epochs
   0.21196 iters/sec. Estimated time to finish: 2:07:14.216335.
[4A[J     total [########################..........................] 48.59%
this epoch [##########################################........] 85.91%
      1520 iter, 4 epoch / 10 epochs
   0.21173 iters/sec. Estimated time to finish: 2:06:35.009907.
[4A[J     total [########################..........................] 48.91%
this epoch [############################################......] 89.11%
      1530 iter, 4 epoch / 10 epochs
   0.21157 iters/sec. Estimated time to finish: 2:05:53.731662.
[4A