No Modulefiles Currently Loaded.
Currently Loaded Modulefiles:
  1) cuda/9.0/9.0.176.4   3) nccl/2.3/2.3.5-2
  2) cudnn/7.3/7.3.1      4) openmpi/2.1.6
Currently Loaded Modulefiles:
  1) cuda/9.0/9.0.176.4   3) nccl/2.3/2.3.5-2
  2) cudnn/7.3/7.3.1      4) openmpi/2.1.6
Currently Loaded Modulefiles:
  1) cuda/9.0/9.0.176.4   3) nccl/2.3/2.3.5-2
  2) cudnn/7.3/7.3.1      4) openmpi/2.1.6
==========================================
Num of GPUs : 128
Model :  alexnet
Minibatch-size: 512
Epochs: 10
==========================================
Starting training .....
--------------------------------------------------------------------------
A process has executed an operation involving a call to the
"fork()" system call to create a child process.  Open MPI is currently
operating in a condition that could result in memory corruption or
other system errors; your job may hang, crash, or produce silent
data corruption.  The use of fork() (or system() or other calls that
create child processes) is strongly discouraged.

The process that invoked fork was:

  Local host:          [[2715,1],0] (PID 48676)

If you are *absolutely sure* that your application will successfully
and correctly survive a call to fork(), you may disable this warning
by setting the mpi_warn_on_fork MCA parameter to 0.
--------------------------------------------------------------------------
epoch       main/loss   validation/main/loss  main/accuracy  validation/main/accuracy  elapsed_time
[J     total [..................................................]  1.28%
this epoch [######............................................] 12.79%
        10 iter, 0 epoch / 10 epochs
       inf iters/sec. Estimated time to finish: 0:00:00.
[4A[J     total [#.................................................]  2.56%
this epoch [############......................................] 25.58%
        20 iter, 0 epoch / 10 epochs
   0.80201 iters/sec. Estimated time to finish: 0:15:50.076117.
[4A[J     total [#.................................................]  3.84%
this epoch [###################...............................] 38.36%
        30 iter, 0 epoch / 10 epochs
   0.77772 iters/sec. Estimated time to finish: 0:16:06.893069.
[4A[J     total [##................................................]  5.12%
this epoch [#########################.........................] 51.15%
        40 iter, 0 epoch / 10 epochs
   0.71003 iters/sec. Estimated time to finish: 0:17:24.992310.
[4A[J     total [###...............................................]  6.39%
this epoch [###############################...................] 63.94%
        50 iter, 0 epoch / 10 epochs
   0.70821 iters/sec. Estimated time to finish: 0:17:13.551373.
[4A[J     total [###...............................................]  7.67%
this epoch [######################################............] 76.73%
        60 iter, 0 epoch / 10 epochs
   0.70922 iters/sec. Estimated time to finish: 0:16:57.983353.
[4A[J     total [####..............................................]  8.95%
this epoch [############################################......] 89.52%
        70 iter, 0 epoch / 10 epochs
   0.71092 iters/sec. Estimated time to finish: 0:16:41.480748.
[4A[J1           6.87151                           0.00165645                               117.96        
[J     total [#####.............................................] 10.23%
this epoch [#.................................................]  2.31%
        80 iter, 1 epoch / 10 epochs
   0.70284 iters/sec. Estimated time to finish: 0:16:38.765064.
[4A[J     total [#####.............................................] 11.51%
this epoch [#######...........................................] 15.09%
        90 iter, 1 epoch / 10 epochs
   0.68591 iters/sec. Estimated time to finish: 0:16:48.844885.
[4A[J     total [######............................................] 12.79%
this epoch [#############.....................................] 27.88%
       100 iter, 1 epoch / 10 epochs
   0.68567 iters/sec. Estimated time to finish: 0:16:34.603446.
[4A[J     total [#######...........................................] 14.07%
this epoch [####################..............................] 40.67%
       110 iter, 1 epoch / 10 epochs
   0.68545 iters/sec. Estimated time to finish: 0:16:20.330899.
[4A[J     total [#######...........................................] 15.35%
this epoch [##########################........................] 53.46%
       120 iter, 1 epoch / 10 epochs
   0.68794 iters/sec. Estimated time to finish: 0:16:02.252954.
[4A[J     total [########..........................................] 16.62%
this epoch [#################################.................] 66.25%
       130 iter, 1 epoch / 10 epochs
   0.68631 iters/sec. Estimated time to finish: 0:15:49.963369.
[4A[J     total [########..........................................] 17.90%
this epoch [#######################################...........] 79.03%
       140 iter, 1 epoch / 10 epochs
   0.67208 iters/sec. Estimated time to finish: 0:15:55.206275.
[4A[J     total [#########.........................................] 19.18%
this epoch [#############################################.....] 91.82%
       150 iter, 1 epoch / 10 epochs
   0.66533 iters/sec. Estimated time to finish: 0:15:49.863667.
[4A[J2           6.62813                           0.00578425                               242.354       
[J     total [##########........................................] 20.46%
this epoch [##................................................]  4.61%
       160 iter, 2 epoch / 10 epochs
   0.65866 iters/sec. Estimated time to finish: 0:15:44.297540.
[4A[J     total [##########........................................] 21.74%
this epoch [########..........................................] 17.40%
       170 iter, 2 epoch / 10 epochs
   0.65853 iters/sec. Estimated time to finish: 0:15:29.302480.
[4A[J     total [###########.......................................] 23.02%
this epoch [###############...................................] 30.19%
       180 iter, 2 epoch / 10 epochs
   0.65621 iters/sec. Estimated time to finish: 0:15:17.347155.
[4A[J     total [############......................................] 24.30%
this epoch [#####################.............................] 42.98%
       190 iter, 2 epoch / 10 epochs
   0.65396 iters/sec. Estimated time to finish: 0:15:05.206040.
[4A[J     total [############......................................] 25.58%
this epoch [###########################.......................] 55.76%
       200 iter, 2 epoch / 10 epochs
   0.65262 iters/sec. Estimated time to finish: 0:14:51.750100.
[4A[J     total [#############.....................................] 26.86%
this epoch [##################################................] 68.55%
       210 iter, 2 epoch / 10 epochs
   0.64669 iters/sec. Estimated time to finish: 0:14:44.466838.
[4A[J     total [##############....................................] 28.13%
this epoch [########################################..........] 81.34%
       220 iter, 2 epoch / 10 epochs
   0.64192 iters/sec. Estimated time to finish: 0:14:35.455941.
[4A[J     total [##############....................................] 29.41%
this epoch [###############################################...] 94.13%
       230 iter, 2 epoch / 10 epochs
   0.63449 iters/sec. Estimated time to finish: 0:14:29.949174.
[4A[J3           6.0878                            0.0239633                                376.761       
[J     total [###############...................................] 30.69%
this epoch [###...............................................]  6.92%
       240 iter, 3 epoch / 10 epochs
   0.62842 iters/sec. Estimated time to finish: 0:14:22.440555.
[4A[J     total [###############...................................] 31.97%
this epoch [#########.........................................] 19.70%
       250 iter, 3 epoch / 10 epochs
   0.62495 iters/sec. Estimated time to finish: 0:14:11.217731.
[4A[J     total [################..................................] 33.25%
this epoch [################..................................] 32.49%
       260 iter, 3 epoch / 10 epochs
   0.62322 iters/sec. Estimated time to finish: 0:13:57.539274.
[4A[J     total [#################.................................] 34.53%
this epoch [######################............................] 45.28%
       270 iter, 3 epoch / 10 epochs
   0.62301 iters/sec. Estimated time to finish: 0:13:41.779130.
[4A[J     total [#################.................................] 35.81%
this epoch [#############################.....................] 58.07%
       280 iter, 3 epoch / 10 epochs
   0.61971 iters/sec. Estimated time to finish: 0:13:30.018673.
[4A[J     total [##################................................] 37.09%
this epoch [###################################...............] 70.86%
       290 iter, 3 epoch / 10 epochs
   0.61807 iters/sec. Estimated time to finish: 0:13:15.977261.
[4A[J     total [###################...............................] 38.36%
this epoch [#########################################.........] 83.65%
       300 iter, 3 epoch / 10 epochs
    0.6189 iters/sec. Estimated time to finish: 0:12:58.760993.
[4A[J     total [###################...............................] 39.64%
this epoch [################################################..] 96.43%
       310 iter, 3 epoch / 10 epochs
   0.61999 iters/sec. Estimated time to finish: 0:12:41.264306.
[4A[J4           5.60217                           0.0523838                                508.38        
[J     total [####################..............................] 40.92%
this epoch [####..............................................]  9.22%
       320 iter, 4 epoch / 10 epochs
   0.62037 iters/sec. Estimated time to finish: 0:12:24.667419.
[4A[J     total [#####################.............................] 42.20%
this epoch [###########.......................................] 22.01%
       330 iter, 4 epoch / 10 epochs
    0.6185 iters/sec. Estimated time to finish: 0:12:10.750970.
[4A[J     total [#####################.............................] 43.48%
this epoch [#################.................................] 34.80%
       340 iter, 4 epoch / 10 epochs
   0.61572 iters/sec. Estimated time to finish: 0:11:57.818468.
[4A[J     total [######################............................] 44.76%
this epoch [#######################...........................] 47.59%
       350 iter, 4 epoch / 10 epochs
   0.61254 iters/sec. Estimated time to finish: 0:11:45.210241.
[4A[J     total [#######################...........................] 46.04%
this epoch [##############################....................] 60.37%
       360 iter, 4 epoch / 10 epochs
   0.61089 iters/sec. Estimated time to finish: 0:11:30.754447.
[4A[J     total [#######################...........................] 47.32%
this epoch [####################################..............] 73.16%
       370 iter, 4 epoch / 10 epochs
    0.6093 iters/sec. Estimated time to finish: 0:11:16.146375.
[4A[J     total [########################..........................] 48.60%
this epoch [##########################################........] 85.95%
       380 iter, 4 epoch / 10 epochs
   0.60596 iters/sec. Estimated time to finish: 0:11:03.364625.
[4A[J     total [########################..........................] 49.87%
this epoch [#################################################.] 98.74%
       390 iter, 4 epoch / 10 epochs
   0.60389 iters/sec. Estimated time to finish: 0:10:49.076196.
[4A[J5           5.13627                           0.0863632                                651.657       
[J     total [#########################.........................] 51.15%
this epoch [#####.............................................] 11.53%
       400 iter, 5 epoch / 10 epochs
    0.6016 iters/sec. Estimated time to finish: 0:10:34.931444.
[4A[J     total [##########################........................] 52.43%
this epoch [############......................................] 24.32%
       410 iter, 5 epoch / 10 epochs
   0.60169 iters/sec. Estimated time to finish: 0:10:18.215756.
[4A[J     total [##########################........................] 53.71%
this epoch [##################................................] 37.10%
       420 iter, 5 epoch / 10 epochs
   0.60083 iters/sec. Estimated time to finish: 0:10:02.451782.
[4A[J     total [###########################.......................] 54.99%
this epoch [########################..........................] 49.89%
       430 iter, 5 epoch / 10 epochs
   0.60045 iters/sec. Estimated time to finish: 0:09:46.178237.
[4A[J     total [############################......................] 56.27%
this epoch [###############################...................] 62.68%
       440 iter, 5 epoch / 10 epochs
   0.60014 iters/sec. Estimated time to finish: 0:09:29.820144.
[4A[J     total [############################......................] 57.55%
this epoch [#####################################.............] 75.47%
       450 iter, 5 epoch / 10 epochs
    0.6008 iters/sec. Estimated time to finish: 0:09:12.551355.
[4A[J     total [#############################.....................] 58.83%
this epoch [############################################......] 88.26%
       460 iter, 5 epoch / 10 epochs
   0.60118 iters/sec. Estimated time to finish: 0:08:55.566183.
[4A[J6           4.74884                           0.122824                                 790.15        
[J     total [##############################....................] 60.10%
this epoch [..................................................]  1.04%
       470 iter, 6 epoch / 10 epochs
   0.59697 iters/sec. Estimated time to finish: 0:08:42.595287.
[4A[J     total [##############################....................] 61.38%
this epoch [######............................................] 13.83%
       480 iter, 6 epoch / 10 epochs
   0.59446 iters/sec. Estimated time to finish: 0:08:27.974067.
[4A[J     total [###############################...................] 62.66%
this epoch [#############.....................................] 26.62%
       490 iter, 6 epoch / 10 epochs
    0.5934 iters/sec. Estimated time to finish: 0:08:12.033699.
[4A[J     total [###############################...................] 63.94%
this epoch [###################...............................] 39.41%
       500 iter, 6 epoch / 10 epochs
   0.59207 iters/sec. Estimated time to finish: 0:07:56.249363.
[4A[J     total [################################..................] 65.22%
this epoch [##########################........................] 52.20%
       510 iter, 6 epoch / 10 epochs
   0.59143 iters/sec. Estimated time to finish: 0:07:39.859427.
[4A[J     total [#################################.................] 66.50%
this epoch [################################..................] 64.98%
       520 iter, 6 epoch / 10 epochs
   0.58995 iters/sec. Estimated time to finish: 0:07:24.056475.
[4A[J     total [#################################.................] 67.78%
this epoch [######################################............] 77.77%
       530 iter, 6 epoch / 10 epochs
   0.58993 iters/sec. Estimated time to finish: 0:07:07.121881.
[4A[J     total [##################################................] 69.06%
this epoch [#############################################.....] 90.56%
       540 iter, 6 epoch / 10 epochs
   0.59046 iters/sec. Estimated time to finish: 0:06:49.805960.
[4A[J7           4.48256                           0.150942                                 933.019       
[J     total [###################################...............] 70.33%
this epoch [#.................................................]  3.35%
       550 iter, 7 epoch / 10 epochs
   0.58891 iters/sec. Estimated time to finish: 0:06:33.903252.
[4A[J     total [###################################...............] 71.61%
this epoch [########..........................................] 16.14%
       560 iter, 7 epoch / 10 epochs
     0.589 iters/sec. Estimated time to finish: 0:06:16.862525.
[4A[J     total [####################################..............] 72.89%
this epoch [##############....................................] 28.93%
       570 iter, 7 epoch / 10 epochs
   0.58804 iters/sec. Estimated time to finish: 0:06:00.473269.
[4A[J     total [#####################################.............] 74.17%
this epoch [####################..............................] 41.71%
       580 iter, 7 epoch / 10 epochs
   0.58889 iters/sec. Estimated time to finish: 0:05:42.969771.
[4A[J     total [#####################################.............] 75.45%
this epoch [###########################.......................] 54.50%
       590 iter, 7 epoch / 10 epochs
   0.58896 iters/sec. Estimated time to finish: 0:05:25.952068.
[4A[J     total [######################################............] 76.73%
this epoch [#################################.................] 67.29%
       600 iter, 7 epoch / 10 epochs
   0.58723 iters/sec. Estimated time to finish: 0:05:09.884406.
[4A[J     total [#######################################...........] 78.01%
this epoch [########################################..........] 80.08%
       610 iter, 7 epoch / 10 epochs
   0.58496 iters/sec. Estimated time to finish: 0:04:53.992775.
[4A[J     total [#######################################...........] 79.29%
this epoch [##############################################....] 92.87%
       620 iter, 7 epoch / 10 epochs
   0.58328 iters/sec. Estimated time to finish: 0:04:37.691789.
[4A[J8           4.22717                           0.18129                                  1077.7        
[J     total [########################################..........] 80.57%
this epoch [##................................................]  5.65%
       630 iter, 8 epoch / 10 epochs
   0.58123 iters/sec. Estimated time to finish: 0:04:21.466976.
[4A[J     total [########################################..........] 81.84%
this epoch [#########.........................................] 18.44%
       640 iter, 8 epoch / 10 epochs
   0.58127 iters/sec. Estimated time to finish: 0:04:04.245981.
[4A[J     total [#########################################.........] 83.12%
this epoch [###############...................................] 31.23%
       650 iter, 8 epoch / 10 epochs
   0.58057 iters/sec. Estimated time to finish: 0:03:47.313903.
[4A[J     total [##########################################........] 84.40%
this epoch [######################............................] 44.02%
       660 iter, 8 epoch / 10 epochs
   0.57881 iters/sec. Estimated time to finish: 0:03:30.731839.
[4A[J     total [##########################################........] 85.68%
this epoch [############################......................] 56.81%
       670 iter, 8 epoch / 10 epochs
   0.57702 iters/sec. Estimated time to finish: 0:03:14.053947.
[4A[J     total [###########################################.......] 86.96%
this epoch [##################################................] 69.60%
       680 iter, 8 epoch / 10 epochs
    0.5762 iters/sec. Estimated time to finish: 0:02:56.974083.
[4A[J     total [############################################......] 88.24%
this epoch [#########################################.........] 82.38%
       690 iter, 8 epoch / 10 epochs
   0.57509 iters/sec. Estimated time to finish: 0:02:39.928562.
[4A[J     total [############################################......] 89.52%
this epoch [###############################################...] 95.17%
       700 iter, 8 epoch / 10 epochs
   0.57395 iters/sec. Estimated time to finish: 0:02:22.822383.
[4A[J9           3.99052                           0.208934                                 1231.06       
[J     total [#############################################.....] 90.80%
this epoch [###...............................................]  7.96%
       710 iter, 9 epoch / 10 epochs
   0.57182 iters/sec. Estimated time to finish: 0:02:05.866273.
[4A[J     total [##############################################....] 92.07%
this epoch [##########........................................] 20.75%
       720 iter, 9 epoch / 10 epochs
   0.57033 iters/sec. Estimated time to finish: 0:01:48.660720.
[4A[J     total [##############################################....] 93.35%
this epoch [################..................................] 33.54%
       730 iter, 9 epoch / 10 epochs
   0.56896 iters/sec. Estimated time to finish: 0:01:31.346989.
[4A[J     total [###############################################...] 94.63%
this epoch [#######################...........................] 46.32%
       740 iter, 9 epoch / 10 epochs
   0.56738 iters/sec. Estimated time to finish: 0:01:13.976755.
[4A[J     total [###############################################...] 95.91%
this epoch [#############################.....................] 59.11%
       750 iter, 9 epoch / 10 epochs
   0.56592 iters/sec. Estimated time to finish: 0:00:56.497230.
[4A[J     total [################################################..] 97.19%
this epoch [###################################...............] 71.90%
       760 iter, 9 epoch / 10 epochs
   0.56397 iters/sec. Estimated time to finish: 0:00:38.960711.
[4A[J     total [#################################################.] 98.47%
this epoch [##########################################........] 84.69%
       770 iter, 9 epoch / 10 epochs
   0.56301 iters/sec. Estimated time to finish: 0:00:21.265595.
[4A[J     total [#################################################.] 99.75%
this epoch [################################################..] 97.48%
       780 iter, 9 epoch / 10 epochs
   0.56205 iters/sec. Estimated time to finish: 0:00:03.509728.
[4A[J10          3.81519                           0.23425                                  1394.77       
[J