No Modulefiles Currently Loaded.
Currently Loaded Modulefiles:
  1) cuda/9.0/9.0.176.4   3) nccl/2.3/2.3.5-2
  2) cudnn/7.3/7.3.1      4) openmpi/2.1.6
Currently Loaded Modulefiles:
  1) cuda/9.0/9.0.176.4   3) nccl/2.3/2.3.5-2
  2) cudnn/7.3/7.3.1      4) openmpi/2.1.6
Currently Loaded Modulefiles:
  1) cuda/9.0/9.0.176.4   3) nccl/2.3/2.3.5-2
  2) cudnn/7.3/7.3.1      4) openmpi/2.1.6
==========================================
Num of GPUs : 64
Model :  alexnet
Minibatch-size: 512
Epochs: 10
==========================================
Starting training .....
--------------------------------------------------------------------------
A process has executed an operation involving a call to the
"fork()" system call to create a child process.  Open MPI is currently
operating in a condition that could result in memory corruption or
other system errors; your job may hang, crash, or produce silent
data corruption.  The use of fork() (or system() or other calls that
create child processes) is strongly discouraged.

The process that invoked fork was:

  Local host:          [[56425,1],0] (PID 51306)

If you are *absolutely sure* that your application will successfully
and correctly survive a call to fork(), you may disable this warning
by setting the mpi_warn_on_fork MCA parameter to 0.
--------------------------------------------------------------------------
epoch       main/loss   validation/main/loss  main/accuracy  validation/main/accuracy  elapsed_time
[J     total [..................................................]  0.64%
this epoch [###...............................................]  6.39%
        10 iter, 0 epoch / 10 epochs
       inf iters/sec. Estimated time to finish: 0:00:00.
[4A[J     total [..................................................]  1.28%
this epoch [######............................................] 12.79%
        20 iter, 0 epoch / 10 epochs
   0.82294 iters/sec. Estimated time to finish: 0:31:16.113558.
[4A[J     total [..................................................]  1.92%
this epoch [#########.........................................] 19.18%
        30 iter, 0 epoch / 10 epochs
   0.75672 iters/sec. Estimated time to finish: 0:33:47.072173.
[4A[J     total [#.................................................]  2.56%
this epoch [############......................................] 25.58%
        40 iter, 0 epoch / 10 epochs
   0.70129 iters/sec. Estimated time to finish: 0:36:13.033882.
[4A[J     total [#.................................................]  3.20%
this epoch [###############...................................] 31.97%
        50 iter, 0 epoch / 10 epochs
   0.70553 iters/sec. Estimated time to finish: 0:35:45.807103.
[4A[J     total [#.................................................]  3.84%
this epoch [###################...............................] 38.36%
        60 iter, 0 epoch / 10 epochs
   0.71139 iters/sec. Estimated time to finish: 0:35:14.060807.
[4A[J     total [##................................................]  4.48%
this epoch [######################............................] 44.76%
        70 iter, 0 epoch / 10 epochs
   0.71492 iters/sec. Estimated time to finish: 0:34:49.643853.
[4A[J     total [##................................................]  5.12%
this epoch [#########################.........................] 51.15%
        80 iter, 0 epoch / 10 epochs
   0.71227 iters/sec. Estimated time to finish: 0:34:43.384236.
[4A[J     total [##................................................]  5.75%
this epoch [############################......................] 57.55%
        90 iter, 0 epoch / 10 epochs
   0.68702 iters/sec. Estimated time to finish: 0:35:45.391287.
[4A[J     total [###...............................................]  6.39%
this epoch [###############################...................] 63.94%
       100 iter, 0 epoch / 10 epochs
   0.68708 iters/sec. Estimated time to finish: 0:35:30.635604.
[4A[J     total [###...............................................]  7.03%
this epoch [###################################...............] 70.34%
       110 iter, 0 epoch / 10 epochs
   0.68791 iters/sec. Estimated time to finish: 0:35:13.554526.
[4A[J     total [###...............................................]  7.67%
this epoch [######################################............] 76.73%
       120 iter, 0 epoch / 10 epochs
   0.69012 iters/sec. Estimated time to finish: 0:34:52.275032.
[4A[J     total [####..............................................]  8.31%
this epoch [#########################################.........] 83.12%
       130 iter, 0 epoch / 10 epochs
   0.69307 iters/sec. Estimated time to finish: 0:34:28.958622.
[4A[J     total [####..............................................]  8.95%
this epoch [############################################......] 89.52%
       140 iter, 0 epoch / 10 epochs
    0.6847 iters/sec. Estimated time to finish: 0:34:39.620012.
[4A[J     total [####..............................................]  9.59%
this epoch [###############################################...] 95.91%
       150 iter, 0 epoch / 10 epochs
   0.68695 iters/sec. Estimated time to finish: 0:34:18.262526.
[4A[J1           6.72449                           0.00401821                               234.626       
[J     total [#####.............................................] 10.23%
this epoch [#.................................................]  2.31%
       160 iter, 1 epoch / 10 epochs
   0.68202 iters/sec. Estimated time to finish: 0:34:18.496711.
[4A[J     total [#####.............................................] 10.87%
this epoch [####..............................................]  8.70%
       170 iter, 1 epoch / 10 epochs
   0.67198 iters/sec. Estimated time to finish: 0:34:34.364275.
[4A[J     total [#####.............................................] 11.51%
this epoch [#######...........................................] 15.09%
       180 iter, 1 epoch / 10 epochs
   0.66333 iters/sec. Estimated time to finish: 0:34:46.337924.
[4A[J     total [######............................................] 12.15%
this epoch [##########........................................] 21.49%
       190 iter, 1 epoch / 10 epochs
   0.65466 iters/sec. Estimated time to finish: 0:34:58.697686.
[4A[J     total [######............................................] 12.79%
this epoch [#############.....................................] 27.88%
       200 iter, 1 epoch / 10 epochs
   0.64797 iters/sec. Estimated time to finish: 0:35:04.925196.
[4A[J     total [######............................................] 13.43%
this epoch [#################.................................] 34.28%
       210 iter, 1 epoch / 10 epochs
   0.64202 iters/sec. Estimated time to finish: 0:35:08.839791.
[4A[J     total [#######...........................................] 14.07%
this epoch [####################..............................] 40.67%
       220 iter, 1 epoch / 10 epochs
   0.63786 iters/sec. Estimated time to finish: 0:35:06.927030.
[4A[J     total [#######...........................................] 14.71%
this epoch [#######################...........................] 47.07%
       230 iter, 1 epoch / 10 epochs
   0.63163 iters/sec. Estimated time to finish: 0:35:11.886043.
[4A[J     total [#######...........................................] 15.35%
this epoch [##########################........................] 53.46%
       240 iter, 1 epoch / 10 epochs
   0.62824 iters/sec. Estimated time to finish: 0:35:07.366294.
[4A[J     total [#######...........................................] 15.99%
this epoch [#############################.....................] 59.85%
       250 iter, 1 epoch / 10 epochs
   0.62604 iters/sec. Estimated time to finish: 0:34:58.793753.
[4A[J     total [########..........................................] 16.62%
this epoch [#################################.................] 66.25%
       260 iter, 1 epoch / 10 epochs
   0.62647 iters/sec. Estimated time to finish: 0:34:41.390066.
[4A[J     total [########..........................................] 17.26%
this epoch [####################################..............] 72.64%
       270 iter, 1 epoch / 10 epochs
   0.62636 iters/sec. Estimated time to finish: 0:34:25.784130.
[4A[J     total [########..........................................] 17.90%
this epoch [#######################################...........] 79.04%
       280 iter, 1 epoch / 10 epochs
   0.62314 iters/sec. Estimated time to finish: 0:34:20.408966.
[4A[J     total [#########.........................................] 18.54%
this epoch [##########################################........] 85.43%
       290 iter, 1 epoch / 10 epochs
   0.62293 iters/sec. Estimated time to finish: 0:34:05.056444.
[4A[J     total [#########.........................................] 19.18%
this epoch [#############################################.....] 91.82%
       300 iter, 1 epoch / 10 epochs
   0.62466 iters/sec. Estimated time to finish: 0:33:43.397520.
[4A[J     total [#########.........................................] 19.82%
this epoch [#################################################.] 98.22%
       310 iter, 1 epoch / 10 epochs
   0.62602 iters/sec. Estimated time to finish: 0:33:23.024673.
[4A[J2           5.83726                           0.0318635                                503.632       
[J     total [##########........................................] 20.46%
this epoch [##................................................]  4.61%
       320 iter, 2 epoch / 10 epochs
   0.62428 iters/sec. Estimated time to finish: 0:33:12.571525.
[4A[J     total [##########........................................] 21.10%
this epoch [#####.............................................] 11.01%
       330 iter, 2 epoch / 10 epochs
   0.61974 iters/sec. Estimated time to finish: 0:33:11.027886.
[4A[J     total [##########........................................] 21.74%
this epoch [########..........................................] 17.40%
       340 iter, 2 epoch / 10 epochs
    0.6164 iters/sec. Estimated time to finish: 0:33:05.601078.
[4A[J     total [###########.......................................] 22.38%
this epoch [###########.......................................] 23.80%
       350 iter, 2 epoch / 10 epochs
   0.61321 iters/sec. Estimated time to finish: 0:32:59.633278.
[4A[J     total [###########.......................................] 23.02%
this epoch [###############...................................] 30.19%
       360 iter, 2 epoch / 10 epochs
   0.61084 iters/sec. Estimated time to finish: 0:32:50.932762.
[4A[J     total [###########.......................................] 23.66%
this epoch [##################................................] 36.58%
       370 iter, 2 epoch / 10 epochs
   0.60936 iters/sec. Estimated time to finish: 0:32:39.300273.
[4A[J     total [############......................................] 24.30%
this epoch [#####################.............................] 42.98%
       380 iter, 2 epoch / 10 epochs
    0.6069 iters/sec. Estimated time to finish: 0:32:30.760388.
[4A[J     total [############......................................] 24.94%
this epoch [########################..........................] 49.37%
       390 iter, 2 epoch / 10 epochs
   0.60588 iters/sec. Estimated time to finish: 0:32:17.559247.
[4A[J     total [############......................................] 25.58%
this epoch [###########################.......................] 55.77%
       400 iter, 2 epoch / 10 epochs
   0.60608 iters/sec. Estimated time to finish: 0:32:00.401626.
[4A[J     total [#############.....................................] 26.22%
this epoch [###############################...................] 62.16%
       410 iter, 2 epoch / 10 epochs
   0.60696 iters/sec. Estimated time to finish: 0:31:41.143276.
[4A[J     total [#############.....................................] 26.86%
this epoch [##################################................] 68.55%
       420 iter, 2 epoch / 10 epochs
   0.60651 iters/sec. Estimated time to finish: 0:31:26.069506.
[4A[J     total [#############.....................................] 27.49%
this epoch [#####################################.............] 74.95%
       430 iter, 2 epoch / 10 epochs
   0.60598 iters/sec. Estimated time to finish: 0:31:11.236042.
[4A[J     total [##############....................................] 28.13%
this epoch [########################################..........] 81.34%
       440 iter, 2 epoch / 10 epochs
   0.60667 iters/sec. Estimated time to finish: 0:30:52.628109.
[4A[J     total [##############....................................] 28.77%
this epoch [###########################################.......] 87.74%
       450 iter, 2 epoch / 10 epochs
   0.60737 iters/sec. Estimated time to finish: 0:30:34.023355.
[4A[J     total [##############....................................] 29.41%
this epoch [###############################################...] 94.13%
       460 iter, 2 epoch / 10 epochs
   0.60763 iters/sec. Estimated time to finish: 0:30:16.766424.
[4A[J3           5.22305                           0.0746915                                780.577       
[J     total [###############...................................] 30.05%
this epoch [..................................................]  0.53%
       470 iter, 3 epoch / 10 epochs
   0.60447 iters/sec. Estimated time to finish: 0:30:09.730002.
[4A[J     total [###############...................................] 30.69%
this epoch [###...............................................]  6.92%
       480 iter, 3 epoch / 10 epochs
   0.60232 iters/sec. Estimated time to finish: 0:29:59.583422.
[4A[J     total [###############...................................] 31.33%
this epoch [######............................................] 13.31%
       490 iter, 3 epoch / 10 epochs
   0.60175 iters/sec. Estimated time to finish: 0:29:44.678196.
[4A[J     total [###############...................................] 31.97%
this epoch [#########.........................................] 19.71%
       500 iter, 3 epoch / 10 epochs
   0.60006 iters/sec. Estimated time to finish: 0:29:33.034964.
[4A[J     total [################..................................] 32.61%
this epoch [#############.....................................] 26.10%
       510 iter, 3 epoch / 10 epochs
   0.59938 iters/sec. Estimated time to finish: 0:29:18.359671.
[4A[J     total [################..................................] 33.25%
this epoch [################..................................] 32.50%
       520 iter, 3 epoch / 10 epochs
   0.59828 iters/sec. Estimated time to finish: 0:29:04.887672.
[4A[J     total [################..................................] 33.89%
this epoch [###################...............................] 38.89%
       530 iter, 3 epoch / 10 epochs
   0.59821 iters/sec. Estimated time to finish: 0:28:48.376540.
[4A[J     total [#################.................................] 34.53%
this epoch [######################............................] 45.28%
       540 iter, 3 epoch / 10 epochs
   0.59898 iters/sec. Estimated time to finish: 0:28:29.435402.
[4A[J     total [#################.................................] 35.17%
this epoch [#########################.........................] 51.68%
       550 iter, 3 epoch / 10 epochs
   0.59933 iters/sec. Estimated time to finish: 0:28:11.773973.
[4A[J     total [#################.................................] 35.81%
this epoch [#############################.....................] 58.07%
       560 iter, 3 epoch / 10 epochs
   0.59946 iters/sec. Estimated time to finish: 0:27:54.705752.
[4A[J     total [##################................................] 36.45%
this epoch [################################..................] 64.47%
       570 iter, 3 epoch / 10 epochs
   0.59888 iters/sec. Estimated time to finish: 0:27:39.628703.
[4A[J     total [##################................................] 37.09%
this epoch [###################################...............] 70.86%
       580 iter, 3 epoch / 10 epochs
   0.59971 iters/sec. Estimated time to finish: 0:27:20.666318.
[4A[J     total [##################................................] 37.73%
this epoch [######################################............] 77.26%
       590 iter, 3 epoch / 10 epochs
   0.60043 iters/sec. Estimated time to finish: 0:27:02.056931.
[4A[J     total [###################...............................] 38.36%
this epoch [#########################################.........] 83.65%
       600 iter, 3 epoch / 10 epochs
   0.59993 iters/sec. Estimated time to finish: 0:26:46.740820.
[4A[J     total [###################...............................] 39.00%
this epoch [#############################################.....] 90.04%
       610 iter, 3 epoch / 10 epochs
   0.59809 iters/sec. Estimated time to finish: 0:26:34.948663.
[4A[J     total [###################...............................] 39.64%
this epoch [################################################..] 96.44%
       620 iter, 3 epoch / 10 epochs
   0.59614 iters/sec. Estimated time to finish: 0:26:23.389508.
[4A[J4           4.80188                           0.114108                                 1054.75       
[J     total [####################..............................] 40.28%
this epoch [#.................................................]  2.83%
       630 iter, 4 epoch / 10 epochs
    0.5944 iters/sec. Estimated time to finish: 0:26:11.212234.
[4A[J     total [####################..............................] 40.92%
this epoch [####..............................................]  9.23%
       640 iter, 4 epoch / 10 epochs
   0.59341 iters/sec. Estimated time to finish: 0:25:56.964850.
[4A[J     total [####################..............................] 41.56%
this epoch [#######...........................................] 15.62%
       650 iter, 4 epoch / 10 epochs
   0.59263 iters/sec. Estimated time to finish: 0:25:42.146248.
[4A[J     total [#####################.............................] 42.20%
this epoch [###########.......................................] 22.01%
       660 iter, 4 epoch / 10 epochs
   0.59093 iters/sec. Estimated time to finish: 0:25:29.669204.
[4A[J     total [#####################.............................] 42.84%
this epoch [##############....................................] 28.41%
       670 iter, 4 epoch / 10 epochs
   0.58888 iters/sec. Estimated time to finish: 0:25:18.010596.
[4A[J     total [#####################.............................] 43.48%
this epoch [#################.................................] 34.80%
       680 iter, 4 epoch / 10 epochs
   0.58815 iters/sec. Estimated time to finish: 0:25:02.904016.
[4A[J     total [######################............................] 44.12%
this epoch [####################..............................] 41.20%
       690 iter, 4 epoch / 10 epochs
   0.58728 iters/sec. Estimated time to finish: 0:24:48.080430.
[4A[J     total [######################............................] 44.76%
this epoch [#######################...........................] 47.59%
       700 iter, 4 epoch / 10 epochs
    0.5859 iters/sec. Estimated time to finish: 0:24:34.517268.
[4A[J     total [######################............................] 45.40%
this epoch [##########################........................] 53.99%
       710 iter, 4 epoch / 10 epochs
   0.58433 iters/sec. Estimated time to finish: 0:24:21.365068.
[4A[J     total [#######################...........................] 46.04%
this epoch [##############################....................] 60.38%
       720 iter, 4 epoch / 10 epochs
   0.58356 iters/sec. Estimated time to finish: 0:24:06.179205.
[4A[J     total [#######################...........................] 46.68%
this epoch [#################################.................] 66.77%
       730 iter, 4 epoch / 10 epochs
   0.58286 iters/sec. Estimated time to finish: 0:23:50.747988.
[4A[J     total [#######################...........................] 47.32%
this epoch [####################################..............] 73.17%
       740 iter, 4 epoch / 10 epochs
   0.58117 iters/sec. Estimated time to finish: 0:23:37.702067.
[4A[J     total [#######################...........................] 47.96%
this epoch [#######################################...........] 79.56%
       750 iter, 4 epoch / 10 epochs
    0.5797 iters/sec. Estimated time to finish: 0:23:24.056456.
[4A[J     total [########################..........................] 48.60%
this epoch [##########################################........] 85.96%
       760 iter, 4 epoch / 10 epochs
   0.57768 iters/sec. Estimated time to finish: 0:23:11.649016.
[4A[J     total [########################..........................] 49.24%
this epoch [##############################################....] 92.35%
       770 iter, 4 epoch / 10 epochs
   0.57686 iters/sec. Estimated time to finish: 0:22:56.285116.
[4A[J     total [########################..........................] 49.87%
this epoch [#################################################.] 98.74%
       780 iter, 4 epoch / 10 epochs
   0.57618 iters/sec. Estimated time to finish: 0:22:40.560399.
[4A[J5           4.41558                           0.155286                                 1360.6        
[J     total [#########################.........................] 50.51%
this epoch [##................................................]  5.14%
       790 iter, 5 epoch / 10 epochs
   0.57471 iters/sec. Estimated time to finish: 0:22:26.648473.
[4A[J     total [#########################.........................] 51.15%
this epoch [#####.............................................] 11.53%
       800 iter, 5 epoch / 10 epochs
   0.57356 iters/sec. Estimated time to finish: 0:22:11.910901.
[4A[J     total [#########################.........................] 51.79%
this epoch [########..........................................] 17.93%
       810 iter, 5 epoch / 10 epochs
   0.57168 iters/sec. Estimated time to finish: 0:21:58.786091.
[4A[J     total [##########################........................] 52.43%
this epoch [############......................................] 24.32%
       820 iter, 5 epoch / 10 epochs
   0.56999 iters/sec. Estimated time to finish: 0:21:45.156118.
[4A[J     total [##########################........................] 53.07%
this epoch [###############...................................] 30.72%
       830 iter, 5 epoch / 10 epochs
   0.56824 iters/sec. Estimated time to finish: 0:21:31.571196.
[4A[J     total [##########################........................] 53.71%
this epoch [##################................................] 37.11%
       840 iter, 5 epoch / 10 epochs
   0.56692 iters/sec. Estimated time to finish: 0:21:16.949874.
[4A[J     total [###########################.......................] 54.35%
this epoch [#####################.............................] 43.50%
       850 iter, 5 epoch / 10 epochs
   0.56452 iters/sec. Estimated time to finish: 0:21:04.668431.
[4A[J     total [###########################.......................] 54.99%
this epoch [########################..........................] 49.90%
       860 iter, 5 epoch / 10 epochs
    0.5628 iters/sec. Estimated time to finish: 0:20:50.760306.
[4A[J     total [###########################.......................] 55.63%
this epoch [############################......................] 56.29%
       870 iter, 5 epoch / 10 epochs
    0.5612 iters/sec. Estimated time to finish: 0:20:36.503672.
[4A[J     total [############################......................] 56.27%
this epoch [###############################...................] 62.69%
       880 iter, 5 epoch / 10 epochs
   0.55954 iters/sec. Estimated time to finish: 0:20:22.296035.
[4A[J     total [############################......................] 56.91%
this epoch [##################################................] 69.08%
       890 iter, 5 epoch / 10 epochs
   0.55802 iters/sec. Estimated time to finish: 0:20:07.700514.
[4A[J     total [############################......................] 57.55%
this epoch [#####################################.............] 75.47%
       900 iter, 5 epoch / 10 epochs
   0.55601 iters/sec. Estimated time to finish: 0:19:54.090055.
[4A[J     total [#############################.....................] 58.19%
this epoch [########################################..........] 81.87%
       910 iter, 5 epoch / 10 epochs
   0.55445 iters/sec. Estimated time to finish: 0:19:39.406276.
[4A[J     total [#############################.....................] 58.83%
this epoch [############################################......] 88.26%
       920 iter, 5 epoch / 10 epochs
   0.55403 iters/sec. Estimated time to finish: 0:19:22.264141.
[4A[J     total [#############################.....................] 59.47%
this epoch [###############################################...] 94.66%
       930 iter, 5 epoch / 10 epochs
   0.55282 iters/sec. Estimated time to finish: 0:19:06.706350.
[4A[J6           4.15057                           0.185111                                 1704.38       
[J     total [##############################....................] 60.11%
this epoch [..................................................]  1.05%
       940 iter, 6 epoch / 10 epochs
   0.55128 iters/sec. Estimated time to finish: 0:18:51.773597.
[4A[J     total [##############################....................] 60.74%
this epoch [###...............................................]  7.45%
       950 iter, 6 epoch / 10 epochs
   0.54974 iters/sec. Estimated time to finish: 0:18:36.747576.
[4A[J     total [##############################....................] 61.38%
this epoch [######............................................] 13.84%
       960 iter, 6 epoch / 10 epochs
   0.54878 iters/sec. Estimated time to finish: 0:18:20.496237.
[4A[J     total [###############################...................] 62.02%
this epoch [##########........................................] 20.23%
       970 iter, 6 epoch / 10 epochs
   0.54819 iters/sec. Estimated time to finish: 0:18:03.439510.
[4A[J     total [###############################...................] 62.66%
this epoch [#############.....................................] 26.63%
       980 iter, 6 epoch / 10 epochs
   0.54718 iters/sec. Estimated time to finish: 0:17:47.150086.
[4A[J     total [###############################...................] 63.30%
this epoch [################..................................] 33.02%
       990 iter, 6 epoch / 10 epochs
   0.54595 iters/sec. Estimated time to finish: 0:17:31.235540.
[4A[J     total [###############################...................] 63.94%
this epoch [###################...............................] 39.42%
      1000 iter, 6 epoch / 10 epochs
   0.54431 iters/sec. Estimated time to finish: 0:17:16.038873.
[4A[J     total [################################..................] 64.58%
this epoch [######################............................] 45.81%
      1010 iter, 6 epoch / 10 epochs
   0.54122 iters/sec. Estimated time to finish: 0:17:03.479368.
[4A[J     total [################################..................] 65.22%
this epoch [##########################........................] 52.20%
      1020 iter, 6 epoch / 10 epochs
   0.53947 iters/sec. Estimated time to finish: 0:16:48.260186.
[4A[J     total [################################..................] 65.86%
this epoch [#############################.....................] 58.60%
      1030 iter, 6 epoch / 10 epochs
   0.53798 iters/sec. Estimated time to finish: 0:16:32.455229.
[4A[J     total [#################################.................] 66.50%
this epoch [################################..................] 64.99%
      1040 iter, 6 epoch / 10 epochs
   0.53535 iters/sec. Estimated time to finish: 0:16:18.661765.
[4A[J     total [#################################.................] 67.14%
this epoch [###################################...............] 71.39%
      1050 iter, 6 epoch / 10 epochs
   0.53327 iters/sec. Estimated time to finish: 0:16:03.720290.
[4A[J     total [#################################.................] 67.78%
this epoch [######################################............] 77.78%
      1060 iter, 6 epoch / 10 epochs
   0.53173 iters/sec. Estimated time to finish: 0:15:47.718266.
[4A[J     total [##################################................] 68.42%
this epoch [##########################################........] 84.18%
      1070 iter, 6 epoch / 10 epochs
   0.53048 iters/sec. Estimated time to finish: 0:15:31.089344.
[4A[J     total [##################################................] 69.06%
this epoch [#############################################.....] 90.57%
      1080 iter, 6 epoch / 10 epochs
   0.53003 iters/sec. Estimated time to finish: 0:15:13.019619.
[4A[J     total [##################################................] 69.70%
this epoch [################################################..] 96.96%
      1090 iter, 6 epoch / 10 epochs
   0.52768 iters/sec. Estimated time to finish: 0:14:58.123129.
[4A[J7           3.912                             0.216233                                 2038.26       
[J     total [###################################...............] 70.34%
this epoch [#.................................................]  3.36%
      1100 iter, 7 epoch / 10 epochs
   0.52562 iters/sec. Estimated time to finish: 0:14:42.621476.
[4A[J     total [###################################...............] 70.98%
this epoch [####..............................................]  9.75%
      1110 iter, 7 epoch / 10 epochs
    0.5245 iters/sec. Estimated time to finish: 0:14:25.450284.
[4A[J     total [###################################...............] 71.61%
this epoch [########..........................................] 16.15%
      1120 iter, 7 epoch / 10 epochs
    0.5229 iters/sec. Estimated time to finish: 0:14:08.976144.
[4A[J     total [####################################..............] 72.25%
this epoch [###########.......................................] 22.54%
      1130 iter, 7 epoch / 10 epochs
    0.5215 iters/sec. Estimated time to finish: 0:13:52.080416.
[4A[J     total [####################################..............] 72.89%
this epoch [##############....................................] 28.93%
      1140 iter, 7 epoch / 10 epochs
    0.5191 iters/sec. Estimated time to finish: 0:13:36.658386.
[4A[J     total [####################################..............] 73.53%
this epoch [#################.................................] 35.33%
      1150 iter, 7 epoch / 10 epochs
    0.5179 iters/sec. Estimated time to finish: 0:13:19.235853.
[4A[J     total [#####################################.............] 74.17%
this epoch [####################..............................] 41.72%
      1160 iter, 7 epoch / 10 epochs
   0.51772 iters/sec. Estimated time to finish: 0:13:00.196468.
[4A[J     total [#####################################.............] 74.81%
this epoch [########################..........................] 48.12%
      1170 iter, 7 epoch / 10 epochs
   0.51726 iters/sec. Estimated time to finish: 0:12:41.556518.
[4A[J     total [#####################################.............] 75.45%
this epoch [###########################.......................] 54.51%
      1180 iter, 7 epoch / 10 epochs
   0.51642 iters/sec. Estimated time to finish: 0:12:23.434307.
[4A[J     total [######################################............] 76.09%
this epoch [##############################....................] 60.91%
      1190 iter, 7 epoch / 10 epochs
   0.51566 iters/sec. Estimated time to finish: 0:12:05.138501.
[4A[J     total [######################################............] 76.73%
this epoch [#################################.................] 67.30%
      1200 iter, 7 epoch / 10 epochs
   0.51551 iters/sec. Estimated time to finish: 0:11:45.952267.
[4A[J     total [######################################............] 77.37%
this epoch [####################################..............] 73.69%
      1210 iter, 7 epoch / 10 epochs
   0.51551 iters/sec. Estimated time to finish: 0:11:26.559245.
[4A[J     total [#######################################...........] 78.01%
this epoch [########################################..........] 80.09%
      1220 iter, 7 epoch / 10 epochs
   0.51551 iters/sec. Estimated time to finish: 0:11:07.154112.
[4A[J     total [#######################################...........] 78.65%
this epoch [###########################################.......] 86.48%
      1230 iter, 7 epoch / 10 epochs
   0.51446 iters/sec. Estimated time to finish: 0:10:49.083213.
[4A[J     total [#######################################...........] 79.29%
this epoch [##############################################....] 92.88%
      1240 iter, 7 epoch / 10 epochs
   0.51368 iters/sec. Estimated time to finish: 0:10:30.600999.
[4A[J     total [#######################################...........] 79.93%
this epoch [#################################################.] 99.27%
      1250 iter, 7 epoch / 10 epochs
   0.51315 iters/sec. Estimated time to finish: 0:10:11.759633.
[4A[J8           3.72142                           0.242523                                 2352.14       
[J     total [########################################..........] 80.57%
this epoch [##................................................]  5.66%
      1260 iter, 8 epoch / 10 epochs
   0.51181 iters/sec. Estimated time to finish: 0:09:53.828397.
[4A[J     total [########################################..........] 81.21%
this epoch [######............................................] 12.06%
      1270 iter, 8 epoch / 10 epochs
   0.51104 iters/sec. Estimated time to finish: 0:09:35.151879.
[4A[J     total [########################################..........] 81.85%
this epoch [#########.........................................] 18.45%
      1280 iter, 8 epoch / 10 epochs
   0.50928 iters/sec. Estimated time to finish: 0:09:17.502367.
[4A[J     total [#########################################.........] 82.48%
this epoch [############......................................] 24.85%
      1290 iter, 8 epoch / 10 epochs
   0.50762 iters/sec. Estimated time to finish: 0:08:59.627760.
[4A[J     total [#########################################.........] 83.12%
this epoch [###############...................................] 31.24%
      1300 iter, 8 epoch / 10 epochs
   0.50626 iters/sec. Estimated time to finish: 0:08:41.322554.
[4A[J     total [#########################################.........] 83.76%
this epoch [##################................................] 37.64%
      1310 iter, 8 epoch / 10 epochs
   0.50589 iters/sec. Estimated time to finish: 0:08:21.935202.
[4A[J     total [##########################################........] 84.40%
this epoch [######################............................] 44.03%
      1320 iter, 8 epoch / 10 epochs
   0.50616 iters/sec. Estimated time to finish: 0:08:01.918424.
[4A[J     total [##########################################........] 85.04%
this epoch [#########################.........................] 50.42%
      1330 iter, 8 epoch / 10 epochs
   0.50517 iters/sec. Estimated time to finish: 0:07:43.067523.
[4A[J     total [##########################################........] 85.68%
this epoch [############################......................] 56.82%
      1340 iter, 8 epoch / 10 epochs
   0.50523 iters/sec. Estimated time to finish: 0:07:23.218000.
[4A[J     total [###########################################.......] 86.32%
this epoch [###############################...................] 63.21%
      1350 iter, 8 epoch / 10 epochs
   0.50536 iters/sec. Estimated time to finish: 0:07:03.310375.
[4A[J     total [###########################################.......] 86.96%
this epoch [##################################................] 69.61%
      1360 iter, 8 epoch / 10 epochs
   0.50525 iters/sec. Estimated time to finish: 0:06:43.613716.
[4A[J     total [###########################################.......] 87.60%
this epoch [######################################............] 76.00%
      1370 iter, 8 epoch / 10 epochs
    0.5051 iters/sec. Estimated time to finish: 0:06:23.935418.
[4A[J     total [############################################......] 88.24%
this epoch [#########################################.........] 82.39%
      1380 iter, 8 epoch / 10 epochs
   0.50455 iters/sec. Estimated time to finish: 0:06:04.531671.
[4A[J     total [############################################......] 88.88%
this epoch [############################################......] 88.79%
      1390 iter, 8 epoch / 10 epochs
   0.50376 iters/sec. Estimated time to finish: 0:05:45.255246.
[4A[J     total [############################################......] 89.52%
this epoch [###############################################...] 95.18%
      1400 iter, 8 epoch / 10 epochs
   0.50236 iters/sec. Estimated time to finish: 0:05:26.310206.
[4A[J9           3.59751                           0.256848                                 2667.24       
[J     total [#############################################.....] 90.16%
this epoch [..................................................]  1.58%
      1410 iter, 9 epoch / 10 epochs
   0.50076 iters/sec. Estimated time to finish: 0:05:07.384369.
[4A[J     total [#############################################.....] 90.80%
this epoch [###...............................................]  7.97%
      1420 iter, 9 epoch / 10 epochs
   0.49956 iters/sec. Estimated time to finish: 0:04:48.107718.
[4A[J     total [#############################################.....] 91.44%
this epoch [#######...........................................] 14.37%
      1430 iter, 9 epoch / 10 epochs
   0.49821 iters/sec. Estimated time to finish: 0:04:28.811263.
[4A[J     total [##############################################....] 92.08%
this epoch [##########........................................] 20.76%
      1440 iter, 9 epoch / 10 epochs
     0.497 iters/sec. Estimated time to finish: 0:04:09.347850.
[4A[J     total [##############################################....] 92.72%
this epoch [#############.....................................] 27.15%
      1450 iter, 9 epoch / 10 epochs
   0.49598 iters/sec. Estimated time to finish: 0:03:49.697206.
[4A[J     total [##############################################....] 93.35%
this epoch [################..................................] 33.55%
      1460 iter, 9 epoch / 10 epochs
   0.49624 iters/sec. Estimated time to finish: 0:03:29.426585.
[4A[J     total [##############################################....] 93.99%
this epoch [###################...............................] 39.94%
      1470 iter, 9 epoch / 10 epochs
   0.49616 iters/sec. Estimated time to finish: 0:03:09.306837.
[4A[J     total [###############################################...] 94.63%
this epoch [#######################...........................] 46.34%
      1480 iter, 9 epoch / 10 epochs
    0.4955 iters/sec. Estimated time to finish: 0:02:49.375874.
[4A[J     total [###############################################...] 95.27%
this epoch [##########################........................] 52.73%
      1490 iter, 9 epoch / 10 epochs
    0.4958 iters/sec. Estimated time to finish: 0:02:29.102877.
[4A[J     total [###############################################...] 95.91%
this epoch [#############################.....................] 59.12%
      1500 iter, 9 epoch / 10 epochs
   0.49551 iters/sec. Estimated time to finish: 0:02:09.009692.
[4A[J     total [################################################..] 96.55%
this epoch [################################..................] 65.52%
      1510 iter, 9 epoch / 10 epochs
   0.49576 iters/sec. Estimated time to finish: 0:01:48.773252.
[4A[J     total [################################################..] 97.19%
this epoch [###################################...............] 71.91%
      1520 iter, 9 epoch / 10 epochs
    0.4949 iters/sec. Estimated time to finish: 0:01:28.756867.
[4A[J     total [################################################..] 97.83%
this epoch [#######################################...........] 78.31%
      1530 iter, 9 epoch / 10 epochs
   0.49361 iters/sec. Estimated time to finish: 0:01:08.729360.
[4A[J     total [#################################################.] 98.47%
this epoch [##########################################........] 84.70%
      1540 iter, 9 epoch / 10 epochs
   0.49271 iters/sec. Estimated time to finish: 0:00:48.559888.
[4A[J     total [#################################################.] 99.11%
this epoch [#############################################.....] 91.10%
      1550 iter, 9 epoch / 10 epochs
   0.49203 iters/sec. Estimated time to finish: 0:00:28.302883.
[4A[J     total [#################################################.] 99.75%
this epoch [################################################..] 97.49%
      1560 iter, 9 epoch / 10 epochs
   0.49164 iters/sec. Estimated time to finish: 0:00:07.985088.
[4A[J10          3.43525                           0.279597                                 2978.95       
[J