No Modulefiles Currently Loaded.
Currently Loaded Modulefiles:
  1) cuda/9.0/9.0.176.4   3) nccl/2.3/2.3.5-2
  2) cudnn/7.3/7.3.1      4) openmpi/2.1.6
Currently Loaded Modulefiles:
  1) cuda/9.0/9.0.176.4   3) nccl/2.3/2.3.5-2
  2) cudnn/7.3/7.3.1      4) openmpi/2.1.6
Currently Loaded Modulefiles:
  1) cuda/9.0/9.0.176.4   3) nccl/2.3/2.3.5-2
  2) cudnn/7.3/7.3.1      4) openmpi/2.1.6
==========================================
Num of GPUs : 512
Model :  resnet
Minibatch-size: 64
Epochs: 10
==========================================
Starting training .....
--------------------------------------------------------------------------
A process has executed an operation involving a call to the
"fork()" system call to create a child process.  Open MPI is currently
operating in a condition that could result in memory corruption or
other system errors; your job may hang, crash, or produce silent
data corruption.  The use of fork() (or system() or other calls that
create child processes) is strongly discouraged.

The process that invoked fork was:

  Local host:          [[42928,1],0] (PID 48119)

If you are *absolutely sure* that your application will successfully
and correctly survive a call to fork(), you may disable this warning
by setting the mpi_warn_on_fork MCA parameter to 0.
--------------------------------------------------------------------------
dot: graph is too large for cairo-renderer bitmaps. Scaling by 0.767539 to fit
epoch       main/loss   validation/main/loss  main/accuracy  validation/main/accuracy  elapsed_time
[J     total [..................................................]  0.64%
this epoch [###...............................................]  6.39%
        10 iter, 0 epoch / 10 epochs
       inf iters/sec. Estimated time to finish: 0:00:00.
[4A[J     total [..................................................]  1.28%
this epoch [######............................................] 12.79%
        20 iter, 0 epoch / 10 epochs
    2.7828 iters/sec. Estimated time to finish: 0:09:14.865986.
[4A[J     total [..................................................]  1.92%
this epoch [#########.........................................] 19.18%
        30 iter, 0 epoch / 10 epochs
    3.2442 iters/sec. Estimated time to finish: 0:07:52.865473.
[4A[J     total [#.................................................]  2.56%
this epoch [############......................................] 25.57%
        40 iter, 0 epoch / 10 epochs
    3.3051 iters/sec. Estimated time to finish: 0:07:41.117703.
[4A[J     total [#.................................................]  3.20%
this epoch [###############...................................] 31.97%
        50 iter, 0 epoch / 10 epochs
    3.4296 iters/sec. Estimated time to finish: 0:07:21.463265.
[4A[J     total [#.................................................]  3.84%
this epoch [###################...............................] 38.36%
        60 iter, 0 epoch / 10 epochs
    3.4973 iters/sec. Estimated time to finish: 0:07:10.067147.
[4A[J     total [##................................................]  4.48%
this epoch [######################............................] 44.76%
        70 iter, 0 epoch / 10 epochs
    3.5174 iters/sec. Estimated time to finish: 0:07:04.764185.
[4A[J     total [##................................................]  5.11%
this epoch [#########################.........................] 51.15%
        80 iter, 0 epoch / 10 epochs
    3.5416 iters/sec. Estimated time to finish: 0:06:59.036468.
[4A[J     total [##................................................]  5.75%
this epoch [############################......................] 57.54%
        90 iter, 0 epoch / 10 epochs
    3.5808 iters/sec. Estimated time to finish: 0:06:51.653781.
[4A[J     total [###...............................................]  6.39%
this epoch [###############################...................] 63.94%
       100 iter, 0 epoch / 10 epochs
    3.5626 iters/sec. Estimated time to finish: 0:06:50.948688.
[4A[J     total [###...............................................]  7.03%
this epoch [###################################...............] 70.33%
       110 iter, 0 epoch / 10 epochs
    3.5287 iters/sec. Estimated time to finish: 0:06:52.067202.
[4A[J     total [###...............................................]  7.67%
this epoch [######################################............] 76.72%
       120 iter, 0 epoch / 10 epochs
    3.5518 iters/sec. Estimated time to finish: 0:06:46.568595.
[4A[J     total [####..............................................]  8.31%
this epoch [#########################################.........] 83.12%
       130 iter, 0 epoch / 10 epochs
    3.5846 iters/sec. Estimated time to finish: 0:06:40.063936.
[4A[J     total [####..............................................]  8.95%
this epoch [############################################......] 89.51%
       140 iter, 0 epoch / 10 epochs
    3.5848 iters/sec. Estimated time to finish: 0:06:37.254235.
[4A[J     total [####..............................................]  9.59%
this epoch [###############################################...] 95.90%
       150 iter, 0 epoch / 10 epochs
    3.5927 iters/sec. Estimated time to finish: 0:06:33.598213.
[4A[J1           6.49762                           0.0159236                                51.685        
[J     total [#####.............................................] 10.23%
this epoch [#.................................................]  2.30%
       160 iter, 1 epoch / 10 epochs
    3.5556 iters/sec. Estimated time to finish: 0:06:34.884113.
[4A[J     total [#####.............................................] 10.87%
this epoch [####..............................................]  8.69%
       170 iter, 1 epoch / 10 epochs
    3.5603 iters/sec. Estimated time to finish: 0:06:31.556985.
[4A[J     total [#####.............................................] 11.51%
this epoch [#######...........................................] 15.08%
       180 iter, 1 epoch / 10 epochs
    3.5724 iters/sec. Estimated time to finish: 0:06:27.431414.
[4A[J     total [######............................................] 12.15%
this epoch [##########........................................] 21.48%
       190 iter, 1 epoch / 10 epochs
    3.5866 iters/sec. Estimated time to finish: 0:06:23.112045.
[4A[J     total [######............................................] 12.79%
this epoch [#############.....................................] 27.87%
       200 iter, 1 epoch / 10 epochs
    3.5999 iters/sec. Estimated time to finish: 0:06:18.913192.
[4A[J     total [######............................................] 13.43%
this epoch [#################.................................] 34.27%
       210 iter, 1 epoch / 10 epochs
     3.597 iters/sec. Estimated time to finish: 0:06:16.437689.
[4A[J     total [#######...........................................] 14.07%
this epoch [####################..............................] 40.66%
       220 iter, 1 epoch / 10 epochs
    3.6078 iters/sec. Estimated time to finish: 0:06:12.543749.
[4A[J     total [#######...........................................] 14.71%
this epoch [#######################...........................] 47.05%
       230 iter, 1 epoch / 10 epochs
    3.6181 iters/sec. Estimated time to finish: 0:06:08.721686.
[4A[J     total [#######...........................................] 15.34%
this epoch [##########################........................] 53.45%
       240 iter, 1 epoch / 10 epochs
    3.6191 iters/sec. Estimated time to finish: 0:06:05.852264.
[4A[J     total [#######...........................................] 15.98%
this epoch [#############################.....................] 59.84%
       250 iter, 1 epoch / 10 epochs
    3.6276 iters/sec. Estimated time to finish: 0:06:02.239439.
[4A[J     total [########..........................................] 16.62%
this epoch [#################################.................] 66.23%
       260 iter, 1 epoch / 10 epochs
    3.6325 iters/sec. Estimated time to finish: 0:05:58.997847.
[4A[J     total [########..........................................] 17.26%
this epoch [####################################..............] 72.63%
       270 iter, 1 epoch / 10 epochs
     3.636 iters/sec. Estimated time to finish: 0:05:55.902277.
[4A[J     total [########..........................................] 17.90%
this epoch [#######################################...........] 79.02%
       280 iter, 1 epoch / 10 epochs
    3.6451 iters/sec. Estimated time to finish: 0:05:52.272695.
[4A[J     total [#########.........................................] 18.54%
this epoch [##########################################........] 85.41%
       290 iter, 1 epoch / 10 epochs
    3.6539 iters/sec. Estimated time to finish: 0:05:48.683603.
[4A[J     total [#########.........................................] 19.18%
this epoch [#############################################.....] 91.81%
       300 iter, 1 epoch / 10 epochs
    3.6597 iters/sec. Estimated time to finish: 0:05:45.395869.
[4A[J     total [#########.........................................] 19.82%
this epoch [#################################################.] 98.20%
       310 iter, 1 epoch / 10 epochs
    3.6619 iters/sec. Estimated time to finish: 0:05:42.458377.
[4A[J2           5.15124                           0.0730168                                93.6446       
[J     total [##########........................................] 20.46%
this epoch [##................................................]  4.60%
       320 iter, 2 epoch / 10 epochs
    3.6609 iters/sec. Estimated time to finish: 0:05:39.825798.
[4A[J     total [##########........................................] 21.10%
this epoch [#####.............................................] 10.99%
       330 iter, 2 epoch / 10 epochs
     3.664 iters/sec. Estimated time to finish: 0:05:36.810718.
[4A[J     total [##########........................................] 21.74%
this epoch [########..........................................] 17.38%
       340 iter, 2 epoch / 10 epochs
    3.6607 iters/sec. Estimated time to finish: 0:05:34.378007.
[4A[J     total [###########.......................................] 22.38%
this epoch [###########.......................................] 23.78%
       350 iter, 2 epoch / 10 epochs
    3.6678 iters/sec. Estimated time to finish: 0:05:31.007343.
[4A[J     total [###########.......................................] 23.02%
this epoch [###############...................................] 30.17%
       360 iter, 2 epoch / 10 epochs
    3.6703 iters/sec. Estimated time to finish: 0:05:28.058559.
[4A[J     total [###########.......................................] 23.66%
this epoch [##################................................] 36.56%
       370 iter, 2 epoch / 10 epochs
    3.6683 iters/sec. Estimated time to finish: 0:05:25.509794.
[4A[J     total [############......................................] 24.30%
this epoch [#####################.............................] 42.96%
       380 iter, 2 epoch / 10 epochs
    3.6746 iters/sec. Estimated time to finish: 0:05:22.227018.
[4A[J     total [############......................................] 24.94%
this epoch [########################..........................] 49.35%
       390 iter, 2 epoch / 10 epochs
    3.6792 iters/sec. Estimated time to finish: 0:05:19.106294.
[4A[J     total [############......................................] 25.57%
this epoch [###########################.......................] 55.74%
       400 iter, 2 epoch / 10 epochs
    3.6759 iters/sec. Estimated time to finish: 0:05:16.673573.
[4A[J     total [#############.....................................] 26.21%
this epoch [###############################...................] 62.14%
       410 iter, 2 epoch / 10 epochs
    3.6827 iters/sec. Estimated time to finish: 0:05:13.371058.
[4A[J     total [#############.....................................] 26.85%
this epoch [##################################................] 68.53%
       420 iter, 2 epoch / 10 epochs
    3.6883 iters/sec. Estimated time to finish: 0:05:10.187284.
[4A[J     total [#############.....................................] 27.49%
this epoch [#####################################.............] 74.93%
       430 iter, 2 epoch / 10 epochs
    3.6906 iters/sec. Estimated time to finish: 0:05:07.282945.
[4A[J     total [##############....................................] 28.13%
this epoch [########################################..........] 81.32%
       440 iter, 2 epoch / 10 epochs
    3.6909 iters/sec. Estimated time to finish: 0:05:04.552311.
[4A[J     total [##############....................................] 28.77%
this epoch [###########################################.......] 87.71%
       450 iter, 2 epoch / 10 epochs
    3.6955 iters/sec. Estimated time to finish: 0:05:01.464282.
[4A[J     total [##############....................................] 29.41%
this epoch [###############################################...] 94.11%
       460 iter, 2 epoch / 10 epochs
     3.699 iters/sec. Estimated time to finish: 0:04:58.473447.
[4A[J3           4.4726                            0.153065                                 135.483       
[J     total [###############...................................] 30.05%
this epoch [..................................................]  0.50%
       470 iter, 3 epoch / 10 epochs
     3.687 iters/sec. Estimated time to finish: 0:04:56.738978.
[4A[J     total [###############...................................] 30.69%
this epoch [###...............................................]  6.89%
       480 iter, 3 epoch / 10 epochs
    3.6916 iters/sec. Estimated time to finish: 0:04:53.656443.
[4A[J     total [###############...................................] 31.33%
this epoch [######............................................] 13.29%
       490 iter, 3 epoch / 10 epochs
    3.6958 iters/sec. Estimated time to finish: 0:04:50.615375.
[4A[J     total [###############...................................] 31.97%
this epoch [#########.........................................] 19.68%
       500 iter, 3 epoch / 10 epochs
    3.6922 iters/sec. Estimated time to finish: 0:04:48.189499.
[4A[J     total [################..................................] 32.61%
this epoch [#############.....................................] 26.07%
       510 iter, 3 epoch / 10 epochs
    3.6956 iters/sec. Estimated time to finish: 0:04:45.217645.
[4A[J     total [################..................................] 33.25%
this epoch [################..................................] 32.47%
       520 iter, 3 epoch / 10 epochs
    3.6993 iters/sec. Estimated time to finish: 0:04:42.228844.
[4A[J     total [################..................................] 33.89%
this epoch [###################...............................] 38.86%
       530 iter, 3 epoch / 10 epochs
    3.6998 iters/sec. Estimated time to finish: 0:04:39.493841.
[4A[J     total [#################.................................] 34.53%
this epoch [######################............................] 45.25%
       540 iter, 3 epoch / 10 epochs
    3.6971 iters/sec. Estimated time to finish: 0:04:36.987930.
[4A[J     total [#################.................................] 35.16%
this epoch [#########################.........................] 51.65%
       550 iter, 3 epoch / 10 epochs
    3.7003 iters/sec. Estimated time to finish: 0:04:34.046903.
[4A[J     total [#################.................................] 35.80%
this epoch [#############################.....................] 58.04%
       560 iter, 3 epoch / 10 epochs
    3.7007 iters/sec. Estimated time to finish: 0:04:31.318461.
[4A[J     total [##################................................] 36.44%
this epoch [################################..................] 64.44%
       570 iter, 3 epoch / 10 epochs
     3.699 iters/sec. Estimated time to finish: 0:04:28.739545.
[4A[J     total [##################................................] 37.08%
this epoch [###################################...............] 70.83%
       580 iter, 3 epoch / 10 epochs
    3.7018 iters/sec. Estimated time to finish: 0:04:25.831302.
[4A[J     total [##################................................] 37.72%
this epoch [######################################............] 77.22%
       590 iter, 3 epoch / 10 epochs
    3.7025 iters/sec. Estimated time to finish: 0:04:23.083512.
[4A[J     total [###################...............................] 38.36%
this epoch [#########################################.........] 83.62%
       600 iter, 3 epoch / 10 epochs
    3.7014 iters/sec. Estimated time to finish: 0:04:20.459340.
[4A[J     total [###################...............................] 39.00%
this epoch [#############################################.....] 90.01%
       610 iter, 3 epoch / 10 epochs
    3.7052 iters/sec. Estimated time to finish: 0:04:17.495342.
[4A[J     total [###################...............................] 39.64%
this epoch [################################################..] 96.40%
       620 iter, 3 epoch / 10 epochs
     3.709 iters/sec. Estimated time to finish: 0:04:14.531332.
[4A[J4           4.04413                           0.20012                                  177.09        
[J     total [####################..............................] 40.28%
this epoch [#.................................................]  2.80%
       630 iter, 4 epoch / 10 epochs
    3.7042 iters/sec. Estimated time to finish: 0:04:12.163813.
[4A[J     total [####################..............................] 40.92%
this epoch [####..............................................]  9.19%
       640 iter, 4 epoch / 10 epochs
    3.7042 iters/sec. Estimated time to finish: 0:04:09.463946.
[4A[J     total [####################..............................] 41.56%
this epoch [#######...........................................] 15.58%
       650 iter, 4 epoch / 10 epochs
    3.7063 iters/sec. Estimated time to finish: 0:04:06.623370.
[4A[J     total [#####################.............................] 42.20%
this epoch [##########........................................] 21.98%
       660 iter, 4 epoch / 10 epochs
    3.7069 iters/sec. Estimated time to finish: 0:04:03.883380.
[4A[J     total [#####################.............................] 42.84%
this epoch [##############....................................] 28.37%
       670 iter, 4 epoch / 10 epochs
    3.7067 iters/sec. Estimated time to finish: 0:04:01.203430.
[4A[J     total [#####################.............................] 43.48%
this epoch [#################.................................] 34.77%
       680 iter, 4 epoch / 10 epochs
    3.7084 iters/sec. Estimated time to finish: 0:03:58.395246.
[4A[J     total [######################............................] 44.12%
this epoch [####################..............................] 41.16%
       690 iter, 4 epoch / 10 epochs
    3.7098 iters/sec. Estimated time to finish: 0:03:55.611463.
[4A[J     total [######################............................] 44.76%
this epoch [#######################...........................] 47.55%
       700 iter, 4 epoch / 10 epochs
    3.7077 iters/sec. Estimated time to finish: 0:03:53.047856.
[4A[J     total [######################............................] 45.39%
this epoch [##########################........................] 53.95%
       710 iter, 4 epoch / 10 epochs
    3.7107 iters/sec. Estimated time to finish: 0:03:50.163335.
[4A[J     total [#######################...........................] 46.03%
this epoch [##############################....................] 60.34%
       720 iter, 4 epoch / 10 epochs
    3.7119 iters/sec. Estimated time to finish: 0:03:47.395674.
[4A[J     total [#######################...........................] 46.67%
this epoch [#################################.................] 66.73%
       730 iter, 4 epoch / 10 epochs
    3.7111 iters/sec. Estimated time to finish: 0:03:44.748404.
[4A[J     total [#######################...........................] 47.31%
this epoch [####################################..............] 73.13%
       740 iter, 4 epoch / 10 epochs
    3.7118 iters/sec. Estimated time to finish: 0:03:42.008921.
[4A[J     total [#######################...........................] 47.95%
this epoch [#######################################...........] 79.52%
       750 iter, 4 epoch / 10 epochs
    3.7128 iters/sec. Estimated time to finish: 0:03:39.259147.
[4A[J     total [########################..........................] 48.59%
this epoch [##########################################........] 85.91%
       760 iter, 4 epoch / 10 epochs
    3.7147 iters/sec. Estimated time to finish: 0:03:36.453267.
[4A[J     total [########################..........................] 49.23%
this epoch [##############################################....] 92.31%
       770 iter, 4 epoch / 10 epochs
    3.7139 iters/sec. Estimated time to finish: 0:03:33.810296.
[4A[J     total [########################..........................] 49.87%
this epoch [#################################################.] 98.70%
       780 iter, 4 epoch / 10 epochs
    3.7165 iters/sec. Estimated time to finish: 0:03:30.965258.
[4A[J5           3.74065                           0.244029                                 218.983       
[J     total [#########################.........................] 50.51%
this epoch [##................................................]  5.09%
       790 iter, 5 epoch / 10 epochs
    3.7138 iters/sec. Estimated time to finish: 0:03:28.431368.
[4A[J     total [#########################.........................] 51.15%
this epoch [#####.............................................] 11.49%
       800 iter, 5 epoch / 10 epochs
     3.713 iters/sec. Estimated time to finish: 0:03:25.777673.
[4A[J     total [#########################.........................] 51.79%
this epoch [########..........................................] 17.88%
       810 iter, 5 epoch / 10 epochs
    3.7129 iters/sec. Estimated time to finish: 0:03:23.094868.
[4A[J     total [##########################........................] 52.43%
this epoch [############......................................] 24.28%
       820 iter, 5 epoch / 10 epochs
    3.7148 iters/sec. Estimated time to finish: 0:03:20.296155.
[4A[J     total [##########################........................] 53.07%
this epoch [###############...................................] 30.67%
       830 iter, 5 epoch / 10 epochs
    3.6716 iters/sec. Estimated time to finish: 0:03:19.929417.
[4A[J     total [##########################........................] 53.71%
this epoch [##################................................] 37.06%
       840 iter, 5 epoch / 10 epochs
    3.6735 iters/sec. Estimated time to finish: 0:03:17.106765.
[4A[J     total [###########################.......................] 54.35%
this epoch [#####################.............................] 43.46%
       850 iter, 5 epoch / 10 epochs
    3.6752 iters/sec. Estimated time to finish: 0:03:14.292442.
[4A[J     total [###########################.......................] 54.99%
this epoch [########################..........................] 49.85%
       860 iter, 5 epoch / 10 epochs
    3.6767 iters/sec. Estimated time to finish: 0:03:11.494492.
[4A[J     total [###########################.......................] 55.62%
this epoch [############################......................] 56.24%
       870 iter, 5 epoch / 10 epochs
     3.676 iters/sec. Estimated time to finish: 0:03:08.807874.
[4A[J     total [############################......................] 56.26%
this epoch [###############################...................] 62.64%
       880 iter, 5 epoch / 10 epochs
    3.6773 iters/sec. Estimated time to finish: 0:03:06.024586.
[4A[J     total [############################......................] 56.90%
this epoch [##################################................] 69.03%
       890 iter, 5 epoch / 10 epochs
    3.6782 iters/sec. Estimated time to finish: 0:03:03.260042.
[4A[J     total [############################......................] 57.54%
this epoch [#####################################.............] 75.42%
       900 iter, 5 epoch / 10 epochs
    3.6766 iters/sec. Estimated time to finish: 0:03:00.616843.
[4A[J     total [#############################.....................] 58.18%
this epoch [########################################..........] 81.82%
       910 iter, 5 epoch / 10 epochs
    3.6762 iters/sec. Estimated time to finish: 0:02:57.918474.
[4A[J     total [#############################.....................] 58.82%
this epoch [############################################......] 88.21%
       920 iter, 5 epoch / 10 epochs
    3.6783 iters/sec. Estimated time to finish: 0:02:55.098877.
[4A[J     total [#############################.....................] 59.46%
this epoch [###############################################...] 94.61%
       930 iter, 5 epoch / 10 epochs
    3.6768 iters/sec. Estimated time to finish: 0:02:52.448076.
[4A[J6           3.55819                           0.272937                                 263.449       
[J     total [##############################....................] 60.10%
this epoch [..................................................]  1.00%
       940 iter, 6 epoch / 10 epochs
    3.6755 iters/sec. Estimated time to finish: 0:02:49.788600.
[4A[J     total [##############################....................] 60.74%
this epoch [###...............................................]  7.39%
       950 iter, 6 epoch / 10 epochs
    3.6781 iters/sec. Estimated time to finish: 0:02:46.952518.
[4A[J     total [##############################....................] 61.38%
this epoch [######............................................] 13.79%
       960 iter, 6 epoch / 10 epochs
    3.6785 iters/sec. Estimated time to finish: 0:02:44.213654.
[4A[J     total [###############################...................] 62.02%
this epoch [##########........................................] 20.18%
       970 iter, 6 epoch / 10 epochs
    3.6774 iters/sec. Estimated time to finish: 0:02:41.546190.
[4A[J     total [###############################...................] 62.66%
this epoch [#############.....................................] 26.57%
       980 iter, 6 epoch / 10 epochs
    3.6799 iters/sec. Estimated time to finish: 0:02:38.718293.
[4A[J     total [###############################...................] 63.30%
this epoch [################..................................] 32.97%
       990 iter, 6 epoch / 10 epochs
    3.6807 iters/sec. Estimated time to finish: 0:02:35.967268.
[4A[J     total [###############################...................] 63.94%
this epoch [###################...............................] 39.36%
      1000 iter, 6 epoch / 10 epochs
    3.6793 iters/sec. Estimated time to finish: 0:02:33.305347.
[4A[J     total [################################..................] 64.58%
this epoch [######################............................] 45.75%
      1010 iter, 6 epoch / 10 epochs
    3.6922 iters/sec. Estimated time to finish: 0:02:30.061670.
[4A[J     total [################################..................] 65.21%
this epoch [##########################........................] 52.15%
      1020 iter, 6 epoch / 10 epochs
    3.6917 iters/sec. Estimated time to finish: 0:02:27.375153.
[4A[J     total [################################..................] 65.85%
this epoch [#############################.....................] 58.54%
      1030 iter, 6 epoch / 10 epochs
    3.6932 iters/sec. Estimated time to finish: 0:02:24.605981.
[4A[J     total [#################################.................] 66.49%
this epoch [################################..................] 64.94%
      1040 iter, 6 epoch / 10 epochs
    3.6926 iters/sec. Estimated time to finish: 0:02:21.920570.
[4A[J     total [#################################.................] 67.13%
this epoch [###################################...............] 71.33%
      1050 iter, 6 epoch / 10 epochs
    3.6931 iters/sec. Estimated time to finish: 0:02:19.193856.
[4A[J     total [#################################.................] 67.77%
this epoch [######################################............] 77.72%
      1060 iter, 6 epoch / 10 epochs
    3.6935 iters/sec. Estimated time to finish: 0:02:16.472609.
[4A[J     total [##################################................] 68.41%
this epoch [##########################################........] 84.12%
      1070 iter, 6 epoch / 10 epochs
    3.6933 iters/sec. Estimated time to finish: 0:02:13.773328.
[4A[J     total [##################################................] 69.05%
this epoch [#############################################.....] 90.51%
      1080 iter, 6 epoch / 10 epochs
    3.6937 iters/sec. Estimated time to finish: 0:02:11.050890.
[4A[J     total [##################################................] 69.69%
this epoch [################################################..] 96.90%
      1090 iter, 6 epoch / 10 epochs
    3.6982 iters/sec. Estimated time to finish: 0:02:08.187191.
[4A[J7           3.4915                            0.285357                                 305.493       
[J     total [###################################...............] 70.33%
this epoch [#.................................................]  3.30%
      1100 iter, 7 epoch / 10 epochs
    3.6978 iters/sec. Estimated time to finish: 0:02:05.495575.
[4A[J     total [###################################...............] 70.97%
this epoch [####..............................................]  9.69%
      1110 iter, 7 epoch / 10 epochs
    3.6987 iters/sec. Estimated time to finish: 0:02:02.762991.
[4A[J     total [###################################...............] 71.61%
this epoch [########..........................................] 16.08%
      1120 iter, 7 epoch / 10 epochs
    3.6964 iters/sec. Estimated time to finish: 0:02:00.135159.
[4A[J     total [####################################..............] 72.25%
this epoch [###########.......................................] 22.48%
      1130 iter, 7 epoch / 10 epochs
    3.6963 iters/sec. Estimated time to finish: 0:01:57.430175.
[4A[J     total [####################################..............] 72.89%
this epoch [##############....................................] 28.87%
      1140 iter, 7 epoch / 10 epochs
    3.6988 iters/sec. Estimated time to finish: 0:01:54.648601.
[4A[J     total [####################################..............] 73.53%
this epoch [#################.................................] 35.26%
      1150 iter, 7 epoch / 10 epochs
    3.7065 iters/sec. Estimated time to finish: 0:01:51.711414.
[4A[J     total [#####################################.............] 74.17%
this epoch [####################..............................] 41.66%
      1160 iter, 7 epoch / 10 epochs
    3.7062 iters/sec. Estimated time to finish: 0:01:49.024371.
[4A[J     total [#####################################.............] 74.81%
this epoch [########################..........................] 48.05%
      1170 iter, 7 epoch / 10 epochs
    3.7055 iters/sec. Estimated time to finish: 0:01:46.344546.
[4A[J     total [#####################################.............] 75.44%
this epoch [###########################.......................] 54.45%
      1180 iter, 7 epoch / 10 epochs
    3.7051 iters/sec. Estimated time to finish: 0:01:43.656890.
[4A[J     total [######################################............] 76.08%
this epoch [##############################....................] 60.84%
      1190 iter, 7 epoch / 10 epochs
    3.7043 iters/sec. Estimated time to finish: 0:01:40.980293.
[4A[J     total [######################################............] 76.72%
this epoch [#################################.................] 67.23%
      1200 iter, 7 epoch / 10 epochs
    3.7039 iters/sec. Estimated time to finish: 0:01:38.291950.
[4A[J     total [######################################............] 77.36%
this epoch [####################################..............] 73.63%
      1210 iter, 7 epoch / 10 epochs
    3.7042 iters/sec. Estimated time to finish: 0:01:35.584527.
[4A[J     total [#######################################...........] 78.00%
this epoch [########################################..........] 80.02%
      1220 iter, 7 epoch / 10 epochs
    3.7034 iters/sec. Estimated time to finish: 0:01:32.903674.
[4A[J     total [#######################################...........] 78.64%
this epoch [###########################################.......] 86.41%
      1230 iter, 7 epoch / 10 epochs
    3.7022 iters/sec. Estimated time to finish: 0:01:30.234723.
[4A[J     total [#######################################...........] 79.28%
this epoch [##############################################....] 92.81%
      1240 iter, 7 epoch / 10 epochs
    3.7027 iters/sec. Estimated time to finish: 0:01:27.519918.
[4A[J     total [#######################################...........] 79.92%
this epoch [#################################################.] 99.20%
      1250 iter, 7 epoch / 10 epochs
    3.7021 iters/sec. Estimated time to finish: 0:01:24.834209.
[4A[J8           3.51355                           0.281748                                 347.796       
[J     total [########################################..........] 80.56%
this epoch [##................................................]  5.59%
      1260 iter, 8 epoch / 10 epochs
    3.6978 iters/sec. Estimated time to finish: 0:01:22.228069.
[4A[J     total [########################################..........] 81.20%
this epoch [#####.............................................] 11.99%
      1270 iter, 8 epoch / 10 epochs
    3.6969 iters/sec. Estimated time to finish: 0:01:19.543957.
[4A[J     total [########################################..........] 81.84%
this epoch [#########.........................................] 18.38%
      1280 iter, 8 epoch / 10 epochs
     3.697 iters/sec. Estimated time to finish: 0:01:16.836647.
[4A[J     total [#########################################.........] 82.48%
this epoch [############......................................] 24.78%
      1290 iter, 8 epoch / 10 epochs
    3.6956 iters/sec. Estimated time to finish: 0:01:14.159053.
[4A[J     total [#########################################.........] 83.12%
this epoch [###############...................................] 31.17%
      1300 iter, 8 epoch / 10 epochs
    3.6952 iters/sec. Estimated time to finish: 0:01:11.460356.
[4A[J     total [#########################################.........] 83.76%
this epoch [##################................................] 37.56%
      1310 iter, 8 epoch / 10 epochs
    3.6977 iters/sec. Estimated time to finish: 0:01:08.707601.
[4A[J     total [##########################################........] 84.40%
this epoch [#####################.............................] 43.96%
      1320 iter, 8 epoch / 10 epochs
    3.6982 iters/sec. Estimated time to finish: 0:01:05.995469.
[4A[J     total [##########################################........] 85.03%
this epoch [#########################.........................] 50.35%
      1330 iter, 8 epoch / 10 epochs
    3.6984 iters/sec. Estimated time to finish: 0:01:03.288255.
[4A[J     total [##########################################........] 85.67%
this epoch [############################......................] 56.74%
      1340 iter, 8 epoch / 10 epochs
    3.6978 iters/sec. Estimated time to finish: 0:01:00.594001.
[4A[J     total [###########################################.......] 86.31%
this epoch [###############################...................] 63.14%
      1350 iter, 8 epoch / 10 epochs
    3.6956 iters/sec. Estimated time to finish: 0:00:57.924289.
[4A[J     total [###########################################.......] 86.95%
this epoch [##################################................] 69.53%
      1360 iter, 8 epoch / 10 epochs
    3.6946 iters/sec. Estimated time to finish: 0:00:55.232973.
[4A[J     total [###########################################.......] 87.59%
this epoch [#####################################.............] 75.92%
      1370 iter, 8 epoch / 10 epochs
    3.6933 iters/sec. Estimated time to finish: 0:00:52.544781.
[4A[J     total [############################################......] 88.23%
this epoch [#########################################.........] 82.32%
      1380 iter, 8 epoch / 10 epochs
    3.6926 iters/sec. Estimated time to finish: 0:00:49.846849.
[4A[J     total [############################################......] 88.87%
this epoch [############################################......] 88.71%
      1390 iter, 8 epoch / 10 epochs
     3.693 iters/sec. Estimated time to finish: 0:00:47.133284.
[4A[J     total [############################################......] 89.51%
this epoch [###############################################...] 95.10%
      1400 iter, 8 epoch / 10 epochs
    3.6901 iters/sec. Estimated time to finish: 0:00:44.459704.
[4A[J9           3.44886                           0.294571                                 391.335       
[J     total [#############################################.....] 90.15%
this epoch [..................................................]  1.50%
      1410 iter, 9 epoch / 10 epochs
    3.6674 iters/sec. Estimated time to finish: 0:00:42.008481.
[4A[J     total [#############################################.....] 90.79%
this epoch [###...............................................]  7.89%
      1420 iter, 9 epoch / 10 epochs
    3.6646 iters/sec. Estimated time to finish: 0:00:39.312452.
[4A[J     total [#############################################.....] 91.43%
this epoch [#######...........................................] 14.29%
      1430 iter, 9 epoch / 10 epochs
    3.6614 iters/sec. Estimated time to finish: 0:00:36.615534.
[4A[J     total [##############################################....] 92.07%
this epoch [##########........................................] 20.68%
      1440 iter, 9 epoch / 10 epochs
    3.6552 iters/sec. Estimated time to finish: 0:00:33.941438.
[4A[J     total [##############################################....] 92.71%
this epoch [#############.....................................] 27.07%
      1450 iter, 9 epoch / 10 epochs
    3.6542 iters/sec. Estimated time to finish: 0:00:31.214343.
[4A[J     total [##############################################....] 93.35%
this epoch [################..................................] 33.47%
      1460 iter, 9 epoch / 10 epochs
    3.6585 iters/sec. Estimated time to finish: 0:00:28.444283.
[4A[J     total [##############################################....] 93.99%
this epoch [###################...............................] 39.86%
      1470 iter, 9 epoch / 10 epochs
    3.6571 iters/sec. Estimated time to finish: 0:00:25.720390.
[4A[J     total [###############################################...] 94.63%
this epoch [#######################...........................] 46.25%
      1480 iter, 9 epoch / 10 epochs
    3.6548 iters/sec. Estimated time to finish: 0:00:23.000420.
[4A[J     total [###############################################...] 95.26%
this epoch [##########################........................] 52.65%
      1490 iter, 9 epoch / 10 epochs
    3.6516 iters/sec. Estimated time to finish: 0:00:20.282302.
[4A[J     total [###############################################...] 95.90%
this epoch [#############################.....................] 59.04%
      1500 iter, 9 epoch / 10 epochs
    3.6506 iters/sec. Estimated time to finish: 0:00:17.548534.
[4A[J     total [################################################..] 96.54%
this epoch [################################..................] 65.43%
      1510 iter, 9 epoch / 10 epochs
    3.6499 iters/sec. Estimated time to finish: 0:00:14.812185.
[4A[J     total [################################################..] 97.18%
this epoch [###################################...............] 71.83%
      1520 iter, 9 epoch / 10 epochs
    3.6462 iters/sec. Estimated time to finish: 0:00:12.084592.
[4A[J     total [################################################..] 97.82%
this epoch [#######################################...........] 78.22%
      1530 iter, 9 epoch / 10 epochs
    3.6432 iters/sec. Estimated time to finish: 0:00:09.349588.
[4A[J     total [#################################################.] 98.46%
this epoch [##########################################........] 84.62%
      1540 iter, 9 epoch / 10 epochs
    3.6429 iters/sec. Estimated time to finish: 0:00:06.605404.
[4A[J     total [#################################################.] 99.10%
this epoch [#############################################.....] 91.01%
      1550 iter, 9 epoch / 10 epochs
    3.6424 iters/sec. Estimated time to finish: 0:00:03.860736.
[4A[J     total [#################################################.] 99.74%
this epoch [################################################..] 97.40%
      1560 iter, 9 epoch / 10 epochs
    3.6293 iters/sec. Estimated time to finish: 0:00:01.119376.
[4A[J10          3.11422                           0.34584                                  437.204       
[J