No Modulefiles Currently Loaded.
Currently Loaded Modulefiles:
  1) cuda/9.0/9.0.176.4   3) nccl/2.3/2.3.5-2
  2) cudnn/7.3/7.3.1      4) openmpi/2.1.6
Currently Loaded Modulefiles:
  1) cuda/9.0/9.0.176.4   3) nccl/2.3/2.3.5-2
  2) cudnn/7.3/7.3.1      4) openmpi/2.1.6
Currently Loaded Modulefiles:
  1) cuda/9.0/9.0.176.4   3) nccl/2.3/2.3.5-2
  2) cudnn/7.3/7.3.1      4) openmpi/2.1.6
==========================================
Num of GPUs : 1024
Model :  resnet
Minibatch-size: 64
Epochs: 10
==========================================
Starting training .....
--------------------------------------------------------------------------
A process has executed an operation involving a call to the
"fork()" system call to create a child process.  Open MPI is currently
operating in a condition that could result in memory corruption or
other system errors; your job may hang, crash, or produce silent
data corruption.  The use of fork() (or system() or other calls that
create child processes) is strongly discouraged.

The process that invoked fork was:

  Local host:          [[4709,1],0] (PID 3567)

If you are *absolutely sure* that your application will successfully
and correctly survive a call to fork(), you may disable this warning
by setting the mpi_warn_on_fork MCA parameter to 0.
--------------------------------------------------------------------------
dot: graph is too large for cairo-renderer bitmaps. Scaling by 0.767539 to fit
epoch       main/loss   validation/main/loss  main/accuracy  validation/main/accuracy  elapsed_time
[J     total [..................................................]  1.28%
this epoch [######............................................] 12.79%
        10 iter, 0 epoch / 10 epochs
       inf iters/sec. Estimated time to finish: 0:00:00.
[4A[J     total [#.................................................]  2.56%
this epoch [############......................................] 25.57%
        20 iter, 0 epoch / 10 epochs
    3.0997 iters/sec. Estimated time to finish: 0:04:05.838772.
[4A[J     total [#.................................................]  3.84%
this epoch [###################...............................] 38.36%
        30 iter, 0 epoch / 10 epochs
    3.2312 iters/sec. Estimated time to finish: 0:03:52.744091.
[4A[J     total [##................................................]  5.11%
this epoch [#########################.........................] 51.15%
        40 iter, 0 epoch / 10 epochs
    2.5864 iters/sec. Estimated time to finish: 0:04:46.901386.
[4A[J     total [###...............................................]  6.39%
this epoch [###############################...................] 63.94%
        50 iter, 0 epoch / 10 epochs
    2.7172 iters/sec. Estimated time to finish: 0:04:29.410098.
[4A[J     total [###...............................................]  7.67%
this epoch [######################################............] 76.72%
        60 iter, 0 epoch / 10 epochs
    2.8525 iters/sec. Estimated time to finish: 0:04:13.121233.
[4A[J     total [####..............................................]  8.95%
this epoch [############################################......] 89.51%
        70 iter, 0 epoch / 10 epochs
    2.8663 iters/sec. Estimated time to finish: 0:04:08.415517.
[4A[J1           6.96042                           0.00454905                               39.6402       
[J     total [#####.............................................] 10.23%
this epoch [#.................................................]  2.30%
        80 iter, 1 epoch / 10 epochs
    2.4993 iters/sec. Estimated time to finish: 0:04:40.896057.
[4A[J     total [#####.............................................] 11.51%
this epoch [#######...........................................] 15.08%
        90 iter, 1 epoch / 10 epochs
    2.5935 iters/sec. Estimated time to finish: 0:04:26.832890.
[4A[J     total [######............................................] 12.79%
this epoch [#############.....................................] 27.87%
       100 iter, 1 epoch / 10 epochs
    2.6875 iters/sec. Estimated time to finish: 0:04:13.777131.
[4A[J     total [#######...........................................] 14.07%
this epoch [####################..............................] 40.66%
       110 iter, 1 epoch / 10 epochs
    2.7204 iters/sec. Estimated time to finish: 0:04:07.030540.
[4A[J     total [#######...........................................] 15.34%
this epoch [##########################........................] 53.45%
       120 iter, 1 epoch / 10 epochs
    2.7895 iters/sec. Estimated time to finish: 0:03:57.330106.
[4A[J     total [########..........................................] 16.62%
this epoch [#################################.................] 66.23%
       130 iter, 1 epoch / 10 epochs
    2.8252 iters/sec. Estimated time to finish: 0:03:50.788176.
[4A[J     total [########..........................................] 17.90%
this epoch [#######################################...........] 79.02%
       140 iter, 1 epoch / 10 epochs
    2.8615 iters/sec. Estimated time to finish: 0:03:44.372616.
[4A[J     total [#########.........................................] 19.18%
this epoch [#############################################.....] 91.81%
       150 iter, 1 epoch / 10 epochs
    2.9004 iters/sec. Estimated time to finish: 0:03:37.908167.
[4A[J2           5.79009                           0.0364583                                62.9047       
[J     total [##########........................................] 20.46%
this epoch [##................................................]  4.60%
       160 iter, 2 epoch / 10 epochs
    2.9353 iters/sec. Estimated time to finish: 0:03:31.917363.
[4A[J     total [##########........................................] 21.74%
this epoch [########..........................................] 17.38%
       170 iter, 2 epoch / 10 epochs
    2.9672 iters/sec. Estimated time to finish: 0:03:26.264991.
[4A[J     total [###########.......................................] 23.02%
this epoch [###############...................................] 30.17%
       180 iter, 2 epoch / 10 epochs
    2.9948 iters/sec. Estimated time to finish: 0:03:21.025469.
[4A[J     total [############......................................] 24.30%
this epoch [#####################.............................] 42.96%
       190 iter, 2 epoch / 10 epochs
    3.0295 iters/sec. Estimated time to finish: 0:03:15.422467.
[4A[J     total [############......................................] 25.57%
this epoch [###########################.......................] 55.74%
       200 iter, 2 epoch / 10 epochs
    3.0649 iters/sec. Estimated time to finish: 0:03:09.899102.
[4A[J     total [#############.....................................] 26.85%
this epoch [##################################................] 68.53%
       210 iter, 2 epoch / 10 epochs
    3.0785 iters/sec. Estimated time to finish: 0:03:05.817061.
[4A[J     total [##############....................................] 28.13%
this epoch [########################################..........] 81.32%
       220 iter, 2 epoch / 10 epochs
    3.1055 iters/sec. Estimated time to finish: 0:03:00.981949.
[4A[J     total [##############....................................] 29.41%
this epoch [###############################################...] 94.11%
       230 iter, 2 epoch / 10 epochs
    3.1318 iters/sec. Estimated time to finish: 0:02:56.263660.
[4A[J3           5.01794                           0.0945513                                84.5699       
[J     total [###############...................................] 30.69%
this epoch [###...............................................]  6.89%
       240 iter, 3 epoch / 10 epochs
    3.1316 iters/sec. Estimated time to finish: 0:02:53.081925.
[4A[J     total [###############...................................] 31.97%
this epoch [#########.........................................] 19.68%
       250 iter, 3 epoch / 10 epochs
    3.1541 iters/sec. Estimated time to finish: 0:02:48.681699.
[4A[J     total [################..................................] 33.25%
this epoch [################..................................] 32.47%
       260 iter, 3 epoch / 10 epochs
    3.1752 iters/sec. Estimated time to finish: 0:02:44.406455.
[4A[J     total [#################.................................] 34.53%
this epoch [######################............................] 45.25%
       270 iter, 3 epoch / 10 epochs
    3.1872 iters/sec. Estimated time to finish: 0:02:40.654236.
[4A[J     total [#################.................................] 35.80%
this epoch [#############################.....................] 58.04%
       280 iter, 3 epoch / 10 epochs
    3.1973 iters/sec. Estimated time to finish: 0:02:37.016471.
[4A[J     total [##################................................] 37.08%
this epoch [###################################...............] 70.83%
       290 iter, 3 epoch / 10 epochs
    3.2128 iters/sec. Estimated time to finish: 0:02:33.144848.
[4A[J     total [###################...............................] 38.36%
this epoch [#########################################.........] 83.62%
       300 iter, 3 epoch / 10 epochs
    3.2247 iters/sec. Estimated time to finish: 0:02:29.482827.
[4A[J     total [###################...............................] 39.64%
this epoch [################################################..] 96.40%
       310 iter, 3 epoch / 10 epochs
    3.2295 iters/sec. Estimated time to finish: 0:02:26.162368.
[4A[J4           4.54451                           0.13722                                  106.52        
[J     total [####################..............................] 40.92%
this epoch [####..............................................]  9.19%
       320 iter, 4 epoch / 10 epochs
    3.2365 iters/sec. Estimated time to finish: 0:02:22.758233.
[4A[J     total [#####################.............................] 42.20%
this epoch [##########........................................] 21.98%
       330 iter, 4 epoch / 10 epochs
    3.2495 iters/sec. Estimated time to finish: 0:02:19.109179.
[4A[J     total [#####################.............................] 43.48%
this epoch [#################.................................] 34.77%
       340 iter, 4 epoch / 10 epochs
    3.2519 iters/sec. Estimated time to finish: 0:02:15.932019.
[4A[J     total [######################............................] 44.76%
this epoch [#######################...........................] 47.55%
       350 iter, 4 epoch / 10 epochs
    3.2665 iters/sec. Estimated time to finish: 0:02:12.260756.
[4A[J     total [#######################...........................] 46.03%
this epoch [##############################....................] 60.34%
       360 iter, 4 epoch / 10 epochs
     3.278 iters/sec. Estimated time to finish: 0:02:08.747087.
[4A[J     total [#######################...........................] 47.31%
this epoch [####################################..............] 73.13%
       370 iter, 4 epoch / 10 epochs
     3.283 iters/sec. Estimated time to finish: 0:02:05.504170.
[4A[J     total [########################..........................] 48.59%
this epoch [##########################################........] 85.91%
       380 iter, 4 epoch / 10 epochs
    3.2947 iters/sec. Estimated time to finish: 0:02:02.024970.
[4A[J     total [########################..........................] 49.87%
this epoch [#################################################.] 98.70%
       390 iter, 4 epoch / 10 epochs
    3.3042 iters/sec. Estimated time to finish: 0:01:58.647736.
[4A[J5           4.31779                           0.172864                                 128.369       
[J     total [#########################.........................] 51.15%
this epoch [#####.............................................] 11.49%
       400 iter, 5 epoch / 10 epochs
     3.306 iters/sec. Estimated time to finish: 0:01:55.558442.
[4A[J     total [##########################........................] 52.43%
this epoch [############......................................] 24.28%
       410 iter, 5 epoch / 10 epochs
    3.3105 iters/sec. Estimated time to finish: 0:01:52.380180.
[4A[J     total [##########################........................] 53.71%
this epoch [##################................................] 37.06%
       420 iter, 5 epoch / 10 epochs
    3.3201 iters/sec. Estimated time to finish: 0:01:49.042109.
[4A[J     total [###########################.......................] 54.99%
this epoch [########################..........................] 49.85%
       430 iter, 5 epoch / 10 epochs
    3.3295 iters/sec. Estimated time to finish: 0:01:45.729686.
[4A[J     total [############################......................] 56.26%
this epoch [###############################...................] 62.64%
       440 iter, 5 epoch / 10 epochs
    3.3279 iters/sec. Estimated time to finish: 0:01:42.777307.
[4A[J     total [############################......................] 57.54%
this epoch [#####################################.............] 75.42%
       450 iter, 5 epoch / 10 epochs
     3.335 iters/sec. Estimated time to finish: 0:01:39.560041.
[4A[J     total [#############################.....................] 58.82%
this epoch [############################################......] 88.21%
       460 iter, 5 epoch / 10 epochs
    3.3442 iters/sec. Estimated time to finish: 0:01:36.296269.
[4A[J6           4.08471                           0.202925                                 150.431       
[J     total [##############################....................] 60.10%
this epoch [..................................................]  1.00%
       470 iter, 6 epoch / 10 epochs
    3.3364 iters/sec. Estimated time to finish: 0:01:33.522030.
[4A[J     total [##############################....................] 61.38%
this epoch [######............................................] 13.79%
       480 iter, 6 epoch / 10 epochs
    3.3447 iters/sec. Estimated time to finish: 0:01:30.302240.
[4A[J     total [###############################...................] 62.66%
this epoch [#############.....................................] 26.57%
       490 iter, 6 epoch / 10 epochs
    3.3538 iters/sec. Estimated time to finish: 0:01:27.074382.
[4A[J     total [###############################...................] 63.94%
this epoch [###################...............................] 39.36%
       500 iter, 6 epoch / 10 epochs
    3.3559 iters/sec. Estimated time to finish: 0:01:24.040553.
[4A[J     total [################################..................] 65.21%
this epoch [##########################........................] 52.15%
       510 iter, 6 epoch / 10 epochs
    3.3578 iters/sec. Estimated time to finish: 0:01:21.013683.
[4A[J     total [#################################.................] 66.49%
this epoch [################################..................] 64.94%
       520 iter, 6 epoch / 10 epochs
    3.3664 iters/sec. Estimated time to finish: 0:01:17.836465.
[4A[J     total [#################################.................] 67.77%
this epoch [######################################............] 77.72%
       530 iter, 6 epoch / 10 epochs
     3.372 iters/sec. Estimated time to finish: 0:01:14.742538.
[4A[J     total [##################################................] 69.05%
this epoch [#############################################.....] 90.51%
       540 iter, 6 epoch / 10 epochs
    3.3708 iters/sec. Estimated time to finish: 0:01:11.802753.
[4A[J7           4.01736                           0.20613                                  172.171       
[J     total [###################################...............] 70.33%
this epoch [#.................................................]  3.30%
       550 iter, 7 epoch / 10 epochs
    3.3725 iters/sec. Estimated time to finish: 0:01:08.800207.
[4A[J     total [###################################...............] 71.61%
this epoch [########..........................................] 16.08%
       560 iter, 7 epoch / 10 epochs
    3.3792 iters/sec. Estimated time to finish: 0:01:05.704349.
[4A[J     total [####################################..............] 72.89%
this epoch [##############....................................] 28.87%
       570 iter, 7 epoch / 10 epochs
     3.377 iters/sec. Estimated time to finish: 0:01:02.786326.
[4A[J     total [#####################################.............] 74.17%
this epoch [####################..............................] 41.66%
       580 iter, 7 epoch / 10 epochs
    3.3857 iters/sec. Estimated time to finish: 0:00:59.672073.
[4A[J     total [#####################################.............] 75.44%
this epoch [###########################.......................] 54.45%
       590 iter, 7 epoch / 10 epochs
    3.3915 iters/sec. Estimated time to finish: 0:00:56.621299.
[4A[J     total [######################################............] 76.72%
this epoch [#################################.................] 67.23%
       600 iter, 7 epoch / 10 epochs
    3.3919 iters/sec. Estimated time to finish: 0:00:53.666485.
[4A[J     total [#######################################...........] 78.00%
this epoch [########################################..........] 80.02%
       610 iter, 7 epoch / 10 epochs
    3.3956 iters/sec. Estimated time to finish: 0:00:50.662516.
[4A[J     total [#######################################...........] 79.28%
this epoch [##############################################....] 92.81%
       620 iter, 7 epoch / 10 epochs
    3.4018 iters/sec. Estimated time to finish: 0:00:47.630457.
[4A[J8           3.85332                           0.234976                                 193.764       
[J     total [########################################..........] 80.56%
this epoch [##................................................]  5.59%
       630 iter, 8 epoch / 10 epochs
    3.3896 iters/sec. Estimated time to finish: 0:00:44.852545.
[4A[J     total [########################################..........] 81.84%
this epoch [#########.........................................] 18.38%
       640 iter, 8 epoch / 10 epochs
    3.3908 iters/sec. Estimated time to finish: 0:00:41.887126.
[4A[J     total [#########################################.........] 83.12%
this epoch [###############...................................] 31.17%
       650 iter, 8 epoch / 10 epochs
    3.3967 iters/sec. Estimated time to finish: 0:00:38.870418.
[4A[J     total [##########################################........] 84.40%
this epoch [#####################.............................] 43.96%
       660 iter, 8 epoch / 10 epochs
    3.4019 iters/sec. Estimated time to finish: 0:00:35.871650.
[4A[J     total [##########################################........] 85.67%
this epoch [############################......................] 56.74%
       670 iter, 8 epoch / 10 epochs
    3.3989 iters/sec. Estimated time to finish: 0:00:32.961467.
[4A[J     total [###########################################.......] 86.95%
this epoch [##################################................] 69.53%
       680 iter, 8 epoch / 10 epochs
    3.4043 iters/sec. Estimated time to finish: 0:00:29.971680.
[4A[J     total [############################################......] 88.23%
this epoch [#########################################.........] 82.32%
       690 iter, 8 epoch / 10 epochs
    3.4095 iters/sec. Estimated time to finish: 0:00:26.992730.
[4A[J     total [############################################......] 89.51%
this epoch [###############################################...] 95.10%
       700 iter, 8 epoch / 10 epochs
    3.4099 iters/sec. Estimated time to finish: 0:00:24.057074.
[4A[J9           3.76162                           0.250401                                 216.318       
[J     total [#############################################.....] 90.79%
this epoch [###...............................................]  7.89%
       710 iter, 9 epoch / 10 epochs
    3.4091 iters/sec. Estimated time to finish: 0:00:21.128808.
[4A[J     total [##############################################....] 92.07%
this epoch [##########........................................] 20.68%
       720 iter, 9 epoch / 10 epochs
    3.4149 iters/sec. Estimated time to finish: 0:00:18.165113.
[4A[J     total [##############################################....] 93.35%
this epoch [################..................................] 33.47%
       730 iter, 9 epoch / 10 epochs
    3.4171 iters/sec. Estimated time to finish: 0:00:15.226574.
[4A[J     total [###############################################...] 94.63%
this epoch [#######################...........................] 46.25%
       740 iter, 9 epoch / 10 epochs
    3.4183 iters/sec. Estimated time to finish: 0:00:12.295995.
[4A[J     total [###############################################...] 95.90%
this epoch [#############################.....................] 59.04%
       750 iter, 9 epoch / 10 epochs
    3.4231 iters/sec. Estimated time to finish: 0:00:09.357330.
[4A[J     total [################################################..] 97.18%
this epoch [###################################...............] 71.83%
       760 iter, 9 epoch / 10 epochs
    3.4269 iters/sec. Estimated time to finish: 0:00:06.428830.
[4A[J     total [#################################################.] 98.46%
this epoch [##########################################........] 84.62%
       770 iter, 9 epoch / 10 epochs
     3.427 iters/sec. Estimated time to finish: 0:00:03.510700.
[4A[J     total [#################################################.] 99.74%
this epoch [################################################..] 97.40%
       780 iter, 9 epoch / 10 epochs
    3.4317 iters/sec. Estimated time to finish: 0:00:00.591902.
[4A[J10          3.76386                           0.247231                                 237.993       
[J