No Modulefiles Currently Loaded.
Currently Loaded Modulefiles:
  1) cuda/9.0/9.0.176.4   3) nccl/2.3/2.3.5-2
  2) cudnn/7.3/7.3.1      4) openmpi/2.1.6
Currently Loaded Modulefiles:
  1) cuda/9.0/9.0.176.4   3) nccl/2.3/2.3.5-2
  2) cudnn/7.3/7.3.1      4) openmpi/2.1.6
Currently Loaded Modulefiles:
  1) cuda/9.0/9.0.176.4   3) nccl/2.3/2.3.5-2
  2) cudnn/7.3/7.3.1      4) openmpi/2.1.6
==========================================
Num of GPUs : 128
Model :  alexnet
Minibatch-size: 512
Epochs: 70
==========================================
Starting training .....
--------------------------------------------------------------------------
A process has executed an operation involving a call to the
"fork()" system call to create a child process.  Open MPI is currently
operating in a condition that could result in memory corruption or
other system errors; your job may hang, crash, or produce silent
data corruption.  The use of fork() (or system() or other calls that
create child processes) is strongly discouraged.

The process that invoked fork was:

  Local host:          [[65148,1],0] (PID 18656)

If you are *absolutely sure* that your application will successfully
and correctly survive a call to fork(), you may disable this warning
by setting the mpi_warn_on_fork MCA parameter to 0.
--------------------------------------------------------------------------
epoch       main/loss   validation/main/loss  main/accuracy  validation/main/accuracy  elapsed_time
[J1           6.87388     6.75663               0.00133505     0.00306447                140.112       
[J     total [..................................................]  1.83%
this epoch [#############.....................................] 27.88%
       100 iter, 1 epoch / 70 epochs
       inf iters/sec. Estimated time to finish: 0:00:00.
[4A[J2           6.63677     6.52543               0.00580929     0.0123311                 267.735       
[J     total [#.................................................]  3.65%
this epoch [###########################.......................] 55.76%
       200 iter, 2 epoch / 70 epochs
   0.60216 iters/sec. Estimated time to finish: 2:25:58.125585.
[4A[J3           6.23571     5.92937               0.018154       0.0343708                 408.477       
[J     total [##................................................]  5.48%
this epoch [#########################################.........] 83.65%
       300 iter, 3 epoch / 70 epochs
   0.58173 iters/sec. Estimated time to finish: 2:28:13.781696.
[4A[J4           5.66774     5.32426               0.0469501      0.0734479                 550.62        
[J5           5.24487     4.95399               0.0777244      0.107456                  704.244       
[J     total [###...............................................]  7.31%
this epoch [#####.............................................] 11.53%
       400 iter, 5 epoch / 70 epochs
   0.54659 iters/sec. Estimated time to finish: 2:34:42.634245.
[4A[J6           4.91181     4.67451               0.106853       0.139992                  855.142       
[J     total [####..............................................]  9.13%
this epoch [###################...............................] 39.41%
       500 iter, 6 epoch / 70 epochs
   0.54212 iters/sec. Estimated time to finish: 2:32:54.709963.
[4A[J7           4.57126     4.4005                0.142403       0.167962                  1002.05       
[J     total [#####.............................................] 10.96%
this epoch [#################################.................] 67.29%
       600 iter, 7 epoch / 70 epochs
   0.54113 iters/sec. Estimated time to finish: 2:30:06.737876.
[4A[J8           4.38486     4.25642               0.16266        0.186014                  1154.19       
[J     total [######............................................] 12.79%
this epoch [###############################################...] 95.17%
       700 iter, 8 epoch / 70 epochs
   0.53159 iters/sec. Estimated time to finish: 2:29:40.226414.
[4A[J9           4.13561     4.02131               0.190004       0.21579                   1316.54       
[J10          3.95168     3.91121               0.216697       0.230555                  1487.63       
[J     total [#######...........................................] 14.62%
this epoch [###########.......................................] 23.05%
       800 iter, 10 epoch / 70 epochs
   0.51344 iters/sec. Estimated time to finish: 2:31:42.942738.
[4A[J11          3.75888     3.83542               0.237861       0.2426                    1686.71       
[J     total [########..........................................] 16.44%
this epoch [#########################.........................] 50.94%
       900 iter, 11 epoch / 70 epochs
   0.49834 iters/sec. Estimated time to finish: 2:32:58.131502.
[4A[J12          3.60367     3.7192                0.259565       0.257229                  1872.82       
[J     total [#########.........................................] 18.27%
this epoch [#######################################...........] 78.82%
      1000 iter, 12 epoch / 70 epochs
    0.4892 iters/sec. Estimated time to finish: 2:32:25.107706.
[4A[J13          3.46639     3.71286               0.279723       0.25819                   2061.21       
[J14          3.339       3.67306               0.295147       0.265142                  2278.5        
[J     total [##########........................................] 20.10%
this epoch [###...............................................]  6.70%
      1100 iter, 14 epoch / 70 epochs
   0.47142 iters/sec. Estimated time to finish: 2:34:37.956152.
[4A[J15          3.1976      3.61866               0.313627       0.270253                  2459.55       
[J     total [##########........................................] 21.92%
this epoch [#################.................................] 34.58%
      1200 iter, 15 epoch / 70 epochs
   0.46913 iters/sec. Estimated time to finish: 2:31:50.093630.
[4A[J16          3.06269     3.61421               0.333366       0.27452                   2638.4        
[J     total [###########.......................................] 23.75%
this epoch [###############################...................] 62.46%
      1300 iter, 16 epoch / 70 epochs
   0.46716 iters/sec. Estimated time to finish: 2:28:54.450520.
[4A[J17          2.95788     3.61327               0.348508       0.275221                  2808.59       
[J     total [############......................................] 25.58%
this epoch [#############################################.....] 90.34%
      1400 iter, 17 epoch / 70 epochs
   0.46711 iters/sec. Estimated time to finish: 2:25:21.370985.
[4A[J18          2.84445     3.61202               0.365535       0.27386                   2977.58       
[J19          2.72435     3.62271               0.382687       0.275331                  3137.53       
[J     total [#############.....................................] 27.40%
this epoch [#########.........................................] 18.23%
      1500 iter, 19 epoch / 70 epochs
   0.46788 iters/sec. Estimated time to finish: 2:21:33.295796.
[4A[J20          2.65191     3.6249                0.39378        0.274682                  3298.81       
[J     total [##############....................................] 29.23%
this epoch [#######################...........................] 46.11%
      1600 iter, 20 epoch / 70 epochs
   0.47052 iters/sec. Estimated time to finish: 2:17:12.974228.
[4A[J21          2.55135     3.68167               0.410354       0.273687                  3453.05       
[J     total [###############...................................] 31.06%
this epoch [####################################..............] 73.99%
      1700 iter, 21 epoch / 70 epochs
   0.47249 iters/sec. Estimated time to finish: 2:13:07.081758.
[4A[J22          2.47125     3.67738               0.425506       0.27027                   3604.1        
[J23          2.37441     3.72512               0.440254       0.265928                  3767.63       
[J     total [################..................................] 32.88%
this epoch [..................................................]  1.87%
      1800 iter, 23 epoch / 70 epochs
   0.47241 iters/sec. Estimated time to finish: 2:09:36.748350.
[4A[J24          2.29992     3.73491               0.453576       0.264231                  3934.56       
[J     total [#################.................................] 34.71%
this epoch [##############....................................] 29.75%
      1900 iter, 24 epoch / 70 epochs
   0.47092 iters/sec. Estimated time to finish: 2:06:29.031248.
[4A[J25          2.23763     3.72443               0.462991       0.269192                  4120.31       
[J     total [##################................................] 36.54%
this epoch [############################......................] 57.63%
      2000 iter, 25 epoch / 70 epochs
   0.46999 iters/sec. Estimated time to finish: 2:03:11.209468.
[4A[J26          2.15569     3.75668               0.476933       0.267151                  4295.54       
[J     total [###################...............................] 38.36%
this epoch [##########################################........] 85.52%
      2100 iter, 26 epoch / 70 epochs
   0.46603 iters/sec. Estimated time to finish: 2:00:39.407321.
[4A[J27          2.13076     3.78177               0.481771       0.270432                  4499.21       
[J28          2.01551     3.80606               0.506435       0.26835                   4701.69       
[J     total [####################..............................] 40.19%
this epoch [######............................................] 13.40%
      2200 iter, 28 epoch / 70 epochs
   0.46142 iters/sec. Estimated time to finish: 1:58:15.099441.
[4A[J29          1.97678     3.81515               0.508764       0.264051                  4895.75       
[J     total [#####################.............................] 42.02%
this epoch [####################..............................] 41.28%
      2300 iter, 29 epoch / 70 epochs
   0.45804 iters/sec. Estimated time to finish: 1:55:29.050402.
[4A[J30          1.92567     3.83827               0.517528       0.265012                  5092.78       
[J     total [#####################.............................] 43.85%
this epoch [##################################................] 69.16%
      2400 iter, 30 epoch / 70 epochs
   0.45512 iters/sec. Estimated time to finish: 1:52:33.850730.
[4A[J31          1.88759     3.87881               0.528555       0.261312                  5295.13       
[J     total [######################............................] 45.67%
this epoch [################################################..] 97.04%
      2500 iter, 31 epoch / 70 epochs
   0.45355 iters/sec. Estimated time to finish: 1:49:16.794804.
[4A[J32          1.83086     3.90111               0.539889       0.260318                  5477.7        
[J33          1.76627     3.95214               0.554137       0.25737                   5678.59       
[J     total [#######################...........................] 47.50%
this epoch [############......................................] 24.92%
      2600 iter, 33 epoch / 70 epochs
   0.45069 iters/sec. Estimated time to finish: 1:46:16.420702.
[4A[J34          1.73086     3.93694               0.559746       0.258929                  5864.23       
[J     total [########################..........................] 49.33%
this epoch [##########################........................] 52.81%
      2700 iter, 34 epoch / 70 epochs
   0.44904 iters/sec. Estimated time to finish: 1:42:57.172270.
[4A[J35          1.67191     3.90032               0.570738       0.258012                  6048.39       
[J     total [#########################.........................] 51.15%
this epoch [########################################..........] 80.69%
      2800 iter, 35 epoch / 70 epochs
   0.44846 iters/sec. Estimated time to finish: 1:39:22.183079.
[4A[J36          1.65898     4.00463               0.57454        0.258077                  6237.01       
[J37          1.61694     4.00794               0.581956       0.254859                  6412.4        
[J     total [##########################........................] 52.98%
this epoch [####..............................................]  8.57%
      2900 iter, 37 epoch / 70 epochs
   0.44745 iters/sec. Estimated time to finish: 1:35:52.207067.
[4A[J38          1.58534     4.0073                0.58769        0.255937                  6596.44       
[J     total [###########################.......................] 54.81%
this epoch [##################................................] 36.45%
      3000 iter, 38 epoch / 70 epochs
   0.44707 iters/sec. Estimated time to finish: 1:32:13.345164.
[4A[J39          1.55057     4.08078               0.597756       0.25466                   6776.58       
[J     total [############################......................] 56.63%
this epoch [################################..................] 64.33%
      3100 iter, 39 epoch / 70 epochs
   0.44685 iters/sec. Estimated time to finish: 1:28:32.316808.
[4A[J40          1.512       4.06884               0.603215       0.253131                  6952.95       
[J     total [#############################.....................] 58.46%
this epoch [##############################################....] 92.21%
      3200 iter, 40 epoch / 70 epochs
   0.44652 iters/sec. Estimated time to finish: 1:24:52.261082.
[4A[J41          1.47816     4.10507               0.613108       0.252563                  7137.9        
[J42          1.46082     4.10205               0.614859       0.252466                  7317.3        
[J     total [##############################....................] 60.29%
this epoch [##########........................................] 20.10%
      3300 iter, 42 epoch / 70 epochs
   0.44596 iters/sec. Estimated time to finish: 1:21:14.481542.
[4A[J43          1.42892     4.10099               0.620343       0.252748                  7508.05       
[J     total [###############################...................] 62.11%
this epoch [#######################...........................] 47.98%
      3400 iter, 43 epoch / 70 epochs
   0.44431 iters/sec. Estimated time to finish: 1:17:47.429002.
[4A[J44          1.4171      4.18586               0.624474       0.247501                  7711.06       
[J     total [###############################...................] 63.94%
this epoch [#####################################.............] 75.86%
      3500 iter, 44 epoch / 70 epochs
   0.44218 iters/sec. Estimated time to finish: 1:14:23.850038.
[4A[J45          1.39273     4.16269               0.631535       0.25416                   7918.54       
[J46          1.32969     4.27142               0.644358       0.250057                  8137.08       
[J     total [################################..................] 65.77%
this epoch [#.................................................]  3.74%
      3600 iter, 46 epoch / 70 epochs
   0.43926 iters/sec. Estimated time to finish: 1:11:05.798382.
[4A[J47          1.3142      4.23887               0.649514       0.245514                  8334.09       
[J     total [#################################.................] 67.59%
this epoch [###############...................................] 31.62%
      3700 iter, 47 epoch / 70 epochs
    0.4379 iters/sec. Estimated time to finish: 1:07:30.736660.
[4A[J48          1.30783     4.22662               0.651718       0.246906                  8532.16       
[J     total [##################################................] 69.42%
this epoch [#############################.....................] 59.50%
      3800 iter, 48 epoch / 70 epochs
   0.43688 iters/sec. Estimated time to finish: 1:03:51.285585.
[4A[J49          1.26765     4.23512               0.661834       0.248186                  8723.04       
[J     total [###################################...............] 71.25%
this epoch [###########################################.......] 87.39%
      3900 iter, 49 epoch / 70 epochs
   0.43618 iters/sec. Estimated time to finish: 1:00:08.185897.
[4A[J50          1.25954     4.20685               0.659731       0.250502                  8913.87       
[J51          1.22345     4.31803               0.669427       0.251572                  9105.24       
[J     total [####################################..............] 73.08%
this epoch [#######...........................................] 15.27%
      4000 iter, 51 epoch / 70 epochs
   0.43545 iters/sec. Estimated time to finish: 0:56:24.596722.
[4A[J52          1.22005     4.3019                0.672701       0.247302                  9288.18       
[J     total [#####################################.............] 74.90%
this epoch [#####################.............................] 43.15%
      4100 iter, 52 epoch / 70 epochs
   0.43513 iters/sec. Estimated time to finish: 0:52:37.231648.
[4A[J53          1.19853     4.31344               0.677409       0.245268                  9473.93       
[J     total [######################################............] 76.73%
this epoch [###################################...............] 71.03%
      4200 iter, 53 epoch / 70 epochs
   0.43511 iters/sec. Estimated time to finish: 0:48:47.529788.
[4A[J54          1.17553     4.30792               0.681065       0.247963                  9655.72       
[J     total [#######################################...........] 78.56%
this epoch [#################################################.] 98.91%
      4300 iter, 54 epoch / 70 epochs
   0.43511 iters/sec. Estimated time to finish: 0:44:57.749445.
[4A[J55          1.17216     4.34157               0.681465       0.246478                  9834.01       
[J56          1.15237     4.38449               0.684607       0.247279                  10020.1       
[J     total [########################################..........] 80.38%
this epoch [#############.....................................] 26.80%
      4400 iter, 56 epoch / 70 epochs
    0.4347 iters/sec. Estimated time to finish: 0:41:10.215354.
[4A[J57          1.13271     4.44718               0.692758       0.241212                  10196.6       
[J     total [#########################################.........] 82.21%
this epoch [###########################.......................] 54.68%
      4500 iter, 57 epoch / 70 epochs
   0.43454 iters/sec. Estimated time to finish: 0:37:21.017785.
[4A[J58          1.11553     4.3917                0.695663       0.246864                  10385.8       
[J     total [##########################################........] 84.04%
this epoch [#########################################.........] 82.56%
      4600 iter, 58 epoch / 70 epochs
   0.43455 iters/sec. Estimated time to finish: 0:33:30.856856.
[4A[J59          1.08984     4.41895               0.702975       0.24259                   10570.8       
[J60          1.07989     4.43959               0.702524       0.244065                  10769.3       
[J     total [##########################################........] 85.86%
this epoch [#####.............................................] 10.44%
      4700 iter, 60 epoch / 70 epochs
    0.4333 iters/sec. Estimated time to finish: 0:29:45.844766.
[4A[J61          1.06793     4.46269               0.705449       0.24501                   10975.4       
[J     total [###########################################.......] 87.69%
this epoch [###################...............................] 38.32%
      4800 iter, 61 epoch / 70 epochs
   0.43218 iters/sec. Estimated time to finish: 0:25:59.097779.
[4A[J62          1.06882     4.38892               0.706956       0.242826                  11176.6       
[J     total [############################################......] 89.52%
this epoch [#################################.................] 66.20%
      4900 iter, 62 epoch / 70 epochs
    0.4312 iters/sec. Estimated time to finish: 0:22:10.737349.
[4A[J63          1.03793     4.48348               0.712189       0.24452                   11374.1       
[J     total [#############################################.....] 91.34%
this epoch [###############################################...] 94.09%
      5000 iter, 63 epoch / 70 epochs
   0.43036 iters/sec. Estimated time to finish: 0:18:20.965456.
[4A[J64          1.03538     4.48035               0.716321       0.239735                  11576.9       
[J65          1.02002     4.54482               0.719526       0.241583                  11772.1       
[J     total [##############################################....] 93.17%
this epoch [##########........................................] 21.97%
      5100 iter, 65 epoch / 70 epochs
   0.42961 iters/sec. Estimated time to finish: 0:14:30.106209.
[4A[J66          0.999098    4.54153               0.723002       0.23956                   11964.4       
[J     total [###############################################...] 95.00%
this epoch [########################..........................] 49.85%
      5200 iter, 66 epoch / 70 epochs
   0.42913 iters/sec. Estimated time to finish: 0:10:38.062281.
[4A[J67          0.993309    4.63524               0.72486        0.240354                  12158.3       
[J     total [################################################..] 96.82%
this epoch [######################################............] 77.73%
      5300 iter, 67 epoch / 70 epochs
   0.42886 iters/sec. Estimated time to finish: 0:06:45.279906.
[4A[J68          0.973179    4.57634               0.729167       0.244502                  12345.5       
[J69          0.977215    4.53136               0.728741       0.244321                  12532.1       
[J     total [#################################################.] 98.65%
this epoch [##................................................]  5.61%
      5400 iter, 69 epoch / 70 epochs
   0.42845 iters/sec. Estimated time to finish: 0:02:52.267144.
[4A[J70          0.965527    4.62522               0.73142        0.237422                  12720.2       
[J