No Modulefiles Currently Loaded.
Currently Loaded Modulefiles:
  1) cuda/9.0/9.0.176.4   3) nccl/2.3/2.3.5-2
  2) cudnn/7.3/7.3.1      4) openmpi/2.1.6
Currently Loaded Modulefiles:
  1) cuda/9.0/9.0.176.4   3) nccl/2.3/2.3.5-2
  2) cudnn/7.3/7.3.1      4) openmpi/2.1.6
Currently Loaded Modulefiles:
  1) cuda/9.0/9.0.176.4   3) nccl/2.3/2.3.5-2
  2) cudnn/7.3/7.3.1      4) openmpi/2.1.6
==========================================
Num of GPUs : 128
Model :  alexnet
Minibatch-size: 512
Epochs: 70
==========================================
Starting training .....
--------------------------------------------------------------------------
A process has executed an operation involving a call to the
"fork()" system call to create a child process.  Open MPI is currently
operating in a condition that could result in memory corruption or
other system errors; your job may hang, crash, or produce silent
data corruption.  The use of fork() (or system() or other calls that
create child processes) is strongly discouraged.

The process that invoked fork was:

  Local host:          [[34966,1],0] (PID 197068)

If you are *absolutely sure* that your application will successfully
and correctly survive a call to fork(), you may disable this warning
by setting the mpi_warn_on_fork MCA parameter to 0.
--------------------------------------------------------------------------
epoch       main/loss   validation/main/loss  main/accuracy  validation/main/accuracy  elapsed_time
[J1           6.82754     6.59628               0.00227453     0.00552538                156.1         
[J     total [..................................................]  1.83%
this epoch [#############.....................................] 27.88%
       100 iter, 1 epoch / 70 epochs
       inf iters/sec. Estimated time to finish: 0:00:00.
[4A[J2           6.4735      6.20774               0.00778746     0.0172526                 286.928       
[J     total [#.................................................]  3.65%
this epoch [###########################.......................] 55.76%
       200 iter, 2 epoch / 70 epochs
   0.59356 iters/sec. Estimated time to finish: 2:28:05.071115.
[4A[J3           6.05255     5.77005               0.0230619      0.0413882                 429.023       
[J     total [##................................................]  5.48%
this epoch [#########################################.........] 83.65%
       300 iter, 3 epoch / 70 epochs
   0.57167 iters/sec. Estimated time to finish: 2:30:50.403537.
[4A[J4           5.55628     5.30731               0.0524339      0.0786982                 565.516       
[J5           5.1496      4.81966               0.0841346      0.118224                  715.363       
[J     total [###...............................................]  7.31%
this epoch [#####.............................................] 11.53%
       400 iter, 5 epoch / 70 epochs
   0.55568 iters/sec. Estimated time to finish: 2:32:10.856839.
[4A[J6           4.83559     4.55695               0.112985       0.142813                  860.043       
[J     total [####..............................................]  9.13%
this epoch [###################...............................] 39.41%
       500 iter, 6 epoch / 70 epochs
   0.55154 iters/sec. Estimated time to finish: 2:30:18.007218.
[4A[J7           4.54742     4.48228               0.140274       0.152353                  1002.89       
[J     total [#####.............................................] 10.96%
this epoch [#################################.................] 67.29%
       600 iter, 7 epoch / 70 epochs
   0.55217 iters/sec. Estimated time to finish: 2:27:06.662057.
[4A[J8           4.32189     4.19477               0.168319       0.189689                  1151.66       
[J     total [######............................................] 12.79%
this epoch [###############################################...] 95.17%
       700 iter, 8 epoch / 70 epochs
   0.54252 iters/sec. Estimated time to finish: 2:26:39.385552.
[4A[J9           4.18448     4.06466               0.186273       0.207837                  1310.35       
[J10          3.95862     3.79194               0.212089       0.243957                  1484.28       
[J     total [#######...........................................] 14.62%
this epoch [###########.......................................] 23.05%
       800 iter, 10 epoch / 70 epochs
    0.5258 iters/sec. Estimated time to finish: 2:28:08.874863.
[4A[J11          3.80714     3.61166               0.232471       0.263682                  1671.21       
[J     total [########..........................................] 16.44%
this epoch [#########################.........................] 50.94%
       900 iter, 11 epoch / 70 epochs
    0.5076 iters/sec. Estimated time to finish: 2:30:10.648949.
[4A[J12          3.70406     3.61786               0.245217       0.263429                  1860.07       
[J     total [#########.........................................] 18.27%
this epoch [#######################################...........] 78.82%
      1000 iter, 12 epoch / 70 epochs
   0.49763 iters/sec. Estimated time to finish: 2:29:50.171900.
[4A[J13          3.56364     3.4944                0.267127       0.290615                  2042.38       
[J14          3.47873     3.48757               0.280223       0.29439                   2221.37       
[J     total [##########........................................] 20.10%
this epoch [###...............................................]  6.70%
      1100 iter, 14 epoch / 70 epochs
   0.48982 iters/sec. Estimated time to finish: 2:28:49.379640.
[4A[J15          3.3971      3.34376               0.290815       0.30763                   2398.4        
[J     total [##########........................................] 21.92%
this epoch [#################.................................] 34.58%
      1200 iter, 15 epoch / 70 epochs
   0.48531 iters/sec. Estimated time to finish: 2:26:46.308655.
[4A[J16          3.30687     3.32035               0.302858       0.31159                   2575.02       
[J     total [###########.......................................] 23.75%
this epoch [###############################...................] 62.46%
      1300 iter, 16 epoch / 70 epochs
   0.48261 iters/sec. Estimated time to finish: 2:24:08.362591.
[4A[J17          3.23849     3.24814               0.315355       0.323301                  2743.45       
[J     total [############......................................] 25.58%
this epoch [#############################################.....] 90.34%
      1400 iter, 17 epoch / 70 epochs
   0.48029 iters/sec. Estimated time to finish: 2:21:22.047338.
[4A[J18          3.15838     3.19383               0.327048       0.335233                  2916.64       
[J19          3.1111      3.14473               0.332131       0.345796                  3079.1        
[J     total [#############.....................................] 27.40%
this epoch [#########.........................................] 18.23%
      1500 iter, 19 epoch / 70 epochs
   0.47978 iters/sec. Estimated time to finish: 2:18:02.522205.
[4A[J20          3.04757     3.11988               0.341747       0.346218                  3235.5        
[J     total [##############....................................] 29.23%
this epoch [#######################...........................] 46.11%
      1600 iter, 20 epoch / 70 epochs
   0.48085 iters/sec. Estimated time to finish: 2:14:16.112067.
[4A[J21          3.01879     3.15236               0.346989       0.341447                  3399.3        
[J     total [###############...................................] 31.06%
this epoch [####################################..............] 73.99%
      1700 iter, 21 epoch / 70 epochs
   0.48182 iters/sec. Estimated time to finish: 2:10:32.412073.
[4A[J22          2.95833     3.09439               0.356996       0.350914                  3557.26       
[J23          2.9061      3.06074               0.363381       0.357173                  3725.21       
[J     total [################..................................] 32.88%
this epoch [..................................................]  1.87%
      1800 iter, 23 epoch / 70 epochs
   0.47986 iters/sec. Estimated time to finish: 2:07:35.999850.
[4A[J24          2.87444     3.01115               0.369867       0.363941                  3897.17       
[J     total [#################.................................] 34.71%
this epoch [##############....................................] 29.75%
      1900 iter, 24 epoch / 70 epochs
   0.47713 iters/sec. Estimated time to finish: 2:04:50.297476.
[4A[J25          2.83135     3.0448                0.375952       0.363896                  4084.31       
[J     total [##################................................] 36.54%
this epoch [############################......................] 57.63%
      2000 iter, 25 epoch / 70 epochs
   0.47531 iters/sec. Estimated time to finish: 2:01:48.581700.
[4A[J26          2.79568     2.95901               0.381675       0.374372                  4266.02       
[J     total [###################...............................] 38.36%
this epoch [##########################################........] 85.52%
      2100 iter, 26 epoch / 70 epochs
   0.47153 iters/sec. Estimated time to finish: 1:59:15.039857.
[4A[J27          2.77677     2.95981               0.383914       0.369084                  4466.06       
[J28          2.71174     2.93253               0.392803       0.381986                  4684.06       
[J     total [####################..............................] 40.19%
this epoch [######............................................] 13.40%
      2200 iter, 28 epoch / 70 epochs
   0.46464 iters/sec. Estimated time to finish: 1:57:25.946747.
[4A[J29          2.70626     2.9153                0.392303       0.379732                  4880.31       
[J     total [#####################.............................] 42.02%
this epoch [####################..............................] 41.28%
      2300 iter, 29 epoch / 70 epochs
   0.46125 iters/sec. Estimated time to finish: 1:54:40.877010.
[4A[J30          2.65658     2.91389               0.402995       0.383314                  5077.49       
[J     total [#####################.............................] 43.85%
this epoch [##################################................] 69.16%
      2400 iter, 30 epoch / 70 epochs
   0.45839 iters/sec. Estimated time to finish: 1:51:45.654695.
[4A[J31          2.64688     2.92364               0.404618       0.381374                  5275.72       
[J     total [######################............................] 45.67%
this epoch [################################################..] 97.04%
      2500 iter, 31 epoch / 70 epochs
   0.45631 iters/sec. Estimated time to finish: 1:48:37.113076.
[4A[J32          2.61216     2.88515               0.40958        0.388724                  5462.39       
[J33          2.57864     2.93703               0.414263       0.381331                  5653.34       
[J     total [#######################...........................] 47.50%
this epoch [############......................................] 24.92%
      2600 iter, 33 epoch / 70 epochs
   0.45329 iters/sec. Estimated time to finish: 1:45:39.863542.
[4A[J34          2.55695     2.90831               0.417944       0.384837                  5848.55       
[J     total [########################..........................] 49.33%
this epoch [##########################........................] 52.81%
      2700 iter, 34 epoch / 70 epochs
   0.45169 iters/sec. Estimated time to finish: 1:42:21.005928.
[4A[J35          2.53583     2.90416               0.418019       0.382123                  6033.29       
[J     total [#########################.........................] 51.15%
this epoch [########################################..........] 80.69%
      2800 iter, 35 epoch / 70 epochs
   0.45092 iters/sec. Estimated time to finish: 1:38:49.633517.
[4A[J36          2.50856     2.88591               0.425905       0.389548                  6219.8        
[J37          2.50068     2.89892               0.42841        0.38416                   6402.13       
[J     total [##########################........................] 52.98%
this epoch [####..............................................]  8.57%
      2900 iter, 37 epoch / 70 epochs
     0.449 iters/sec. Estimated time to finish: 1:35:32.297272.
[4A[J38          2.48614     2.82999               0.429738       0.39224                   6589.93       
[J     total [###########################.......................] 54.81%
this epoch [##################................................] 36.45%
      3000 iter, 38 epoch / 70 epochs
   0.44839 iters/sec. Estimated time to finish: 1:31:57.127545.
[4A[J39          2.45056     2.8347                0.435522       0.392219                  6770.32       
[J     total [############################......................] 56.63%
this epoch [################################..................] 64.33%
      3100 iter, 39 epoch / 70 epochs
     0.448 iters/sec. Estimated time to finish: 1:28:18.674586.
[4A[J40          2.44381     2.82507               0.437475       0.394377                  6948.45       
[J     total [#############################.....................] 58.46%
this epoch [##############################################....] 92.21%
      3200 iter, 40 epoch / 70 epochs
   0.44796 iters/sec. Estimated time to finish: 1:24:35.950574.
[4A[J41          2.44467     2.80746               0.435942       0.404219                  7131.64       
[J42          2.40273     2.88921               0.44366        0.383492                  7310.88       
[J     total [##############################....................] 60.29%
this epoch [##########........................................] 20.10%
      3300 iter, 42 epoch / 70 epochs
   0.44734 iters/sec. Estimated time to finish: 1:20:59.369288.
[4A[J43          2.37259     2.81859               0.448893       0.396186                  7501.86       
[J     total [###############################...................] 62.11%
this epoch [#######################...........................] 47.98%
      3400 iter, 43 epoch / 70 epochs
   0.44577 iters/sec. Estimated time to finish: 1:17:32.143198.
[4A[J44          2.36979     2.81958               0.449194       0.399594                  7704.08       
[J     total [###############################...................] 63.94%
this epoch [#####################################.............] 75.86%
      3500 iter, 44 epoch / 70 epochs
   0.44389 iters/sec. Estimated time to finish: 1:14:06.665660.
[4A[J45          2.34701     2.82732               0.450571       0.396024                  7906.46       
[J46          2.32755     2.79769               0.453891       0.40622                   8106.51       
[J     total [################################..................] 65.77%
this epoch [#.................................................]  3.74%
      3600 iter, 46 epoch / 70 epochs
   0.44183 iters/sec. Estimated time to finish: 1:10:41.022803.
[4A[J47          2.32339     2.77181               0.452349       0.405524                  8303.56       
[J     total [#################################.................] 67.59%
this epoch [###############...................................] 31.62%
      3700 iter, 47 epoch / 70 epochs
   0.44026 iters/sec. Estimated time to finish: 1:07:08.969524.
[4A[J48          2.33516     2.76078               0.450896       0.407743                  8503.47       
[J     total [##################################................] 69.42%
this epoch [#############################.....................] 59.50%
      3800 iter, 48 epoch / 70 epochs
   0.43932 iters/sec. Estimated time to finish: 1:03:29.993788.
[4A[J49          2.28035     2.79918               0.463141       0.407285                  8691.56       
[J     total [###################################...............] 71.25%
this epoch [###########################################.......] 87.39%
      3900 iter, 49 epoch / 70 epochs
   0.43859 iters/sec. Estimated time to finish: 0:59:48.346442.
[4A[J50          2.26065     2.77091               0.466546       0.407527                  8881.58       
[J51          2.24629     2.73898               0.467291       0.408553                  9073.07       
[J     total [####################################..............] 73.08%
this epoch [#######...........................................] 15.27%
      4000 iter, 51 epoch / 70 epochs
   0.43771 iters/sec. Estimated time to finish: 0:56:07.116255.
[4A[J52          2.24931     2.74762               0.469977       0.411363                  9256.22       
[J     total [#####################################.............] 74.90%
this epoch [#####################.............................] 43.15%
      4100 iter, 52 epoch / 70 epochs
    0.4375 iters/sec. Estimated time to finish: 0:52:20.151120.
[4A[J53          2.24502     2.75949               0.470653       0.410542                  9441.29       
[J     total [######################################............] 76.73%
this epoch [###################################...............] 71.03%
      4200 iter, 53 epoch / 70 epochs
   0.43728 iters/sec. Estimated time to finish: 0:48:33.006610.
[4A[J54          2.21416     2.7288                0.47486        0.412516                  9626.25       
[J     total [#######################################...........] 78.56%
this epoch [#################################################.] 98.91%
      4300 iter, 54 epoch / 70 epochs
     0.437 iters/sec. Estimated time to finish: 0:44:46.049672.
[4A[J55          2.22892     2.7884                0.468074       0.40591                   9808.84       
[J56          2.2074      2.7657                0.47681        0.406339                  9989.35       
[J     total [########################################..........] 80.38%
this epoch [#############.....................................] 26.80%
      4400 iter, 56 epoch / 70 epochs
   0.43695 iters/sec. Estimated time to finish: 0:40:57.528380.
[4A[J57          2.19573     2.73214               0.474434       0.413085                  10160.6       
[J     total [#########################################.........] 82.21%
this epoch [###########################.......................] 54.68%
      4500 iter, 57 epoch / 70 epochs
   0.43718 iters/sec. Estimated time to finish: 0:37:07.462190.
[4A[J58          2.17292     2.73092               0.480168       0.412943                  10338.3       
[J     total [##########################################........] 84.04%
this epoch [#########################################.........] 82.56%
      4600 iter, 58 epoch / 70 epochs
   0.43677 iters/sec. Estimated time to finish: 0:33:20.612061.
[4A[J59          2.18155     2.7849                0.478516       0.409919                  10533.1       
[J60          2.16209     2.76316               0.478841       0.410513                  10730.7       
[J     total [##########################################........] 85.86%
this epoch [#####.............................................] 10.44%
      4700 iter, 60 epoch / 70 epochs
   0.43546 iters/sec. Estimated time to finish: 0:29:36.985611.
[4A[J61          2.14639     2.74828               0.483732       0.411916                  10943.6       
[J     total [###########################################.......] 87.69%
this epoch [###################...............................] 38.32%
      4800 iter, 61 epoch / 70 epochs
     0.434 iters/sec. Estimated time to finish: 0:25:52.568797.
[4A[J62          2.13041     2.72368               0.487004       0.412376                  11148.3       
[J     total [############################################......] 89.52%
this epoch [#################################.................] 66.20%
      4900 iter, 62 epoch / 70 epochs
   0.43291 iters/sec. Estimated time to finish: 0:22:05.457888.
[4A[J63          2.14076     2.83147               0.485577       0.397462                  11346.3       
[J     total [#############################################.....] 91.34%
this epoch [###############################################...] 94.09%
      5000 iter, 63 epoch / 70 epochs
   0.43225 iters/sec. Estimated time to finish: 0:18:16.155289.
[4A[J64          2.13101     2.71735               0.486629       0.416356                  11543.8       
[J65          2.11596     2.72221               0.491687       0.415247                  11734.3       
[J     total [##############################################....] 93.17%
this epoch [##########........................................] 21.97%
      5100 iter, 65 epoch / 70 epochs
   0.43154 iters/sec. Estimated time to finish: 0:14:26.218491.
[4A[J66          2.08866     2.69167               0.49513        0.422996                  11928.3       
[J     total [###############################################...] 95.00%
this epoch [########################..........................] 49.85%
      5200 iter, 66 epoch / 70 epochs
   0.43103 iters/sec. Estimated time to finish: 0:10:35.249043.
[4A[J67          2.09042     2.71472               0.49707        0.425447                  12122.3       
[J     total [################################################..] 96.82%
this epoch [######################################............] 77.73%
      5300 iter, 67 epoch / 70 epochs
   0.43059 iters/sec. Estimated time to finish: 0:06:43.655536.
[4A[J68          2.07356     2.75003               0.497621       0.411215                  12313.1       
[J69          2.08343     2.69237               0.49692        0.42561                   12505.7       
[J     total [#################################################.] 98.65%
this epoch [##................................................]  5.61%
      5400 iter, 69 epoch / 70 epochs
   0.43008 iters/sec. Estimated time to finish: 0:02:51.615731.
[4A[J70          2.08245     2.70777               0.494917       0.414201                  12689.2       
[J